#
# There is insufficient memory for the Java Runtime Environment to continue.
# Native memory allocation (malloc) failed to allocate 65552 bytes for Chunk::new
# Possible reasons:
#   The system is out of physical RAM or swap space
#   In 32 bit mode, the process size limit was hit
# Possible solutions:
#   Reduce memory load on the system
#   Increase physical memory or swap space
#   Check if swap backing store is full
#   Use 64 bit Java on a 64 bit OS
#   Decrease Java heap size (-Xmx/-Xms)
#   Decrease number of Java threads
#   Decrease Java thread stack sizes (-Xss)
#   Set larger code cache with -XX:ReservedCodeCacheSize=
# This output file may be truncated or incomplete.
#
#  Out of Memory Error (allocation.cpp:390), pid=11192, tid=2492
#
# JRE version: Java(TM) SE Runtime Environment (8.0_40-b26) (build 1.8.0_40-b26)
# Java VM: Java HotSpot(TM) 64-Bit Server VM (25.40-b25 mixed mode windows-amd64 compressed oops)
# Failed to write core dump. Minidumps are not enabled by default on client versions of Windows
#

---------------  T H R E A D  ---------------

Current thread (0x000000001509e000):  JavaThread "C2 CompilerThread0" daemon [_thread_in_native, id=2492, stack(0x0000000016600000,0x0000000016700000)]

Stack: [0x0000000016600000,0x0000000016700000]
Native frames: (J=compiled Java code, j=interpreted, Vv=VM code, C=native code)
V  [jvm.dll+0x32b47a]


Current CompileTask:
C2:   9235  700       4       com.android.dx.ssa.NormalSsaInsn::accept (25 bytes)


---------------  P R O C E S S  ---------------

Java Threads: ( => current thread )
  0x0000000016a53000 JavaThread "pool-1-thread-4" [_thread_blocked, id=10812, stack(0x0000000017300000,0x0000000017400000)]
  0x0000000016a52800 JavaThread "pool-1-thread-3" [_thread_in_vm, id=8240, stack(0x0000000017200000,0x0000000017300000)]
  0x0000000016a51800 JavaThread "pool-1-thread-2" [_thread_blocked, id=5832, stack(0x0000000017100000,0x0000000017200000)]
  0x0000000016a4d000 JavaThread "pool-2-thread-1" [_thread_blocked, id=10848, stack(0x0000000017000000,0x0000000017100000)]
  0x0000000016a4c800 JavaThread "pool-1-thread-1" [_thread_blocked, id=4824, stack(0x0000000016f00000,0x0000000017000000)]
  0x0000000016907000 JavaThread "Service Thread" daemon [_thread_blocked, id=11780, stack(0x0000000016d00000,0x0000000016e00000)]
  0x00000000150fd800 JavaThread "C1 CompilerThread2" daemon [_thread_in_native, id=204, stack(0x0000000016800000,0x0000000016900000)]
  0x00000000150f7800 JavaThread "C2 CompilerThread1" daemon [_thread_blocked, id=3536, stack(0x0000000016700000,0x0000000016800000)]
=>0x000000001509e000 JavaThread "C2 CompilerThread0" daemon [_thread_in_native, id=2492, stack(0x0000000016600000,0x0000000016700000)]
  0x000000001509c800 JavaThread "Attach Listener" daemon [_thread_blocked, id=4628, stack(0x0000000016500000,0x0000000016600000)]
  0x000000001509b000 JavaThread "Signal Dispatcher" daemon [_thread_blocked, id=10376, stack(0x0000000016400000,0x0000000016500000)]
  0x00000000014e7800 JavaThread "Finalizer" daemon [_thread_blocked, id=7644, stack(0x0000000016300000,0x0000000016400000)]
  0x00000000014df000 JavaThread "Reference Handler" daemon [_thread_blocked, id=11316, stack(0x0000000016200000,0x0000000016300000)]
  0x00000000013bd800 JavaThread "main" [_thread_in_Java, id=10168, stack(0x0000000001210000,0x0000000001310000)]

Other Threads:
  0x0000000015067800 VMThread [stack: 0x0000000016100000,0x0000000016200000] [id=7720]
  0x0000000016908000 WatcherThread [stack: 0x0000000016e00000,0x0000000016f00000] [id=3756]

VM state:not at safepoint (normal execution)

VM Mutex/Monitor currently owned by a thread: None

Heap:
 PSYoungGen      total 38400K, used 14928K [0x00000000eab00000, 0x00000000ed580000, 0x0000000100000000)
  eden space 33280K, 44% used [0x00000000eab00000,0x00000000eb994000,0x00000000ecb80000)
  from space 5120K, 0% used [0x00000000ed080000,0x00000000ed080000,0x00000000ed580000)
  to   space 5120K, 0% used [0x00000000ecb80000,0x00000000ecb80000,0x00000000ed080000)
 ParOldGen       total 87552K, used 0K [0x00000000c0000000, 0x00000000c5580000, 0x00000000eab00000)
  object space 87552K, 0% used [0x00000000c0000000,0x00000000c0000000,0x00000000c5580000)
 Metaspace       used 5528K, capacity 6640K, committed 6784K, reserved 1056768K
  class space    used 578K, capacity 616K, committed 640K, reserved 1048576K

Card table byte_map: [0x00000000018b0000,0x0000000001ac0000] byte_map_base: 0x00000000012b0000

Marking Bits: (ParMarkBitMap*) 0x0000000072714040
 Begin Bits: [0x0000000012500000, 0x0000000013500000)
 End Bits:   [0x0000000013500000, 0x0000000014500000)

Polling page: 0x0000000000e80000

CodeCache: size=245760Kb used=2991Kb max_used=2991Kb free=242768Kb
 bounds [0x0000000003400000, 0x00000000036f0000, 0x0000000012400000]
 total_blobs=993 nmethods=724 adapters=182
 compilation: enabled

Compilation events (10 events):
Event: 9.227 Thread 0x00000000150fd800 nmethod 727 0x00000000036e41d0 code [0x00000000036e43a0, 0x00000000036e4948]
Event: 9.227 Thread 0x00000000150fd800  684       3       com.android.dx.dex.code.BlockAddresses::getStart (10 bytes)
Event: 9.228 Thread 0x00000000150fd800 nmethod 684 0x00000000036e4cd0 code [0x00000000036e4e40, 0x00000000036e5050]
Event: 9.228 Thread 0x00000000150fd800  685       3       com.android.dx.rop.code.LocalVariableInfo::getStarts (9 bytes)
Event: 9.228 Thread 0x00000000150fd800 nmethod 685 0x00000000036e5150 code [0x00000000036e52e0, 0x00000000036e5788]
Event: 9.228 Thread 0x00000000150fd800  730       3       com.android.dx.ssa.SCCP::simulateBlock (54 bytes)
Event: 9.229 Thread 0x00000000150fd800 nmethod 730 0x00000000036e5a50 code [0x00000000036e5c40, 0x00000000036e6588]
Event: 9.229 Thread 0x00000000150fd800  712       1       com.android.dx.ssa.SsaInsn::isNormalMoveInsn (2 bytes)
Event: 9.229 Thread 0x00000000150fd800 nmethod 712 0x00000000036e6950 code [0x00000000036e6aa0, 0x00000000036e6bb0]
Event: 9.229 Thread 0x00000000150fd800  732       3       com.android.dx.rop.code.LocalVariableExtractor::processBlock (327 bytes)

GC Heap History (0 events):
No events

Deoptimization events (1 events):
Event: 9.024 Thread 0x0000000016a52800 Uncommon trap: reason=unstable_if action=reinterpret pc=0x00000000035ee2c4 method=java.util.HashMap.getNode(ILjava/lang/Object;)Ljava/util/HashMap$Node; @ 62

Internal exceptions (2 events):
Event: 6.274 Thread 0x00000000013bd800 Exception <a 'java/lang/NoSuchMethodError': Method sun.misc.Unsafe.defineClass(Ljava/lang/String;[BII)Ljava/lang/Class; name or signature does not match> (0x00000000eab0dbc0) thrown at [D:\re\workspace\8-2-build-windows-amd64-cygwin\jdk8u40\3098\hotspot\sr5±Uã7@
Event: 6.274 Thread 0x00000000013bd800 Exception <a 'java/lang/NoSuchMethodError': Method sun.misc.Unsafe.prefetchRead(Ljava/lang/Object;J)V name or signature does not match> (0x00000000eab0de50) thrown at [D:\re\workspace\8-2-build-windows-amd64-cygwin\jdk8u40\3098\hotspot\src\share\vm\prims\j

Events (10 events):
Event: 9.024 loading class java/util/HashMap$Values done
Event: 9.024 loading class java/util/HashMap$ValueIterator
Event: 9.024 loading class java/util/HashMap$ValueIterator done
Event: 9.024 Thread 0x0000000016a52800 Uncommon trap: trap_request=0xffffff65 fr.pc=0x00000000035ee2c4
Event: 9.024 Thread 0x0000000016a52800 DEOPT PACKING pc=0x00000000035ee2c4 sp=0x00000000172fe970
Event: 9.024 Thread 0x0000000016a52800 DEOPT UNPACKING pc=0x000000000344582a sp=0x00000000172fe8e8 mode 2
Event: 9.190 loading class java/util/ArrayList$1
Event: 9.190 loading class java/util/ArrayList$1 done
Event: 9.207 loading class java/util/DualPivotQuicksort
Event: 9.207 loading class java/util/DualPivotQuicksort done


Dynamic libraries:
0x00007ff7446e0000 - 0x00007ff744717000 	C:\Program Files\Java\jdk1.8.0_40\bin\java.exe
0x00007fff68db0000 - 0x00007fff68f5d000 	C:\Windows\SYSTEM32\ntdll.dll
0x00007fff66540000 - 0x00007fff6667e000 	C:\Windows\system32\KERNEL32.DLL
0x00007fff65fd0000 - 0x00007fff660e5000 	C:\Windows\system32\KERNELBASE.dll
0x00007fff64a60000 - 0x00007fff64aee000 	C:\Windows\system32\apphelp.dll
0x00007fff536e0000 - 0x00007fff53733000 	C:\Windows\AppPatch\AppPatch64\AcGenral.DLL
0x00007fff66490000 - 0x00007fff6653a000 	C:\Windows\system32\msvcrt.dll
0x00007fff65d30000 - 0x00007fff65d5e000 	C:\Windows\SYSTEM32\SspiCli.dll
0x00007fff67300000 - 0x00007fff67354000 	C:\Windows\system32\SHLWAPI.dll
0x00007fff66680000 - 0x00007fff667f7000 	C:\Windows\system32\USER32.dll
0x00007fff66e10000 - 0x00007fff66fa4000 	C:\Windows\system32\ole32.dll
0x00007fff676b0000 - 0x00007fff68bda000 	C:\Windows\system32\SHELL32.dll
0x00007fff65460000 - 0x00007fff65481000 	C:\Windows\SYSTEM32\USERENV.dll
0x00007fff67180000 - 0x00007fff6722a000 	C:\Windows\system32\ADVAPI32.dll
0x00007fff50ac0000 - 0x00007fff50ade000 	C:\Windows\SYSTEM32\MPR.dll
0x00007fff66fc0000 - 0x00007fff67101000 	C:\Windows\system32\RPCRT4.dll
0x00007fff66430000 - 0x00007fff66489000 	C:\Windows\SYSTEM32\sechost.dll
0x00007fff66aa0000 - 0x00007fff66cb1000 	C:\Windows\SYSTEM32\combase.dll
0x00007fff66cc0000 - 0x00007fff66e0f000 	C:\Windows\system32\GDI32.dll
0x00007fff65f00000 - 0x00007fff65f15000 	C:\Windows\SYSTEM32\profapi.dll
0x00007fff64270000 - 0x00007fff64322000 	C:\Windows\SYSTEM32\SHCORE.dll
0x00007fff66a00000 - 0x00007fff66a36000 	C:\Windows\system32\IMM32.DLL
0x00007fff67370000 - 0x00007fff674c2000 	C:\Windows\system32\MSCTF.dll
0x00007fff63910000 - 0x00007fff63b8a000 	C:\Windows\WinSxS\amd64_microsoft.windows.common-controls_6595b64144ccf1df_6.0.9600.17810_none_6240b9c7ecbd0bda\COMCTL32.dll
0x00000000727a0000 - 0x0000000072872000 	C:\Program Files\Java\jdk1.8.0_40\jre\bin\msvcr100.dll
0x0000000071f10000 - 0x0000000072793000 	C:\Program Files\Java\jdk1.8.0_40\jre\bin\server\jvm.dll
0x00007fff531d0000 - 0x00007fff531d9000 	C:\Windows\SYSTEM32\WSOCK32.dll
0x00007fff602f0000 - 0x00007fff60312000 	C:\Windows\SYSTEM32\WINMM.dll
0x00007fff605b0000 - 0x00007fff605ba000 	C:\Windows\SYSTEM32\VERSION.dll
0x00007fff66fb0000 - 0x00007fff66fb7000 	C:\Windows\system32\PSAPI.DLL
0x00007fff66980000 - 0x00007fff669da000 	C:\Windows\system32\WS2_32.dll
0x00007fff602c0000 - 0x00007fff602ea000 	C:\Windows\SYSTEM32\WINMMBASE.dll
0x00007fff68da0000 - 0x00007fff68da9000 	C:\Windows\system32\NSI.dll
0x00007fff660f0000 - 0x00007fff6613f000 	C:\Windows\SYSTEM32\cfgmgr32.dll
0x00007fff64cf0000 - 0x00007fff64d18000 	C:\Windows\SYSTEM32\DEVOBJ.dll
0x00000000741f0000 - 0x00000000741ff000 	C:\Program Files\Java\jdk1.8.0_40\jre\bin\verify.dll
0x0000000071ee0000 - 0x0000000071f09000 	C:\Program Files\Java\jdk1.8.0_40\jre\bin\java.dll
0x0000000071ec0000 - 0x0000000071ed6000 	C:\Program Files\Java\jdk1.8.0_40\jre\bin\zip.dll

VM Arguments:
jvm_args: -Djava.awt.headless=true -Xmx1024M -Dfile.encoding=windows-1252 -Duser.country=US -Duser.language=en -Duser.variant 
java_command: com.android.dx.command.Main --dex --num-threads=4 --output C:\Users\Owner\AndroidStudioProjects\TawatTrip\app\build\intermediates\pre-dexed\debug\tubesock-0.0.12_5591eaa3f6b8c67e85e203bb255fe78137b2a7a4.jar C:\Users\Owner\.gradle\caches\modules-2\files-2.1\com.firebase\tubesock\0.0.12\6ec0bbd3e161a73ed672284b587fd32309a86d7a\tubesock-0.0.12.jar
java_class_path (initial): C:\Users\Owner\AppData\Local\Android\sdk\build-tools\23.0.1\lib\dx.jar
Launcher Type: SUN_STANDARD

Environment Variables:
JAVA_HOME=C:\Program Files\Java\jdk1.8.0_40
PATH=C:\MinGW\bin;C:\Program Files\Java\jdk1.7.0_79\bin;C:\ProgramData\Oracle\Java\javapath;C:\Program Files (x86)\Intel\iCLS Client\;C:\Program Files\Intel\iCLS Client\;C:\Windows\system32;C:\Windows;C:\Windows\System32\Wbem;C:\Windows\System32\WindowsPowerShell\v1.0\;C:\Program Files\Hewlett-Packard\SimplePass\;C:\Program Files\Intel\Intel(R) Management Engine Components\DAL;C:\Program Files\Intel\Intel(R) Management Engine Components\IPT;C:\Program Files (x86)\Intel\Intel(R) Management Engine Components\DAL;C:\Program Files (x86)\Intel\Intel(R) Management Engine Components\IPT;C:\Program Files (x86)\Windows Live\Shared;C:\Program Files\Microsoft SQL Server\110\Tools\Binn\;C:\Users\Owner\Downloads\apache-ant-1.9.4\bin;C:\Program Files\MATLAB\R2013b\runtime\win64;C:\Program Files\MATLAB\R2013b\bin;C:\Python27\;C:\Users\Owner\Downloads\android-ndk-r11c\;C:\Users\Owner\AppData\Local\Android\sdk\tools\;C:\Users\Owner\AppData\Local\Android\sdk\platform-tools\;C:\Program Files (x86)\Skype\Phone\;C:\Program Files\nodejs\;C:\Program Files\Git\cmd;C:\MinGW\bin;C:\Program Files\Java\jdk1.7.0_79\bin;C:\ProgramData\chocolatey\bin;C:\Users\Owner\AppData\Local\atom\bin;C:\Python27\;C:\Users\Owner\Downloads\android-ndk-r11c\;C:\Users\Owner\AppData\Local\Android\sdk\tools\;C:\Users\Owner\AppData\Local\Android\sdk\platform-tools;C:\Users\Owner\AppData\Roaming\npm
USERNAME=Owner
OS=Windows_NT
PROCESSOR_IDENTIFIER=Intel64 Family 6 Model 69 Stepping 1, GenuineIntel



---------------  S Y S T E M  ---------------

OS: Windows 8.1 , 64 bit Build 9600 (6.3.9600.17415)

CPU:total 4 (2 cores per cpu, 2 threads per core) family 6 model 69 stepping 1, cmov, cx8, fxsr, mmx, sse, sse2, sse3, ssse3, sse4.1, sse4.2, popcnt, avx, avx2, aes, clmul, erms, lzcnt, ht, tsc, tscinvbit, bmi1, bmi2

Memory: 4k page, physical 8317080k(964112k free), swap 11462808k(5104k free)

vm_info: Java HotSpot(TM) 64-Bit Server VM (25.40-b25) for windows-amd64 JRE (1.8.0_40-b26), built on Mar  7 2015 13:51:59 by "java_re" with MS VC++ 10.0 (VS2010)

time: Sun Oct 22 17:25:17 2017
elapsed time: 9 seconds (0d 0h 0m 9s)

