#
# There is insufficient memory for the Java Runtime Environment to continue.
# Native memory allocation (malloc) failed to allocate 86976 bytes for Chunk::new
# Possible reasons:
#   The system is out of physical RAM or swap space
#   In 32 bit mode, the process size limit was hit
# Possible solutions:
#   Reduce memory load on the system
#   Increase physical memory or swap space
#   Check if swap backing store is full
#   Use 64 bit Java on a 64 bit OS
#   Decrease Java heap size (-Xmx/-Xms)
#   Decrease number of Java threads
#   Decrease Java thread stack sizes (-Xss)
#   Set larger code cache with -XX:ReservedCodeCacheSize=
# This output file may be truncated or incomplete.
#
#  Out of Memory Error (allocation.cpp:390), pid=13640, tid=10920
#
# JRE version: Java(TM) SE Runtime Environment (8.0_40-b26) (build 1.8.0_40-b26)
# Java VM: Java HotSpot(TM) 64-Bit Server VM (25.40-b25 mixed mode windows-amd64 compressed oops)
# Failed to write core dump. Minidumps are not enabled by default on client versions of Windows
#

---------------  T H R E A D  ---------------

Current thread (0x0000000014ff6800):  JavaThread "C2 CompilerThread1" daemon [_thread_in_native, id=10920, stack(0x0000000016500000,0x0000000016600000)]

Stack: [0x0000000016500000,0x0000000016600000]
Native frames: (J=compiled Java code, j=interpreted, Vv=VM code, C=native code)
V  [jvm.dll+0x32b47a]
V  [jvm.dll+0x2797f3]
V  [jvm.dll+0x27a489]
V  [jvm.dll+0x2717a5]
V  [jvm.dll+0xcb9a2]
V  [jvm.dll+0xcbe6c]
V  [jvm.dll+0x476ea2]
V  [jvm.dll+0x4b950f]
V  [jvm.dll+0x46b6b5]
V  [jvm.dll+0x46ccbe]
V  [jvm.dll+0x4500d2]
V  [jvm.dll+0xa4312]
V  [jvm.dll+0xa4c4f]
V  [jvm.dll+0x241914]
V  [jvm.dll+0x29848a]
C  [msvcr100.dll+0x21d9f]
C  [msvcr100.dll+0x21e3b]
C  [KERNEL32.DLL+0x13d2]
C  [ntdll.dll+0x154e4]


Current CompileTask:
C2:   4398 1448       4       com.android.dx.ssa.SsaBasicBlock::getRopLabelSuccessorList (57 bytes)


---------------  P R O C E S S  ---------------

Java Threads: ( => current thread )
  0x000000001696f800 JavaThread "pool-2-thread-4" [_thread_blocked, id=12732, stack(0x0000000017100000,0x0000000017200000)]
  0x000000001696e800 JavaThread "pool-2-thread-3" [_thread_in_Java, id=9884, stack(0x0000000017000000,0x0000000017100000)]
  0x000000001696e000 JavaThread "pool-2-thread-2" [_thread_in_vm, id=8572, stack(0x0000000016f00000,0x0000000017000000)]
  0x000000001696b000 JavaThread "pool-3-thread-1" [_thread_blocked, id=5380, stack(0x0000000016e00000,0x0000000016f00000)]
  0x0000000016962000 JavaThread "pool-2-thread-1" [_thread_in_Java, id=8160, stack(0x0000000016d00000,0x0000000016e00000)]
  0x0000000014ffe000 JavaThread "Service Thread" daemon [_thread_blocked, id=1204, stack(0x0000000016b00000,0x0000000016c00000)]
  0x0000000014ff9800 JavaThread "C1 CompilerThread2" daemon [_thread_in_native, id=12784, stack(0x0000000016600000,0x0000000016700000)]
=>0x0000000014ff6800 JavaThread "C2 CompilerThread1" daemon [_thread_in_native, id=10920, stack(0x0000000016500000,0x0000000016600000)]
  0x0000000014f9d800 JavaThread "C2 CompilerThread0" daemon [_thread_in_native, id=1304, stack(0x0000000016400000,0x0000000016500000)]
  0x0000000014f9b800 JavaThread "Attach Listener" daemon [_thread_blocked, id=9844, stack(0x0000000016300000,0x0000000016400000)]
  0x0000000014f9a800 JavaThread "Signal Dispatcher" daemon [_thread_blocked, id=13112, stack(0x0000000016200000,0x0000000016300000)]
  0x0000000001306800 JavaThread "Finalizer" daemon [_thread_blocked, id=8416, stack(0x0000000016100000,0x0000000016200000)]
  0x00000000012fe000 JavaThread "Reference Handler" daemon [_thread_blocked, id=13020, stack(0x0000000016000000,0x0000000016100000)]
  0x000000000134d800 JavaThread "main" [_thread_in_Java, id=9200, stack(0x00000000010e0000,0x00000000011e0000)]

Other Threads:
  0x0000000014f67800 VMThread [stack: 0x0000000015f00000,0x0000000016000000] [id=13248]
  0x0000000016700800 WatcherThread [stack: 0x0000000016c00000,0x0000000016d00000] [id=14308]

VM state:not at safepoint (normal execution)

VM Mutex/Monitor currently owned by a thread: None

Heap:
 PSYoungGen      total 38400K, used 20158K [0x00000000eab00000, 0x00000000ed580000, 0x0000000100000000)
  eden space 33280K, 45% used [0x00000000eab00000,0x00000000eb9b1e98,0x00000000ecb80000)
  from space 5120K, 99% used [0x00000000ecb80000,0x00000000ed07dc88,0x00000000ed080000)
  to   space 5120K, 0% used [0x00000000ed080000,0x00000000ed080000,0x00000000ed580000)
 ParOldGen       total 87552K, used 1487K [0x00000000c0000000, 0x00000000c5580000, 0x00000000eab00000)
  object space 87552K, 1% used [0x00000000c0000000,0x00000000c0173e28,0x00000000c5580000)
 Metaspace       used 5969K, capacity 7024K, committed 7296K, reserved 1056768K
  class space    used 581K, capacity 616K, committed 640K, reserved 1048576K

Card table byte_map: [0x0000000001710000,0x0000000001920000] byte_map_base: 0x0000000001110000

Marking Bits: (ParMarkBitMap*) 0x00000000738f4040
 Begin Bits: [0x0000000012400000, 0x0000000013400000)
 End Bits:   [0x0000000013400000, 0x0000000014400000)

Polling page: 0x00000000011f0000

CodeCache: size=245760Kb used=6009Kb max_used=6009Kb free=239750Kb
 bounds [0x0000000003400000, 0x00000000039f0000, 0x0000000012400000]
 total_blobs=1721 nmethods=1453 adapters=181
 compilation: enabled

Compilation events (10 events):
Event: 4.087 Thread 0x0000000014ff9800 1445       3       com.android.dx.cf.code.Ropper$ExceptionSetupLabelAllocator::<init> (33 bytes)
Event: 4.087 Thread 0x0000000014ff9800 nmethod 1445 0x00000000039c3990 code [0x00000000039c3b20, 0x00000000039c4010]
Event: 4.087 Thread 0x0000000014ff9800 1446       3       com.android.dx.dex.code.RopTranslator::<init> (190 bytes)
Event: 4.089 Thread 0x0000000014ff9800 nmethod 1446 0x00000000039c4250 code [0x00000000039c44a0, 0x00000000039c55f8]
Event: 4.155 Thread 0x0000000014f9d800 nmethod 1368 0x00000000039ca750 code [0x00000000039caa20, 0x00000000039cc5c8]
Event: 4.155 Thread 0x0000000014f9d800 1408   !   4       com.android.dx.cf.cst.ConstantPoolParser::parse0 (731 bytes)
Event: 4.223 Thread 0x0000000014ff6800 nmethod 1419 0x00000000039ce750 code [0x00000000039cebe0, 0x00000000039d1118]
Event: 4.224 Thread 0x0000000014ff6800 1424       4       com.android.dx.rop.type.Type::isIntlike (56 bytes)
Event: 4.224 Thread 0x0000000014ff6800 nmethod 1424 0x0000000003942b10 code [0x0000000003942c40, 0x0000000003942cb8]
Event: 4.371 Thread 0x0000000014ff6800 1448       4       com.android.dx.ssa.SsaBasicBlock::getRopLabelSuccessorList (57 bytes)

GC Heap History (2 events):
Event: 3.809 GC heap before
{Heap before GC invocations=1 (full 0):
 PSYoungGen      total 38400K, used 33280K [0x00000000eab00000, 0x00000000ed580000, 0x0000000100000000)
  eden space 33280K, 100% used [0x00000000eab00000,0x00000000ecb80000,0x00000000ecb80000)
  from space 5120K, 0% used [0x00000000ed080000,0x00000000ed080000,0x00000000ed580000)
  to   space 5120K, 0% used [0x00000000ecb80000,0x00000000ecb80000,0x00000000ed080000)
 ParOldGen       total 87552K, used 0K [0x00000000c0000000, 0x00000000c5580000, 0x00000000eab00000)
  object space 87552K, 0% used [0x00000000c0000000,0x00000000c0000000,0x00000000c5580000)
 Metaspace       used 5899K, capacity 6960K, committed 7040K, reserved 1056768K
  class space    used 581K, capacity 616K, committed 640K, reserved 1048576K
Event: 3.982 GC heap after
Heap after GC invocations=1 (full 0):
 PSYoungGen      total 38400K, used 5111K [0x00000000eab00000, 0x00000000ed580000, 0x0000000100000000)
  eden space 33280K, 0% used [0x00000000eab00000,0x00000000eab00000,0x00000000ecb80000)
  from space 5120K, 99% used [0x00000000ecb80000,0x00000000ed07dc88,0x00000000ed080000)
  to   space 5120K, 0% used [0x00000000ed080000,0x00000000ed080000,0x00000000ed580000)
 ParOldGen       total 87552K, used 1487K [0x00000000c0000000, 0x00000000c5580000, 0x00000000eab00000)
  object space 87552K, 1% used [0x00000000c0000000,0x00000000c0173e28,0x00000000c5580000)
 Metaspace       used 5899K, capacity 6960K, committed 7040K, reserved 1056768K
  class space    used 581K, capacity 616K, committed 640K, reserved 1048576K
}

Deoptimization events (8 events):
Event: 2.059 Thread 0x000000001696e000 Uncommon trap: reason=unstable_if action=reinterpret pc=0x0000000003623350 method=java.util.HashMap.getNode(ILjava/lang/Object;)Ljava/util/HashMap$Node; @ 62
Event: 2.356 Thread 0x000000001696f800 Uncommon trap: reason=unstable_if action=reinterpret pc=0x000000000365d774 method=java.util.BitSet.ensureCapacity(I)V @ 6
Event: 2.375 Thread 0x000000001696f800 Uncommon trap: reason=class_check action=maybe_recompile pc=0x00000000036a2644 method=com.android.dx.ssa.NormalSsaInsn.accept(Lcom/android/dx/ssa/SsaInsn$Visitor;)V @ 9
Event: 2.601 Thread 0x000000001696e800 Uncommon trap: reason=class_check action=maybe_recompile pc=0x00000000036a2644 method=com.android.dx.ssa.NormalSsaInsn.accept(Lcom/android/dx/ssa/SsaInsn$Visitor;)V @ 9
Event: 2.601 Thread 0x000000001696e800 Uncommon trap: reason=class_check action=maybe_recompile pc=0x0000000003667eb0 method=com.android.dx.ssa.NormalSsaInsn.accept(Lcom/android/dx/ssa/SsaInsn$Visitor;)V @ 9
Event: 2.601 Thread 0x000000001696e800 Uncommon trap: reason=class_check action=maybe_recompile pc=0x0000000003667eb0 method=com.android.dx.ssa.NormalSsaInsn.accept(Lcom/android/dx/ssa/SsaInsn$Visitor;)V @ 9
Event: 2.630 Thread 0x000000001696e800 Uncommon trap: reason=class_check action=maybe_recompile pc=0x00000000036a2644 method=com.android.dx.ssa.NormalSsaInsn.accept(Lcom/android/dx/ssa/SsaInsn$Visitor;)V @ 9
Event: 3.327 Thread 0x000000001696f800 Uncommon trap: reason=unstable_if action=reinterpret pc=0x000000000381b69c method=com.android.dx.ssa.SsaMethod.updateOneDefinition(Lcom/android/dx/ssa/SsaInsn;Lcom/android/dx/rop/code/RegisterSpec;)V @ 4

Internal exceptions (2 events):
Event: 0.603 Thread 0x000000000134d800 Exception <a 'java/lang/NoSuchMethodError': Method sun.misc.Unsafe.defineClass(Ljava/lang/String;[BII)Ljava/lang/Class; name or signature does not match> (0x00000000eab0d7b8) thrown at [D:\re\workspace\8-2-build-windows-amd64-cygwin\jdk8u40\3098\hotspot\srxæ¤WLã?
Event: 0.603 Thread 0x000000000134d800 Exception <a 'java/lang/NoSuchMethodError': Method sun.misc.Unsafe.prefetchRead(Ljava/lang/Object;J)V name or signature does not match> (0x00000000eab0da48) thrown at [D:\re\workspace\8-2-build-windows-amd64-cygwin\jdk8u40\3098\hotspot\src\share\vm\prims\j

Events (10 events):
Event: 3.291 loading class com/android/dx/cf/attrib/AttExceptions done
Event: 3.324 loading class com/android/dx/rop/code/RegOps
Event: 3.324 loading class com/android/dx/rop/code/RegOps done
Event: 3.327 Thread 0x000000001696f800 Uncommon trap: trap_request=0xffffff65 fr.pc=0x000000000381b69c
Event: 3.327 Thread 0x000000001696f800 DEOPT PACKING pc=0x000000000381b69c sp=0x00000000171feba0
Event: 3.327 Thread 0x000000001696f800 DEOPT UNPACKING pc=0x000000000344582a sp=0x00000000171feb48 mode 2
Event: 3.809 Executing VM operation: ParallelGCFailedAllocation
Event: 3.982 Executing VM operation: ParallelGCFailedAllocation done
Event: 3.989 Thread 0x0000000016962000 DEOPT PACKING pc=0x0000000003751aea sp=0x0000000016dfe870
Event: 3.989 Thread 0x0000000016962000 DEOPT UNPACKING pc=0x000000000344787f sp=0x0000000016dfe638 mode 0


Dynamic libraries:
0x00007ff7ca0c0000 - 0x00007ff7ca0f7000 	C:\Program Files\Java\jdk1.8.0_40\bin\java.exe
0x00007fff68db0000 - 0x00007fff68f5d000 	C:\Windows\SYSTEM32\ntdll.dll
0x00007fff66540000 - 0x00007fff6667e000 	C:\Windows\system32\KERNEL32.DLL
0x00007fff65fd0000 - 0x00007fff660e5000 	C:\Windows\system32\KERNELBASE.dll
0x00007fff64a60000 - 0x00007fff64aee000 	C:\Windows\system32\apphelp.dll
0x00007fff4a4b0000 - 0x00007fff4a503000 	C:\Windows\AppPatch\AppPatch64\AcGenral.DLL
0x00007fff66490000 - 0x00007fff6653a000 	C:\Windows\system32\msvcrt.dll
0x00007fff65d30000 - 0x00007fff65d5e000 	C:\Windows\SYSTEM32\SspiCli.dll
0x00007fff67300000 - 0x00007fff67354000 	C:\Windows\system32\SHLWAPI.dll
0x00007fff66680000 - 0x00007fff667f7000 	C:\Windows\system32\USER32.dll
0x00007fff66e10000 - 0x00007fff66fa4000 	C:\Windows\system32\ole32.dll
0x00007fff676b0000 - 0x00007fff68bda000 	C:\Windows\system32\SHELL32.dll
0x00007fff65460000 - 0x00007fff65481000 	C:\Windows\SYSTEM32\USERENV.dll
0x00007fff67180000 - 0x00007fff6722a000 	C:\Windows\system32\ADVAPI32.dll
0x00007fff50ac0000 - 0x00007fff50ade000 	C:\Windows\SYSTEM32\MPR.dll
0x00007fff66fc0000 - 0x00007fff67101000 	C:\Windows\system32\RPCRT4.dll
0x00007fff66430000 - 0x00007fff66489000 	C:\Windows\SYSTEM32\sechost.dll
0x00007fff66aa0000 - 0x00007fff66cb1000 	C:\Windows\SYSTEM32\combase.dll
0x00007fff66cc0000 - 0x00007fff66e0f000 	C:\Windows\system32\GDI32.dll
0x00007fff65f00000 - 0x00007fff65f15000 	C:\Windows\SYSTEM32\profapi.dll
0x00007fff64270000 - 0x00007fff64322000 	C:\Windows\SYSTEM32\SHCORE.dll
0x00007fff66a00000 - 0x00007fff66a36000 	C:\Windows\system32\IMM32.DLL
0x00007fff67370000 - 0x00007fff674c2000 	C:\Windows\system32\MSCTF.dll
0x00007fff63910000 - 0x00007fff63b8a000 	C:\Windows\WinSxS\amd64_microsoft.windows.common-controls_6595b64144ccf1df_6.0.9600.17810_none_6240b9c7ecbd0bda\COMCTL32.dll
0x0000000074220000 - 0x00000000742f2000 	C:\Program Files\Java\jdk1.8.0_40\jre\bin\msvcr100.dll
0x00000000730f0000 - 0x0000000073973000 	C:\Program Files\Java\jdk1.8.0_40\jre\bin\server\jvm.dll
0x00007fff5fb20000 - 0x00007fff5fb29000 	C:\Windows\SYSTEM32\WSOCK32.dll
0x00007fff602f0000 - 0x00007fff60312000 	C:\Windows\SYSTEM32\WINMM.dll
0x00007fff605b0000 - 0x00007fff605ba000 	C:\Windows\SYSTEM32\VERSION.dll
0x00007fff66fb0000 - 0x00007fff66fb7000 	C:\Windows\system32\PSAPI.DLL
0x00007fff66980000 - 0x00007fff669da000 	C:\Windows\system32\WS2_32.dll
0x00007fff602c0000 - 0x00007fff602ea000 	C:\Windows\SYSTEM32\WINMMBASE.dll
0x00007fff68da0000 - 0x00007fff68da9000 	C:\Windows\system32\NSI.dll
0x00007fff660f0000 - 0x00007fff6613f000 	C:\Windows\SYSTEM32\cfgmgr32.dll
0x00007fff64cf0000 - 0x00007fff64d18000 	C:\Windows\SYSTEM32\DEVOBJ.dll
0x0000000074210000 - 0x000000007421f000 	C:\Program Files\Java\jdk1.8.0_40\jre\bin\verify.dll
0x00000000741e0000 - 0x0000000074209000 	C:\Program Files\Java\jdk1.8.0_40\jre\bin\java.dll
0x00000000730d0000 - 0x00000000730e6000 	C:\Program Files\Java\jdk1.8.0_40\jre\bin\zip.dll
0x00007fff51590000 - 0x00007fff51719000 	C:\Windows\SYSTEM32\dbghelp.dll

VM Arguments:
jvm_args: -Djava.awt.headless=true -Xmx1024M -Dfile.encoding=windows-1252 -Duser.country=US -Duser.language=en -Duser.variant 
java_command: com.android.dx.command.Main --dex --force-jumbo --num-threads=4 --multi-dex --output C:\Users\Owner\AndroidStudioProjects\TawatTrip\app\build\intermediates\transforms\dex\debug\folders\1000\10\com.google.android.gms-play-services-base-10.2.1_eeaae85229131164b8c8cee4aece898d75e08527 C:\Users\Owner\AndroidStudioProjects\TawatTrip\app\build\intermediates\exploded-aar\com.google.android.gms\play-services-base\10.2.1\jars\classes.jar
java_class_path (initial): C:\Users\Owner\AppData\Local\Android\sdk\build-tools\23.0.1\lib\dx.jar
Launcher Type: SUN_STANDARD

Environment Variables:
JAVA_HOME=C:\Program Files\Java\jdk1.8.0_40
PATH=C:\MinGW\bin;C:\Program Files\Java\jdk1.7.0_79\bin;C:\ProgramData\Oracle\Java\javapath;C:\Program Files (x86)\Intel\iCLS Client\;C:\Program Files\Intel\iCLS Client\;C:\Windows\system32;C:\Windows;C:\Windows\System32\Wbem;C:\Windows\System32\WindowsPowerShell\v1.0\;C:\Program Files\Hewlett-Packard\SimplePass\;C:\Program Files\Intel\Intel(R) Management Engine Components\DAL;C:\Program Files\Intel\Intel(R) Management Engine Components\IPT;C:\Program Files (x86)\Intel\Intel(R) Management Engine Components\DAL;C:\Program Files (x86)\Intel\Intel(R) Management Engine Components\IPT;C:\Program Files (x86)\Windows Live\Shared;C:\Program Files\Microsoft SQL Server\110\Tools\Binn\;C:\Users\Owner\Downloads\apache-ant-1.9.4\bin;C:\Program Files\MATLAB\R2013b\runtime\win64;C:\Program Files\MATLAB\R2013b\bin;C:\Python27\;C:\Users\Owner\Downloads\android-ndk-r11c\;C:\Users\Owner\AppData\Local\Android\sdk\tools\;C:\Users\Owner\AppData\Local\Android\sdk\platform-tools\;C:\Program Files (x86)\Skype\Phone\;C:\Program Files\nodejs\;C:\Program Files\Git\cmd;C:\MinGW\bin;C:\Program Files\Java\jdk1.7.0_79\bin;C:\ProgramData\chocolatey\bin;C:\Users\Owner\AppData\Local\atom\bin;C:\Python27\;C:\Users\Owner\Downloads\android-ndk-r11c\;C:\Users\Owner\AppData\Local\Android\sdk\tools\;C:\Users\Owner\AppData\Local\Android\sdk\platform-tools;C:\Users\Owner\AppData\Roaming\npm
USERNAME=Owner
OS=Windows_NT
PROCESSOR_IDENTIFIER=Intel64 Family 6 Model 69 Stepping 1, GenuineIntel



---------------  S Y S T E M  ---------------

OS: Windows 8.1 , 64 bit Build 9600 (6.3.9600.17415)

CPU:total 4 (2 cores per cpu, 2 threads per core) family 6 model 69 stepping 1, cmov, cx8, fxsr, mmx, sse, sse2, sse3, ssse3, sse4.1, sse4.2, popcnt, avx, avx2, aes, clmul, erms, lzcnt, ht, tsc, tscinvbit, bmi1, bmi2

Memory: 4k page, physical 8317080k(617496k free), swap 11462808k(6532k free)

vm_info: Java HotSpot(TM) 64-Bit Server VM (25.40-b25) for windows-amd64 JRE (1.8.0_40-b26), built on Mar  7 2015 13:51:59 by "java_re" with MS VC++ 10.0 (VS2010)

time: Wed Oct 25 07:07:56 2017
elapsed time: 4 seconds (0d 0h 0m 4s)

