#
# There is insufficient memory for the Java Runtime Environment to continue.
# Native memory allocation (malloc) failed to allocate 482096 bytes for Chunk::new
# Possible reasons:
#   The system is out of physical RAM or swap space
#   In 32 bit mode, the process size limit was hit
# Possible solutions:
#   Reduce memory load on the system
#   Increase physical memory or swap space
#   Check if swap backing store is full
#   Use 64 bit Java on a 64 bit OS
#   Decrease Java heap size (-Xmx/-Xms)
#   Decrease number of Java threads
#   Decrease Java thread stack sizes (-Xss)
#   Set larger code cache with -XX:ReservedCodeCacheSize=
# This output file may be truncated or incomplete.
#
#  Out of Memory Error (allocation.cpp:390), pid=4676, tid=8248
#
# JRE version: Java(TM) SE Runtime Environment (8.0_40-b26) (build 1.8.0_40-b26)
# Java VM: Java HotSpot(TM) 64-Bit Server VM (25.40-b25 mixed mode windows-amd64 compressed oops)
# Failed to write core dump. Minidumps are not enabled by default on client versions of Windows
#

---------------  T H R E A D  ---------------

Current thread (0x000000001554e800):  JavaThread "C2 CompilerThread1" daemon [_thread_in_native, id=8248, stack(0x0000000016b60000,0x0000000016c60000)]

Stack: [0x0000000016b60000,0x0000000016c60000]
Native frames: (J=compiled Java code, j=interpreted, Vv=VM code, C=native code)
V  [jvm.dll+0x32b47a]
V  [jvm.dll+0x2797f3]
V  [jvm.dll+0x27a489]
V  [jvm.dll+0x2717a5]
V  [jvm.dll+0xcb9a2]
V  [jvm.dll+0xcbe6c]
V  [jvm.dll+0x476ea2]
V  [jvm.dll+0x4b950f]
V  [jvm.dll+0x46bf81]
V  [jvm.dll+0x46ccbe]
V  [jvm.dll+0x4500d2]
V  [jvm.dll+0xa4312]
V  [jvm.dll+0xa4c4f]
V  [jvm.dll+0x241914]
V  [jvm.dll+0x29848a]
C  [msvcr100.dll+0x21d9f]
C  [msvcr100.dll+0x21e3b]
C  [KERNEL32.DLL+0x13d2]
C  [ntdll.dll+0x154e4]


Current CompileTask:
C2:  17776 2813       4       com.android.dx.dex.code.DalvCode::finishProcessingIfNecessary (69 bytes)


---------------  P R O C E S S  ---------------

Java Threads: ( => current thread )
  0x0000000016ecc000 JavaThread "pool-1-thread-1" [_thread_in_Java, id=13652, stack(0x0000000017360000,0x0000000017460000)]
  0x0000000016c6e000 JavaThread "Service Thread" daemon [_thread_blocked, id=14852, stack(0x0000000017160000,0x0000000017260000)]
  0x0000000016c68800 JavaThread "C1 CompilerThread2" daemon [_thread_blocked, id=9008, stack(0x0000000017060000,0x0000000017160000)]
=>0x000000001554e800 JavaThread "C2 CompilerThread1" daemon [_thread_in_native, id=8248, stack(0x0000000016b60000,0x0000000016c60000)]
  0x00000000154fd800 JavaThread "C2 CompilerThread0" daemon [_thread_in_native, id=6292, stack(0x0000000016a60000,0x0000000016b60000)]
  0x00000000154fb800 JavaThread "Attach Listener" daemon [_thread_blocked, id=14160, stack(0x0000000016960000,0x0000000016a60000)]
  0x00000000154fa800 JavaThread "Signal Dispatcher" daemon [_thread_blocked, id=3592, stack(0x0000000016860000,0x0000000016960000)]
  0x0000000001996800 JavaThread "Finalizer" daemon [_thread_blocked, id=11888, stack(0x0000000016760000,0x0000000016860000)]
  0x000000000198e000 JavaThread "Reference Handler" daemon [_thread_blocked, id=4892, stack(0x0000000016660000,0x0000000016760000)]
  0x000000000189d800 JavaThread "main" [_thread_blocked, id=11880, stack(0x0000000001770000,0x0000000001870000)]

Other Threads:
  0x00000000154c7800 VMThread [stack: 0x0000000016560000,0x0000000016660000] [id=10028]
  0x0000000016c6f000 WatcherThread [stack: 0x0000000017260000,0x0000000017360000] [id=14392]

VM state:not at safepoint (normal execution)

VM Mutex/Monitor currently owned by a thread: None

Heap:
 PSYoungGen      total 289280K, used 108791K [0x00000000eab00000, 0x00000000fec00000, 0x0000000100000000)
  eden space 262144K, 31% used [0x00000000eab00000,0x00000000efc9b750,0x00000000fab00000)
  from space 27136K, 92% used [0x00000000fc980000,0x00000000fe222820,0x00000000fe400000)
  to   space 31232K, 0% used [0x00000000fab00000,0x00000000fab00000,0x00000000fc980000)
 ParOldGen       total 87552K, used 48653K [0x00000000c0000000, 0x00000000c5580000, 0x00000000eab00000)
  object space 87552K, 55% used [0x00000000c0000000,0x00000000c2f83438,0x00000000c5580000)
 Metaspace       used 6717K, capacity 7544K, committed 7680K, reserved 1056768K
  class space    used 625K, capacity 688K, committed 768K, reserved 1048576K

Card table byte_map: [0x0000000001d60000,0x0000000001f70000] byte_map_base: 0x0000000001760000

Marking Bits: (ParMarkBitMap*) 0x00000000738f4040
 Begin Bits: [0x0000000012960000, 0x0000000013960000)
 End Bits:   [0x0000000013960000, 0x0000000014960000)

Polling page: 0x0000000001360000

CodeCache: size=245760Kb used=13029Kb max_used=13036Kb free=232730Kb
 bounds [0x0000000003400000, 0x00000000040d0000, 0x0000000012400000]
 total_blobs=2951 nmethods=2681 adapters=182
 compilation: enabled

Compilation events (10 events):
Event: 17.436 Thread 0x000000001554e800 nmethod 2809 0x00000000040bc2d0 code [0x00000000040bc480, 0x00000000040bcbc8]
Event: 17.437 Thread 0x00000000154fd800 nmethod 2810 0x00000000040c1b90 code [0x00000000040c1ce0, 0x00000000040c20f8]
Event: 17.439 Thread 0x000000001554e800 2811       4       com.android.dx.rop.code.RegisterSpecList::withOffset (76 bytes)
Event: 17.439 Thread 0x00000000154fd800 2812       4       com.android.dx.dex.code.FixedSizeInsn::withRegisterOffset (13 bytes)
Event: 17.446 Thread 0x000000001554e800 nmethod 2811 0x00000000040c1150 code [0x00000000040c12c0, 0x00000000040c1748]
Event: 17.446 Thread 0x00000000154fd800 nmethod 2812 0x00000000040c3390 code [0x00000000040c3520, 0x00000000040c39a8]
Event: 17.690 Thread 0x000000001554e800 2813       4       com.android.dx.dex.code.DalvCode::finishProcessingIfNecessary (69 bytes)
Event: 17.691 Thread 0x00000000154fd800 2814       4       com.android.dx.dex.code.form.Form21c::isCompatible (150 bytes)
Event: 17.695 Thread 0x00000000154fd800 nmethod 2814 0x00000000040c2ad0 code [0x00000000040c2c40, 0x00000000040c2ed8]
Event: 17.700 Thread 0x00000000154fd800 2815       4       com.android.dx.dex.code.OutputFinisher::finishProcessingAndGetList (74 bytes)

GC Heap History (10 events):
Event: 5.038 GC heap before
{Heap before GC invocations=2 (full 0):
 PSYoungGen      total 38400K, used 38394K [0x00000000eab00000, 0x00000000ef600000, 0x0000000100000000)
  eden space 33280K, 100% used [0x00000000eab00000,0x00000000ecb80000,0x00000000ecb80000)
  from space 5120K, 99% used [0x00000000ecb80000,0x00000000ed07eaa8,0x00000000ed080000)
  to   space 5120K, 0% used [0x00000000ef100000,0x00000000ef100000,0x00000000ef600000)
 ParOldGen       total 87552K, used 1928K [0x00000000c0000000, 0x00000000c5580000, 0x00000000eab00000)
  object space 87552K, 2% used [0x00000000c0000000,0x00000000c01e2048,0x00000000c5580000)
 Metaspace       used 6094K, capacity 7088K, committed 7296K, reserved 1056768K
  class space    used 584K, capacity 616K, committed 640K, reserved 1048576K
Event: 5.174 GC heap after
Heap after GC invocations=2 (full 0):
 PSYoungGen      total 71680K, used 5105K [0x00000000eab00000, 0x00000000ef600000, 0x0000000100000000)
  eden space 66560K, 0% used [0x00000000eab00000,0x00000000eab00000,0x00000000eec00000)
  from space 5120K, 99% used [0x00000000ef100000,0x00000000ef5fc648,0x00000000ef600000)
  to   space 5120K, 0% used [0x00000000eec00000,0x00000000eec00000,0x00000000ef100000)
 ParOldGen       total 87552K, used 7138K [0x00000000c0000000, 0x00000000c5580000, 0x00000000eab00000)
  object space 87552K, 8% used [0x00000000c0000000,0x00000000c06f8a70,0x00000000c5580000)
 Metaspace       used 6094K, capacity 7088K, committed 7296K, reserved 1056768K
  class space    used 584K, capacity 616K, committed 640K, reserved 1048576K
}
Event: 8.383 GC heap before
{Heap before GC invocations=3 (full 0):
 PSYoungGen      total 71680K, used 71665K [0x00000000eab00000, 0x00000000ef600000, 0x0000000100000000)
  eden space 66560K, 100% used [0x00000000eab00000,0x00000000eec00000,0x00000000eec00000)
  from space 5120K, 99% used [0x00000000ef100000,0x00000000ef5fc648,0x00000000ef600000)
  to   space 5120K, 0% used [0x00000000eec00000,0x00000000eec00000,0x00000000ef100000)
 ParOldGen       total 87552K, used 7138K [0x00000000c0000000, 0x00000000c5580000, 0x00000000eab00000)
  object space 87552K, 8% used [0x00000000c0000000,0x00000000c06f8a70,0x00000000c5580000)
 Metaspace       used 6263K, capacity 7156K, committed 7296K, reserved 1056768K
  class space    used 605K, capacity 620K, committed 640K, reserved 1048576K
Event: 8.510 GC heap after
Heap after GC invocations=3 (full 0):
 PSYoungGen      total 71680K, used 5116K [0x00000000eab00000, 0x00000000f3700000, 0x0000000100000000)
  eden space 66560K, 0% used [0x00000000eab00000,0x00000000eab00000,0x00000000eec00000)
  from space 5120K, 99% used [0x00000000eec00000,0x00000000ef0ff048,0x00000000ef100000)
  to   space 5120K, 0% used [0x00000000f3200000,0x00000000f3200000,0x00000000f3700000)
 ParOldGen       total 87552K, used 17822K [0x00000000c0000000, 0x00000000c5580000, 0x00000000eab00000)
  object space 87552K, 20% used [0x00000000c0000000,0x00000000c1167bc8,0x00000000c5580000)
 Metaspace       used 6263K, capacity 7156K, committed 7296K, reserved 1056768K
  class space    used 605K, capacity 620K, committed 640K, reserved 1048576K
}
Event: 10.793 GC heap before
{Heap before GC invocations=4 (full 0):
 PSYoungGen      total 71680K, used 71676K [0x00000000eab00000, 0x00000000f3700000, 0x0000000100000000)
  eden space 66560K, 100% used [0x00000000eab00000,0x00000000eec00000,0x00000000eec00000)
  from space 5120K, 99% used [0x00000000eec00000,0x00000000ef0ff048,0x00000000ef100000)
  to   space 5120K, 0% used [0x00000000f3200000,0x00000000f3200000,0x00000000f3700000)
 ParOldGen       total 87552K, used 17822K [0x00000000c0000000, 0x00000000c5580000, 0x00000000eab00000)
  object space 87552K, 20% used [0x00000000c0000000,0x00000000c1167bc8,0x00000000c5580000)
 Metaspace       used 6306K, capacity 7156K, committed 7296K, reserved 1056768K
  class space    used 605K, capacity 620K, committed 640K, reserved 1048576K
Event: 10.967 GC heap after
Heap after GC invocations=4 (full 0):
 PSYoungGen      total 138240K, used 5090K [0x00000000eab00000, 0x00000000f3700000, 0x0000000100000000)
  eden space 133120K, 0% used [0x00000000eab00000,0x00000000eab00000,0x00000000f2d00000)
  from space 5120K, 99% used [0x00000000f3200000,0x00000000f36f88a0,0x00000000f3700000)
  to   space 5120K, 0% used [0x00000000f2d00000,0x00000000f2d00000,0x00000000f3200000)
 ParOldGen       total 87552K, used 28651K [0x00000000c0000000, 0x00000000c5580000, 0x00000000eab00000)
  object space 87552K, 32% used [0x00000000c0000000,0x00000000c1bfaee0,0x00000000c5580000)
 Metaspace       used 6306K, capacity 7156K, committed 7296K, reserved 1056768K
  class space    used 605K, capacity 620K, committed 640K, reserved 1048576K
}
Event: 12.454 GC heap before
{Heap before GC invocations=5 (full 0):
 PSYoungGen      total 138240K, used 138210K [0x00000000eab00000, 0x00000000f3700000, 0x0000000100000000)
  eden space 133120K, 100% used [0x00000000eab00000,0x00000000f2d00000,0x00000000f2d00000)
  from space 5120K, 99% used [0x00000000f3200000,0x00000000f36f88a0,0x00000000f3700000)
  to   space 5120K, 0% used [0x00000000f2d00000,0x00000000f2d00000,0x00000000f3200000)
 ParOldGen       total 87552K, used 28651K [0x00000000c0000000, 0x00000000c5580000, 0x00000000eab00000)
  object space 87552K, 32% used [0x00000000c0000000,0x00000000c1bfaee0,0x00000000c5580000)
 Metaspace       used 6350K, capacity 7220K, committed 7296K, reserved 1056768K
  class space    used 605K, capacity 620K, committed 640K, reserved 1048576K
Event: 12.563 GC heap after
Heap after GC invocations=5 (full 0):
 PSYoungGen      total 138240K, used 5091K [0x00000000eab00000, 0x00000000fe400000, 0x0000000100000000)
  eden space 133120K, 0% used [0x00000000eab00000,0x00000000eab00000,0x00000000f2d00000)
  from space 5120K, 99% used [0x00000000f2d00000,0x00000000f31f8d88,0x00000000f3200000)
  to   space 27136K, 0% used [0x00000000fc980000,0x00000000fc980000,0x00000000fe400000)
 ParOldGen       total 87552K, used 48645K [0x00000000c0000000, 0x00000000c5580000, 0x00000000eab00000)
  object space 87552K, 55% used [0x00000000c0000000,0x00000000c2f81438,0x00000000c5580000)
 Metaspace       used 6350K, capacity 7220K, committed 7296K, reserved 1056768K
  class space    used 605K, capacity 620K, committed 640K, reserved 1048576K
}
Event: 13.820 GC heap before
{Heap before GC invocations=6 (full 0):
 PSYoungGen      total 138240K, used 138211K [0x00000000eab00000, 0x00000000fe400000, 0x0000000100000000)
  eden space 133120K, 100% used [0x00000000eab00000,0x00000000f2d00000,0x00000000f2d00000)
  from space 5120K, 99% used [0x00000000f2d00000,0x00000000f31f8d88,0x00000000f3200000)
  to   space 27136K, 0% used [0x00000000fc980000,0x00000000fc980000,0x00000000fe400000)
 ParOldGen       total 87552K, used 48645K [0x00000000c0000000, 0x00000000c5580000, 0x00000000eab00000)
  object space 87552K, 55% used [0x00000000c0000000,0x00000000c2f81438,0x00000000c5580000)
 Metaspace       used 6375K, capacity 7220K, committed 7296K, reserved 1056768K
  class space    used 605K, capacity 620K, committed 640K, reserved 1048576K
Event: 13.956 GC heap after
Heap after GC invocations=6 (full 0):
 PSYoungGen      total 289280K, used 25226K [0x00000000eab00000, 0x00000000fec00000, 0x0000000100000000)
  eden space 262144K, 0% used [0x00000000eab00000,0x00000000eab00000,0x00000000fab00000)
  from space 27136K, 92% used [0x00000000fc980000,0x00000000fe222820,0x00000000fe400000)
  to   space 31232K, 0% used [0x00000000fab00000,0x00000000fab00000,0x00000000fc980000)
 ParOldGen       total 87552K, used 48653K [0x00000000c0000000, 0x00000000c5580000, 0x00000000eab00000)
  object space 87552K, 55% used [0x00000000c0000000,0x00000000c2f83438,0x00000000c5580000)
 Metaspace       used 6375K, capacity 7220K, committed 7296K, reserved 1056768K
  class space    used 605K, capacity 620K, committed 640K, reserved 1048576K
}

Deoptimization events (10 events):
Event: 15.125 Thread 0x0000000016ecc000 Uncommon trap: reason=speculate_class_check action=maybe_recompile pc=0x00000000037961fc method=com.android.dx.util.FixedSizeList.equals(Ljava/lang/Object;)Z @ 25
Event: 15.125 Thread 0x0000000016ecc000 Uncommon trap: reason=unstable_if action=reinterpret pc=0x0000000003792800 method=java.util.Arrays.equals([Ljava/lang/Object;[Ljava/lang/Object;)Z @ 23
Event: 15.126 Thread 0x0000000016ecc000 Uncommon trap: reason=speculate_class_check action=maybe_recompile pc=0x00000000037961fc method=com.android.dx.util.FixedSizeList.equals(Ljava/lang/Object;)Z @ 25
Event: 15.126 Thread 0x0000000016ecc000 Uncommon trap: reason=unstable_if action=reinterpret pc=0x0000000003aa3ed8 method=java.util.TreeMap.put(Ljava/lang/Object;Ljava/lang/Object;)Ljava/lang/Object; @ 163
Event: 15.186 Thread 0x0000000016ecc000 Uncommon trap: reason=unstable_if action=reinterpret pc=0x0000000003fd380c method=com.android.dx.dex.code.OutputFinisher.findOpcodeForInsn(Lcom/android/dx/dex/code/DalvInsn;Lcom/android/dx/dex/code/Dop;)Lcom/android/dx/dex/code/Dop; @ 1
Event: 15.288 Thread 0x0000000016ecc000 Uncommon trap: reason=unstable_if action=reinterpret pc=0x000000000400723c method=com.android.dx.rop.code.RegisterSpec.matchesVariable(Lcom/android/dx/rop/code/RegisterSpec;)Z @ 59
Event: 16.044 Thread 0x0000000016ecc000 Uncommon trap: reason=unstable_if action=reinterpret pc=0x000000000404d5a0 method=com.android.dx.dex.code.OutputFinisher.align64bits([Lcom/android/dx/dex/code/Dop;)V @ 172
Event: 16.490 Thread 0x0000000016ecc000 Uncommon trap: reason=unstable_if action=reinterpret pc=0x0000000004094414 method=com.android.dx.dex.code.OutputFinisher.align64bits([Lcom/android/dx/dex/code/Dop;)V @ 205
Event: 16.493 Thread 0x0000000016ecc000 Uncommon trap: reason=unstable_if action=reinterpret pc=0x0000000004035d94 method=com.android.dx.dex.code.OutputFinisher.align64bits([Lcom/android/dx/dex/code/Dop;)V @ 100
Event: 16.646 Thread 0x0000000016ecc000 Uncommon trap: reason=unstable_if action=reinterpret pc=0x0000000004038a84 method=com.android.dx.dex.code.LocalList$MakeState.snapshot(ILcom/android/dx/rop/code/RegisterSpecSet;)V @ 86

Internal exceptions (7 events):
Event: 0.057 Thread 0x000000000189d800 Exception <a 'java/lang/NoSuchMethodError': Method sun.misc.Unsafe.defineClass(Ljava/lang/String;[BII)Ljava/lang/Class; name or signature does not match> (0x00000000eab0d6e8) thrown at [D:\re\workspace\8-2-build-windows-amd64-cygwin\jdk8u40\3098\hotspot\srÙ}Ì«¯­?
Event: 0.057 Thread 0x000000000189d800 Exception <a 'java/lang/NoSuchMethodError': Method sun.misc.Unsafe.prefetchRead(Ljava/lang/Object;J)V name or signature does not match> (0x00000000eab0d978) thrown at [D:\re\workspace\8-2-build-windows-amd64-cygwin\jdk8u40\3098\hotspot\src\share\vm\prims\jžò $KÞ@
Event: 4.217 Thread 0x0000000016ecc000 Implicit null exception at 0x000000000373ad62 to 0x000000000373ae55
Event: 5.414 Thread 0x0000000016edb000 Implicit null exception at 0x0000000003a2bf69 to 0x0000000003a2d5dd
Event: 6.002 Thread 0x0000000016ee0800 Exception <a 'java/lang/ArrayIndexOutOfBoundsException': 18> (0x00000000eaee5d88) thrown at [D:\re\workspace\8-2-build-windows-amd64-cygwin\jdk8u40\3098\hotspot\src\share\vm\interpreter\interpreterRuntime.cpp, line 366]
Event: 6.003 Thread 0x0000000016ee0800 Exception <a 'java/lang/ArrayIndexOutOfBoundsException': 145> (0x00000000eaee7858) thrown at [D:\re\workspace\8-2-build-windows-amd64-cygwin\jdk8u40\3098\hotspot\src\share\vm\interpreter\interpreterRuntime.cpp, line 366]
Event: 6.005 Thread 0x0000000016ee0800 Exception <a 'java/lang/ArrayIndexOutOfBoundsException'> (0x00000000eaee8a90) thrown at [D:\re\workspace\8-2-build-windows-amd64-cygwin\jdk8u40\3098\hotspot\src\share\vm\runtime\sharedRuntime.cpp, line 605]

Events (10 events):
Event: 16.498 Thread 0x0000000016ecc000 DEOPT UNPACKING pc=0x000000000344787f sp=0x000000001745e8d0 mode 0
Event: 16.610 Thread 0x0000000016ecc000 DEOPT PACKING pc=0x0000000003ff6609 sp=0x000000001745ea00
Event: 16.610 Thread 0x0000000016ecc000 DEOPT UNPACKING pc=0x000000000344787f sp=0x000000001745e750 mode 0
Event: 16.637 Thread 0x0000000016ecc000 DEOPT PACKING pc=0x0000000003ff6609 sp=0x000000001745eb80
Event: 16.637 Thread 0x0000000016ecc000 DEOPT UNPACKING pc=0x000000000344787f sp=0x000000001745e8d0 mode 0
Event: 16.646 Thread 0x0000000016ecc000 Uncommon trap: trap_request=0xffffff65 fr.pc=0x0000000004038a84
Event: 16.646 Thread 0x0000000016ecc000 DEOPT PACKING pc=0x0000000004038a84 sp=0x000000001745ea80
Event: 16.646 Thread 0x0000000016ecc000 DEOPT UNPACKING pc=0x000000000344582a sp=0x000000001745ea80 mode 2
Event: 16.679 Thread 0x0000000016ecc000 DEOPT PACKING pc=0x0000000004081023 sp=0x000000001745eae0
Event: 16.679 Thread 0x0000000016ecc000 DEOPT UNPACKING pc=0x000000000344787f sp=0x000000001745e830 mode 0


Dynamic libraries:
0x00007ff7ca0c0000 - 0x00007ff7ca0f7000 	C:\Program Files\Java\jdk1.8.0_40\bin\java.exe
0x00007fff68db0000 - 0x00007fff68f5d000 	C:\Windows\SYSTEM32\ntdll.dll
0x00007fff66540000 - 0x00007fff6667e000 	C:\Windows\system32\KERNEL32.DLL
0x00007fff65fd0000 - 0x00007fff660e5000 	C:\Windows\system32\KERNELBASE.dll
0x00007fff64a60000 - 0x00007fff64aee000 	C:\Windows\system32\apphelp.dll
0x00007fff4a4b0000 - 0x00007fff4a503000 	C:\Windows\AppPatch\AppPatch64\AcGenral.DLL
0x00007fff66490000 - 0x00007fff6653a000 	C:\Windows\system32\msvcrt.dll
0x00007fff65d30000 - 0x00007fff65d5e000 	C:\Windows\SYSTEM32\SspiCli.dll
0x00007fff67300000 - 0x00007fff67354000 	C:\Windows\system32\SHLWAPI.dll
0x00007fff66680000 - 0x00007fff667f7000 	C:\Windows\system32\USER32.dll
0x00007fff66e10000 - 0x00007fff66fa4000 	C:\Windows\system32\ole32.dll
0x00007fff676b0000 - 0x00007fff68bda000 	C:\Windows\system32\SHELL32.dll
0x00007fff65460000 - 0x00007fff65481000 	C:\Windows\SYSTEM32\USERENV.dll
0x00007fff67180000 - 0x00007fff6722a000 	C:\Windows\system32\ADVAPI32.dll
0x00007fff50ac0000 - 0x00007fff50ade000 	C:\Windows\SYSTEM32\MPR.dll
0x00007fff66fc0000 - 0x00007fff67101000 	C:\Windows\system32\RPCRT4.dll
0x00007fff66430000 - 0x00007fff66489000 	C:\Windows\SYSTEM32\sechost.dll
0x00007fff66aa0000 - 0x00007fff66cb1000 	C:\Windows\SYSTEM32\combase.dll
0x00007fff66cc0000 - 0x00007fff66e0f000 	C:\Windows\system32\GDI32.dll
0x00007fff65f00000 - 0x00007fff65f15000 	C:\Windows\SYSTEM32\profapi.dll
0x00007fff64270000 - 0x00007fff64322000 	C:\Windows\SYSTEM32\SHCORE.dll
0x00007fff66a00000 - 0x00007fff66a36000 	C:\Windows\system32\IMM32.DLL
0x00007fff67370000 - 0x00007fff674c2000 	C:\Windows\system32\MSCTF.dll
0x00007fff63910000 - 0x00007fff63b8a000 	C:\Windows\WinSxS\amd64_microsoft.windows.common-controls_6595b64144ccf1df_6.0.9600.17810_none_6240b9c7ecbd0bda\COMCTL32.dll
0x0000000074220000 - 0x00000000742f2000 	C:\Program Files\Java\jdk1.8.0_40\jre\bin\msvcr100.dll
0x00000000730f0000 - 0x0000000073973000 	C:\Program Files\Java\jdk1.8.0_40\jre\bin\server\jvm.dll
0x00007fff5fb20000 - 0x00007fff5fb29000 	C:\Windows\SYSTEM32\WSOCK32.dll
0x00007fff602f0000 - 0x00007fff60312000 	C:\Windows\SYSTEM32\WINMM.dll
0x00007fff605b0000 - 0x00007fff605ba000 	C:\Windows\SYSTEM32\VERSION.dll
0x00007fff66fb0000 - 0x00007fff66fb7000 	C:\Windows\system32\PSAPI.DLL
0x00007fff66980000 - 0x00007fff669da000 	C:\Windows\system32\WS2_32.dll
0x00007fff602c0000 - 0x00007fff602ea000 	C:\Windows\SYSTEM32\WINMMBASE.dll
0x00007fff68da0000 - 0x00007fff68da9000 	C:\Windows\system32\NSI.dll
0x00007fff660f0000 - 0x00007fff6613f000 	C:\Windows\SYSTEM32\cfgmgr32.dll
0x00007fff64cf0000 - 0x00007fff64d18000 	C:\Windows\SYSTEM32\DEVOBJ.dll
0x0000000074210000 - 0x000000007421f000 	C:\Program Files\Java\jdk1.8.0_40\jre\bin\verify.dll
0x00000000741e0000 - 0x0000000074209000 	C:\Program Files\Java\jdk1.8.0_40\jre\bin\java.dll
0x00000000730d0000 - 0x00000000730e6000 	C:\Program Files\Java\jdk1.8.0_40\jre\bin\zip.dll
0x00007fff51590000 - 0x00007fff51719000 	C:\Windows\SYSTEM32\dbghelp.dll

VM Arguments:
jvm_args: -Djava.awt.headless=true -Xmx1024M -Dfile.encoding=windows-1252 -Duser.country=US -Duser.language=en -Duser.variant 
java_command: com.android.dx.command.Main --dex --force-jumbo --num-threads=4 --multi-dex --output C:\Users\Owner\AndroidStudioProjects\TawatTrip\app\build\intermediates\transforms\dex\debug\folders\1000\10\com.android.support-support-v4-24.0.0_9bed427108cff3d805c722dccab24ef748dc465a C:\Users\Owner\AndroidStudioProjects\TawatTrip\app\build\intermediates\exploded-aar\com.android.support\support-v4\24.0.0\jars\classes.jar
java_class_path (initial): C:\Users\Owner\AppData\Local\Android\sdk\build-tools\23.0.1\lib\dx.jar
Launcher Type: SUN_STANDARD

Environment Variables:
JAVA_HOME=C:\Program Files\Java\jdk1.8.0_40
PATH=C:\MinGW\bin;C:\Program Files\Java\jdk1.7.0_79\bin;C:\ProgramData\Oracle\Java\javapath;C:\Program Files (x86)\Intel\iCLS Client\;C:\Program Files\Intel\iCLS Client\;C:\Windows\system32;C:\Windows;C:\Windows\System32\Wbem;C:\Windows\System32\WindowsPowerShell\v1.0\;C:\Program Files\Hewlett-Packard\SimplePass\;C:\Program Files\Intel\Intel(R) Management Engine Components\DAL;C:\Program Files\Intel\Intel(R) Management Engine Components\IPT;C:\Program Files (x86)\Intel\Intel(R) Management Engine Components\DAL;C:\Program Files (x86)\Intel\Intel(R) Management Engine Components\IPT;C:\Program Files (x86)\Windows Live\Shared;C:\Program Files\Microsoft SQL Server\110\Tools\Binn\;C:\Users\Owner\Downloads\apache-ant-1.9.4\bin;C:\Program Files\MATLAB\R2013b\runtime\win64;C:\Program Files\MATLAB\R2013b\bin;C:\Python27\;C:\Users\Owner\Downloads\android-ndk-r11c\;C:\Users\Owner\AppData\Local\Android\sdk\tools\;C:\Users\Owner\AppData\Local\Android\sdk\platform-tools\;C:\Program Files (x86)\Skype\Phone\;C:\Program Files\nodejs\;C:\Program Files\Git\cmd;C:\MinGW\bin;C:\Program Files\Java\jdk1.7.0_79\bin;C:\ProgramData\chocolatey\bin;C:\Users\Owner\AppData\Local\atom\bin;C:\Python27\;C:\Users\Owner\Downloads\android-ndk-r11c\;C:\Users\Owner\AppData\Local\Android\sdk\tools\;C:\Users\Owner\AppData\Local\Android\sdk\platform-tools;C:\Users\Owner\AppData\Roaming\npm
USERNAME=Owner
OS=Windows_NT
PROCESSOR_IDENTIFIER=Intel64 Family 6 Model 69 Stepping 1, GenuineIntel



---------------  S Y S T E M  ---------------

OS: Windows 8.1 , 64 bit Build 9600 (6.3.9600.17415)

CPU:total 4 (2 cores per cpu, 2 threads per core) family 6 model 69 stepping 1, cmov, cx8, fxsr, mmx, sse, sse2, sse3, ssse3, sse4.1, sse4.2, popcnt, avx, avx2, aes, clmul, erms, lzcnt, ht, tsc, tscinvbit, bmi1, bmi2

Memory: 4k page, physical 8317080k(639088k free), swap 11462808k(10512k free)

vm_info: Java HotSpot(TM) 64-Bit Server VM (25.40-b25) for windows-amd64 JRE (1.8.0_40-b26), built on Mar  7 2015 13:51:59 by "java_re" with MS VC++ 10.0 (VS2010)

time: Wed Oct 25 07:07:55 2017
elapsed time: 17 seconds (0d 0h 0m 17s)

