#
# There is insufficient memory for the Java Runtime Environment to continue.
# Native memory allocation (malloc) failed to allocate 617856 bytes for Chunk::new
# Possible reasons:
#   The system is out of physical RAM or swap space
#   In 32 bit mode, the process size limit was hit
# Possible solutions:
#   Reduce memory load on the system
#   Increase physical memory or swap space
#   Check if swap backing store is full
#   Use 64 bit Java on a 64 bit OS
#   Decrease Java heap size (-Xmx/-Xms)
#   Decrease number of Java threads
#   Decrease Java thread stack sizes (-Xss)
#   Set larger code cache with -XX:ReservedCodeCacheSize=
# This output file may be truncated or incomplete.
#
#  Out of Memory Error (allocation.cpp:390), pid=11104, tid=13392
#
# JRE version: Java(TM) SE Runtime Environment (8.0_40-b26) (build 1.8.0_40-b26)
# Java VM: Java HotSpot(TM) 64-Bit Server VM (25.40-b25 mixed mode windows-amd64 compressed oops)
# Failed to write core dump. Minidumps are not enabled by default on client versions of Windows
#

---------------  T H R E A D  ---------------

Current thread (0x0000000014570800):  JavaThread "C2 CompilerThread1" daemon [_thread_in_native, id=13392, stack(0x0000000015bd0000,0x0000000015cd0000)]

Stack: [0x0000000015bd0000,0x0000000015cd0000]
Native frames: (J=compiled Java code, j=interpreted, Vv=VM code, C=native code)
V  [jvm.dll+0x32b47a]
V  [jvm.dll+0x2797f3]
V  [jvm.dll+0x27a489]
V  [jvm.dll+0x2717a5]
V  [jvm.dll+0xcb9a2]
V  [jvm.dll+0xcbe6c]
V  [jvm.dll+0x476ea2]
V  [jvm.dll+0x4b950f]
V  [jvm.dll+0x46bc14]
V  [jvm.dll+0x46ccbe]
V  [jvm.dll+0x4500d2]
V  [jvm.dll+0xa4312]
V  [jvm.dll+0xa4c4f]
V  [jvm.dll+0x241914]
V  [jvm.dll+0x29848a]
C  [msvcr100.dll+0x21d9f]
C  [msvcr100.dll+0x21e3b]
C  [KERNEL32.DLL+0x13d2]
C  [ntdll.dll+0x154e4]


Current CompileTask:
C2:   1301 1213       4       com.android.dx.ssa.SCCP::simulateStmt (481 bytes)


---------------  P R O C E S S  ---------------

Java Threads: ( => current thread )
  0x0000000016037000 JavaThread "pool-2-thread-4" [_thread_blocked, id=9536, stack(0x00000000167d0000,0x00000000168d0000)]
  0x0000000016036800 JavaThread "pool-2-thread-3" [_thread_blocked, id=11176, stack(0x00000000166d0000,0x00000000167d0000)]
  0x0000000016034000 JavaThread "pool-2-thread-2" [_thread_blocked, id=11712, stack(0x00000000165d0000,0x00000000166d0000)]
  0x0000000016025800 JavaThread "pool-3-thread-1" [_thread_blocked, id=1484, stack(0x00000000164d0000,0x00000000165d0000)]
  0x0000000016028800 JavaThread "pool-2-thread-1" [_thread_blocked, id=6264, stack(0x00000000163d0000,0x00000000164d0000)]
  0x0000000015dfe000 JavaThread "Service Thread" daemon [_thread_blocked, id=2424, stack(0x00000000161d0000,0x00000000162d0000)]
  0x0000000014574800 JavaThread "C1 CompilerThread2" daemon [_thread_blocked, id=12784, stack(0x0000000015cd0000,0x0000000015dd0000)]
=>0x0000000014570800 JavaThread "C2 CompilerThread1" daemon [_thread_in_native, id=13392, stack(0x0000000015bd0000,0x0000000015cd0000)]
  0x000000001456d800 JavaThread "C2 CompilerThread0" daemon [_thread_in_native, id=9300, stack(0x0000000015ad0000,0x0000000015bd0000)]
  0x000000001456b800 JavaThread "Attach Listener" daemon [_thread_blocked, id=12092, stack(0x00000000159d0000,0x0000000015ad0000)]
  0x000000001456a800 JavaThread "Signal Dispatcher" daemon [_thread_blocked, id=5980, stack(0x00000000158d0000,0x00000000159d0000)]
  0x0000000001e66800 JavaThread "Finalizer" daemon [_thread_blocked, id=8788, stack(0x00000000157d0000,0x00000000158d0000)]
  0x0000000001e5e000 JavaThread "Reference Handler" daemon [_thread_blocked, id=5596, stack(0x00000000156d0000,0x00000000157d0000)]
  0x000000000062d800 JavaThread "main" [_thread_blocked, id=9452, stack(0x0000000001bf0000,0x0000000001cf0000)]

Other Threads:
  0x0000000014537800 VMThread [stack: 0x00000000155d0000,0x00000000156d0000] [id=11020]
  0x0000000015dff800 WatcherThread [stack: 0x00000000162d0000,0x00000000163d0000] [id=14860]

VM state:at safepoint (normal execution)

VM Mutex/Monitor currently owned by a thread:  ([mutex/lock_event])
[0x000000000062cce0] Threads_lock - owner thread: 0x0000000014537800
[0x000000000062c560] Heap_lock - owner thread: 0x0000000016037000

Heap:
 PSYoungGen      total 38400K, used 33280K [0x00000000eab00000, 0x00000000ed580000, 0x0000000100000000)
  eden space 33280K, 100% used [0x00000000eab00000,0x00000000ecb80000,0x00000000ecb80000)
  from space 5120K, 0% used [0x00000000ed080000,0x00000000ed080000,0x00000000ed580000)
  to   space 5120K, 83% used [0x00000000ecb80000,0x00000000ecfb2ac8,0x00000000ed080000)
 ParOldGen       total 87552K, used 16K [0x00000000c0000000, 0x00000000c5580000, 0x00000000eab00000)
  object space 87552K, 0% used [0x00000000c0000000,0x00000000c0004000,0x00000000c5580000)
 Metaspace       used 5837K, capacity 6960K, committed 7040K, reserved 1056768K
  class space    used 577K, capacity 616K, committed 640K, reserved 1048576K

Card table byte_map: [0x00000000113c0000,0x00000000115d0000] byte_map_base: 0x0000000010dc0000

Marking Bits: (ParMarkBitMap*) 0x00000000738f4040
 Begin Bits: [0x00000000119d0000, 0x00000000129d0000)
 End Bits:   [0x00000000129d0000, 0x00000000139d0000)

Polling page: 0x0000000000610000

CodeCache: size=245760Kb used=5038Kb max_used=5038Kb free=240721Kb
 bounds [0x0000000002000000, 0x00000000024f0000, 0x0000000011000000]
 total_blobs=1530 nmethods=1262 adapters=181
 compilation: enabled

Compilation events (10 events):
Event: 1.268 Thread 0x0000000014574800 1263       1       com.android.dx.command.dexer.Main$Arguments::access$1900 (5 bytes)
Event: 1.268 Thread 0x0000000014574800 nmethod 1263 0x00000000024ed790 code [0x00000000024ed8e0, 0x00000000024ed9d0]
Event: 1.270 Thread 0x0000000014574800 1264       3       com.android.dx.ssa.back.SsaToRop::moveParametersToHighRegisters (88 bytes)
Event: 1.270 Thread 0x0000000014574800 nmethod 1264 0x00000000024eda50 code [0x00000000024edc20, 0x00000000024ee4f8]
Event: 1.273 Thread 0x0000000014574800 1266       3       com.android.dx.ssa.SsaMethod$1::visitPhiInsn (17 bytes)
Event: 1.273 Thread 0x0000000014574800 nmethod 1266 0x00000000024ee850 code [0x00000000024ee9c0, 0x00000000024eedb0]
Event: 1.274 Thread 0x0000000014574800 1267       1       com.android.dx.cf.attrib.InnerClassList$Item::getOuterClass (5 bytes)
Event: 1.274 Thread 0x0000000014574800 nmethod 1267 0x00000000024eef50 code [0x00000000024ef0a0, 0x00000000024ef1b0]
Event: 1.274 Thread 0x0000000014574800 1268       1       com.android.dx.cf.attrib.InnerClassList$Item::getInnerClass (5 bytes)
Event: 1.275 Thread 0x0000000014574800 nmethod 1268 0x00000000024ef210 code [0x00000000024ef360, 0x00000000024ef470]

GC Heap History (0 events):
No events

Deoptimization events (5 events):
Event: 0.741 Thread 0x0000000016028800 Uncommon trap: reason=unstable_if action=reinterpret pc=0x00000000021f9780 method=java.util.HashMap.getNode(ILjava/lang/Object;)Ljava/util/HashMap$Node; @ 129
Event: 0.814 Thread 0x0000000016028800 Uncommon trap: reason=class_check action=maybe_recompile pc=0x000000000224f85c method=com.android.dx.ssa.NormalSsaInsn.accept(Lcom/android/dx/ssa/SsaInsn$Visitor;)V @ 9
Event: 0.904 Thread 0x0000000016034000 Uncommon trap: reason=class_check action=maybe_recompile pc=0x000000000224f85c method=com.android.dx.ssa.NormalSsaInsn.accept(Lcom/android/dx/ssa/SsaInsn$Visitor;)V @ 9
Event: 1.010 Thread 0x0000000016034000 Uncommon trap: reason=class_check action=maybe_recompile pc=0x000000000224f85c method=com.android.dx.ssa.NormalSsaInsn.accept(Lcom/android/dx/ssa/SsaInsn$Visitor;)V @ 9
Event: 1.010 Thread 0x0000000016034000 Uncommon trap: reason=class_check action=maybe_recompile pc=0x000000000224f85c method=com.android.dx.ssa.NormalSsaInsn.accept(Lcom/android/dx/ssa/SsaInsn$Visitor;)V @ 9

Internal exceptions (2 events):
Event: 0.085 Thread 0x000000000062d800 Exception <a 'java/lang/NoSuchMethodError': Method sun.misc.Unsafe.defineClass(Ljava/lang/String;[BII)Ljava/lang/Class; name or signature does not match> (0x00000000eab0db08) thrown at [D:\re\workspace\8-2-build-windows-amd64-cygwin\jdk8u40\3098\hotspot\srœn$ÆΩµ?
Event: 0.085 Thread 0x000000000062d800 Exception <a 'java/lang/NoSuchMethodError': Method sun.misc.Unsafe.prefetchRead(Ljava/lang/Object;J)V name or signature does not match> (0x00000000eab0dd98) thrown at [D:\re\workspace\8-2-build-windows-amd64-cygwin\jdk8u40\3098\hotspot\src\share\vm\prims\j

Events (10 events):
Event: 1.010 Thread 0x0000000016034000 Uncommon trap: trap_request=0xffffffde fr.pc=0x000000000224f85c
Event: 1.010 Thread 0x0000000016034000 DEOPT PACKING pc=0x000000000224f85c sp=0x00000000166ce6c0
Event: 1.010 Thread 0x0000000016034000 DEOPT UNPACKING pc=0x000000000204582a sp=0x00000000166ce680 mode 2
Event: 1.024 loading class com/android/dx/cf/attrib/AttConstantValue
Event: 1.024 loading class com/android/dx/cf/attrib/AttConstantValue done
Event: 1.209 Thread 0x000000000062d800 DEOPT PACKING pc=0x00000000022d81f5 sp=0x0000000001cee2e0
Event: 1.209 Thread 0x000000000062d800 DEOPT UNPACKING pc=0x000000000204787f sp=0x0000000001cee048 mode 0
Event: 1.263 Thread 0x0000000016037000 DEOPT PACKING pc=0x0000000002399aad sp=0x00000000168cebb0
Event: 1.263 Thread 0x0000000016037000 DEOPT UNPACKING pc=0x000000000204787f sp=0x00000000168ce948 mode 0
Event: 1.276 Executing VM operation: ParallelGCFailedAllocation


Dynamic libraries:
0x00007ff7ca0c0000 - 0x00007ff7ca0f7000 	C:\Program Files\Java\jdk1.8.0_40\bin\java.exe
0x00007fff68db0000 - 0x00007fff68f5d000 	C:\Windows\SYSTEM32\ntdll.dll
0x00007fff66540000 - 0x00007fff6667e000 	C:\Windows\system32\KERNEL32.DLL
0x00007fff65fd0000 - 0x00007fff660e5000 	C:\Windows\system32\KERNELBASE.dll
0x00007fff64a60000 - 0x00007fff64aee000 	C:\Windows\system32\apphelp.dll
0x00007fff49550000 - 0x00007fff495a3000 	C:\Windows\AppPatch\AppPatch64\AcGenral.DLL
0x00007fff66490000 - 0x00007fff6653a000 	C:\Windows\system32\msvcrt.dll
0x00007fff65d30000 - 0x00007fff65d5e000 	C:\Windows\SYSTEM32\SspiCli.dll
0x00007fff67300000 - 0x00007fff67354000 	C:\Windows\system32\SHLWAPI.dll
0x00007fff66680000 - 0x00007fff667f7000 	C:\Windows\system32\USER32.dll
0x00007fff66e10000 - 0x00007fff66fa4000 	C:\Windows\system32\ole32.dll
0x00007fff676b0000 - 0x00007fff68bda000 	C:\Windows\system32\SHELL32.dll
0x00007fff65460000 - 0x00007fff65481000 	C:\Windows\SYSTEM32\USERENV.dll
0x00007fff67180000 - 0x00007fff6722a000 	C:\Windows\system32\ADVAPI32.dll
0x00007fff50ac0000 - 0x00007fff50ade000 	C:\Windows\SYSTEM32\MPR.dll
0x00007fff66fc0000 - 0x00007fff67101000 	C:\Windows\system32\RPCRT4.dll
0x00007fff66430000 - 0x00007fff66489000 	C:\Windows\SYSTEM32\sechost.dll
0x00007fff66aa0000 - 0x00007fff66cb1000 	C:\Windows\SYSTEM32\combase.dll
0x00007fff66cc0000 - 0x00007fff66e0f000 	C:\Windows\system32\GDI32.dll
0x00007fff65f00000 - 0x00007fff65f15000 	C:\Windows\SYSTEM32\profapi.dll
0x00007fff64270000 - 0x00007fff64322000 	C:\Windows\SYSTEM32\SHCORE.dll
0x00007fff66a00000 - 0x00007fff66a36000 	C:\Windows\system32\IMM32.DLL
0x00007fff67370000 - 0x00007fff674c2000 	C:\Windows\system32\MSCTF.dll
0x00007fff63910000 - 0x00007fff63b8a000 	C:\Windows\WinSxS\amd64_microsoft.windows.common-controls_6595b64144ccf1df_6.0.9600.17810_none_6240b9c7ecbd0bda\COMCTL32.dll
0x0000000074220000 - 0x00000000742f2000 	C:\Program Files\Java\jdk1.8.0_40\jre\bin\msvcr100.dll
0x00000000730f0000 - 0x0000000073973000 	C:\Program Files\Java\jdk1.8.0_40\jre\bin\server\jvm.dll
0x00007fff5fb20000 - 0x00007fff5fb29000 	C:\Windows\SYSTEM32\WSOCK32.dll
0x00007fff602f0000 - 0x00007fff60312000 	C:\Windows\SYSTEM32\WINMM.dll
0x00007fff605b0000 - 0x00007fff605ba000 	C:\Windows\SYSTEM32\VERSION.dll
0x00007fff66fb0000 - 0x00007fff66fb7000 	C:\Windows\system32\PSAPI.DLL
0x00007fff66980000 - 0x00007fff669da000 	C:\Windows\system32\WS2_32.dll
0x00007fff602c0000 - 0x00007fff602ea000 	C:\Windows\SYSTEM32\WINMMBASE.dll
0x00007fff68da0000 - 0x00007fff68da9000 	C:\Windows\system32\NSI.dll
0x00007fff660f0000 - 0x00007fff6613f000 	C:\Windows\SYSTEM32\cfgmgr32.dll
0x00007fff64cf0000 - 0x00007fff64d18000 	C:\Windows\SYSTEM32\DEVOBJ.dll
0x0000000074210000 - 0x000000007421f000 	C:\Program Files\Java\jdk1.8.0_40\jre\bin\verify.dll
0x00000000741e0000 - 0x0000000074209000 	C:\Program Files\Java\jdk1.8.0_40\jre\bin\java.dll
0x00000000730d0000 - 0x00000000730e6000 	C:\Program Files\Java\jdk1.8.0_40\jre\bin\zip.dll
0x00007fff51590000 - 0x00007fff51719000 	C:\Windows\SYSTEM32\dbghelp.dll

VM Arguments:
jvm_args: -Djava.awt.headless=true -Xmx1024M -Dfile.encoding=windows-1252 -Duser.country=US -Duser.language=en -Duser.variant 
java_command: com.android.dx.command.Main --dex --force-jumbo --num-threads=4 --multi-dex --output C:\Users\Owner\AndroidStudioProjects\TawatTrip\app\build\intermediates\transforms\dex\debug\folders\1000\10\com.google.firebase-firebase-database-connection-10.2.1_ceed71dd3ec14c58d6a0e037c4f1357575d34633 C:\Users\Owner\AndroidStudioProjects\TawatTrip\app\build\intermediates\exploded-aar\com.google.firebase\firebase-database-connection\10.2.1\jars\classes.jar
java_class_path (initial): C:\Users\Owner\AppData\Local\Android\sdk\build-tools\23.0.1\lib\dx.jar
Launcher Type: SUN_STANDARD

Environment Variables:
JAVA_HOME=C:\Program Files\Java\jdk1.8.0_40
PATH=C:\MinGW\bin;C:\Program Files\Java\jdk1.7.0_79\bin;C:\ProgramData\Oracle\Java\javapath;C:\Program Files (x86)\Intel\iCLS Client\;C:\Program Files\Intel\iCLS Client\;C:\Windows\system32;C:\Windows;C:\Windows\System32\Wbem;C:\Windows\System32\WindowsPowerShell\v1.0\;C:\Program Files\Hewlett-Packard\SimplePass\;C:\Program Files\Intel\Intel(R) Management Engine Components\DAL;C:\Program Files\Intel\Intel(R) Management Engine Components\IPT;C:\Program Files (x86)\Intel\Intel(R) Management Engine Components\DAL;C:\Program Files (x86)\Intel\Intel(R) Management Engine Components\IPT;C:\Program Files (x86)\Windows Live\Shared;C:\Program Files\Microsoft SQL Server\110\Tools\Binn\;C:\Users\Owner\Downloads\apache-ant-1.9.4\bin;C:\Program Files\MATLAB\R2013b\runtime\win64;C:\Program Files\MATLAB\R2013b\bin;C:\Python27\;C:\Users\Owner\Downloads\android-ndk-r11c\;C:\Users\Owner\AppData\Local\Android\sdk\tools\;C:\Users\Owner\AppData\Local\Android\sdk\platform-tools\;C:\Program Files (x86)\Skype\Phone\;C:\Program Files\nodejs\;C:\Program Files\Git\cmd;C:\MinGW\bin;C:\Program Files\Java\jdk1.7.0_79\bin;C:\ProgramData\chocolatey\bin;C:\Users\Owner\AppData\Local\atom\bin;C:\Python27\;C:\Users\Owner\Downloads\android-ndk-r11c\;C:\Users\Owner\AppData\Local\Android\sdk\tools\;C:\Users\Owner\AppData\Local\Android\sdk\platform-tools;C:\Users\Owner\AppData\Roaming\npm
USERNAME=Owner
OS=Windows_NT
PROCESSOR_IDENTIFIER=Intel64 Family 6 Model 69 Stepping 1, GenuineIntel



---------------  S Y S T E M  ---------------

OS: Windows 8.1 , 64 bit Build 9600 (6.3.9600.17415)

CPU:total 4 (2 cores per cpu, 2 threads per core) family 6 model 69 stepping 1, cmov, cx8, fxsr, mmx, sse, sse2, sse3, ssse3, sse4.1, sse4.2, popcnt, avx, avx2, aes, clmul, erms, lzcnt, ht, tsc, tscinvbit, bmi1, bmi2

Memory: 4k page, physical 8317080k(481056k free), swap 11462808k(5196k free)

vm_info: Java HotSpot(TM) 64-Bit Server VM (25.40-b25) for windows-amd64 JRE (1.8.0_40-b26), built on Mar  7 2015 13:51:59 by "java_re" with MS VC++ 10.0 (VS2010)

time: Tue Oct 24 23:38:12 2017
elapsed time: 1 seconds (0d 0h 0m 1s)

