#
# There is insufficient memory for the Java Runtime Environment to continue.
# Native memory allocation (malloc) failed to allocate 231072 bytes for Chunk::new
# Possible reasons:
#   The system is out of physical RAM or swap space
#   In 32 bit mode, the process size limit was hit
# Possible solutions:
#   Reduce memory load on the system
#   Increase physical memory or swap space
#   Check if swap backing store is full
#   Use 64 bit Java on a 64 bit OS
#   Decrease Java heap size (-Xmx/-Xms)
#   Decrease number of Java threads
#   Decrease Java thread stack sizes (-Xss)
#   Set larger code cache with -XX:ReservedCodeCacheSize=
# This output file may be truncated or incomplete.
#
#  Out of Memory Error (allocation.cpp:390), pid=676, tid=11904
#
# JRE version: Java(TM) SE Runtime Environment (8.0_40-b26) (build 1.8.0_40-b26)
# Java VM: Java HotSpot(TM) 64-Bit Server VM (25.40-b25 mixed mode windows-amd64 compressed oops)
# Failed to write core dump. Minidumps are not enabled by default on client versions of Windows
#

---------------  T H R E A D  ---------------

Current thread (0x000000001b6cd800):  JavaThread "C2 CompilerThread0" daemon [_thread_in_native, id=11904, stack(0x000000001cc50000,0x000000001cd50000)]

Stack: [0x000000001cc50000,0x000000001cd50000]
Native frames: (J=compiled Java code, j=interpreted, Vv=VM code, C=native code)
V  [jvm.dll+0x32b47a]


Current CompileTask:
C2:   6833 1862       4       com.android.dx.ssa.SsaMethod::forEachBlockDepthFirst (194 bytes)


---------------  P R O C E S S  ---------------

Java Threads: ( => current thread )
  0x000000001d1c2000 JavaThread "pool-1-thread-1" [_thread_blocked, id=12612, stack(0x000000001d550000,0x000000001d650000)]
  0x000000001cf56000 JavaThread "Service Thread" daemon [_thread_blocked, id=3796, stack(0x000000001d350000,0x000000001d450000)]
  0x000000001b729800 JavaThread "C1 CompilerThread2" daemon [_thread_blocked, id=11536, stack(0x000000001ce50000,0x000000001cf50000)]
  0x000000001b726800 JavaThread "C2 CompilerThread1" daemon [_thread_in_native, id=376, stack(0x000000001cd50000,0x000000001ce50000)]
=>0x000000001b6cd800 JavaThread "C2 CompilerThread0" daemon [_thread_in_native, id=11904, stack(0x000000001cc50000,0x000000001cd50000)]
  0x000000001b6cb800 JavaThread "Attach Listener" daemon [_thread_blocked, id=13640, stack(0x000000001cb50000,0x000000001cc50000)]
  0x000000001b6ca800 JavaThread "Signal Dispatcher" daemon [_thread_blocked, id=10316, stack(0x000000001ca50000,0x000000001cb50000)]
  0x0000000001e16800 JavaThread "Finalizer" daemon [_thread_blocked, id=7596, stack(0x000000001c950000,0x000000001ca50000)]
  0x0000000001e0e000 JavaThread "Reference Handler" daemon [_thread_blocked, id=15348, stack(0x000000001c850000,0x000000001c950000)]
  0x0000000001f0d800 JavaThread "main" [_thread_blocked, id=6348, stack(0x0000000001b60000,0x0000000001c60000)]

Other Threads:
  0x000000001b697800 VMThread [stack: 0x000000001c750000,0x000000001c850000] [id=14320]
  0x000000001cf57000 WatcherThread [stack: 0x000000001d450000,0x000000001d550000] [id=14984]

VM state:not at safepoint (normal execution)

VM Mutex/Monitor currently owned by a thread: None

Heap:
 PSYoungGen      total 71680K, used 15491K [0x000000076ab00000, 0x0000000773700000, 0x00000007c0000000)
  eden space 66560K, 15% used [0x000000076ab00000,0x000000076b525178,0x000000076ec00000)
  from space 5120K, 99% used [0x000000076ec00000,0x000000076f0fbdf8,0x000000076f100000)
  to   space 5120K, 0% used [0x0000000773200000,0x0000000773200000,0x0000000773700000)
 ParOldGen       total 87552K, used 16192K [0x00000006c0000000, 0x00000006c5580000, 0x000000076ab00000)
  object space 87552K, 18% used [0x00000006c0000000,0x00000006c0fd0180,0x00000006c5580000)
 Metaspace       used 6171K, capacity 7152K, committed 7296K, reserved 1056768K
  class space    used 591K, capacity 616K, committed 640K, reserved 1048576K

Card table byte_map: [0x00000000113c0000,0x0000000011bd0000] byte_map_base: 0x000000000ddc0000

Marking Bits: (ParMarkBitMap*) 0x00000000738f4040
 Begin Bits: [0x0000000012530000, 0x0000000016530000)
 End Bits:   [0x0000000016530000, 0x000000001a530000)

Polling page: 0x0000000001c60000

CodeCache: size=245760Kb used=7899Kb max_used=7899Kb free=237860Kb
 bounds [0x0000000002000000, 0x00000000027d0000, 0x0000000011000000]
 total_blobs=2053 nmethods=1784 adapters=182
 compilation: enabled

Compilation events (10 events):
Event: 6.766 Thread 0x000000001b729800 1889       1       com.android.dx.dex.file.DexFile::getTypeLists (5 bytes)
Event: 6.766 Thread 0x000000001b729800 nmethod 1889 0x00000000027acd10 code [0x00000000027ace60, 0x00000000027acf70]
Event: 6.766 Thread 0x000000001b729800 1890       1       com.android.dx.dex.file.DexFile::getClassData (5 bytes)
Event: 6.766 Thread 0x000000001b729800 nmethod 1890 0x00000000027aca50 code [0x00000000027acba0, 0x00000000027accb0]
Event: 6.766 Thread 0x000000001b729800 1892       2       com.android.dx.dex.file.EncodedMethod::compareTo (9 bytes)
Event: 6.766 Thread 0x000000001b729800 nmethod 1892 0x00000000027ac5d0 code [0x00000000027ac740, 0x00000000027ac908]
Event: 6.812 Thread 0x000000001b729800 1893       2       com.android.dx.dex.file.EncodedMethod::addContents (35 bytes)
Event: 6.812 Thread 0x000000001b729800 nmethod 1893 0x00000000027ac150 code [0x00000000027ac2c0, 0x00000000027ac498]
Event: 6.813 Thread 0x000000001b729800 1894       2       com.android.dx.dex.file.EncodedField::compareTo (9 bytes)
Event: 6.814 Thread 0x000000001b729800 nmethod 1894 0x00000000027abcd0 code [0x00000000027abe40, 0x00000000027ac008]

GC Heap History (6 events):
Event: 2.352 GC heap before
{Heap before GC invocations=1 (full 0):
 PSYoungGen      total 38400K, used 33280K [0x000000076ab00000, 0x000000076d580000, 0x00000007c0000000)
  eden space 33280K, 100% used [0x000000076ab00000,0x000000076cb80000,0x000000076cb80000)
  from space 5120K, 0% used [0x000000076d080000,0x000000076d080000,0x000000076d580000)
  to   space 5120K, 0% used [0x000000076cb80000,0x000000076cb80000,0x000000076d080000)
 ParOldGen       total 87552K, used 0K [0x00000006c0000000, 0x00000006c5580000, 0x000000076ab00000)
  object space 87552K, 0% used [0x00000006c0000000,0x00000006c0000000,0x00000006c5580000)
 Metaspace       used 5907K, capacity 6960K, committed 7040K, reserved 1056768K
  class space    used 584K, capacity 616K, committed 640K, reserved 1048576K
Event: 2.423 GC heap after
Heap after GC invocations=1 (full 0):
 PSYoungGen      total 38400K, used 5114K [0x000000076ab00000, 0x000000076f600000, 0x00000007c0000000)
  eden space 33280K, 0% used [0x000000076ab00000,0x000000076ab00000,0x000000076cb80000)
  from space 5120K, 99% used [0x000000076cb80000,0x000000076d07eaa8,0x000000076d080000)
  to   space 5120K, 0% used [0x000000076f100000,0x000000076f100000,0x000000076f600000)
 ParOldGen       total 87552K, used 1597K [0x00000006c0000000, 0x00000006c5580000, 0x000000076ab00000)
  object space 87552K, 1% used [0x00000006c0000000,0x00000006c018f6a8,0x00000006c5580000)
 Metaspace       used 5907K, capacity 6960K, committed 7040K, reserved 1056768K
  class space    used 584K, capacity 616K, committed 640K, reserved 1048576K
}
Event: 3.042 GC heap before
{Heap before GC invocations=2 (full 0):
 PSYoungGen      total 38400K, used 38394K [0x000000076ab00000, 0x000000076f600000, 0x00000007c0000000)
  eden space 33280K, 100% used [0x000000076ab00000,0x000000076cb80000,0x000000076cb80000)
  from space 5120K, 99% used [0x000000076cb80000,0x000000076d07eaa8,0x000000076d080000)
  to   space 5120K, 0% used [0x000000076f100000,0x000000076f100000,0x000000076f600000)
 ParOldGen       total 87552K, used 1597K [0x00000006c0000000, 0x00000006c5580000, 0x000000076ab00000)
  object space 87552K, 1% used [0x00000006c0000000,0x00000006c018f6a8,0x00000006c5580000)
 Metaspace       used 6048K, capacity 7088K, committed 7296K, reserved 1056768K
  class space    used 584K, capacity 616K, committed 640K, reserved 1048576K
Event: 3.116 GC heap after
Heap after GC invocations=2 (full 0):
 PSYoungGen      total 71680K, used 5095K [0x000000076ab00000, 0x000000076f600000, 0x00000007c0000000)
  eden space 66560K, 0% used [0x000000076ab00000,0x000000076ab00000,0x000000076ec00000)
  from space 5120K, 99% used [0x000000076f100000,0x000000076f5f9c98,0x000000076f600000)
  to   space 5120K, 0% used [0x000000076ec00000,0x000000076ec00000,0x000000076f100000)
 ParOldGen       total 87552K, used 6279K [0x00000006c0000000, 0x00000006c5580000, 0x000000076ab00000)
  object space 87552K, 7% used [0x00000006c0000000,0x00000006c0621ce0,0x00000006c5580000)
 Metaspace       used 6048K, capacity 7088K, committed 7296K, reserved 1056768K
  class space    used 584K, capacity 616K, committed 640K, reserved 1048576K
}
Event: 5.522 GC heap before
{Heap before GC invocations=3 (full 0):
 PSYoungGen      total 71680K, used 71655K [0x000000076ab00000, 0x000000076f600000, 0x00000007c0000000)
  eden space 66560K, 100% used [0x000000076ab00000,0x000000076ec00000,0x000000076ec00000)
  from space 5120K, 99% used [0x000000076f100000,0x000000076f5f9c98,0x000000076f600000)
  to   space 5120K, 0% used [0x000000076ec00000,0x000000076ec00000,0x000000076f100000)
 ParOldGen       total 87552K, used 6279K [0x00000006c0000000, 0x00000006c5580000, 0x000000076ab00000)
  object space 87552K, 7% used [0x00000006c0000000,0x00000006c0621ce0,0x00000006c5580000)
 Metaspace       used 6109K, capacity 7152K, committed 7296K, reserved 1056768K
  class space    used 586K, capacity 616K, committed 640K, reserved 1048576K
Event: 5.969 GC heap after
Heap after GC invocations=3 (full 0):
 PSYoungGen      total 71680K, used 5103K [0x000000076ab00000, 0x0000000773700000, 0x00000007c0000000)
  eden space 66560K, 0% used [0x000000076ab00000,0x000000076ab00000,0x000000076ec00000)
  from space 5120K, 99% used [0x000000076ec00000,0x000000076f0fbdf8,0x000000076f100000)
  to   space 5120K, 0% used [0x0000000773200000,0x0000000773200000,0x0000000773700000)
 ParOldGen       total 87552K, used 16192K [0x00000006c0000000, 0x00000006c5580000, 0x000000076ab00000)
  object space 87552K, 18% used [0x00000006c0000000,0x00000006c0fd0180,0x00000006c5580000)
 Metaspace       used 6109K, capacity 7152K, committed 7296K, reserved 1056768K
  class space    used 586K, capacity 616K, committed 640K, reserved 1048576K
}

Deoptimization events (10 events):
Event: 3.390 Thread 0x000000001d1c2000 Uncommon trap: reason=bimorphic action=maybe_recompile pc=0x00000000026c5060 method=com.android.dx.cf.code.BytecodeArray.parseInstruction(ILcom/android/dx/cf/code/BytecodeArray$Visitor;)I @ 955
Event: 5.289 Thread 0x000000001d1be000 Uncommon trap: reason=class_check action=maybe_recompile pc=0x00000000026f14e0 method=com.android.dx.rop.code.RegisterSpec.withSimpleType()Lcom/android/dx/rop/code/RegisterSpec; @ 21
Event: 6.168 Thread 0x000000001d1c3000 Uncommon trap: reason=unstable_if action=reinterpret pc=0x00000000026f244c method=com.android.dx.rop.code.LocalItem.compareHandlesNulls(Lcom/android/dx/rop/cst/CstString;Lcom/android/dx/rop/cst/CstString;)I @ 14
Event: 6.172 Thread 0x000000001d1c3000 Uncommon trap: reason=unstable_if action=reinterpret pc=0x00000000027994f4 method=com.android.dx.rop.code.LocalItem.compareHandlesNulls(Lcom/android/dx/rop/cst/CstString;Lcom/android/dx/rop/cst/CstString;)I @ 14
Event: 6.175 Thread 0x000000001d1c3000 Uncommon trap: reason=unstable_if action=reinterpret pc=0x0000000002759ea8 method=com.android.dx.rop.code.LocalItem.compareHandlesNulls(Lcom/android/dx/rop/cst/CstString;Lcom/android/dx/rop/cst/CstString;)I @ 14
Event: 6.759 Thread 0x000000001d1c2000 Uncommon trap: reason=class_check action=maybe_recompile pc=0x00000000024b7400 method=java.util.Arrays.hashCode([Ljava/lang/Object;)I @ 43
Event: 6.759 Thread 0x000000001d1c2000 Uncommon trap: reason=class_check action=maybe_recompile pc=0x00000000024b7400 method=java.util.Arrays.hashCode([Ljava/lang/Object;)I @ 43
Event: 6.759 Thread 0x000000001d1c2000 Uncommon trap: reason=class_check action=maybe_recompile pc=0x00000000024b7400 method=java.util.Arrays.hashCode([Ljava/lang/Object;)I @ 43
Event: 6.759 Thread 0x000000001d1c2000 Uncommon trap: reason=class_check action=maybe_recompile pc=0x00000000024b7400 method=java.util.Arrays.hashCode([Ljava/lang/Object;)I @ 43
Event: 6.759 Thread 0x000000001d1c2000 Uncommon trap: reason=class_check action=maybe_recompile pc=0x00000000024b63f4 method=java.util.Arrays.hashCode([Ljava/lang/Object;)I @ 43

Internal exceptions (7 events):
Event: 0.174 Thread 0x0000000001f0d800 Exception <a 'java/lang/NoSuchMethodError': Method sun.misc.Unsafe.defineClass(Ljava/lang/String;[BII)Ljava/lang/Class; name or signature does not match> (0x000000076ab0da28) thrown at [D:\re\workspace\8-2-build-windows-amd64-cygwin\jdk8u40\3098\hotspot\srF×l6¦>Æ?
Event: 0.174 Thread 0x0000000001f0d800 Exception <a 'java/lang/NoSuchMethodError': Method sun.misc.Unsafe.prefetchRead(Ljava/lang/Object;J)V name or signature does not match> (0x000000076ab0dcb8) thrown at [D:\re\workspace\8-2-build-windows-amd64-cygwin\jdk8u40\3098\hotspot\src\share\vm\prims\jVHS©N‡@
Event: 2.191 Thread 0x000000001d1c8000 Implicit null exception at 0x00000000023ff6e2 to 0x00000000023ff7dd
Event: 3.127 Thread 0x000000001d1c2000 Implicit null exception at 0x0000000002675040 to 0x000000000267771d
Event: 6.168 Thread 0x000000001d1c3000 Implicit null exception at 0x00000000026efeae to 0x00000000026f23e1
Event: 6.172 Thread 0x000000001d1c3000 Implicit null exception at 0x00000000027985bb to 0x00000000027994cd
Event: 6.175 Thread 0x000000001d1c3000 Implicit null exception at 0x0000000002757a80 to 0x0000000002759e49

Events (10 events):
Event: 6.759 Thread 0x000000001d1c2000 DEOPT PACKING pc=0x00000000024b7400 sp=0x000000001d64e8d0
Event: 6.759 Thread 0x000000001d1c2000 DEOPT UNPACKING pc=0x000000000204582a sp=0x000000001d64e800 mode 2
Event: 6.759 Thread 0x000000001d1c2000 Uncommon trap: trap_request=0xffffffde fr.pc=0x00000000024b7400
Event: 6.759 Thread 0x000000001d1c2000 DEOPT PACKING pc=0x00000000024b7400 sp=0x000000001d64e870
Event: 6.759 Thread 0x000000001d1c2000 DEOPT UNPACKING pc=0x000000000204582a sp=0x000000001d64e7a0 mode 2
Event: 6.759 Thread 0x000000001d1c2000 Uncommon trap: trap_request=0xffffffde fr.pc=0x00000000024b63f4
Event: 6.759 Thread 0x000000001d1c2000 DEOPT PACKING pc=0x00000000024b63f4 sp=0x000000001d64e870
Event: 6.759 Thread 0x000000001d1c2000 DEOPT UNPACKING pc=0x000000000204582a sp=0x000000001d64e7f8 mode 2
Event: 6.760 loading class com/android/dx/rop/cst/Zeroes
Event: 6.760 loading class com/android/dx/rop/cst/Zeroes done


Dynamic libraries:
0x00007ff7ca0c0000 - 0x00007ff7ca0f7000 	C:\Program Files\Java\jdk1.8.0_40\bin\java.exe
0x00007fff68db0000 - 0x00007fff68f5d000 	C:\Windows\SYSTEM32\ntdll.dll
0x00007fff66540000 - 0x00007fff6667e000 	C:\Windows\system32\KERNEL32.DLL
0x00007fff65fd0000 - 0x00007fff660e5000 	C:\Windows\system32\KERNELBASE.dll
0x00007fff64a60000 - 0x00007fff64aee000 	C:\Windows\system32\apphelp.dll
0x00007fff4a4b0000 - 0x00007fff4a503000 	C:\Windows\AppPatch\AppPatch64\AcGenral.DLL
0x00007fff66490000 - 0x00007fff6653a000 	C:\Windows\system32\msvcrt.dll
0x00007fff65d30000 - 0x00007fff65d5e000 	C:\Windows\SYSTEM32\SspiCli.dll
0x00007fff67300000 - 0x00007fff67354000 	C:\Windows\system32\SHLWAPI.dll
0x00007fff66680000 - 0x00007fff667f7000 	C:\Windows\system32\USER32.dll
0x00007fff66e10000 - 0x00007fff66fa4000 	C:\Windows\system32\ole32.dll
0x00007fff676b0000 - 0x00007fff68bda000 	C:\Windows\system32\SHELL32.dll
0x00007fff65460000 - 0x00007fff65481000 	C:\Windows\SYSTEM32\USERENV.dll
0x00007fff67180000 - 0x00007fff6722a000 	C:\Windows\system32\ADVAPI32.dll
0x00007fff50ac0000 - 0x00007fff50ade000 	C:\Windows\SYSTEM32\MPR.dll
0x00007fff66fc0000 - 0x00007fff67101000 	C:\Windows\system32\RPCRT4.dll
0x00007fff66430000 - 0x00007fff66489000 	C:\Windows\SYSTEM32\sechost.dll
0x00007fff66aa0000 - 0x00007fff66cb1000 	C:\Windows\SYSTEM32\combase.dll
0x00007fff66cc0000 - 0x00007fff66e0f000 	C:\Windows\system32\GDI32.dll
0x00007fff65f00000 - 0x00007fff65f15000 	C:\Windows\SYSTEM32\profapi.dll
0x00007fff64270000 - 0x00007fff64322000 	C:\Windows\SYSTEM32\SHCORE.dll
0x00007fff66a00000 - 0x00007fff66a36000 	C:\Windows\system32\IMM32.DLL
0x00007fff67370000 - 0x00007fff674c2000 	C:\Windows\system32\MSCTF.dll
0x00007fff63910000 - 0x00007fff63b8a000 	C:\Windows\WinSxS\amd64_microsoft.windows.common-controls_6595b64144ccf1df_6.0.9600.17810_none_6240b9c7ecbd0bda\COMCTL32.dll
0x0000000074220000 - 0x00000000742f2000 	C:\Program Files\Java\jdk1.8.0_40\jre\bin\msvcr100.dll
0x00000000730f0000 - 0x0000000073973000 	C:\Program Files\Java\jdk1.8.0_40\jre\bin\server\jvm.dll
0x00007fff5fb20000 - 0x00007fff5fb29000 	C:\Windows\SYSTEM32\WSOCK32.dll
0x00007fff602f0000 - 0x00007fff60312000 	C:\Windows\SYSTEM32\WINMM.dll
0x00007fff605b0000 - 0x00007fff605ba000 	C:\Windows\SYSTEM32\VERSION.dll
0x00007fff66fb0000 - 0x00007fff66fb7000 	C:\Windows\system32\PSAPI.DLL
0x00007fff66980000 - 0x00007fff669da000 	C:\Windows\system32\WS2_32.dll
0x00007fff602c0000 - 0x00007fff602ea000 	C:\Windows\SYSTEM32\WINMMBASE.dll
0x00007fff68da0000 - 0x00007fff68da9000 	C:\Windows\system32\NSI.dll
0x00007fff660f0000 - 0x00007fff6613f000 	C:\Windows\SYSTEM32\cfgmgr32.dll
0x00007fff64cf0000 - 0x00007fff64d18000 	C:\Windows\SYSTEM32\DEVOBJ.dll
0x0000000074210000 - 0x000000007421f000 	C:\Program Files\Java\jdk1.8.0_40\jre\bin\verify.dll
0x00000000741e0000 - 0x0000000074209000 	C:\Program Files\Java\jdk1.8.0_40\jre\bin\java.dll
0x00000000730d0000 - 0x00000000730e6000 	C:\Program Files\Java\jdk1.8.0_40\jre\bin\zip.dll
0x00007fff51590000 - 0x00007fff51719000 	C:\Windows\SYSTEM32\dbghelp.dll

VM Arguments:
jvm_args: -Djava.awt.headless=true -Xmx4g -Dfile.encoding=windows-1252 -Duser.country=US -Duser.language=en -Duser.variant 
java_command: com.android.dx.command.Main --dex --force-jumbo --num-threads=4 --multi-dex --output C:\Users\Owner\AndroidStudioProjects\TawatTrip\app\build\intermediates\transforms\dex\debug\folders\1000\10\com.android.support-design-23.4.0_78ab76c15049fc1eef9e728c3e836dbec7e07204 C:\Users\Owner\AndroidStudioProjects\TawatTrip\app\build\intermediates\exploded-aar\com.android.support\design\23.4.0\jars\classes.jar
java_class_path (initial): C:\Users\Owner\AppData\Local\Android\sdk\build-tools\23.0.1\lib\dx.jar
Launcher Type: SUN_STANDARD

Environment Variables:
JAVA_HOME=C:\Program Files\Java\jdk1.8.0_40
PATH=C:\MinGW\bin;C:\Program Files\Java\jdk1.7.0_79\bin;C:\ProgramData\Oracle\Java\javapath;C:\Program Files (x86)\Intel\iCLS Client\;C:\Program Files\Intel\iCLS Client\;C:\Windows\system32;C:\Windows;C:\Windows\System32\Wbem;C:\Windows\System32\WindowsPowerShell\v1.0\;C:\Program Files\Hewlett-Packard\SimplePass\;C:\Program Files\Intel\Intel(R) Management Engine Components\DAL;C:\Program Files\Intel\Intel(R) Management Engine Components\IPT;C:\Program Files (x86)\Intel\Intel(R) Management Engine Components\DAL;C:\Program Files (x86)\Intel\Intel(R) Management Engine Components\IPT;C:\Program Files (x86)\Windows Live\Shared;C:\Program Files\Microsoft SQL Server\110\Tools\Binn\;C:\Users\Owner\Downloads\apache-ant-1.9.4\bin;C:\Program Files\MATLAB\R2013b\runtime\win64;C:\Program Files\MATLAB\R2013b\bin;C:\Python27\;C:\Users\Owner\Downloads\android-ndk-r11c\;C:\Users\Owner\AppData\Local\Android\sdk\tools\;C:\Users\Owner\AppData\Local\Android\sdk\platform-tools\;C:\Program Files (x86)\Skype\Phone\;C:\Program Files\nodejs\;C:\Program Files\Git\cmd;C:\MinGW\bin;C:\Program Files\Java\jdk1.7.0_79\bin;C:\ProgramData\chocolatey\bin;C:\Users\Owner\AppData\Local\atom\bin;C:\Python27\;C:\Users\Owner\Downloads\android-ndk-r11c\;C:\Users\Owner\AppData\Local\Android\sdk\tools\;C:\Users\Owner\AppData\Local\Android\sdk\platform-tools;C:\Users\Owner\AppData\Roaming\npm
USERNAME=Owner
OS=Windows_NT
PROCESSOR_IDENTIFIER=Intel64 Family 6 Model 69 Stepping 1, GenuineIntel



---------------  S Y S T E M  ---------------

OS: Windows 8.1 , 64 bit Build 9600 (6.3.9600.17415)

CPU:total 4 (2 cores per cpu, 2 threads per core) family 6 model 69 stepping 1, cmov, cx8, fxsr, mmx, sse, sse2, sse3, ssse3, sse4.1, sse4.2, popcnt, avx, avx2, aes, clmul, erms, lzcnt, ht, tsc, tscinvbit, bmi1, bmi2

Memory: 4k page, physical 8317080k(1076212k free), swap 11462808k(5120k free)

vm_info: Java HotSpot(TM) 64-Bit Server VM (25.40-b25) for windows-amd64 JRE (1.8.0_40-b26), built on Mar  7 2015 13:51:59 by "java_re" with MS VC++ 10.0 (VS2010)

time: Wed Oct 25 07:23:40 2017
elapsed time: 6 seconds (0d 0h 0m 6s)

