#
# There is insufficient memory for the Java Runtime Environment to continue.
# Native memory allocation (malloc) failed to allocate 32744 bytes for ChunkPool::allocate
# Possible reasons:
#   The system is out of physical RAM or swap space
#   In 32 bit mode, the process size limit was hit
# Possible solutions:
#   Reduce memory load on the system
#   Increase physical memory or swap space
#   Check if swap backing store is full
#   Use 64 bit Java on a 64 bit OS
#   Decrease Java heap size (-Xmx/-Xms)
#   Decrease number of Java threads
#   Decrease Java thread stack sizes (-Xss)
#   Set larger code cache with -XX:ReservedCodeCacheSize=
# This output file may be truncated or incomplete.
#
#  Out of Memory Error (allocation.cpp:273), pid=14688, tid=12592
#
# JRE version: Java(TM) SE Runtime Environment (8.0_40-b26) (build 1.8.0_40-b26)
# Java VM: Java HotSpot(TM) 64-Bit Server VM (25.40-b25 mixed mode windows-amd64 compressed oops)
# Failed to write core dump. Minidumps are not enabled by default on client versions of Windows
#

---------------  T H R E A D  ---------------

Current thread (0x000000001bb59800):  JavaThread "C1 CompilerThread2" daemon [_thread_in_native, id=12592, stack(0x000000001d150000,0x000000001d250000)]

Stack: [0x000000001d150000,0x000000001d250000]
Native frames: (J=compiled Java code, j=interpreted, Vv=VM code, C=native code)
V  [jvm.dll+0x32b47a]


Current CompileTask:
C1:   4225 1552   !   3       com.android.dx.cf.code.BytecodeArray::parseInstruction (2764 bytes)


---------------  P R O C E S S  ---------------

Java Threads: ( => current thread )
  0x000000001d4b8800 JavaThread "pool-2-thread-4" [_thread_in_vm, id=12112, stack(0x000000001dc50000,0x000000001dd50000)]
  0x000000001d4ad000 JavaThread "pool-2-thread-3" [_thread_in_Java, id=13176, stack(0x000000001db50000,0x000000001dc50000)]
  0x000000001d4ac000 JavaThread "pool-2-thread-2" [_thread_in_Java, id=14344, stack(0x000000001da50000,0x000000001db50000)]
  0x000000001d4a9000 JavaThread "pool-3-thread-1" [_thread_blocked, id=11776, stack(0x000000001d950000,0x000000001da50000)]
  0x000000001d4a8800 JavaThread "pool-2-thread-1" [_thread_in_Java, id=15088, stack(0x000000001d850000,0x000000001d950000)]
  0x000000001d252800 JavaThread "Service Thread" daemon [_thread_blocked, id=12604, stack(0x000000001d650000,0x000000001d750000)]
=>0x000000001bb59800 JavaThread "C1 CompilerThread2" daemon [_thread_in_native, id=12592, stack(0x000000001d150000,0x000000001d250000)]
  0x000000001bb56800 JavaThread "C2 CompilerThread1" daemon [_thread_in_native, id=7468, stack(0x000000001d050000,0x000000001d150000)]
  0x000000001bafd800 JavaThread "C2 CompilerThread0" daemon [_thread_in_native, id=13664, stack(0x000000001cf50000,0x000000001d050000)]
  0x000000001bafb800 JavaThread "Attach Listener" daemon [_thread_blocked, id=7540, stack(0x000000001ce50000,0x000000001cf50000)]
  0x000000001bafa800 JavaThread "Signal Dispatcher" daemon [_thread_blocked, id=4780, stack(0x000000001cd50000,0x000000001ce50000)]
  0x0000000000ec6800 JavaThread "Finalizer" daemon [_thread_blocked, id=14888, stack(0x000000001cc50000,0x000000001cd50000)]
  0x0000000000ebe000 JavaThread "Reference Handler" daemon [_thread_blocked, id=13904, stack(0x000000001cb50000,0x000000001cc50000)]
  0x000000000073d800 JavaThread "main" [_thread_in_vm, id=13448, stack(0x0000000000cd0000,0x0000000000dd0000)]

Other Threads:
  0x000000001bac7800 VMThread [stack: 0x000000001ca50000,0x000000001cb50000] [id=6892]
  0x000000001d254000 WatcherThread [stack: 0x000000001d750000,0x000000001d850000] [id=14584]

VM state:not at safepoint (normal execution)

VM Mutex/Monitor currently owned by a thread: None

Heap:
 PSYoungGen      total 38400K, used 37424K [0x000000076ab00000, 0x000000076d580000, 0x00000007c0000000)
  eden space 33280K, 97% used [0x000000076ab00000,0x000000076ca92398,0x000000076cb80000)
  from space 5120K, 99% used [0x000000076cb80000,0x000000076d079c88,0x000000076d080000)
  to   space 5120K, 0% used [0x000000076d080000,0x000000076d080000,0x000000076d580000)
 ParOldGen       total 87552K, used 1873K [0x00000006c0000000, 0x00000006c5580000, 0x000000076ab00000)
  object space 87552K, 2% used [0x00000006c0000000,0x00000006c01d4698,0x00000006c5580000)
 Metaspace       used 6066K, capacity 7088K, committed 7296K, reserved 1056768K
  class space    used 582K, capacity 616K, committed 640K, reserved 1048576K

Card table byte_map: [0x0000000001290000,0x0000000001aa0000] byte_map_base: 0xfffffffffdc90000

Marking Bits: (ParMarkBitMap*) 0x00000000738f4040
 Begin Bits: [0x0000000012960000, 0x0000000016960000)
 End Bits:   [0x0000000016960000, 0x000000001a960000)

Polling page: 0x0000000000720000

CodeCache: size=245760Kb used=6477Kb max_used=6480Kb free=239282Kb
 bounds [0x0000000003400000, 0x0000000003a60000, 0x0000000012400000]
 total_blobs=1809 nmethods=1541 adapters=181
 compilation: enabled

Compilation events (10 events):
Event: 4.196 Thread 0x000000001bafd800 1544       4       com.android.dx.ssa.SsaRenamer$BlockRenamer::process (191 bytes)
Event: 4.200 Thread 0x000000001bb59800 1548       3       com.android.dx.ssa.NormalSsaInsn::isMoveException (20 bytes)
Event: 4.200 Thread 0x000000001bb59800 nmethod 1548 0x0000000003a463d0 code [0x0000000003a46540, 0x0000000003a46830]
Event: 4.202 Thread 0x000000001bb59800 1549       3       com.android.dx.ssa.back.SsaToRop$PhiVisitor::visitPhiInsn (67 bytes)
Event: 4.203 Thread 0x000000001bb59800 nmethod 1549 0x0000000003a511d0 code [0x0000000003a51440, 0x0000000003a52468]
Event: 4.208 Thread 0x000000001bb59800 1550       3       com.android.dx.ssa.LiteralOpUpgrader$1::visitPhiInsn (1 bytes)
Event: 4.208 Thread 0x000000001bb59800 nmethod 1550 0x0000000003a4cc50 code [0x0000000003a4cda0, 0x0000000003a4cef0]
Event: 4.208 Thread 0x000000001bb59800 1551       3       com.android.dx.ssa.back.FirstFitLocalCombiningAllocator$1::visitPhiInsn (6 bytes)
Event: 4.208 Thread 0x000000001bb59800 nmethod 1551 0x0000000003a46050 code [0x0000000003a461c0, 0x0000000003a46348]
Event: 4.209 Thread 0x000000001bb59800 1552   !   3       com.android.dx.cf.code.BytecodeArray::parseInstruction (2764 bytes)

GC Heap History (2 events):
Event: 3.324 GC heap before
{Heap before GC invocations=1 (full 0):
 PSYoungGen      total 38400K, used 33280K [0x000000076ab00000, 0x000000076d580000, 0x00000007c0000000)
  eden space 33280K, 100% used [0x000000076ab00000,0x000000076cb80000,0x000000076cb80000)
  from space 5120K, 0% used [0x000000076d080000,0x000000076d080000,0x000000076d580000)
  to   space 5120K, 0% used [0x000000076cb80000,0x000000076cb80000,0x000000076d080000)
 ParOldGen       total 87552K, used 0K [0x00000006c0000000, 0x00000006c5580000, 0x000000076ab00000)
  object space 87552K, 0% used [0x00000006c0000000,0x00000006c0000000,0x00000006c5580000)
 Metaspace       used 5952K, capacity 7024K, committed 7296K, reserved 1056768K
  class space    used 581K, capacity 616K, committed 640K, reserved 1048576K
Event: 3.441 GC heap after
Heap after GC invocations=1 (full 0):
 PSYoungGen      total 38400K, used 5095K [0x000000076ab00000, 0x000000076d580000, 0x00000007c0000000)
  eden space 33280K, 0% used [0x000000076ab00000,0x000000076ab00000,0x000000076cb80000)
  from space 5120K, 99% used [0x000000076cb80000,0x000000076d079c88,0x000000076d080000)
  to   space 5120K, 0% used [0x000000076d080000,0x000000076d080000,0x000000076d580000)
 ParOldGen       total 87552K, used 1873K [0x00000006c0000000, 0x00000006c5580000, 0x000000076ab00000)
  object space 87552K, 2% used [0x00000006c0000000,0x00000006c01d4698,0x00000006c5580000)
 Metaspace       used 5952K, capacity 7024K, committed 7296K, reserved 1056768K
  class space    used 581K, capacity 616K, committed 640K, reserved 1048576K
}

Deoptimization events (8 events):
Event: 2.394 Thread 0x000000001d4a8800 Uncommon trap: reason=unstable_if action=reinterpret pc=0x0000000003631bf8 method=java.util.HashMap.getNode(ILjava/lang/Object;)Ljava/util/HashMap$Node; @ 129
Event: 2.455 Thread 0x000000001d4a8800 Uncommon trap: reason=unstable_if action=reinterpret pc=0x000000000377d468 method=com.android.dx.rop.code.RegisterSpec.equals(ILcom/android/dx/rop/type/TypeBearer;Lcom/android/dx/rop/code/LocalItem;)Z @ 16
Event: 2.455 Thread 0x000000001d4a8800 Uncommon trap: reason=unstable_if action=reinterpret pc=0x000000000372532c method=com.android.dx.rop.code.RegisterSpec.equals(ILcom/android/dx/rop/type/TypeBearer;Lcom/android/dx/rop/code/LocalItem;)Z @ 16
Event: 2.838 Thread 0x000000001d4a8800 Uncommon trap: reason=unstable_if action=reinterpret pc=0x0000000003632234 method=java.util.BitSet.nextSetBit(I)I @ 87
Event: 4.184 Thread 0x000000001d4ad000 Uncommon trap: reason=unstable_if action=reinterpret pc=0x0000000003a4330c method=java.util.BitSet.clone()Ljava/lang/Object; @ 4
Event: 4.194 Thread 0x000000001d4ac000 Uncommon trap: reason=bimorphic action=maybe_recompile pc=0x0000000003a0d918 method=com.android.dx.cf.code.BytecodeArray.parseInstruction(ILcom/android/dx/cf/code/BytecodeArray$Visitor;)I @ 2135
Event: 4.194 Thread 0x000000001d4ac000 Uncommon trap: reason=bimorphic action=maybe_recompile pc=0x0000000003a0d918 method=com.android.dx.cf.code.BytecodeArray.parseInstruction(ILcom/android/dx/cf/code/BytecodeArray$Visitor;)I @ 2135
Event: 4.209 Thread 0x000000001d4ad000 Uncommon trap: reason=uninitialized action=reinterpret pc=0x0000000003a0e04c method=com.android.dx.cf.code.BytecodeArray.parseInstruction(ILcom/android/dx/cf/code/BytecodeArray$Visitor;)I @ 999

Internal exceptions (2 events):
Event: 0.326 Thread 0x000000000073d800 Exception <a 'java/lang/NoSuchMethodError': Method sun.misc.Unsafe.defineClass(Ljava/lang/String;[BII)Ljava/lang/Class; name or signature does not match> (0x000000076ab0dc48) thrown at [D:\re\workspace\8-2-build-windows-amd64-cygwin\jdk8u40\3098\hotspot\srèc∂j€‘?
Event: 0.326 Thread 0x000000000073d800 Exception <a 'java/lang/NoSuchMethodError': Method sun.misc.Unsafe.prefetchRead(Ljava/lang/Object;J)V name or signature does not match> (0x000000076ab0ded8) thrown at [D:\re\workspace\8-2-build-windows-amd64-cygwin\jdk8u40\3098\hotspot\src\share\vm\prims\j

Events (10 events):
Event: 4.185 Thread 0x000000001d4ad000 DEOPT UNPACKING pc=0x000000000344582a sp=0x000000001dc4eca8 mode 2
Event: 4.194 Thread 0x000000001d4ac000 Uncommon trap: trap_request=0xffffffc6 fr.pc=0x0000000003a0d918
Event: 4.194 Thread 0x000000001d4ac000 DEOPT PACKING pc=0x0000000003a0d918 sp=0x000000001db4e5b0
Event: 4.194 Thread 0x000000001d4ac000 DEOPT UNPACKING pc=0x000000000344582a sp=0x000000001db4e580 mode 2
Event: 4.194 Thread 0x000000001d4ac000 Uncommon trap: trap_request=0xffffffc6 fr.pc=0x0000000003a0d918
Event: 4.194 Thread 0x000000001d4ac000 DEOPT PACKING pc=0x0000000003a0d918 sp=0x000000001db4e400
Event: 4.194 Thread 0x000000001d4ac000 DEOPT UNPACKING pc=0x000000000344582a sp=0x000000001db4e3d0 mode 2
Event: 4.209 Thread 0x000000001d4ad000 Uncommon trap: trap_request=0xffffffb5 fr.pc=0x0000000003a0e04c
Event: 4.209 Thread 0x000000001d4ad000 DEOPT PACKING pc=0x0000000003a0e04c sp=0x000000001dc4ec10
Event: 4.209 Thread 0x000000001d4ad000 DEOPT UNPACKING pc=0x000000000344582a sp=0x000000001dc4ebd0 mode 2


Dynamic libraries:
0x00007ff7ca0c0000 - 0x00007ff7ca0f7000 	C:\Program Files\Java\jdk1.8.0_40\bin\java.exe
0x00007fff68db0000 - 0x00007fff68f5d000 	C:\Windows\SYSTEM32\ntdll.dll
0x00007fff66540000 - 0x00007fff6667e000 	C:\Windows\system32\KERNEL32.DLL
0x00007fff65fd0000 - 0x00007fff660e5000 	C:\Windows\system32\KERNELBASE.dll
0x00007fff64a60000 - 0x00007fff64aee000 	C:\Windows\system32\apphelp.dll
0x00007fff4a4b0000 - 0x00007fff4a503000 	C:\Windows\AppPatch\AppPatch64\AcGenral.DLL
0x00007fff66490000 - 0x00007fff6653a000 	C:\Windows\system32\msvcrt.dll
0x00007fff65d30000 - 0x00007fff65d5e000 	C:\Windows\SYSTEM32\SspiCli.dll
0x00007fff67300000 - 0x00007fff67354000 	C:\Windows\system32\SHLWAPI.dll
0x00007fff66680000 - 0x00007fff667f7000 	C:\Windows\system32\USER32.dll
0x00007fff66e10000 - 0x00007fff66fa4000 	C:\Windows\system32\ole32.dll
0x00007fff676b0000 - 0x00007fff68bda000 	C:\Windows\system32\SHELL32.dll
0x00007fff65460000 - 0x00007fff65481000 	C:\Windows\SYSTEM32\USERENV.dll
0x00007fff67180000 - 0x00007fff6722a000 	C:\Windows\system32\ADVAPI32.dll
0x00007fff50ac0000 - 0x00007fff50ade000 	C:\Windows\SYSTEM32\MPR.dll
0x00007fff66fc0000 - 0x00007fff67101000 	C:\Windows\system32\RPCRT4.dll
0x00007fff66430000 - 0x00007fff66489000 	C:\Windows\SYSTEM32\sechost.dll
0x00007fff66aa0000 - 0x00007fff66cb1000 	C:\Windows\SYSTEM32\combase.dll
0x00007fff66cc0000 - 0x00007fff66e0f000 	C:\Windows\system32\GDI32.dll
0x00007fff65f00000 - 0x00007fff65f15000 	C:\Windows\SYSTEM32\profapi.dll
0x00007fff64270000 - 0x00007fff64322000 	C:\Windows\SYSTEM32\SHCORE.dll
0x00007fff66a00000 - 0x00007fff66a36000 	C:\Windows\system32\IMM32.DLL
0x00007fff67370000 - 0x00007fff674c2000 	C:\Windows\system32\MSCTF.dll
0x00007fff63910000 - 0x00007fff63b8a000 	C:\Windows\WinSxS\amd64_microsoft.windows.common-controls_6595b64144ccf1df_6.0.9600.17810_none_6240b9c7ecbd0bda\COMCTL32.dll
0x0000000074220000 - 0x00000000742f2000 	C:\Program Files\Java\jdk1.8.0_40\jre\bin\msvcr100.dll
0x00000000730f0000 - 0x0000000073973000 	C:\Program Files\Java\jdk1.8.0_40\jre\bin\server\jvm.dll
0x00007fff5fb20000 - 0x00007fff5fb29000 	C:\Windows\SYSTEM32\WSOCK32.dll
0x00007fff602f0000 - 0x00007fff60312000 	C:\Windows\SYSTEM32\WINMM.dll
0x00007fff605b0000 - 0x00007fff605ba000 	C:\Windows\SYSTEM32\VERSION.dll
0x00007fff66fb0000 - 0x00007fff66fb7000 	C:\Windows\system32\PSAPI.DLL
0x00007fff66980000 - 0x00007fff669da000 	C:\Windows\system32\WS2_32.dll
0x00007fff602c0000 - 0x00007fff602ea000 	C:\Windows\SYSTEM32\WINMMBASE.dll
0x00007fff68da0000 - 0x00007fff68da9000 	C:\Windows\system32\NSI.dll
0x00007fff660f0000 - 0x00007fff6613f000 	C:\Windows\SYSTEM32\cfgmgr32.dll
0x00007fff64cf0000 - 0x00007fff64d18000 	C:\Windows\SYSTEM32\DEVOBJ.dll
0x0000000074210000 - 0x000000007421f000 	C:\Program Files\Java\jdk1.8.0_40\jre\bin\verify.dll
0x00000000741e0000 - 0x0000000074209000 	C:\Program Files\Java\jdk1.8.0_40\jre\bin\java.dll
0x00000000730d0000 - 0x00000000730e6000 	C:\Program Files\Java\jdk1.8.0_40\jre\bin\zip.dll
0x00007fff51590000 - 0x00007fff51719000 	C:\Windows\SYSTEM32\dbghelp.dll

VM Arguments:
jvm_args: -Djava.awt.headless=true -Xmx4g -Dfile.encoding=windows-1252 -Duser.country=US -Duser.language=en -Duser.variant 
java_command: com.android.dx.command.Main --dex --force-jumbo --num-threads=4 --multi-dex --output C:\Users\Owner\AndroidStudioProjects\TawatTrip\app\build\intermediates\transforms\dex\debug\folders\1000\10\com.google.firebase-firebase-auth-10.2.1_9264489e591a619a16a0905794ea104796e84ee0 C:\Users\Owner\AndroidStudioProjects\TawatTrip\app\build\intermediates\exploded-aar\com.google.firebase\firebase-auth\10.2.1\jars\classes.jar
java_class_path (initial): C:\Users\Owner\AppData\Local\Android\sdk\build-tools\23.0.1\lib\dx.jar
Launcher Type: SUN_STANDARD

Environment Variables:
JAVA_HOME=C:\Program Files\Java\jdk1.8.0_40
PATH=C:\MinGW\bin;C:\Program Files\Java\jdk1.7.0_79\bin;C:\ProgramData\Oracle\Java\javapath;C:\Program Files (x86)\Intel\iCLS Client\;C:\Program Files\Intel\iCLS Client\;C:\Windows\system32;C:\Windows;C:\Windows\System32\Wbem;C:\Windows\System32\WindowsPowerShell\v1.0\;C:\Program Files\Hewlett-Packard\SimplePass\;C:\Program Files\Intel\Intel(R) Management Engine Components\DAL;C:\Program Files\Intel\Intel(R) Management Engine Components\IPT;C:\Program Files (x86)\Intel\Intel(R) Management Engine Components\DAL;C:\Program Files (x86)\Intel\Intel(R) Management Engine Components\IPT;C:\Program Files (x86)\Windows Live\Shared;C:\Program Files\Microsoft SQL Server\110\Tools\Binn\;C:\Users\Owner\Downloads\apache-ant-1.9.4\bin;C:\Program Files\MATLAB\R2013b\runtime\win64;C:\Program Files\MATLAB\R2013b\bin;C:\Python27\;C:\Users\Owner\Downloads\android-ndk-r11c\;C:\Users\Owner\AppData\Local\Android\sdk\tools\;C:\Users\Owner\AppData\Local\Android\sdk\platform-tools\;C:\Program Files (x86)\Skype\Phone\;C:\Program Files\nodejs\;C:\Program Files\Git\cmd;C:\MinGW\bin;C:\Program Files\Java\jdk1.7.0_79\bin;C:\ProgramData\chocolatey\bin;C:\Users\Owner\AppData\Local\atom\bin;C:\Python27\;C:\Users\Owner\Downloads\android-ndk-r11c\;C:\Users\Owner\AppData\Local\Android\sdk\tools\;C:\Users\Owner\AppData\Local\Android\sdk\platform-tools;C:\Users\Owner\AppData\Roaming\npm
USERNAME=Owner
OS=Windows_NT
PROCESSOR_IDENTIFIER=Intel64 Family 6 Model 69 Stepping 1, GenuineIntel



---------------  S Y S T E M  ---------------

OS: Windows 8.1 , 64 bit Build 9600 (6.3.9600.17415)

CPU:total 4 (2 cores per cpu, 2 threads per core) family 6 model 69 stepping 1, cmov, cx8, fxsr, mmx, sse, sse2, sse3, ssse3, sse4.1, sse4.2, popcnt, avx, avx2, aes, clmul, erms, lzcnt, ht, tsc, tscinvbit, bmi1, bmi2

Memory: 4k page, physical 8317080k(995696k free), swap 11462808k(5128k free)

vm_info: Java HotSpot(TM) 64-Bit Server VM (25.40-b25) for windows-amd64 JRE (1.8.0_40-b26), built on Mar  7 2015 13:51:59 by "java_re" with MS VC++ 10.0 (VS2010)

time: Wed Oct 25 07:23:49 2017
elapsed time: 4 seconds (0d 0h 0m 4s)

