#
# There is insufficient memory for the Java Runtime Environment to continue.
# Native memory allocation (malloc) failed to allocate 131088 bytes for Chunk::new
# Possible reasons:
#   The system is out of physical RAM or swap space
#   In 32 bit mode, the process size limit was hit
# Possible solutions:
#   Reduce memory load on the system
#   Increase physical memory or swap space
#   Check if swap backing store is full
#   Use 64 bit Java on a 64 bit OS
#   Decrease Java heap size (-Xmx/-Xms)
#   Decrease number of Java threads
#   Decrease Java thread stack sizes (-Xss)
#   Set larger code cache with -XX:ReservedCodeCacheSize=
# This output file may be truncated or incomplete.
#
#  Out of Memory Error (allocation.cpp:390), pid=7772, tid=1152
#
# JRE version: Java(TM) SE Runtime Environment (8.0_40-b26) (build 1.8.0_40-b26)
# Java VM: Java HotSpot(TM) 64-Bit Server VM (25.40-b25 mixed mode windows-amd64 compressed oops)
# Failed to write core dump. Minidumps are not enabled by default on client versions of Windows
#

---------------  T H R E A D  ---------------

Current thread (0x000000001ba81000):  JavaThread "C2 CompilerThread1" daemon [_thread_in_native, id=1152, stack(0x000000001d0d0000,0x000000001d1d0000)]

Stack: [0x000000001d0d0000,0x000000001d1d0000]
Native frames: (J=compiled Java code, j=interpreted, Vv=VM code, C=native code)
V  [jvm.dll+0x32b47a]


Current CompileTask:
C2:   4715 1381       4       com.android.dx.ssa.back.FirstFitLocalCombiningAllocator$1::processInsn (169 bytes)


---------------  P R O C E S S  ---------------

Java Threads: ( => current thread )
  0x000000001d5aa800 JavaThread "pool-2-thread-4" [_thread_blocked, id=11796, stack(0x000000001dcd0000,0x000000001ddd0000)]
  0x000000001d5a9800 JavaThread "pool-2-thread-3" [_thread_blocked, id=12752, stack(0x000000001dbd0000,0x000000001dcd0000)]
  0x000000001d59a000 JavaThread "pool-2-thread-2" [_thread_in_Java, id=11920, stack(0x000000001dad0000,0x000000001dbd0000)]
  0x000000001d597800 JavaThread "pool-3-thread-1" [_thread_blocked, id=12812, stack(0x000000001d9d0000,0x000000001dad0000)]
  0x000000001d595000 JavaThread "pool-2-thread-1" [_thread_in_Java, id=10772, stack(0x000000001d8d0000,0x000000001d9d0000)]
  0x000000001d2d7800 JavaThread "Service Thread" daemon [_thread_blocked, id=10684, stack(0x000000001d6d0000,0x000000001d7d0000)]
  0x000000001bad9000 JavaThread "C1 CompilerThread2" daemon [_thread_blocked, id=12696, stack(0x000000001d1d0000,0x000000001d2d0000)]
=>0x000000001ba81000 JavaThread "C2 CompilerThread1" daemon [_thread_in_native, id=1152, stack(0x000000001d0d0000,0x000000001d1d0000)]
  0x000000001ba7d000 JavaThread "C2 CompilerThread0" daemon [_thread_in_native, id=8640, stack(0x000000001cfd0000,0x000000001d0d0000)]
  0x000000001ba7b000 JavaThread "Attach Listener" daemon [_thread_blocked, id=5084, stack(0x000000001ced0000,0x000000001cfd0000)]
  0x000000001ba7a000 JavaThread "Signal Dispatcher" daemon [_thread_blocked, id=11296, stack(0x000000001cdd0000,0x000000001ced0000)]
  0x00000000022c6800 JavaThread "Finalizer" daemon [_thread_blocked, id=2728, stack(0x000000001ccd0000,0x000000001cdd0000)]
  0x00000000022be000 JavaThread "Reference Handler" daemon [_thread_blocked, id=12316, stack(0x000000001cbd0000,0x000000001ccd0000)]
  0x00000000023ad800 JavaThread "main" [_thread_in_Java, id=12672, stack(0x0000000002000000,0x0000000002100000)]

Other Threads:
  0x000000001ba47800 VMThread [stack: 0x000000001cad0000,0x000000001cbd0000] [id=11216]
  0x000000001d2d9000 WatcherThread [stack: 0x000000001d7d0000,0x000000001d8d0000] [id=5944]

VM state:not at safepoint (normal execution)

VM Mutex/Monitor currently owned by a thread: None

Heap:
 PSYoungGen      total 38400K, used 12347K [0x000000076ab00000, 0x000000076d580000, 0x00000007c0000000)
  eden space 33280K, 21% used [0x000000076ab00000,0x000000076b211190,0x000000076cb80000)
  from space 5120K, 99% used [0x000000076cb80000,0x000000076d07dc88,0x000000076d080000)
  to   space 5120K, 0% used [0x000000076d080000,0x000000076d080000,0x000000076d580000)
 ParOldGen       total 87552K, used 1886K [0x00000006c0000000, 0x00000006c5580000, 0x000000076ab00000)
  object space 87552K, 2% used [0x00000006c0000000,0x00000006c01d7958,0x00000006c5580000)
 Metaspace       used 6041K, capacity 7088K, committed 7296K, reserved 1056768K
  class space    used 585K, capacity 616K, committed 640K, reserved 1048576K

Card table byte_map: [0x0000000011770000,0x0000000011f80000] byte_map_base: 0x000000000e170000

Marking Bits: (ParMarkBitMap*) 0x0000000057a24040
 Begin Bits: [0x00000000128e0000, 0x00000000168e0000)
 End Bits:   [0x00000000168e0000, 0x000000001a8e0000)

Polling page: 0x0000000001f70000

CodeCache: size=245760Kb used=6031Kb max_used=6031Kb free=239728Kb
 bounds [0x00000000023b0000, 0x00000000029a0000, 0x00000000113b0000]
 total_blobs=1739 nmethods=1469 adapters=183
 compilation: enabled

Compilation events (10 events):
Event: 4.648 Thread 0x000000001bad9000 nmethod 1428 0x0000000002971750 code [0x00000000029718a0, 0x00000000029719f0]
Event: 4.648 Thread 0x000000001bad9000 1429       3       java.util.concurrent.locks.LockSupport::setBlocker (12 bytes)
Event: 4.649 Thread 0x000000001bad9000 nmethod 1429 0x0000000002971e10 code [0x0000000002971f60, 0x00000000029720b0]
Event: 4.651 Thread 0x000000001bad9000 1431       3       com.android.dx.dex.file.AnnotationItem::addContents (27 bytes)
Event: 4.652 Thread 0x000000001bad9000 nmethod 1431 0x0000000002972110 code [0x0000000002972280, 0x0000000002972638]
Event: 4.652 Thread 0x000000001bad9000 1432       3       com.android.dx.rop.annotation.Annotation::getNameValuePairs (11 bytes)
Event: 4.655 Thread 0x000000001bad9000 nmethod 1432 0x0000000002972750 code [0x0000000002972900, 0x0000000002972f48]
Event: 4.655 Thread 0x000000001bad9000 1433       3       com.android.dx.dex.file.ClassDefItem::addVirtualMethod (9 bytes)
Event: 4.657 Thread 0x000000001bad9000 nmethod 1433 0x0000000002973290 code [0x0000000002973440, 0x0000000002973b18]
Event: 4.657 Thread 0x000000001bad9000 1434       3       com.android.dx.dex.file.ClassDataItem::addVirtualMethod (24 bytes)

GC Heap History (2 events):
Event: 4.331 GC heap before
{Heap before GC invocations=1 (full 0):
 PSYoungGen      total 38400K, used 33280K [0x000000076ab00000, 0x000000076d580000, 0x00000007c0000000)
  eden space 33280K, 100% used [0x000000076ab00000,0x000000076cb80000,0x000000076cb80000)
  from space 5120K, 0% used [0x000000076d080000,0x000000076d080000,0x000000076d580000)
  to   space 5120K, 0% used [0x000000076cb80000,0x000000076cb80000,0x000000076d080000)
 ParOldGen       total 87552K, used 0K [0x00000006c0000000, 0x00000006c5580000, 0x000000076ab00000)
  object space 87552K, 0% used [0x00000006c0000000,0x00000006c0000000,0x00000006c5580000)
 Metaspace       used 5970K, capacity 7024K, committed 7296K, reserved 1056768K
  class space    used 585K, capacity 616K, committed 640K, reserved 1048576K
Event: 4.476 GC heap after
Heap after GC invocations=1 (full 0):
 PSYoungGen      total 38400K, used 5111K [0x000000076ab00000, 0x000000076d580000, 0x00000007c0000000)
  eden space 33280K, 0% used [0x000000076ab00000,0x000000076ab00000,0x000000076cb80000)
  from space 5120K, 99% used [0x000000076cb80000,0x000000076d07dc88,0x000000076d080000)
  to   space 5120K, 0% used [0x000000076d080000,0x000000076d080000,0x000000076d580000)
 ParOldGen       total 87552K, used 1886K [0x00000006c0000000, 0x00000006c5580000, 0x000000076ab00000)
  object space 87552K, 2% used [0x00000006c0000000,0x00000006c01d7958,0x00000006c5580000)
 Metaspace       used 5970K, capacity 7024K, committed 7296K, reserved 1056768K
  class space    used 585K, capacity 616K, committed 640K, reserved 1048576K
}

Deoptimization events (10 events):
Event: 2.653 Thread 0x000000001d595000 Uncommon trap: reason=unstable_if action=reinterpret pc=0x000000000266d82c method=java.util.HashMap.getNode(ILjava/lang/Object;)Ljava/util/HashMap$Node; @ 129
Event: 3.396 Thread 0x000000001d5aa800 Uncommon trap: reason=class_check action=maybe_recompile pc=0x0000000002642a28 method=com.android.dx.ssa.NormalSsaInsn.accept(Lcom/android/dx/ssa/SsaInsn$Visitor;)V @ 9
Event: 3.397 Thread 0x000000001d5aa800 Uncommon trap: reason=class_check action=maybe_recompile pc=0x0000000002642a28 method=com.android.dx.ssa.NormalSsaInsn.accept(Lcom/android/dx/ssa/SsaInsn$Visitor;)V @ 9
Event: 3.397 Thread 0x000000001d5aa800 Uncommon trap: reason=class_check action=maybe_recompile pc=0x0000000002642a28 method=com.android.dx.ssa.NormalSsaInsn.accept(Lcom/android/dx/ssa/SsaInsn$Visitor;)V @ 9
Event: 3.397 Thread 0x000000001d5aa800 Uncommon trap: reason=class_check action=maybe_recompile pc=0x0000000002642a28 method=com.android.dx.ssa.NormalSsaInsn.accept(Lcom/android/dx/ssa/SsaInsn$Visitor;)V @ 9
Event: 3.397 Thread 0x000000001d5aa800 Uncommon trap: reason=class_check action=maybe_recompile pc=0x00000000026118b0 method=com.android.dx.ssa.NormalSsaInsn.accept(Lcom/android/dx/ssa/SsaInsn$Visitor;)V @ 9
Event: 3.404 Thread 0x000000001d595000 Uncommon trap: reason=unstable_if action=reinterpret pc=0x0000000002827f8c method=com.android.dx.util.IntList.binarysearch(I)I @ 105
Event: 3.678 Thread 0x00000000023ad800 Uncommon trap: reason=unstable_if action=reinterpret pc=0x00000000025e4974 method=java.util.BitSet.nextSetBit(I)I @ 87
Event: 3.690 Thread 0x00000000023ad800 Uncommon trap: reason=unstable_if action=reinterpret pc=0x000000000284b698 method=java.util.BitSet.nextSetBit(I)I @ 87
Event: 4.637 Thread 0x000000001d59a000 Uncommon trap: reason=unstable_if action=reinterpret pc=0x00000000027efaf8 method=com.android.dx.dex.code.OutputFinisher.hasLocalInfo(Lcom/android/dx/dex/code/DalvInsn;)Z @ 24

Internal exceptions (2 events):
Event: 0.611 Thread 0x00000000023ad800 Exception <a 'java/lang/NoSuchMethodError': Method sun.misc.Unsafe.defineClass(Ljava/lang/String;[BII)Ljava/lang/Class; name or signature does not match> (0x000000076ab0da50) thrown at [D:\re\workspace\8-2-build-windows-amd64-cygwin\jdk8u40\3098\hotspot\sr‰RŸì‚Œã?
Event: 0.611 Thread 0x00000000023ad800 Exception <a 'java/lang/NoSuchMethodError': Method sun.misc.Unsafe.prefetchRead(Ljava/lang/Object;J)V name or signature does not match> (0x000000076ab0dce0) thrown at [D:\re\workspace\8-2-build-windows-amd64-cygwin\jdk8u40\3098\hotspot\src\share\vm\prims\j

Events (10 events):
Event: 3.690 Thread 0x00000000023ad800 Uncommon trap: trap_request=0xffffff65 fr.pc=0x000000000284b698
Event: 3.690 Thread 0x00000000023ad800 DEOPT PACKING pc=0x000000000284b698 sp=0x00000000020fe050
Event: 3.690 Thread 0x00000000023ad800 DEOPT UNPACKING pc=0x00000000023f582a sp=0x00000000020fdfb0 mode 2
Event: 4.326 Executing VM operation: ParallelGCFailedAllocation
Event: 4.476 Executing VM operation: ParallelGCFailedAllocation done
Event: 4.637 Thread 0x000000001d59a000 Uncommon trap: trap_request=0xffffff65 fr.pc=0x00000000027efaf8
Event: 4.637 Thread 0x000000001d59a000 DEOPT PACKING pc=0x00000000027efaf8 sp=0x000000001dbced90
Event: 4.637 Thread 0x000000001d59a000 DEOPT UNPACKING pc=0x00000000023f582a sp=0x000000001dbceca8 mode 2
Event: 4.652 loading class com/android/dx/cf/attrib/AttRuntimeVisibleAnnotations
Event: 4.652 loading class com/android/dx/cf/attrib/AttRuntimeVisibleAnnotations done


Dynamic libraries:
0x00007ff7e3a30000 - 0x00007ff7e3a67000 	C:\Program Files\Java\jdk1.8.0_40\bin\java.exe
0x00007ffbd0e80000 - 0x00007ffbd102d000 	C:\Windows\SYSTEM32\ntdll.dll
0x00007ffbd0d40000 - 0x00007ffbd0e7e000 	C:\Windows\system32\KERNEL32.DLL
0x00007ffbce3e0000 - 0x00007ffbce4f5000 	C:\Windows\system32\KERNELBASE.dll
0x00007ffbccae0000 - 0x00007ffbccb6e000 	C:\Windows\system32\apphelp.dll
0x00007ffbc9830000 - 0x00007ffbc9883000 	C:\Windows\AppPatch\AppPatch64\AcGenral.DLL
0x00007ffbd04c0000 - 0x00007ffbd056a000 	C:\Windows\system32\msvcrt.dll
0x00007ffbcdda0000 - 0x00007ffbcddce000 	C:\Windows\SYSTEM32\SspiCli.dll
0x00007ffbce830000 - 0x00007ffbce884000 	C:\Windows\system32\SHLWAPI.dll
0x00007ffbd0280000 - 0x00007ffbd03f7000 	C:\Windows\system32\USER32.dll
0x00007ffbceaa0000 - 0x00007ffbcec34000 	C:\Windows\system32\ole32.dll
0x00007ffbcec40000 - 0x00007ffbd016a000 	C:\Windows\system32\SHELL32.dll
0x00007ffbcd550000 - 0x00007ffbcd571000 	C:\Windows\SYSTEM32\USERENV.dll
0x00007ffbd01d0000 - 0x00007ffbd027a000 	C:\Windows\system32\ADVAPI32.dll
0x00007ffbb7580000 - 0x00007ffbb759e000 	C:\Windows\SYSTEM32\MPR.dll
0x00007ffbce950000 - 0x00007ffbcea91000 	C:\Windows\system32\RPCRT4.dll
0x00007ffbce8f0000 - 0x00007ffbce949000 	C:\Windows\SYSTEM32\sechost.dll
0x00007ffbd08a0000 - 0x00007ffbd0ab1000 	C:\Windows\SYSTEM32\combase.dll
0x00007ffbce530000 - 0x00007ffbce67f000 	C:\Windows\system32\GDI32.dll
0x00007ffbcdfd0000 - 0x00007ffbcdfe5000 	C:\Windows\SYSTEM32\profapi.dll
0x00007ffbcc320000 - 0x00007ffbcc3d2000 	C:\Windows\SYSTEM32\SHCORE.dll
0x00007ffbd0b90000 - 0x00007ffbd0bc6000 	C:\Windows\system32\IMM32.DLL
0x00007ffbd0be0000 - 0x00007ffbd0d32000 	C:\Windows\system32\MSCTF.dll
0x00007ffbcb9e0000 - 0x00007ffbcbc5a000 	C:\Windows\WinSxS\amd64_microsoft.windows.common-controls_6595b64144ccf1df_6.0.9600.17810_none_6240b9c7ecbd0bda\COMCTL32.dll
0x0000000058350000 - 0x0000000058422000 	C:\Program Files\Java\jdk1.8.0_40\jre\bin\msvcr100.dll
0x0000000057220000 - 0x0000000057aa3000 	C:\Program Files\Java\jdk1.8.0_40\jre\bin\server\jvm.dll
0x00007ffbbcd00000 - 0x00007ffbbcd09000 	C:\Windows\SYSTEM32\WSOCK32.dll
0x00007ffbc84f0000 - 0x00007ffbc8512000 	C:\Windows\SYSTEM32\WINMM.dll
0x00007ffbc7620000 - 0x00007ffbc762a000 	C:\Windows\SYSTEM32\VERSION.dll
0x00007ffbd0ac0000 - 0x00007ffbd0ac7000 	C:\Windows\system32\PSAPI.DLL
0x00007ffbce890000 - 0x00007ffbce8ea000 	C:\Windows\system32\WS2_32.dll
0x00007ffbc84c0000 - 0x00007ffbc84ea000 	C:\Windows\SYSTEM32\WINMMBASE.dll
0x00007ffbd0bd0000 - 0x00007ffbd0bd9000 	C:\Windows\system32\NSI.dll
0x00007ffbce0a0000 - 0x00007ffbce0ef000 	C:\Windows\SYSTEM32\cfgmgr32.dll
0x00007ffbccdc0000 - 0x00007ffbccde8000 	C:\Windows\SYSTEM32\DEVOBJ.dll
0x0000000058340000 - 0x000000005834f000 	C:\Program Files\Java\jdk1.8.0_40\jre\bin\verify.dll
0x0000000058310000 - 0x0000000058339000 	C:\Program Files\Java\jdk1.8.0_40\jre\bin\java.dll
0x0000000057200000 - 0x0000000057216000 	C:\Program Files\Java\jdk1.8.0_40\jre\bin\zip.dll

VM Arguments:
jvm_args: -Djava.awt.headless=true -Xmx4g -Dfile.encoding=windows-1252 -Duser.country=US -Duser.language=en -Duser.variant 
java_command: com.android.dx.command.Main --dex --force-jumbo --num-threads=4 --multi-dex --output C:\Users\Owner\AndroidStudioProjects\TawatTrip\app\build\intermediates\transforms\dex\debug\folders\1000\10\com.android.support-support-compat-25.2.0_2a6d141ffc165374f15e3ed62ea13c43974c243d C:\Users\Owner\AndroidStudioProjects\TawatTrip\app\build\intermediates\exploded-aar\com.android.support\support-compat\25.2.0\jars\classes.jar
java_class_path (initial): C:\Users\Owner\AppData\Local\Android\sdk\build-tools\23.0.1\lib\dx.jar
Launcher Type: SUN_STANDARD

Environment Variables:
JAVA_HOME=C:\Program Files\Java\jdk1.8.0_40
PATH=C:\MinGW\bin;C:\Program Files\Java\jdk1.7.0_79\bin;C:\Program Files (x86)\Intel\iCLS Client\;C:\Program Files\Intel\iCLS Client\;C:\Windows\system32;C:\Windows;C:\Windows\System32\Wbem;C:\Windows\System32\WindowsPowerShell\v1.0\;C:\Program Files\Hewlett-Packard\SimplePass\;C:\Program Files\Intel\Intel(R) Management Engine Components\DAL;C:\Program Files\Intel\Intel(R) Management Engine Components\IPT;C:\Program Files (x86)\Intel\Intel(R) Management Engine Components\DAL;C:\Program Files (x86)\Intel\Intel(R) Management Engine Components\IPT;C:\Program Files (x86)\Windows Live\Shared;C:\Program Files\Microsoft SQL Server\110\Tools\Binn\;C:\Users\Owner\Downloads\apache-ant-1.9.4\bin;C:\Program Files\MATLAB\R2013b\runtime\win64;C:\Program Files\MATLAB\R2013b\bin;C:\Python27\;C:\Users\Owner\Downloads\android-ndk-r11c\;C:\Users\Owner\AppData\Local\Android\sdk\tools\;C:\Users\Owner\AppData\Local\Android\sdk\platform-tools\;C:\Program Files (x86)\Skype\Phone\;C:\Program Files\Git\cmd;C:\Program Files\nodejs\;C:\MinGW\bin;C:\Program Files\Java\jdk1.7.0_79\bin;C:\ProgramData\chocolatey\bin;C:\Users\Owner\AppData\Local\atom\bin;C:\Python27\;C:\Users\Owner\Downloads\android-ndk-r11c\;C:\Users\Owner\AppData\Local\Android\sdk\tools\;C:\Users\Owner\AppData\Local\Android\sdk\platform-tools;C:\Users\Owner\AppData\Roaming\npm;C:\Program Files\nodejs\
USERNAME=Arcantos
OS=Windows_NT
PROCESSOR_IDENTIFIER=Intel64 Family 6 Model 69 Stepping 1, GenuineIntel



---------------  S Y S T E M  ---------------

OS: Windows 8.1 , 64 bit Build 9600 (6.3.9600.17415)

CPU:total 4 (2 cores per cpu, 2 threads per core) family 6 model 69 stepping 1, cmov, cx8, fxsr, mmx, sse, sse2, sse3, ssse3, sse4.1, sse4.2, popcnt, avx, avx2, aes, clmul, erms, lzcnt, ht, tsc, tscinvbit, bmi1, bmi2

Memory: 4k page, physical 8317080k(301716k free), swap 11462808k(5096k free)

vm_info: Java HotSpot(TM) 64-Bit Server VM (25.40-b25) for windows-amd64 JRE (1.8.0_40-b26), built on Mar  7 2015 13:51:59 by "java_re" with MS VC++ 10.0 (VS2010)

time: Wed Jan 17 20:15:54 2018
elapsed time: 4 seconds (0d 0h 0m 4s)

