#
# There is insufficient memory for the Java Runtime Environment to continue.
# Native memory allocation (malloc) failed to allocate 32744 bytes for ChunkPool::allocate
# Possible reasons:
#   The system is out of physical RAM or swap space
#   In 32 bit mode, the process size limit was hit
# Possible solutions:
#   Reduce memory load on the system
#   Increase physical memory or swap space
#   Check if swap backing store is full
#   Use 64 bit Java on a 64 bit OS
#   Decrease Java heap size (-Xmx/-Xms)
#   Decrease number of Java threads
#   Decrease Java thread stack sizes (-Xss)
#   Set larger code cache with -XX:ReservedCodeCacheSize=
# This output file may be truncated or incomplete.
#
#  Out of Memory Error (allocation.cpp:273), pid=8424, tid=11064
#
# JRE version: Java(TM) SE Runtime Environment (8.0_40-b26) (build 1.8.0_40-b26)
# Java VM: Java HotSpot(TM) 64-Bit Server VM (25.40-b25 mixed mode windows-amd64 compressed oops)
# Failed to write core dump. Minidumps are not enabled by default on client versions of Windows
#

---------------  T H R E A D  ---------------

Current thread (0x000000001c00e000):  JavaThread "C1 CompilerThread2" daemon [_thread_in_native, id=11064, stack(0x000000001d720000,0x000000001d820000)]

Stack: [0x000000001d720000,0x000000001d820000]
Native frames: (J=compiled Java code, j=interpreted, Vv=VM code, C=native code)
V  [jvm.dll+0x32b47a]


Current CompileTask:
C1:   1844  628   !   3      
[error occurred during error reporting (printing current compile task), id 0xe0000001]


---------------  P R O C E S S  ---------------

Java Threads: ( => current thread )
  0x000000001d978000 JavaThread "pool-1-thread-4" [_thread_blocked, id=5748, stack(0x000000001e220000,0x000000001e320000)]
  0x000000001d973000 JavaThread "pool-1-thread-3" [_thread_in_Java, id=3668, stack(0x000000001e120000,0x000000001e220000)]
  0x000000001d97d000 JavaThread "pool-1-thread-2" [_thread_blocked, id=9276, stack(0x000000001e020000,0x000000001e120000)]
  0x000000001d97c800 JavaThread "pool-2-thread-1" [_thread_blocked, id=10952, stack(0x000000001df20000,0x000000001e020000)]
  0x000000001d97c000 JavaThread "pool-1-thread-1" [_thread_in_Java, id=10256, stack(0x000000001de20000,0x000000001df20000)]
  0x000000001d827000 JavaThread "Service Thread" daemon [_thread_blocked, id=10604, stack(0x000000001dc20000,0x000000001dd20000)]
=>0x000000001c00e000 JavaThread "C1 CompilerThread2" daemon [_thread_in_native, id=11064, stack(0x000000001d720000,0x000000001d820000)]
  0x000000001c008000 JavaThread "C2 CompilerThread1" daemon [_thread_blocked, id=10860, stack(0x000000001d620000,0x000000001d720000)]
  0x000000001bfba000 JavaThread "C2 CompilerThread0" daemon [_thread_blocked, id=4864, stack(0x000000001d520000,0x000000001d620000)]
  0x000000001bfb8000 JavaThread "Attach Listener" daemon [_thread_blocked, id=10816, stack(0x000000001d420000,0x000000001d520000)]
  0x000000001bfb7000 JavaThread "Signal Dispatcher" daemon [_thread_blocked, id=11060, stack(0x000000001d320000,0x000000001d420000)]
  0x00000000014a7800 JavaThread "Finalizer" daemon [_thread_blocked, id=7304, stack(0x000000001d220000,0x000000001d320000)]
  0x000000000149e000 JavaThread "Reference Handler" daemon [_thread_blocked, id=10156, stack(0x000000001d120000,0x000000001d220000)]
  0x000000000134d800 JavaThread "main" [_thread_in_Java, id=9208, stack(0x0000000001210000,0x0000000001310000)]

Other Threads:
  0x000000001bf77800 VMThread [stack: 0x000000001d020000,0x000000001d120000] [id=10380]
  0x000000001d828000 WatcherThread [stack: 0x000000001dd20000,0x000000001de20000] [id=10608]

VM state:not at safepoint (normal execution)

VM Mutex/Monitor currently owned by a thread: None

Heap:
 PSYoungGen      total 38400K, used 14947K [0x000000076ab00000, 0x000000076d580000, 0x00000007c0000000)
  eden space 33280K, 44% used [0x000000076ab00000,0x000000076b998dc0,0x000000076cb80000)
  from space 5120K, 0% used [0x000000076d080000,0x000000076d080000,0x000000076d580000)
  to   space 5120K, 0% used [0x000000076cb80000,0x000000076cb80000,0x000000076d080000)
 ParOldGen       total 87552K, used 0K [0x00000006c0000000, 0x00000006c5580000, 0x000000076ab00000)
  object space 87552K, 0% used [0x00000006c0000000,0x00000006c0000000,0x00000006c5580000)
 Metaspace       used 5455K, capacity 6576K, committed 6784K, reserved 1056768K
  class space    used 578K, capacity 616K, committed 640K, reserved 1048576K

Card table byte_map: [0x0000000012400000,0x0000000012c10000] byte_map_base: 0x000000000ee00000

Marking Bits: (ParMarkBitMap*) 0x0000000066bd4040
 Begin Bits: [0x0000000012e10000, 0x0000000016e10000)
 End Bits:   [0x0000000016e10000, 0x000000001ae10000)

Polling page: 0x0000000000e80000

CodeCache: size=245760Kb used=2288Kb max_used=2300Kb free=243471Kb
 bounds [0x0000000003400000, 0x0000000003670000, 0x0000000012400000]
 total_blobs=888 nmethods=620 adapters=181
 compilation: enabled

Compilation events (10 events):
Event: 1.823 Thread 0x000000001c00e000 nmethod 627 0x0000000003634590 code [0x00000000036346e0, 0x0000000003634850]
Event: 1.823 Thread 0x000000001c00e000  628   !   3       com.android.dx.cf.code.BytecodeArray::parseInstruction (2764 bytes)
Event: 1.825 Thread 0x000000001c008000 nmethod 622 0x000000000363f8d0 code [0x000000000363fa00, 0x000000000363fb78]
Event: 1.825 Thread 0x000000001bfba000 nmethod 619 0x000000000363bc90 code [0x000000000363be00, 0x000000000363c2e8]
Event: 1.826 Thread 0x000000001c008000  640       4       java.util.ArrayList::iterator (10 bytes)
Event: 1.826 Thread 0x000000001bfba000  642       4       com.android.dx.ssa.SsaBasicBlock::forEachInsn (37 bytes)
Event: 1.827 Thread 0x000000001c008000 nmethod 640 0x000000000363c7d0 code [0x000000000363c920, 0x000000000363ca28]
Event: 1.827 Thread 0x000000001c008000  643       4       com.android.dx.ssa.SsaBasicBlock::isReachable (29 bytes)
Event: 1.828 Thread 0x000000001c008000 nmethod 643 0x000000000363ba50 code [0x000000000363bb80, 0x000000000363bc18]
Event: 1.832 Thread 0x000000001bfba000 nmethod 642 0x000000000363db50 code [0x000000000363dcc0, 0x000000000363df88]

GC Heap History (0 events):
No events

Deoptimization events (0 events):
No events

Internal exceptions (2 events):
Event: 0.562 Thread 0x000000000134d800 Exception <a 'java/lang/NoSuchMethodError': Method sun.misc.Unsafe.defineClass(Ljava/lang/String;[BII)Ljava/lang/Class; name or signature does not match> (0x000000076ab0daa0) thrown at [D:\re\workspace\8-2-build-windows-amd64-cygwin\jdk8u40\3098\hotspot\srû¯­‚,ÿá?
Event: 0.562 Thread 0x000000000134d800 Exception <a 'java/lang/NoSuchMethodError': Method sun.misc.Unsafe.prefetchRead(Ljava/lang/Object;J)V name or signature does not match> (0x000000076ab0dd30) thrown at [D:\re\workspace\8-2-build-windows-amd64-cygwin\jdk8u40\3098\hotspot\src\share\vm\prims\j

Events (10 events):
Event: 1.757 loading class com/android/dx/cf/code/Ropper$ExceptionHandlerSetup
Event: 1.757 loading class com/android/dx/cf/code/Ropper$ExceptionHandlerSetup done
Event: 1.759 loading class com/android/dx/dex/file/AnnotationSetRefItem
Event: 1.759 loading class com/android/dx/dex/file/AnnotationSetRefItem done
Event: 1.760 loading class java/util/HashMap$Values
Event: 1.760 loading class java/util/HashMap$Values done
Event: 1.760 loading class java/util/HashMap$ValueIterator
Event: 1.760 loading class java/util/HashMap$ValueIterator done
Event: 1.788 loading class com/android/dx/cf/code/SwitchList
Event: 1.788 loading class com/android/dx/cf/code/SwitchList done


Dynamic libraries:
0x00007ff7cf790000 - 0x00007ff7cf7c7000 	C:\Program Files\Java\jdk1.8.0_40\bin\java.exe
0x00007fff3e760000 - 0x00007fff3e90d000 	C:\Windows\SYSTEM32\ntdll.dll
0x00007fff3d6f0000 - 0x00007fff3d82e000 	C:\Windows\system32\KERNEL32.DLL
0x00007fff3bcc0000 - 0x00007fff3bdd5000 	C:\Windows\system32\KERNELBASE.dll
0x00007fff3a410000 - 0x00007fff3a49e000 	C:\Windows\system32\apphelp.dll
0x00007fff27ca0000 - 0x00007fff27cf3000 	C:\Windows\AppPatch\AppPatch64\AcGenral.DLL
0x00007fff3c110000 - 0x00007fff3c1ba000 	C:\Windows\system32\msvcrt.dll
0x00007fff3b6e0000 - 0x00007fff3b70e000 	C:\Windows\SYSTEM32\SspiCli.dll
0x00007fff3e240000 - 0x00007fff3e294000 	C:\Windows\system32\SHLWAPI.dll
0x00007fff3e2a0000 - 0x00007fff3e417000 	C:\Windows\system32\USER32.dll
0x00007fff3e5c0000 - 0x00007fff3e754000 	C:\Windows\system32\ole32.dll
0x00007fff3c1c0000 - 0x00007fff3d6ea000 	C:\Windows\system32\SHELL32.dll
0x00007fff3aeb0000 - 0x00007fff3aed1000 	C:\Windows\SYSTEM32\USERENV.dll
0x00007fff3e190000 - 0x00007fff3e23a000 	C:\Windows\system32\ADVAPI32.dll
0x00007fff248a0000 - 0x00007fff248be000 	C:\Windows\SYSTEM32\MPR.dll
0x00007fff3d830000 - 0x00007fff3d971000 	C:\Windows\system32\RPCRT4.dll
0x00007fff3d980000 - 0x00007fff3d9d9000 	C:\Windows\SYSTEM32\sechost.dll
0x00007fff3de80000 - 0x00007fff3e091000 	C:\Windows\SYSTEM32\combase.dll
0x00007fff3bde0000 - 0x00007fff3bf2f000 	C:\Windows\system32\GDI32.dll
0x00007fff3b8b0000 - 0x00007fff3b8c5000 	C:\Windows\SYSTEM32\profapi.dll
0x00007fff39a50000 - 0x00007fff39b02000 	C:\Windows\SYSTEM32\SHCORE.dll
0x00007fff3d9e0000 - 0x00007fff3da16000 	C:\Windows\system32\IMM32.DLL
0x00007fff3bf30000 - 0x00007fff3c082000 	C:\Windows\system32\MSCTF.dll
0x00007fff378b0000 - 0x00007fff37b2a000 	C:\Windows\WinSxS\amd64_microsoft.windows.common-controls_6595b64144ccf1df_6.0.9600.17810_none_6240b9c7ecbd0bda\COMCTL32.dll
0x0000000066c60000 - 0x0000000066d32000 	C:\Program Files\Java\jdk1.8.0_40\jre\bin\msvcr100.dll
0x00000000663d0000 - 0x0000000066c53000 	C:\Program Files\Java\jdk1.8.0_40\jre\bin\server\jvm.dll
0x00007fff276b0000 - 0x00007fff276b9000 	C:\Windows\SYSTEM32\WSOCK32.dll
0x00007fff35680000 - 0x00007fff356a2000 	C:\Windows\SYSTEM32\WINMM.dll
0x00007fff352d0000 - 0x00007fff352da000 	C:\Windows\SYSTEM32\VERSION.dll
0x00007fff3e5b0000 - 0x00007fff3e5b7000 	C:\Windows\system32\PSAPI.DLL
0x00007fff3c0b0000 - 0x00007fff3c10a000 	C:\Windows\system32\WS2_32.dll
0x00007fff35650000 - 0x00007fff3567a000 	C:\Windows\SYSTEM32\WINMMBASE.dll
0x00007fff3e180000 - 0x00007fff3e189000 	C:\Windows\system32\NSI.dll
0x00007fff3bc70000 - 0x00007fff3bcbf000 	C:\Windows\SYSTEM32\cfgmgr32.dll
0x00007fff3a6a0000 - 0x00007fff3a6c8000 	C:\Windows\SYSTEM32\DEVOBJ.dll
0x00000000663c0000 - 0x00000000663cf000 	C:\Program Files\Java\jdk1.8.0_40\jre\bin\verify.dll
0x0000000066390000 - 0x00000000663b9000 	C:\Program Files\Java\jdk1.8.0_40\jre\bin\java.dll
0x0000000066370000 - 0x0000000066386000 	C:\Program Files\Java\jdk1.8.0_40\jre\bin\zip.dll

VM Arguments:
jvm_args: -Djava.awt.headless=true -Xmx4g -Dfile.encoding=windows-1252 -Duser.country=US -Duser.language=en -Duser.variant 
java_command: com.android.dx.command.Main --dex --force-jumbo --num-threads=4 --output C:\Users\Owner\AndroidStudioProjects\TawatTrip\app\build\intermediates\pre-dexed\debug\com.google.android.gms-play-services-auth-11.8.0_0c7a775628f3ed0556f40c5129b2a5402d984bfe.jar C:\Users\Owner\AndroidStudioProjects\TawatTrip\app\build\intermediates\exploded-aar\com.google.android.gms\play-services-auth\11.8.0\jars\classes.jar
java_class_path (initial): C:\Users\Owner\AppData\Local\Android\sdk\build-tools\23.0.1\lib\dx.jar
Launcher Type: SUN_STANDARD

Environment Variables:
JAVA_HOME=C:\Program Files\Java\jdk1.8.0_40
PATH=C:\MinGW\bin;C:\Program Files\Java\jdk1.7.0_79\bin;C:\Program Files (x86)\Intel\iCLS Client\;C:\Program Files\Intel\iCLS Client\;C:\Windows\system32;C:\Windows;C:\Windows\System32\Wbem;C:\Windows\System32\WindowsPowerShell\v1.0\;C:\Program Files\Hewlett-Packard\SimplePass\;C:\Program Files\Intel\Intel(R) Management Engine Components\DAL;C:\Program Files\Intel\Intel(R) Management Engine Components\IPT;C:\Program Files (x86)\Intel\Intel(R) Management Engine Components\DAL;C:\Program Files (x86)\Intel\Intel(R) Management Engine Components\IPT;C:\Program Files (x86)\Windows Live\Shared;C:\Program Files\Microsoft SQL Server\110\Tools\Binn\;C:\Users\Owner\Downloads\apache-ant-1.9.4\bin;C:\Program Files\MATLAB\R2013b\runtime\win64;C:\Program Files\MATLAB\R2013b\bin;C:\Python27\;C:\Users\Owner\Downloads\android-ndk-r11c\;C:\Users\Owner\AppData\Local\Android\sdk\tools\;C:\Users\Owner\AppData\Local\Android\sdk\platform-tools\;C:\Program Files (x86)\Skype\Phone\;C:\Program Files\Git\cmd;C:\Program Files\nodejs\;C:\MinGW\bin;C:\Program Files\Java\jdk1.7.0_79\bin;C:\ProgramData\chocolatey\bin;C:\Users\Owner\AppData\Local\atom\bin;C:\Python27\;C:\Users\Owner\Downloads\android-ndk-r11c\;C:\Users\Owner\AppData\Local\Android\sdk\tools\;C:\Users\Owner\AppData\Local\Android\sdk\platform-tools;C:\Users\Owner\AppData\Roaming\npm;C:\Program Files\nodejs\
USERNAME=Arcantos
OS=Windows_NT
PROCESSOR_IDENTIFIER=Intel64 Family 6 Model 69 Stepping 1, GenuineIntel



---------------  S Y S T E M  ---------------

OS: Windows 8.1 , 64 bit Build 9600 (6.3.9600.17415)

CPU:total 4 (2 cores per cpu, 2 threads per core) family 6 model 69 stepping 1, cmov, cx8, fxsr, mmx, sse, sse2, sse3, ssse3, sse4.1, sse4.2, popcnt, avx, avx2, aes, clmul, erms, lzcnt, ht, tsc, tscinvbit, bmi1, bmi2

Memory: 4k page, physical 8317080k(941204k free), swap 11462808k(5008k free)

vm_info: Java HotSpot(TM) 64-Bit Server VM (25.40-b25) for windows-amd64 JRE (1.8.0_40-b26), built on Mar  7 2015 13:51:59 by "java_re" with MS VC++ 10.0 (VS2010)

time: Fri Jan 19 14:16:24 2018
elapsed time: 1 seconds (0d 0h 0m 1s)

