#
# There is insufficient memory for the Java Runtime Environment to continue.
# Native memory allocation (malloc) failed to allocate 1497376 bytes for Chunk::new
# Possible reasons:
#   The system is out of physical RAM or swap space
#   In 32 bit mode, the process size limit was hit
# Possible solutions:
#   Reduce memory load on the system
#   Increase physical memory or swap space
#   Check if swap backing store is full
#   Use 64 bit Java on a 64 bit OS
#   Decrease Java heap size (-Xmx/-Xms)
#   Decrease number of Java threads
#   Decrease Java thread stack sizes (-Xss)
#   Set larger code cache with -XX:ReservedCodeCacheSize=
# This output file may be truncated or incomplete.
#
#  Out of Memory Error (allocation.cpp:390), pid=8472, tid=7524
#
# JRE version: Java(TM) SE Runtime Environment (8.0_40-b26) (build 1.8.0_40-b26)
# Java VM: Java HotSpot(TM) 64-Bit Server VM (25.40-b25 mixed mode windows-amd64 compressed oops)
# Failed to write core dump. Minidumps are not enabled by default on client versions of Windows
#

---------------  T H R E A D  ---------------

Current thread (0x000000001484d000):  JavaThread "C2 CompilerThread0" daemon [_thread_in_native, id=7524, stack(0x0000000015db0000,0x0000000015eb0000)]

Stack: [0x0000000015db0000,0x0000000015eb0000]
Native frames: (J=compiled Java code, j=interpreted, Vv=VM code, C=native code)
V  [jvm.dll+0x32b47a]
V  [jvm.dll+0x2797f3]
V  [jvm.dll+0x27a489]
V  [jvm.dll+0x2717a5]
V  [jvm.dll+0xcb9a2]
V  [jvm.dll+0xcbe6c]
V  [jvm.dll+0x476ea2]
V  [jvm.dll+0x4b950f]
V  [jvm.dll+0x46b92f]
V  [jvm.dll+0x46ccbe]
V  [jvm.dll+0x4500d2]
V  [jvm.dll+0xa4312]
V  [jvm.dll+0xa4c4f]
V  [jvm.dll+0x241914]
V  [jvm.dll+0x29848a]
C  [msvcr100.dll+0x21d9f]
C  [msvcr100.dll+0x21e3b]
C  [KERNEL32.DLL+0x13d2]
C  [ntdll.dll+0x154e4]


Current CompileTask:
C2:   3362 1454   !   4       com.android.dx.cf.code.BytecodeArray::parseInstruction (2764 bytes)


---------------  P R O C E S S  ---------------

Java Threads: ( => current thread )
  0x000000001630f800 JavaThread "pool-1-thread-4" [_thread_in_Java, id=8664, stack(0x0000000016ab0000,0x0000000016bb0000)]
  0x000000001630e800 JavaThread "pool-1-thread-3" [_thread_in_Java, id=1704, stack(0x00000000169b0000,0x0000000016ab0000)]
  0x000000001630e000 JavaThread "pool-1-thread-2" [_thread_in_Java, id=6960, stack(0x00000000168b0000,0x00000000169b0000)]
  0x000000001630d000 JavaThread "pool-2-thread-1" [_thread_blocked, id=7720, stack(0x00000000167b0000,0x00000000168b0000)]
  0x0000000016304000 JavaThread "pool-1-thread-1" [_thread_in_Java, id=10276, stack(0x00000000166b0000,0x00000000167b0000)]
  0x00000000160b5800 JavaThread "Service Thread" daemon [_thread_blocked, id=10996, stack(0x00000000164b0000,0x00000000165b0000)]
  0x00000000148a9800 JavaThread "C1 CompilerThread2" daemon [_thread_blocked, id=8400, stack(0x0000000015fb0000,0x00000000160b0000)]
  0x00000000148a6800 JavaThread "C2 CompilerThread1" daemon [_thread_in_native, id=9240, stack(0x0000000015eb0000,0x0000000015fb0000)]
=>0x000000001484d000 JavaThread "C2 CompilerThread0" daemon [_thread_in_native, id=7524, stack(0x0000000015db0000,0x0000000015eb0000)]
  0x000000001484b800 JavaThread "Attach Listener" daemon [_thread_blocked, id=6080, stack(0x0000000015cb0000,0x0000000015db0000)]
  0x000000001484a800 JavaThread "Signal Dispatcher" daemon [_thread_blocked, id=5656, stack(0x0000000015bb0000,0x0000000015cb0000)]
  0x00000000020f6800 JavaThread "Finalizer" daemon [_thread_blocked, id=11948, stack(0x0000000015ab0000,0x0000000015bb0000)]
  0x00000000020ed800 JavaThread "Reference Handler" daemon [_thread_blocked, id=9860, stack(0x00000000159b0000,0x0000000015ab0000)]
  0x000000000217d800 JavaThread "main" [_thread_in_Java, id=10264, stack(0x0000000001ea0000,0x0000000001fa0000)]

Other Threads:
  0x0000000014818800 VMThread [stack: 0x00000000158b0000,0x00000000159b0000] [id=2528]
  0x00000000160b7000 WatcherThread [stack: 0x00000000165b0000,0x00000000166b0000] [id=11476]

VM state:not at safepoint (normal execution)

VM Mutex/Monitor currently owned by a thread: None

Heap:
 PSYoungGen      total 38400K, used 38184K [0x00000000eab00000, 0x00000000ef600000, 0x0000000100000000)
  eden space 33280K, 99% used [0x00000000eab00000,0x00000000ecb50638,0x00000000ecb80000)
  from space 5120K, 99% used [0x00000000ecb80000,0x00000000ed079c78,0x00000000ed080000)
  to   space 5120K, 0% used [0x00000000ef100000,0x00000000ef100000,0x00000000ef600000)
 ParOldGen       total 87552K, used 1822K [0x00000000c0000000, 0x00000000c5580000, 0x00000000eab00000)
  object space 87552K, 2% used [0x00000000c0000000,0x00000000c01c7878,0x00000000c5580000)
 Metaspace       used 6043K, capacity 7088K, committed 7296K, reserved 1056768K
  class space    used 583K, capacity 616K, committed 640K, reserved 1048576K

Card table byte_map: [0x0000000011540000,0x0000000011750000] byte_map_base: 0x0000000010f40000

Marking Bits: (ParMarkBitMap*) 0x0000000072714040
 Begin Bits: [0x0000000011cb0000, 0x0000000012cb0000)
 End Bits:   [0x0000000012cb0000, 0x0000000013cb0000)

Polling page: 0x0000000000560000

CodeCache: size=245760Kb used=6287Kb max_used=6287Kb free=239472Kb
 bounds [0x0000000002180000, 0x00000000027b0000, 0x0000000011180000]
 total_blobs=1744 nmethods=1476 adapters=181
 compilation: enabled

Compilation events (10 events):
Event: 3.302 Thread 0x00000000148a9800 1483       1       com.android.dx.cf.code.BaseMachine::auxIntArg (6 bytes)
Event: 3.302 Thread 0x00000000148a9800 nmethod 1483 0x000000000278ce90 code [0x000000000278cfe0, 0x000000000278d0f0]
Event: 3.311 Thread 0x00000000148a9800 1484       1       com.android.dx.rop.cst.CstType::getType (4 bytes)
Event: 3.311 Thread 0x00000000148a9800 nmethod 1484 0x000000000278cbd0 code [0x000000000278cd20, 0x000000000278ce30]
Event: 3.334 Thread 0x00000000148a9800 1485       3       com.android.dx.cf.code.Ropper$CatchInfo::getSetup (53 bytes)
Event: 3.334 Thread 0x00000000148a9800 nmethod 1485 0x00000000027a6d90 code [0x00000000027a6f60, 0x00000000027a7648]
Event: 3.335 Thread 0x00000000148a9800 1486       1       com.android.dx.rop.cst.TypedConstant::getFrameType (2 bytes)
Event: 3.335 Thread 0x00000000148a9800 nmethod 1486 0x00000000027a7990 code [0x00000000027a7ae0, 0x00000000027a7bf0]
Event: 3.336 Thread 0x00000000148a9800 1487       3       java.util.Arrays::copyOf (19 bytes)
Event: 3.336 Thread 0x00000000148a9800 nmethod 1487 0x00000000027a7c50 code [0x00000000027a7dc0, 0x00000000027a80e8]

GC Heap History (2 events):
Event: 2.538 GC heap before
{Heap before GC invocations=1 (full 0):
 PSYoungGen      total 38400K, used 33280K [0x00000000eab00000, 0x00000000ed580000, 0x0000000100000000)
  eden space 33280K, 100% used [0x00000000eab00000,0x00000000ecb80000,0x00000000ecb80000)
  from space 5120K, 0% used [0x00000000ed080000,0x00000000ed080000,0x00000000ed580000)
  to   space 5120K, 0% used [0x00000000ecb80000,0x00000000ecb80000,0x00000000ed080000)
 ParOldGen       total 87552K, used 0K [0x00000000c0000000, 0x00000000c5580000, 0x00000000eab00000)
  object space 87552K, 0% used [0x00000000c0000000,0x00000000c0000000,0x00000000c5580000)
 Metaspace       used 5908K, capacity 6960K, committed 7040K, reserved 1056768K
  class space    used 582K, capacity 616K, committed 640K, reserved 1048576K
Event: 2.619 GC heap after
Heap after GC invocations=1 (full 0):
 PSYoungGen      total 38400K, used 5095K [0x00000000eab00000, 0x00000000ef600000, 0x0000000100000000)
  eden space 33280K, 0% used [0x00000000eab00000,0x00000000eab00000,0x00000000ecb80000)
  from space 5120K, 99% used [0x00000000ecb80000,0x00000000ed079c78,0x00000000ed080000)
  to   space 5120K, 0% used [0x00000000ef100000,0x00000000ef100000,0x00000000ef600000)
 ParOldGen       total 87552K, used 1822K [0x00000000c0000000, 0x00000000c5580000, 0x00000000eab00000)
  object space 87552K, 2% used [0x00000000c0000000,0x00000000c01c7878,0x00000000c5580000)
 Metaspace       used 5908K, capacity 6960K, committed 7040K, reserved 1056768K
  class space    used 582K, capacity 616K, committed 640K, reserved 1048576K
}

Deoptimization events (10 events):
Event: 1.435 Thread 0x000000001630f800 Uncommon trap: reason=class_check action=maybe_recompile pc=0x0000000002417f30 method=com.android.dx.ssa.NormalSsaInsn.accept(Lcom/android/dx/ssa/SsaInsn$Visitor;)V @ 9
Event: 1.435 Thread 0x000000001630e000 Uncommon trap: reason=class_check action=maybe_recompile pc=0x0000000002460b2c method=com.android.dx.ssa.NormalSsaInsn.accept(Lcom/android/dx/ssa/SsaInsn$Visitor;)V @ 9
Event: 2.337 Thread 0x0000000016304000 Uncommon trap: reason=unstable_if action=reinterpret pc=0x000000000252c15c method=com.android.dx.ssa.SsaMethod.updateOneDefinition(Lcom/android/dx/ssa/SsaInsn;Lcom/android/dx/rop/code/RegisterSpec;)V @ 4
Event: 2.824 Thread 0x000000001630e000 Uncommon trap: reason=bimorphic action=maybe_recompile pc=0x000000000266cfd8 method=com.android.dx.cf.code.BytecodeArray.parseInstruction(ILcom/android/dx/cf/code/BytecodeArray$Visitor;)I @ 2484
Event: 2.824 Thread 0x000000001630e000 Uncommon trap: reason=bimorphic action=maybe_recompile pc=0x000000000266cfd8 method=com.android.dx.cf.code.BytecodeArray.parseInstruction(ILcom/android/dx/cf/code/BytecodeArray$Visitor;)I @ 2484
Event: 2.824 Thread 0x000000001630e000 Uncommon trap: reason=unstable_if action=reinterpret pc=0x00000000025d783c method=com.android.dx.util.IntList.binarysearch(I)I @ 105
Event: 2.859 Thread 0x000000001630f800 Uncommon trap: reason=bimorphic action=maybe_recompile pc=0x000000000266cd2c method=com.android.dx.cf.code.BytecodeArray.parseInstruction(ILcom/android/dx/cf/code/BytecodeArray$Visitor;)I @ 2281
Event: 2.860 Thread 0x000000001630f800 Uncommon trap: reason=bimorphic action=maybe_recompile pc=0x000000000266cd2c method=com.android.dx.cf.code.BytecodeArray.parseInstruction(ILcom/android/dx/cf/code/BytecodeArray$Visitor;)I @ 2281
Event: 3.212 Thread 0x000000000217d800 Uncommon trap: reason=unstable_if action=reinterpret pc=0x000000000267d1a0 method=com.android.dx.ssa.SCCP.simulateStmt(Lcom/android/dx/ssa/SsaInsn;)V @ 53
Event: 3.219 Thread 0x000000001630e800 Uncommon trap: reason=bimorphic action=maybe_recompile pc=0x0000000002770038 method=com.android.dx.ssa.SCCP.setLatticeValueTo(IILcom/android/dx/rop/cst/Constant;)Z @ 43

Internal exceptions (2 events):
Event: 0.114 Thread 0x000000000217d800 Exception <a 'java/lang/NoSuchMethodError': Method sun.misc.Unsafe.defineClass(Ljava/lang/String;[BII)Ljava/lang/Class; name or signature does not match> (0x00000000eab0d960) thrown at [D:\re\workspace\8-2-build-windows-amd64-cygwin\jdk8u40\3098\hotspot\sr≈ÙhPΩ?
Event: 0.114 Thread 0x000000000217d800 Exception <a 'java/lang/NoSuchMethodError': Method sun.misc.Unsafe.prefetchRead(Ljava/lang/Object;J)V name or signature does not match> (0x00000000eab0dbf0) thrown at [D:\re\workspace\8-2-build-windows-amd64-cygwin\jdk8u40\3098\hotspot\src\share\vm\prims\j

Events (10 events):
Event: 2.859 Thread 0x000000001630f800 DEOPT UNPACKING pc=0x00000000021c582a sp=0x0000000016bae7f0 mode 2
Event: 2.860 Thread 0x000000001630f800 Uncommon trap: trap_request=0xffffffc6 fr.pc=0x000000000266cd2c
Event: 2.860 Thread 0x000000001630f800 DEOPT PACKING pc=0x000000000266cd2c sp=0x0000000016bae630
Event: 2.860 Thread 0x000000001630f800 DEOPT UNPACKING pc=0x00000000021c582a sp=0x0000000016bae5b0 mode 2
Event: 3.212 Thread 0x000000000217d800 Uncommon trap: trap_request=0xffffff65 fr.pc=0x000000000267d1a0
Event: 3.212 Thread 0x000000000217d800 DEOPT PACKING pc=0x000000000267d1a0 sp=0x0000000001f9e780
Event: 3.212 Thread 0x000000000217d800 DEOPT UNPACKING pc=0x00000000021c582a sp=0x0000000001f9e778 mode 2
Event: 3.219 Thread 0x000000001630e800 Uncommon trap: trap_request=0xffffffc6 fr.pc=0x0000000002770038
Event: 3.219 Thread 0x000000001630e800 DEOPT PACKING pc=0x0000000002770038 sp=0x0000000016aae7d0
Event: 3.219 Thread 0x000000001630e800 DEOPT UNPACKING pc=0x00000000021c582a sp=0x0000000016aae738 mode 2


Dynamic libraries:
0x00007ff7446e0000 - 0x00007ff744717000 	C:\Program Files\Java\jdk1.8.0_40\bin\java.exe
0x00007fff68db0000 - 0x00007fff68f5d000 	C:\Windows\SYSTEM32\ntdll.dll
0x00007fff66540000 - 0x00007fff6667e000 	C:\Windows\system32\KERNEL32.DLL
0x00007fff65fd0000 - 0x00007fff660e5000 	C:\Windows\system32\KERNELBASE.dll
0x00007fff64a60000 - 0x00007fff64aee000 	C:\Windows\system32\apphelp.dll
0x00007fff536e0000 - 0x00007fff53733000 	C:\Windows\AppPatch\AppPatch64\AcGenral.DLL
0x00007fff66490000 - 0x00007fff6653a000 	C:\Windows\system32\msvcrt.dll
0x00007fff65d30000 - 0x00007fff65d5e000 	C:\Windows\SYSTEM32\SspiCli.dll
0x00007fff67300000 - 0x00007fff67354000 	C:\Windows\system32\SHLWAPI.dll
0x00007fff66680000 - 0x00007fff667f7000 	C:\Windows\system32\USER32.dll
0x00007fff66e10000 - 0x00007fff66fa4000 	C:\Windows\system32\ole32.dll
0x00007fff676b0000 - 0x00007fff68bda000 	C:\Windows\system32\SHELL32.dll
0x00007fff65460000 - 0x00007fff65481000 	C:\Windows\SYSTEM32\USERENV.dll
0x00007fff67180000 - 0x00007fff6722a000 	C:\Windows\system32\ADVAPI32.dll
0x00007fff50ac0000 - 0x00007fff50ade000 	C:\Windows\SYSTEM32\MPR.dll
0x00007fff66fc0000 - 0x00007fff67101000 	C:\Windows\system32\RPCRT4.dll
0x00007fff66430000 - 0x00007fff66489000 	C:\Windows\SYSTEM32\sechost.dll
0x00007fff66aa0000 - 0x00007fff66cb1000 	C:\Windows\SYSTEM32\combase.dll
0x00007fff66cc0000 - 0x00007fff66e0f000 	C:\Windows\system32\GDI32.dll
0x00007fff65f00000 - 0x00007fff65f15000 	C:\Windows\SYSTEM32\profapi.dll
0x00007fff64270000 - 0x00007fff64322000 	C:\Windows\SYSTEM32\SHCORE.dll
0x00007fff66a00000 - 0x00007fff66a36000 	C:\Windows\system32\IMM32.DLL
0x00007fff67370000 - 0x00007fff674c2000 	C:\Windows\system32\MSCTF.dll
0x00007fff63910000 - 0x00007fff63b8a000 	C:\Windows\WinSxS\amd64_microsoft.windows.common-controls_6595b64144ccf1df_6.0.9600.17810_none_6240b9c7ecbd0bda\COMCTL32.dll
0x00000000727a0000 - 0x0000000072872000 	C:\Program Files\Java\jdk1.8.0_40\jre\bin\msvcr100.dll
0x0000000071f10000 - 0x0000000072793000 	C:\Program Files\Java\jdk1.8.0_40\jre\bin\server\jvm.dll
0x00007fff531d0000 - 0x00007fff531d9000 	C:\Windows\SYSTEM32\WSOCK32.dll
0x00007fff602f0000 - 0x00007fff60312000 	C:\Windows\SYSTEM32\WINMM.dll
0x00007fff605b0000 - 0x00007fff605ba000 	C:\Windows\SYSTEM32\VERSION.dll
0x00007fff66fb0000 - 0x00007fff66fb7000 	C:\Windows\system32\PSAPI.DLL
0x00007fff66980000 - 0x00007fff669da000 	C:\Windows\system32\WS2_32.dll
0x00007fff602c0000 - 0x00007fff602ea000 	C:\Windows\SYSTEM32\WINMMBASE.dll
0x00007fff68da0000 - 0x00007fff68da9000 	C:\Windows\system32\NSI.dll
0x00007fff660f0000 - 0x00007fff6613f000 	C:\Windows\SYSTEM32\cfgmgr32.dll
0x00007fff64cf0000 - 0x00007fff64d18000 	C:\Windows\SYSTEM32\DEVOBJ.dll
0x00000000741f0000 - 0x00000000741ff000 	C:\Program Files\Java\jdk1.8.0_40\jre\bin\verify.dll
0x0000000071ee0000 - 0x0000000071f09000 	C:\Program Files\Java\jdk1.8.0_40\jre\bin\java.dll
0x0000000071ec0000 - 0x0000000071ed6000 	C:\Program Files\Java\jdk1.8.0_40\jre\bin\zip.dll
0x00007fff51590000 - 0x00007fff51719000 	C:\Windows\SYSTEM32\dbghelp.dll

VM Arguments:
jvm_args: -Djava.awt.headless=true -Xmx1024M -Dfile.encoding=windows-1252 -Duser.country=US -Duser.language=en -Duser.variant 
java_command: com.android.dx.command.Main --dex --num-threads=4 --output C:\Users\Owner\AndroidStudioProjects\TawatTrip\app\build\intermediates\pre-dexed\debug\com.google.android.gms-play-services-base-10.2.1_eeaae85229131164b8c8cee4aece898d75e08527.jar C:\Users\Owner\AndroidStudioProjects\TawatTrip\app\build\intermediates\exploded-aar\com.google.android.gms\play-services-base\10.2.1\jars\classes.jar
java_class_path (initial): C:\Users\Owner\AppData\Local\Android\sdk\build-tools\23.0.1\lib\dx.jar
Launcher Type: SUN_STANDARD

Environment Variables:
JAVA_HOME=C:\Program Files\Java\jdk1.8.0_40
PATH=C:\MinGW\bin;C:\Program Files\Java\jdk1.7.0_79\bin;C:\ProgramData\Oracle\Java\javapath;C:\Program Files (x86)\Intel\iCLS Client\;C:\Program Files\Intel\iCLS Client\;C:\Windows\system32;C:\Windows;C:\Windows\System32\Wbem;C:\Windows\System32\WindowsPowerShell\v1.0\;C:\Program Files\Hewlett-Packard\SimplePass\;C:\Program Files\Intel\Intel(R) Management Engine Components\DAL;C:\Program Files\Intel\Intel(R) Management Engine Components\IPT;C:\Program Files (x86)\Intel\Intel(R) Management Engine Components\DAL;C:\Program Files (x86)\Intel\Intel(R) Management Engine Components\IPT;C:\Program Files (x86)\Windows Live\Shared;C:\Program Files\Microsoft SQL Server\110\Tools\Binn\;C:\Users\Owner\Downloads\apache-ant-1.9.4\bin;C:\Program Files\MATLAB\R2013b\runtime\win64;C:\Program Files\MATLAB\R2013b\bin;C:\Python27\;C:\Users\Owner\Downloads\android-ndk-r11c\;C:\Users\Owner\AppData\Local\Android\sdk\tools\;C:\Users\Owner\AppData\Local\Android\sdk\platform-tools\;C:\Program Files (x86)\Skype\Phone\;C:\Program Files\nodejs\;C:\Program Files\Git\cmd;C:\MinGW\bin;C:\Program Files\Java\jdk1.7.0_79\bin;C:\ProgramData\chocolatey\bin;C:\Users\Owner\AppData\Local\atom\bin;C:\Python27\;C:\Users\Owner\Downloads\android-ndk-r11c\;C:\Users\Owner\AppData\Local\Android\sdk\tools\;C:\Users\Owner\AppData\Local\Android\sdk\platform-tools;C:\Users\Owner\AppData\Roaming\npm
USERNAME=Owner
OS=Windows_NT
PROCESSOR_IDENTIFIER=Intel64 Family 6 Model 69 Stepping 1, GenuineIntel



---------------  S Y S T E M  ---------------

OS: Windows 8.1 , 64 bit Build 9600 (6.3.9600.17415)

CPU:total 4 (2 cores per cpu, 2 threads per core) family 6 model 69 stepping 1, cmov, cx8, fxsr, mmx, sse, sse2, sse3, ssse3, sse4.1, sse4.2, popcnt, avx, avx2, aes, clmul, erms, lzcnt, ht, tsc, tscinvbit, bmi1, bmi2

Memory: 4k page, physical 8317080k(1098260k free), swap 11462808k(5156k free)

vm_info: Java HotSpot(TM) 64-Bit Server VM (25.40-b25) for windows-amd64 JRE (1.8.0_40-b26), built on Mar  7 2015 13:51:59 by "java_re" with MS VC++ 10.0 (VS2010)

time: Sun Oct 22 17:27:01 2017
elapsed time: 3 seconds (0d 0h 0m 3s)

