#
# There is insufficient memory for the Java Runtime Environment to continue.
# Native memory allocation (malloc) failed to allocate 312976 bytes for Chunk::new
# Possible reasons:
#   The system is out of physical RAM or swap space
#   In 32 bit mode, the process size limit was hit
# Possible solutions:
#   Reduce memory load on the system
#   Increase physical memory or swap space
#   Check if swap backing store is full
#   Use 64 bit Java on a 64 bit OS
#   Decrease Java heap size (-Xmx/-Xms)
#   Decrease number of Java threads
#   Decrease Java thread stack sizes (-Xss)
#   Set larger code cache with -XX:ReservedCodeCacheSize=
# This output file may be truncated or incomplete.
#
#  Out of Memory Error (allocation.cpp:390), pid=7760, tid=11060
#
# JRE version: Java(TM) SE Runtime Environment (8.0_40-b26) (build 1.8.0_40-b26)
# Java VM: Java HotSpot(TM) 64-Bit Server VM (25.40-b25 mixed mode windows-amd64 compressed oops)
# Failed to write core dump. Minidumps are not enabled by default on client versions of Windows
#

---------------  T H R E A D  ---------------

Current thread (0x000000001bdfe800):  JavaThread "C2 CompilerThread0" daemon [_thread_in_native, id=11060, stack(0x000000001d350000,0x000000001d450000)]

Stack: [0x000000001d350000,0x000000001d450000]
Native frames: (J=compiled Java code, j=interpreted, Vv=VM code, C=native code)
V  [jvm.dll+0x32b47a]


Current CompileTask:
C2:   4223 1327       4       com.android.dx.ssa.SsaMethod::computeReachability (131 bytes)


---------------  P R O C E S S  ---------------

Java Threads: ( => current thread )
  0x000000001d89f000 JavaThread "pool-1-thread-4" [_thread_in_Java, id=10244, stack(0x000000001e050000,0x000000001e150000)]
  0x000000001d89d800 JavaThread "pool-1-thread-3" [_thread_in_Java, id=10776, stack(0x000000001df50000,0x000000001e050000)]
  0x000000001d89c000 JavaThread "pool-1-thread-2" [_thread_in_Java, id=3488, stack(0x000000001de50000,0x000000001df50000)]
  0x000000001d7a2000 JavaThread "pool-2-thread-1" [_thread_blocked, id=10608, stack(0x000000001dd50000,0x000000001de50000)]
  0x000000001d7a5000 JavaThread "pool-1-thread-1" [_thread_in_Java, id=10604, stack(0x000000001dc50000,0x000000001dd50000)]
  0x000000001d657000 JavaThread "Service Thread" daemon [_thread_blocked, id=10860, stack(0x000000001da50000,0x000000001db50000)]
  0x000000001be5e000 JavaThread "C1 CompilerThread2" daemon [_thread_blocked, id=4864, stack(0x000000001d550000,0x000000001d650000)]
  0x000000001be4f800 JavaThread "C2 CompilerThread1" daemon [_thread_in_native, id=10816, stack(0x000000001d450000,0x000000001d550000)]
=>0x000000001bdfe800 JavaThread "C2 CompilerThread0" daemon [_thread_in_native, id=11060, stack(0x000000001d350000,0x000000001d450000)]
  0x000000001bdfc800 JavaThread "Attach Listener" daemon [_thread_blocked, id=3476, stack(0x000000001d250000,0x000000001d350000)]
  0x000000001bdfb000 JavaThread "Signal Dispatcher" daemon [_thread_blocked, id=7304, stack(0x000000001d150000,0x000000001d250000)]
  0x0000000001216800 JavaThread "Finalizer" daemon [_thread_blocked, id=10156, stack(0x000000001d050000,0x000000001d150000)]
  0x000000000120e000 JavaThread "Reference Handler" daemon [_thread_blocked, id=9068, stack(0x000000001cf50000,0x000000001d050000)]
  0x0000000000cbd800 JavaThread "main" [_thread_in_Java, id=3432, stack(0x0000000000cc0000,0x0000000000dc0000)]

Other Threads:
  0x000000001bdc7800 VMThread [stack: 0x000000001ce50000,0x000000001cf50000] [id=8228]
  0x000000001d658000 WatcherThread [stack: 0x000000001db50000,0x000000001dc50000] [id=11064]

VM state:not at safepoint (normal execution)

VM Mutex/Monitor currently owned by a thread: None

Heap:
 PSYoungGen      total 38400K, used 23209K [0x000000076ab00000, 0x000000076d580000, 0x00000007c0000000)
  eden space 33280K, 54% used [0x000000076ab00000,0x000000076bcac2a8,0x000000076cb80000)
  from space 5120K, 99% used [0x000000076cb80000,0x000000076d07e360,0x000000076d080000)
  to   space 5120K, 0% used [0x000000076d080000,0x000000076d080000,0x000000076d580000)
 ParOldGen       total 87552K, used 977K [0x00000006c0000000, 0x00000006c5580000, 0x000000076ab00000)
  object space 87552K, 1% used [0x00000006c0000000,0x00000006c00f47c0,0x00000006c5580000)
 Metaspace       used 5940K, capacity 7024K, committed 7296K, reserved 1056768K
  class space    used 586K, capacity 616K, committed 640K, reserved 1048576K

Card table byte_map: [0x00000000015e0000,0x0000000001df0000] byte_map_base: 0xfffffffffdfe0000

Marking Bits: (ParMarkBitMap*) 0x0000000066bd4040
 Begin Bits: [0x0000000012c60000, 0x0000000016c60000)
 End Bits:   [0x0000000016c60000, 0x000000001ac60000)

Polling page: 0x0000000000b60000

CodeCache: size=245760Kb used=5676Kb max_used=5676Kb free=240083Kb
 bounds [0x0000000003400000, 0x0000000003990000, 0x0000000012400000]
 total_blobs=1642 nmethods=1371 adapters=183
 compilation: disabled (not enough contiguous free space left)

Compilation events (10 events):
Event: 4.117 Thread 0x000000001be5e000 1328       1       java.util.HashMap$Node::getValue (5 bytes)
Event: 4.117 Thread 0x000000001be5e000 nmethod 1328 0x0000000003951110 code [0x0000000003951260, 0x0000000003951370]
Event: 4.119 Thread 0x000000001be4f800 nmethod 1331 0x0000000003954210 code [0x0000000003954360, 0x0000000003954598]
Event: 4.119 Thread 0x000000001be4f800 1324       4       com.android.dx.ssa.SsaMethod$2::addToUses (48 bytes)
Event: 4.119 Thread 0x000000001be5e000 1335   !   3       com.android.dx.cf.attrib.AttCode::<init> (144 bytes)
Event: 4.120 Thread 0x000000001be5e000 nmethod 1335 0x0000000003952ed0 code [0x0000000003953100, 0x0000000003953bc8]
Event: 4.120 Thread 0x000000001be5e000 1336       3       com.android.dx.cf.attrib.AttCode::byteLength (29 bytes)
Event: 4.120 Thread 0x000000001be5e000 nmethod 1336 0x0000000003951e10 code [0x0000000003951fe0, 0x0000000003952a78]
Event: 4.121 Thread 0x000000001be5e000 1337       3       com.android.dx.cf.attrib.AttLineNumberTable::byteLength (13 bytes)
Event: 4.121 Thread 0x000000001be5e000 nmethod 1337 0x0000000003951950 code [0x0000000003951ac0, 0x0000000003951d10]

GC Heap History (2 events):
Event: 3.568 GC heap before
{Heap before GC invocations=1 (full 0):
 PSYoungGen      total 38400K, used 33280K [0x000000076ab00000, 0x000000076d580000, 0x00000007c0000000)
  eden space 33280K, 100% used [0x000000076ab00000,0x000000076cb80000,0x000000076cb80000)
  from space 5120K, 0% used [0x000000076d080000,0x000000076d080000,0x000000076d580000)
  to   space 5120K, 0% used [0x000000076cb80000,0x000000076cb80000,0x000000076d080000)
 ParOldGen       total 87552K, used 0K [0x00000006c0000000, 0x00000006c5580000, 0x000000076ab00000)
  object space 87552K, 0% used [0x00000006c0000000,0x00000006c0000000,0x00000006c5580000)
 Metaspace       used 5905K, capacity 6960K, committed 7040K, reserved 1056768K
  class space    used 585K, capacity 616K, committed 640K, reserved 1048576K
Event: 4.057 GC heap after
Heap after GC invocations=1 (full 0):
 PSYoungGen      total 38400K, used 5112K [0x000000076ab00000, 0x000000076d580000, 0x00000007c0000000)
  eden space 33280K, 0% used [0x000000076ab00000,0x000000076ab00000,0x000000076cb80000)
  from space 5120K, 99% used [0x000000076cb80000,0x000000076d07e360,0x000000076d080000)
  to   space 5120K, 0% used [0x000000076d080000,0x000000076d080000,0x000000076d580000)
 ParOldGen       total 87552K, used 977K [0x00000006c0000000, 0x00000006c5580000, 0x000000076ab00000)
  object space 87552K, 1% used [0x00000006c0000000,0x00000006c00f47c0,0x00000006c5580000)
 Metaspace       used 5905K, capacity 6960K, committed 7040K, reserved 1056768K
  class space    used 585K, capacity 616K, committed 640K, reserved 1048576K
}

Deoptimization events (7 events):
Event: 1.503 Thread 0x0000000000cbd800 Uncommon trap: reason=unstable_if action=reinterpret pc=0x00000000035f5df4 method=java.util.BitSet.nextSetBit(I)I @ 87
Event: 1.728 Thread 0x000000001d89f000 Uncommon trap: reason=unstable_if action=reinterpret pc=0x0000000003685338 method=java.util.BitSet.ensureCapacity(I)V @ 6
Event: 2.016 Thread 0x000000001d7a5000 Uncommon trap: reason=null_check action=make_not_entrant pc=0x0000000003734360 method=com.android.dx.ssa.SsaRenamer.getLocalForNewReg(I)Lcom/android/dx/rop/code/LocalItem; @ 19
Event: 2.268 Thread 0x0000000000cbd800 Uncommon trap: reason=unstable_if action=reinterpret pc=0x00000000037f2028 method=com.android.dx.ssa.SsaRenamer$BlockRenamer.addMapping(ILcom/android/dx/rop/code/RegisterSpec;)V @ 120
Event: 2.327 Thread 0x000000001d89c000 Uncommon trap: reason=unstable_if action=reinterpret pc=0x00000000037c511c method=com.android.dx.rop.cst.Constant.compareTo(Lcom/android/dx/rop/cst/Constant;)I @ 12
Event: 2.340 Thread 0x000000001d89c000 Uncommon trap: reason=unstable_if action=reinterpret pc=0x00000000037f6878 method=com.android.dx.rop.code.RegisterSpecSet.put(Lcom/android/dx/rop/code/RegisterSpec;)V @ 77
Event: 2.340 Thread 0x000000001d89c000 Uncommon trap: reason=unstable_if action=reinterpret pc=0x00000000037ff878 method=com.android.dx.rop.code.RegisterSpecSet.put(Lcom/android/dx/rop/code/RegisterSpec;)V @ 77

Internal exceptions (3 events):
Event: 0.067 Thread 0x0000000000cbd800 Exception <a 'java/lang/NoSuchMethodError': Method sun.misc.Unsafe.defineClass(Ljava/lang/String;[BII)Ljava/lang/Class; name or signature does not match> (0x000000076ab0d6c0) thrown at [D:\re\workspace\8-2-build-windows-amd64-cygwin\jdk8u40\3098\hotspot\srn3*©±?
Event: 0.067 Thread 0x0000000000cbd800 Exception <a 'java/lang/NoSuchMethodError': Method sun.misc.Unsafe.prefetchRead(Ljava/lang/Object;J)V name or signature does not match> (0x000000076ab0d950) thrown at [D:\re\workspace\8-2-build-windows-amd64-cygwin\jdk8u40\3098\hotspot\src\share\vm\prims\j¯kñÉs 
Event: 2.016 Thread 0x000000001d7a5000 Implicit null exception at 0x0000000003731af2 to 0x0000000003734315

Events (10 events):
Event: 2.512 Thread 0x000000001d7a5000 DEOPT PACKING pc=0x0000000003699c67 sp=0x000000001dd4e7e0
Event: 2.512 Thread 0x000000001d7a5000 DEOPT UNPACKING pc=0x000000000344787f sp=0x000000001dd4e5c0 mode 0
Event: 2.523 loading class com/android/dx/dex/file/UniformListItem
Event: 2.523 loading class com/android/dx/dex/file/UniformListItem done
Event: 2.525 loading class com/android/dx/dex/file/AnnotationSetRefItem
Event: 2.525 loading class com/android/dx/dex/file/AnnotationSetRefItem done
Event: 3.568 Executing VM operation: ParallelGCFailedAllocation
Event: 4.058 Executing VM operation: ParallelGCFailedAllocation done
Event: 4.108 Thread 0x000000001d89f000 DEOPT PACKING pc=0x000000000365b6b2 sp=0x000000001e14e800
Event: 4.108 Thread 0x000000001d89f000 DEOPT UNPACKING pc=0x000000000344787f sp=0x000000001e14e568 mode 0


Dynamic libraries:
0x00007ff7cf790000 - 0x00007ff7cf7c7000 	C:\Program Files\Java\jdk1.8.0_40\bin\java.exe
0x00007fff3e760000 - 0x00007fff3e90d000 	C:\Windows\SYSTEM32\ntdll.dll
0x00007fff3d6f0000 - 0x00007fff3d82e000 	C:\Windows\system32\KERNEL32.DLL
0x00007fff3bcc0000 - 0x00007fff3bdd5000 	C:\Windows\system32\KERNELBASE.dll
0x00007fff3a410000 - 0x00007fff3a49e000 	C:\Windows\system32\apphelp.dll
0x00007fff27ca0000 - 0x00007fff27cf3000 	C:\Windows\AppPatch\AppPatch64\AcGenral.DLL
0x00007fff3c110000 - 0x00007fff3c1ba000 	C:\Windows\system32\msvcrt.dll
0x00007fff3b6e0000 - 0x00007fff3b70e000 	C:\Windows\SYSTEM32\SspiCli.dll
0x00007fff3e240000 - 0x00007fff3e294000 	C:\Windows\system32\SHLWAPI.dll
0x00007fff3e2a0000 - 0x00007fff3e417000 	C:\Windows\system32\USER32.dll
0x00007fff3e5c0000 - 0x00007fff3e754000 	C:\Windows\system32\ole32.dll
0x00007fff3c1c0000 - 0x00007fff3d6ea000 	C:\Windows\system32\SHELL32.dll
0x00007fff3aeb0000 - 0x00007fff3aed1000 	C:\Windows\SYSTEM32\USERENV.dll
0x00007fff3e190000 - 0x00007fff3e23a000 	C:\Windows\system32\ADVAPI32.dll
0x00007fff248a0000 - 0x00007fff248be000 	C:\Windows\SYSTEM32\MPR.dll
0x00007fff3d830000 - 0x00007fff3d971000 	C:\Windows\system32\RPCRT4.dll
0x00007fff3d980000 - 0x00007fff3d9d9000 	C:\Windows\SYSTEM32\sechost.dll
0x00007fff3de80000 - 0x00007fff3e091000 	C:\Windows\SYSTEM32\combase.dll
0x00007fff3bde0000 - 0x00007fff3bf2f000 	C:\Windows\system32\GDI32.dll
0x00007fff3b8b0000 - 0x00007fff3b8c5000 	C:\Windows\SYSTEM32\profapi.dll
0x00007fff39a50000 - 0x00007fff39b02000 	C:\Windows\SYSTEM32\SHCORE.dll
0x00007fff3d9e0000 - 0x00007fff3da16000 	C:\Windows\system32\IMM32.DLL
0x00007fff3bf30000 - 0x00007fff3c082000 	C:\Windows\system32\MSCTF.dll
0x00007fff378b0000 - 0x00007fff37b2a000 	C:\Windows\WinSxS\amd64_microsoft.windows.common-controls_6595b64144ccf1df_6.0.9600.17810_none_6240b9c7ecbd0bda\COMCTL32.dll
0x0000000066c60000 - 0x0000000066d32000 	C:\Program Files\Java\jdk1.8.0_40\jre\bin\msvcr100.dll
0x00000000663d0000 - 0x0000000066c53000 	C:\Program Files\Java\jdk1.8.0_40\jre\bin\server\jvm.dll
0x00007fff276b0000 - 0x00007fff276b9000 	C:\Windows\SYSTEM32\WSOCK32.dll
0x00007fff35680000 - 0x00007fff356a2000 	C:\Windows\SYSTEM32\WINMM.dll
0x00007fff352d0000 - 0x00007fff352da000 	C:\Windows\SYSTEM32\VERSION.dll
0x00007fff3e5b0000 - 0x00007fff3e5b7000 	C:\Windows\system32\PSAPI.DLL
0x00007fff3c0b0000 - 0x00007fff3c10a000 	C:\Windows\system32\WS2_32.dll
0x00007fff35650000 - 0x00007fff3567a000 	C:\Windows\SYSTEM32\WINMMBASE.dll
0x00007fff3e180000 - 0x00007fff3e189000 	C:\Windows\system32\NSI.dll
0x00007fff3bc70000 - 0x00007fff3bcbf000 	C:\Windows\SYSTEM32\cfgmgr32.dll
0x00007fff3a6a0000 - 0x00007fff3a6c8000 	C:\Windows\SYSTEM32\DEVOBJ.dll
0x00000000663c0000 - 0x00000000663cf000 	C:\Program Files\Java\jdk1.8.0_40\jre\bin\verify.dll
0x0000000066390000 - 0x00000000663b9000 	C:\Program Files\Java\jdk1.8.0_40\jre\bin\java.dll
0x0000000066370000 - 0x0000000066386000 	C:\Program Files\Java\jdk1.8.0_40\jre\bin\zip.dll
0x00007fff26360000 - 0x00007fff264e9000 	C:\Windows\SYSTEM32\dbghelp.dll

VM Arguments:
jvm_args: -Djava.awt.headless=true -Xmx4g -Dfile.encoding=windows-1252 -Duser.country=US -Duser.language=en -Duser.variant 
java_command: com.android.dx.command.Main --dex --force-jumbo --num-threads=4 --output C:\Users\Owner\AndroidStudioProjects\TawatTrip\app\build\intermediates\pre-dexed\debug\com.android.support-support-core-utils-25.2.0_fad41e8799d8668b4758627b32dcff0c98c971b2.jar C:\Users\Owner\AndroidStudioProjects\TawatTrip\app\build\intermediates\exploded-aar\com.android.support\support-core-utils\25.2.0\jars\classes.jar
java_class_path (initial): C:\Users\Owner\AppData\Local\Android\sdk\build-tools\23.0.1\lib\dx.jar
Launcher Type: SUN_STANDARD

Environment Variables:
JAVA_HOME=C:\Program Files\Java\jdk1.8.0_40
PATH=C:\MinGW\bin;C:\Program Files\Java\jdk1.7.0_79\bin;C:\Program Files (x86)\Intel\iCLS Client\;C:\Program Files\Intel\iCLS Client\;C:\Windows\system32;C:\Windows;C:\Windows\System32\Wbem;C:\Windows\System32\WindowsPowerShell\v1.0\;C:\Program Files\Hewlett-Packard\SimplePass\;C:\Program Files\Intel\Intel(R) Management Engine Components\DAL;C:\Program Files\Intel\Intel(R) Management Engine Components\IPT;C:\Program Files (x86)\Intel\Intel(R) Management Engine Components\DAL;C:\Program Files (x86)\Intel\Intel(R) Management Engine Components\IPT;C:\Program Files (x86)\Windows Live\Shared;C:\Program Files\Microsoft SQL Server\110\Tools\Binn\;C:\Users\Owner\Downloads\apache-ant-1.9.4\bin;C:\Program Files\MATLAB\R2013b\runtime\win64;C:\Program Files\MATLAB\R2013b\bin;C:\Python27\;C:\Users\Owner\Downloads\android-ndk-r11c\;C:\Users\Owner\AppData\Local\Android\sdk\tools\;C:\Users\Owner\AppData\Local\Android\sdk\platform-tools\;C:\Program Files (x86)\Skype\Phone\;C:\Program Files\Git\cmd;C:\Program Files\nodejs\;C:\MinGW\bin;C:\Program Files\Java\jdk1.7.0_79\bin;C:\ProgramData\chocolatey\bin;C:\Users\Owner\AppData\Local\atom\bin;C:\Python27\;C:\Users\Owner\Downloads\android-ndk-r11c\;C:\Users\Owner\AppData\Local\Android\sdk\tools\;C:\Users\Owner\AppData\Local\Android\sdk\platform-tools;C:\Users\Owner\AppData\Roaming\npm;C:\Program Files\nodejs\
USERNAME=Arcantos
OS=Windows_NT
PROCESSOR_IDENTIFIER=Intel64 Family 6 Model 69 Stepping 1, GenuineIntel



---------------  S Y S T E M  ---------------

OS: Windows 8.1 , 64 bit Build 9600 (6.3.9600.17415)

CPU:total 4 (2 cores per cpu, 2 threads per core) family 6 model 69 stepping 1, cmov, cx8, fxsr, mmx, sse, sse2, sse3, ssse3, sse4.1, sse4.2, popcnt, avx, avx2, aes, clmul, erms, lzcnt, ht, tsc, tscinvbit, bmi1, bmi2

Memory: 4k page, physical 8317080k(844296k free), swap 11462808k(5032k free)

vm_info: Java HotSpot(TM) 64-Bit Server VM (25.40-b25) for windows-amd64 JRE (1.8.0_40-b26), built on Mar  7 2015 13:51:59 by "java_re" with MS VC++ 10.0 (VS2010)

time: Fri Jan 19 14:16:11 2018
elapsed time: 4 seconds (0d 0h 0m 4s)

