#
# There is insufficient memory for the Java Runtime Environment to continue.
# Native memory allocation (malloc) failed to allocate 181616 bytes for Chunk::new
# Possible reasons:
#   The system is out of physical RAM or swap space
#   In 32 bit mode, the process size limit was hit
# Possible solutions:
#   Reduce memory load on the system
#   Increase physical memory or swap space
#   Check if swap backing store is full
#   Use 64 bit Java on a 64 bit OS
#   Decrease Java heap size (-Xmx/-Xms)
#   Decrease number of Java threads
#   Decrease Java thread stack sizes (-Xss)
#   Set larger code cache with -XX:ReservedCodeCacheSize=
# This output file may be truncated or incomplete.
#
#  Out of Memory Error (allocation.cpp:390), pid=10704, tid=11180
#
# JRE version: Java(TM) SE Runtime Environment (8.0_40-b26) (build 1.8.0_40-b26)
# Java VM: Java HotSpot(TM) 64-Bit Server VM (25.40-b25 mixed mode windows-amd64 compressed oops)
# Failed to write core dump. Minidumps are not enabled by default on client versions of Windows
#

---------------  T H R E A D  ---------------

Current thread (0x000000001b7b6800):  JavaThread "C2 CompilerThread1" daemon [_thread_in_native, id=11180, stack(0x000000001cdc0000,0x000000001cec0000)]

Stack: [0x000000001cdc0000,0x000000001cec0000]
Native frames: (J=compiled Java code, j=interpreted, Vv=VM code, C=native code)
V  [jvm.dll+0x32b47a]


Current CompileTask:
C2:   3685  807   !   4       com.android.dx.rop.code.RegisterSpec::intern (70 bytes)


---------------  P R O C E S S  ---------------

Java Threads: ( => current thread )
  0x000000001d20b800 JavaThread "pool-2-thread-4" [_thread_in_vm, id=11092, stack(0x000000001d9c0000,0x000000001dac0000)]
  0x000000001d20a800 JavaThread "pool-2-thread-3" [_thread_in_Java, id=11088, stack(0x000000001d8c0000,0x000000001d9c0000)]
  0x000000001d208000 JavaThread "pool-2-thread-2" [_thread_in_Java, id=10636, stack(0x000000001d7c0000,0x000000001d8c0000)]
  0x000000001d125800 JavaThread "pool-3-thread-1" [_thread_blocked, id=8228, stack(0x000000001d6c0000,0x000000001d7c0000)]
  0x000000001d11e000 JavaThread "pool-2-thread-1" [_thread_in_Java, id=2180, stack(0x000000001d5c0000,0x000000001d6c0000)]
  0x000000001cfc6000 JavaThread "Service Thread" daemon [_thread_blocked, id=9416, stack(0x000000001d3c0000,0x000000001d4c0000)]
  0x000000001b7b9800 JavaThread "C1 CompilerThread2" daemon [_thread_in_native, id=9352, stack(0x000000001cec0000,0x000000001cfc0000)]
=>0x000000001b7b6800 JavaThread "C2 CompilerThread1" daemon [_thread_in_native, id=11180, stack(0x000000001cdc0000,0x000000001cec0000)]
  0x000000001b75d800 JavaThread "C2 CompilerThread0" daemon [_thread_in_native, id=10272, stack(0x000000001ccc0000,0x000000001cdc0000)]
  0x000000001b75b800 JavaThread "Attach Listener" daemon [_thread_blocked, id=10608, stack(0x000000001cbc0000,0x000000001ccc0000)]
  0x000000001b75a800 JavaThread "Signal Dispatcher" daemon [_thread_blocked, id=3884, stack(0x000000001cac0000,0x000000001cbc0000)]
  0x0000000001f66800 JavaThread "Finalizer" daemon [_thread_blocked, id=10320, stack(0x000000001c9c0000,0x000000001cac0000)]
  0x0000000001f5e000 JavaThread "Reference Handler" daemon [_thread_blocked, id=6628, stack(0x000000001c8c0000,0x000000001c9c0000)]
  0x000000000218d800 JavaThread "main" [_thread_blocked, id=9620, stack(0x0000000001d30000,0x0000000001e30000)]

Other Threads:
  0x000000001b727800 VMThread [stack: 0x000000001c7c0000,0x000000001c8c0000] [id=11124]
  0x000000001cfc7000 WatcherThread [stack: 0x000000001d4c0000,0x000000001d5c0000] [id=4464]

VM state:not at safepoint (normal execution)

VM Mutex/Monitor currently owned by a thread:  ([mutex/lock_event])
[0x0000000001e70a50] MethodCompileQueue_lock - owner thread: 0x0000000000000000

Heap:
 PSYoungGen      total 38400K, used 16054K [0x000000076ab00000, 0x000000076d580000, 0x00000007c0000000)
  eden space 33280K, 48% used [0x000000076ab00000,0x000000076baada48,0x000000076cb80000)
  from space 5120K, 0% used [0x000000076d080000,0x000000076d080000,0x000000076d580000)
  to   space 5120K, 0% used [0x000000076cb80000,0x000000076cb80000,0x000000076d080000)
 ParOldGen       total 87552K, used 0K [0x00000006c0000000, 0x00000006c5580000, 0x000000076ab00000)
  object space 87552K, 0% used [0x00000006c0000000,0x00000006c0000000,0x00000006c5580000)
 Metaspace       used 5531K, capacity 6704K, committed 6784K, reserved 1056768K
  class space    used 575K, capacity 616K, committed 640K, reserved 1048576K

Card table byte_map: [0x0000000011550000,0x0000000011d60000] byte_map_base: 0x000000000df50000

Marking Bits: (ParMarkBitMap*) 0x0000000066bd4040
 Begin Bits: [0x00000000125c0000, 0x00000000165c0000)
 End Bits:   [0x00000000165c0000, 0x000000001a5c0000)

Polling page: 0x00000000003e0000

CodeCache: size=245760Kb used=3109Kb max_used=3114Kb free=242650Kb
 bounds [0x0000000002190000, 0x00000000024a0000, 0x0000000011190000]
 total_blobs=1079 nmethods=811 adapters=181
 compilation: enabled

Compilation events (10 events):
Event: 3.681 Thread 0x000000001b7b9800  799       1       com.android.dx.cf.iface.StdMethod::getEffectiveDescriptor (5 bytes)
Event: 3.681 Thread 0x000000001b7b9800 nmethod 799 0x0000000002497350 code [0x00000000024974a0, 0x00000000024975b0]
Event: 3.681 Thread 0x000000001b7b9800  764       1       com.android.dx.ssa.PhiInsn::getOriginalRopInsn (2 bytes)
Event: 3.681 Thread 0x000000001b7b9800 nmethod 764 0x0000000002497610 code [0x0000000002497760, 0x0000000002497870]
Event: 3.681 Thread 0x000000001b7b9800  805       1       com.android.dx.ssa.SsaMethod::getEntryBlockIndex (5 bytes)
Event: 3.681 Thread 0x000000001b7b9800 nmethod 805 0x00000000024978d0 code [0x0000000002497a20, 0x0000000002497b30]
Event: 3.681 Thread 0x000000001b7b9800  777       1       com.android.dx.rop.code.RopMethod::getFirstLabel (5 bytes)
Event: 3.682 Thread 0x000000001b7b9800 nmethod 777 0x0000000002497b90 code [0x0000000002497ce0, 0x0000000002497df0]
Event: 3.682 Thread 0x000000001b7b9800  806       1       com.android.dx.ssa.SsaMethod::getParamWidth (5 bytes)
Event: 3.682 Thread 0x000000001b7b9800 nmethod 806 0x0000000002497e50 code [0x0000000002497fa0, 0x00000000024980b0]

GC Heap History (0 events):
No events

Deoptimization events (5 events):
Event: 3.374 Thread 0x000000001d11e000 Uncommon trap: reason=unstable_if action=reinterpret pc=0x00000000023e4774 method=java.util.HashMap.getNode(ILjava/lang/Object;)Ljava/util/HashMap$Node; @ 129
Event: 3.671 Thread 0x000000001d20b800 Uncommon trap: reason=class_check action=maybe_recompile pc=0x00000000024357b8 method=com.android.dx.ssa.NormalSsaInsn.accept(Lcom/android/dx/ssa/SsaInsn$Visitor;)V @ 9
Event: 3.671 Thread 0x000000001d20b800 Uncommon trap: reason=class_check action=maybe_recompile pc=0x00000000023fd030 method=com.android.dx.ssa.NormalSsaInsn.accept(Lcom/android/dx/ssa/SsaInsn$Visitor;)V @ 9
Event: 3.671 Thread 0x000000001d20b800 Uncommon trap: reason=class_check action=maybe_recompile pc=0x00000000023fd030 method=com.android.dx.ssa.NormalSsaInsn.accept(Lcom/android/dx/ssa/SsaInsn$Visitor;)V @ 9
Event: 3.671 Thread 0x000000001d20b800 Uncommon trap: reason=class_check action=maybe_recompile pc=0x00000000023fd030 method=com.android.dx.ssa.NormalSsaInsn.accept(Lcom/android/dx/ssa/SsaInsn$Visitor;)V @ 9

Internal exceptions (2 events):
Event: 0.349 Thread 0x000000000218d800 Exception <a 'java/lang/NoSuchMethodError': Method sun.misc.Unsafe.defineClass(Ljava/lang/String;[BII)Ljava/lang/Class; name or signature does not match> (0x000000076ab0dab0) thrown at [D:\re\workspace\8-2-build-windows-amd64-cygwin\jdk8u40\3098\hotspot\srä	‚É:b÷?
Event: 0.350 Thread 0x000000000218d800 Exception <a 'java/lang/NoSuchMethodError': Method sun.misc.Unsafe.prefetchRead(Ljava/lang/Object;J)V name or signature does not match> (0x000000076ab0dd40) thrown at [D:\re\workspace\8-2-build-windows-amd64-cygwin\jdk8u40\3098\hotspot\src\share\vm\prims\j

Events (10 events):
Event: 3.671 Thread 0x000000001d20b800 DEOPT UNPACKING pc=0x00000000021d582a sp=0x000000001dabe7c0 mode 2
Event: 3.671 Thread 0x000000001d20b800 Uncommon trap: trap_request=0xffffffde fr.pc=0x00000000023fd030
Event: 3.671 Thread 0x000000001d20b800 DEOPT PACKING pc=0x00000000023fd030 sp=0x000000001dabe810
Event: 3.671 Thread 0x000000001d20b800 DEOPT UNPACKING pc=0x00000000021d582a sp=0x000000001dabe7b0 mode 2
Event: 3.671 Thread 0x000000001d20b800 Uncommon trap: trap_request=0xffffffde fr.pc=0x00000000023fd030
Event: 3.671 Thread 0x000000001d20b800 DEOPT PACKING pc=0x00000000023fd030 sp=0x000000001dabe810
Event: 3.671 Thread 0x000000001d20b800 DEOPT UNPACKING pc=0x00000000021d582a sp=0x000000001dabe7b0 mode 2
Event: 3.671 Thread 0x000000001d20b800 Uncommon trap: trap_request=0xffffffde fr.pc=0x00000000023fd030
Event: 3.671 Thread 0x000000001d20b800 DEOPT PACKING pc=0x00000000023fd030 sp=0x000000001dabe810
Event: 3.671 Thread 0x000000001d20b800 DEOPT UNPACKING pc=0x00000000021d582a sp=0x000000001dabe7b0 mode 2


Dynamic libraries:
0x00007ff7cf790000 - 0x00007ff7cf7c7000 	C:\Program Files\Java\jdk1.8.0_40\bin\java.exe
0x00007fff3e760000 - 0x00007fff3e90d000 	C:\Windows\SYSTEM32\ntdll.dll
0x00007fff3d6f0000 - 0x00007fff3d82e000 	C:\Windows\system32\KERNEL32.DLL
0x00007fff3bcc0000 - 0x00007fff3bdd5000 	C:\Windows\system32\KERNELBASE.dll
0x00007fff3a410000 - 0x00007fff3a49e000 	C:\Windows\system32\apphelp.dll
0x00007fff27ca0000 - 0x00007fff27cf3000 	C:\Windows\AppPatch\AppPatch64\AcGenral.DLL
0x00007fff3c110000 - 0x00007fff3c1ba000 	C:\Windows\system32\msvcrt.dll
0x00007fff3b6e0000 - 0x00007fff3b70e000 	C:\Windows\SYSTEM32\SspiCli.dll
0x00007fff3e240000 - 0x00007fff3e294000 	C:\Windows\system32\SHLWAPI.dll
0x00007fff3e2a0000 - 0x00007fff3e417000 	C:\Windows\system32\USER32.dll
0x00007fff3e5c0000 - 0x00007fff3e754000 	C:\Windows\system32\ole32.dll
0x00007fff3c1c0000 - 0x00007fff3d6ea000 	C:\Windows\system32\SHELL32.dll
0x00007fff3aeb0000 - 0x00007fff3aed1000 	C:\Windows\SYSTEM32\USERENV.dll
0x00007fff3e190000 - 0x00007fff3e23a000 	C:\Windows\system32\ADVAPI32.dll
0x00007fff248a0000 - 0x00007fff248be000 	C:\Windows\SYSTEM32\MPR.dll
0x00007fff3d830000 - 0x00007fff3d971000 	C:\Windows\system32\RPCRT4.dll
0x00007fff3d980000 - 0x00007fff3d9d9000 	C:\Windows\SYSTEM32\sechost.dll
0x00007fff3de80000 - 0x00007fff3e091000 	C:\Windows\SYSTEM32\combase.dll
0x00007fff3bde0000 - 0x00007fff3bf2f000 	C:\Windows\system32\GDI32.dll
0x00007fff3b8b0000 - 0x00007fff3b8c5000 	C:\Windows\SYSTEM32\profapi.dll
0x00007fff39a50000 - 0x00007fff39b02000 	C:\Windows\SYSTEM32\SHCORE.dll
0x00007fff3d9e0000 - 0x00007fff3da16000 	C:\Windows\system32\IMM32.DLL
0x00007fff3bf30000 - 0x00007fff3c082000 	C:\Windows\system32\MSCTF.dll
0x00007fff378b0000 - 0x00007fff37b2a000 	C:\Windows\WinSxS\amd64_microsoft.windows.common-controls_6595b64144ccf1df_6.0.9600.17810_none_6240b9c7ecbd0bda\COMCTL32.dll
0x0000000066c60000 - 0x0000000066d32000 	C:\Program Files\Java\jdk1.8.0_40\jre\bin\msvcr100.dll
0x00000000663d0000 - 0x0000000066c53000 	C:\Program Files\Java\jdk1.8.0_40\jre\bin\server\jvm.dll
0x00007fff276b0000 - 0x00007fff276b9000 	C:\Windows\SYSTEM32\WSOCK32.dll
0x00007fff35680000 - 0x00007fff356a2000 	C:\Windows\SYSTEM32\WINMM.dll
0x00007fff352d0000 - 0x00007fff352da000 	C:\Windows\SYSTEM32\VERSION.dll
0x00007fff3e5b0000 - 0x00007fff3e5b7000 	C:\Windows\system32\PSAPI.DLL
0x00007fff3c0b0000 - 0x00007fff3c10a000 	C:\Windows\system32\WS2_32.dll
0x00007fff35650000 - 0x00007fff3567a000 	C:\Windows\SYSTEM32\WINMMBASE.dll
0x00007fff3e180000 - 0x00007fff3e189000 	C:\Windows\system32\NSI.dll
0x00007fff3bc70000 - 0x00007fff3bcbf000 	C:\Windows\SYSTEM32\cfgmgr32.dll
0x00007fff3a6a0000 - 0x00007fff3a6c8000 	C:\Windows\SYSTEM32\DEVOBJ.dll
0x00000000663c0000 - 0x00000000663cf000 	C:\Program Files\Java\jdk1.8.0_40\jre\bin\verify.dll
0x0000000066390000 - 0x00000000663b9000 	C:\Program Files\Java\jdk1.8.0_40\jre\bin\java.dll
0x0000000066370000 - 0x0000000066386000 	C:\Program Files\Java\jdk1.8.0_40\jre\bin\zip.dll

VM Arguments:
jvm_args: -Djava.awt.headless=true -Xmx4g -Dfile.encoding=windows-1252 -Duser.country=US -Duser.language=en -Duser.variant 
java_command: com.android.dx.command.Main --dex --force-jumbo --num-threads=4 --multi-dex --output C:\Users\Owner\AndroidStudioProjects\TawatTrip\app\build\intermediates\transforms\dex\debug\folders\1000\10\jackson-core-2.2.2_42c0cb354bb04114f9746ce43f8d18a636ea3343 C:\Users\Owner\.gradle\caches\modules-2\files-2.1\com.fasterxml.jackson.core\jackson-core\2.2.2\d20be6a5ddd6f8cfd36ebf6dea329873a1c41f1b\jackson-core-2.2.2.jar
java_class_path (initial): C:\Users\Owner\AppData\Local\Android\sdk\build-tools\23.0.1\lib\dx.jar
Launcher Type: SUN_STANDARD

Environment Variables:
JAVA_HOME=C:\Program Files\Java\jdk1.8.0_40
PATH=C:\MinGW\bin;C:\Program Files\Java\jdk1.7.0_79\bin;C:\Program Files (x86)\Intel\iCLS Client\;C:\Program Files\Intel\iCLS Client\;C:\Windows\system32;C:\Windows;C:\Windows\System32\Wbem;C:\Windows\System32\WindowsPowerShell\v1.0\;C:\Program Files\Hewlett-Packard\SimplePass\;C:\Program Files\Intel\Intel(R) Management Engine Components\DAL;C:\Program Files\Intel\Intel(R) Management Engine Components\IPT;C:\Program Files (x86)\Intel\Intel(R) Management Engine Components\DAL;C:\Program Files (x86)\Intel\Intel(R) Management Engine Components\IPT;C:\Program Files (x86)\Windows Live\Shared;C:\Program Files\Microsoft SQL Server\110\Tools\Binn\;C:\Users\Owner\Downloads\apache-ant-1.9.4\bin;C:\Program Files\MATLAB\R2013b\runtime\win64;C:\Program Files\MATLAB\R2013b\bin;C:\Python27\;C:\Users\Owner\Downloads\android-ndk-r11c\;C:\Users\Owner\AppData\Local\Android\sdk\tools\;C:\Users\Owner\AppData\Local\Android\sdk\platform-tools\;C:\Program Files (x86)\Skype\Phone\;C:\Program Files\Git\cmd;C:\Program Files\nodejs\;C:\MinGW\bin;C:\Program Files\Java\jdk1.7.0_79\bin;C:\ProgramData\chocolatey\bin;C:\Users\Owner\AppData\Local\atom\bin;C:\Python27\;C:\Users\Owner\Downloads\android-ndk-r11c\;C:\Users\Owner\AppData\Local\Android\sdk\tools\;C:\Users\Owner\AppData\Local\Android\sdk\platform-tools;C:\Users\Owner\AppData\Roaming\npm;C:\Program Files\nodejs\
USERNAME=Arcantos
OS=Windows_NT
PROCESSOR_IDENTIFIER=Intel64 Family 6 Model 69 Stepping 1, GenuineIntel



---------------  S Y S T E M  ---------------

OS: Windows 8.1 , 64 bit Build 9600 (6.3.9600.17415)

CPU:total 4 (2 cores per cpu, 2 threads per core) family 6 model 69 stepping 1, cmov, cx8, fxsr, mmx, sse, sse2, sse3, ssse3, sse4.1, sse4.2, popcnt, avx, avx2, aes, clmul, erms, lzcnt, ht, tsc, tscinvbit, bmi1, bmi2

Memory: 4k page, physical 8317080k(541872k free), swap 11462808k(5136k free)

vm_info: Java HotSpot(TM) 64-Bit Server VM (25.40-b25) for windows-amd64 JRE (1.8.0_40-b26), built on Mar  7 2015 13:51:59 by "java_re" with MS VC++ 10.0 (VS2010)

time: Fri Jan 19 13:53:27 2018
elapsed time: 3 seconds (0d 0h 0m 3s)

