#
# There is insufficient memory for the Java Runtime Environment to continue.
# Native memory allocation (malloc) failed to allocate 366576 bytes for Chunk::new
# Possible reasons:
#   The system is out of physical RAM or swap space
#   In 32 bit mode, the process size limit was hit
# Possible solutions:
#   Reduce memory load on the system
#   Increase physical memory or swap space
#   Check if swap backing store is full
#   Use 64 bit Java on a 64 bit OS
#   Decrease Java heap size (-Xmx/-Xms)
#   Decrease number of Java threads
#   Decrease Java thread stack sizes (-Xss)
#   Set larger code cache with -XX:ReservedCodeCacheSize=
# This output file may be truncated or incomplete.
#
#  Out of Memory Error (allocation.cpp:390), pid=9500, tid=7056
#
# JRE version: Java(TM) SE Runtime Environment (8.0_40-b26) (build 1.8.0_40-b26)
# Java VM: Java HotSpot(TM) 64-Bit Server VM (25.40-b25 mixed mode windows-amd64 compressed oops)
# Failed to write core dump. Minidumps are not enabled by default on client versions of Windows
#

---------------  T H R E A D  ---------------

Current thread (0x000000001b8b6800):  JavaThread "C2 CompilerThread1" daemon [_thread_in_native, id=7056, stack(0x000000001ceb0000,0x000000001cfb0000)]

Stack: [0x000000001ceb0000,0x000000001cfb0000]
Native frames: (J=compiled Java code, j=interpreted, Vv=VM code, C=native code)
V  [jvm.dll+0x32b47a]


Current CompileTask:
C2:   6236 1579       4       com.android.dx.dex.code.RopToDop::dopFor (792 bytes)


---------------  P R O C E S S  ---------------

Java Threads: ( => current thread )
  0x000000001d33b000 JavaThread "pool-2-thread-4" [_thread_blocked, id=10340, stack(0x000000001dab0000,0x000000001dbb0000)]
  0x000000001d33a000 JavaThread "pool-2-thread-3" [_thread_blocked, id=13016, stack(0x000000001d9b0000,0x000000001dab0000)]
  0x000000001d339800 JavaThread "pool-2-thread-2" [_thread_blocked, id=11880, stack(0x000000001d8b0000,0x000000001d9b0000)]
  0x000000001d332800 JavaThread "pool-3-thread-1" [_thread_blocked, id=8216, stack(0x000000001d7b0000,0x000000001d8b0000)]
  0x000000001d335800 JavaThread "pool-2-thread-1" [_thread_in_Java, id=7224, stack(0x000000001d6b0000,0x000000001d7b0000)]
  0x000000001d0b6000 JavaThread "Service Thread" daemon [_thread_blocked, id=7156, stack(0x000000001d4b0000,0x000000001d5b0000)]
  0x000000001b8bd000 JavaThread "C1 CompilerThread2" daemon [_thread_blocked, id=2404, stack(0x000000001cfb0000,0x000000001d0b0000)]
=>0x000000001b8b6800 JavaThread "C2 CompilerThread1" daemon [_thread_in_native, id=7056, stack(0x000000001ceb0000,0x000000001cfb0000)]
  0x000000001b85d800 JavaThread "C2 CompilerThread0" daemon [_thread_in_native, id=11728, stack(0x000000001cdb0000,0x000000001ceb0000)]
  0x000000001b85b800 JavaThread "Attach Listener" daemon [_thread_blocked, id=7656, stack(0x000000001ccb0000,0x000000001cdb0000)]
  0x000000001b85a800 JavaThread "Signal Dispatcher" daemon [_thread_blocked, id=12248, stack(0x000000001cbb0000,0x000000001ccb0000)]
  0x00000000020f6800 JavaThread "Finalizer" daemon [_thread_blocked, id=15020, stack(0x000000001cab0000,0x000000001cbb0000)]
  0x00000000020ee000 JavaThread "Reference Handler" daemon [_thread_blocked, id=9520, stack(0x000000001c9b0000,0x000000001cab0000)]
  0x000000000218d800 JavaThread "main" [_thread_blocked, id=9644, stack(0x0000000001de0000,0x0000000001ee0000)]

Other Threads:
  0x000000001b827800 VMThread [stack: 0x000000001c8b0000,0x000000001c9b0000] [id=9788]
  0x000000001d0b7000 WatcherThread [stack: 0x000000001d5b0000,0x000000001d6b0000] [id=11520]

VM state:not at safepoint (normal execution)

VM Mutex/Monitor currently owned by a thread: None

Heap:
 PSYoungGen      total 38400K, used 6614K [0x000000076ab00000, 0x000000076f600000, 0x00000007c0000000)
  eden space 33280K, 4% used [0x000000076ab00000,0x000000076ac77348,0x000000076cb80000)
  from space 5120K, 99% used [0x000000076d080000,0x000000076d57e860,0x000000076d580000)
  to   space 5120K, 0% used [0x000000076cb80000,0x000000076cb80000,0x000000076d080000)
 ParOldGen       total 87552K, used 6641K [0x00000006c0000000, 0x00000006c5580000, 0x000000076ab00000)
  object space 87552K, 7% used [0x00000006c0000000,0x00000006c067c700,0x00000006c5580000)
 Metaspace       used 6075K, capacity 7088K, committed 7296K, reserved 1056768K
  class space    used 585K, capacity 616K, committed 640K, reserved 1048576K

Card table byte_map: [0x0000000011550000,0x0000000011d60000] byte_map_base: 0x000000000df50000

Marking Bits: (ParMarkBitMap*) 0x00000000738f4040
 Begin Bits: [0x00000000126c0000, 0x00000000166c0000)
 End Bits:   [0x00000000166c0000, 0x000000001a6c0000)

Polling page: 0x0000000000680000

CodeCache: size=245760Kb used=6940Kb max_used=6940Kb free=238820Kb
 bounds [0x0000000002190000, 0x0000000002860000, 0x0000000011190000]
 total_blobs=1862 nmethods=1591 adapters=182
 compilation: enabled

Compilation events (10 events):
Event: 6.050 Thread 0x000000001b8bd000 1605       3       com.android.dx.cf.direct.AttributeFactory::parse0 (53 bytes)
Event: 6.051 Thread 0x000000001b8bd000 nmethod 1605 0x0000000002850890 code [0x0000000002850a80, 0x0000000002851408]
Event: 6.051 Thread 0x000000001b8bd000 1606       3       com.android.dx.cf.attrib.InnerClassList::set (19 bytes)
Event: 6.052 Thread 0x000000001b8bd000 nmethod 1606 0x0000000002851b10 code [0x0000000002851d00, 0x00000000028525d8]
Event: 6.052 Thread 0x000000001b8bd000 1607       3       com.android.dx.cf.attrib.InnerClassList$Item::<init> (40 bytes)
Event: 6.052 Thread 0x000000001b8bd000 nmethod 1607 0x000000000282f4d0 code [0x000000000282f640, 0x000000000282f948]
Event: 6.053 Thread 0x000000001b8bd000 1608       3       com.android.dx.ssa.SsaRenamer$BlockRenamer::process (191 bytes)
Event: 6.055 Thread 0x000000001b8bd000 nmethod 1608 0x0000000002852c90 code [0x0000000002852fe0, 0x0000000002854d78]
Event: 6.055 Thread 0x000000001b8bd000 1609       3       com.android.dx.rop.code.InsnList::contentEquals (54 bytes)
Event: 6.056 Thread 0x000000001b8bd000 nmethod 1609 0x0000000002855e90 code [0x0000000002856060, 0x0000000002856b08]

GC Heap History (4 events):
Event: 4.939 GC heap before
{Heap before GC invocations=1 (full 0):
 PSYoungGen      total 38400K, used 33280K [0x000000076ab00000, 0x000000076d580000, 0x00000007c0000000)
  eden space 33280K, 100% used [0x000000076ab00000,0x000000076cb80000,0x000000076cb80000)
  from space 5120K, 0% used [0x000000076d080000,0x000000076d080000,0x000000076d580000)
  to   space 5120K, 0% used [0x000000076cb80000,0x000000076cb80000,0x000000076d080000)
 ParOldGen       total 87552K, used 0K [0x00000006c0000000, 0x00000006c5580000, 0x000000076ab00000)
  object space 87552K, 0% used [0x00000006c0000000,0x00000006c0000000,0x00000006c5580000)
 Metaspace       used 5986K, capacity 7024K, committed 7296K, reserved 1056768K
  class space    used 584K, capacity 616K, committed 640K, reserved 1048576K
Event: 4.971 GC heap after
Heap after GC invocations=1 (full 0):
 PSYoungGen      total 38400K, used 5111K [0x000000076ab00000, 0x000000076d580000, 0x00000007c0000000)
  eden space 33280K, 0% used [0x000000076ab00000,0x000000076ab00000,0x000000076cb80000)
  from space 5120K, 99% used [0x000000076cb80000,0x000000076d07dea8,0x000000076d080000)
  to   space 5120K, 0% used [0x000000076d080000,0x000000076d080000,0x000000076d580000)
 ParOldGen       total 87552K, used 1510K [0x00000006c0000000, 0x00000006c5580000, 0x000000076ab00000)
  object space 87552K, 1% used [0x00000006c0000000,0x00000006c0179b88,0x00000006c5580000)
 Metaspace       used 5986K, capacity 7024K, committed 7296K, reserved 1056768K
  class space    used 584K, capacity 616K, committed 640K, reserved 1048576K
}
Event: 6.081 GC heap before
{Heap before GC invocations=2 (full 0):
 PSYoungGen      total 38400K, used 38391K [0x000000076ab00000, 0x000000076d580000, 0x00000007c0000000)
  eden space 33280K, 100% used [0x000000076ab00000,0x000000076cb80000,0x000000076cb80000)
  from space 5120K, 99% used [0x000000076cb80000,0x000000076d07dea8,0x000000076d080000)
  to   space 5120K, 0% used [0x000000076d080000,0x000000076d080000,0x000000076d580000)
 ParOldGen       total 87552K, used 1510K [0x00000006c0000000, 0x00000006c5580000, 0x000000076ab00000)
  object space 87552K, 1% used [0x00000006c0000000,0x00000006c0179b88,0x00000006c5580000)
 Metaspace       used 6075K, capacity 7088K, committed 7296K, reserved 1056768K
  class space    used 585K, capacity 616K, committed 640K, reserved 1048576K
Event: 6.166 GC heap after
Heap after GC invocations=2 (full 0):
 PSYoungGen      total 38400K, used 5114K [0x000000076ab00000, 0x000000076f600000, 0x00000007c0000000)
  eden space 33280K, 0% used [0x000000076ab00000,0x000000076ab00000,0x000000076cb80000)
  from space 5120K, 99% used [0x000000076d080000,0x000000076d57e860,0x000000076d580000)
  to   space 5120K, 0% used [0x000000076cb80000,0x000000076cb80000,0x000000076d080000)
 ParOldGen       total 87552K, used 6641K [0x00000006c0000000, 0x00000006c5580000, 0x000000076ab00000)
  object space 87552K, 7% used [0x00000006c0000000,0x00000006c067c700,0x00000006c5580000)
 Metaspace       used 6075K, capacity 7088K, committed 7296K, reserved 1056768K
  class space    used 585K, capacity 616K, committed 640K, reserved 1048576K
}

Deoptimization events (10 events):
Event: 5.337 Thread 0x000000001d339800 Uncommon trap: reason=class_check action=maybe_recompile pc=0x0000000002676510 method=java.util.HashMap.putVal(ILjava/lang/Object;Ljava/lang/Object;ZZ)Ljava/lang/Object; @ 203
Event: 5.337 Thread 0x000000001d339800 Uncommon trap: reason=bimorphic action=maybe_recompile pc=0x000000000255ed2c method=java.util.HashMap.getNode(ILjava/lang/Object;)Ljava/util/HashMap$Node; @ 126
Event: 5.337 Thread 0x000000001d339800 Uncommon trap: reason=class_check action=maybe_recompile pc=0x0000000002676510 method=java.util.HashMap.putVal(ILjava/lang/Object;Ljava/lang/Object;ZZ)Ljava/lang/Object; @ 203
Event: 5.337 Thread 0x000000001d339800 Uncommon trap: reason=bimorphic action=maybe_recompile pc=0x000000000255ed2c method=java.util.HashMap.getNode(ILjava/lang/Object;)Ljava/util/HashMap$Node; @ 126
Event: 5.337 Thread 0x000000001d339800 Uncommon trap: reason=unstable_if action=reinterpret pc=0x00000000025a3b1c method=com.android.dx.rop.cst.Constant.compareTo(Lcom/android/dx/rop/cst/Constant;)I @ 12
Event: 5.358 Thread 0x000000001d33b000 Uncommon trap: reason=bimorphic action=maybe_recompile pc=0x00000000027c04b8 method=com.android.dx.ssa.LiteralOpUpgrader.tryReplacingWithConstant(Lcom/android/dx/ssa/NormalSsaInsn;)Z @ 52
Event: 6.041 Thread 0x000000001d33b000 Uncommon trap: reason=bimorphic action=maybe_recompile pc=0x00000000027c04b8 method=com.android.dx.ssa.LiteralOpUpgrader.tryReplacingWithConstant(Lcom/android/dx/ssa/NormalSsaInsn;)Z @ 52
Event: 6.041 Thread 0x000000001d33b000 Uncommon trap: reason=bimorphic action=maybe_recompile pc=0x00000000027c04b8 method=com.android.dx.ssa.LiteralOpUpgrader.tryReplacingWithConstant(Lcom/android/dx/ssa/NormalSsaInsn;)Z @ 52
Event: 6.041 Thread 0x000000001d33b000 Uncommon trap: reason=bimorphic action=maybe_recompile pc=0x00000000027b2330 method=com.android.dx.ssa.LiteralOpUpgrader.tryReplacingWithConstant(Lcom/android/dx/ssa/NormalSsaInsn;)Z @ 52
Event: 6.052 Thread 0x000000001d33a000 Uncommon trap: reason=unstable_if action=reinterpret pc=0x00000000027f7bbc method=com.android.dx.ssa.SsaRenamer$BlockRenamer.visitMoveInsn(Lcom/android/dx/ssa/NormalSsaInsn;)V @ 104

Internal exceptions (3 events):
Event: 0.403 Thread 0x000000000218d800 Exception <a 'java/lang/NoSuchMethodError': Method sun.misc.Unsafe.defineClass(Ljava/lang/String;[BII)Ljava/lang/Class; name or signature does not match> (0x000000076ab0da40) thrown at [D:\re\workspace\8-2-build-windows-amd64-cygwin\jdk8u40\3098\hotspot\sr≈L«¸≈Ÿ?
Event: 0.403 Thread 0x000000000218d800 Exception <a 'java/lang/NoSuchMethodError': Method sun.misc.Unsafe.prefetchRead(Ljava/lang/Object;J)V name or signature does not match> (0x000000076ab0dcd0) thrown at [D:\re\workspace\8-2-build-windows-amd64-cygwin\jdk8u40\3098\hotspot\src\share\vm\prims\j¨W}@
Event: 5.004 Thread 0x000000001d339800 Implicit null exception at 0x00000000025b8f22 to 0x00000000025b901d

Events (10 events):
Event: 6.041 Thread 0x000000001d33b000 DEOPT PACKING pc=0x00000000027c04b8 sp=0x000000001dbaeaa0
Event: 6.041 Thread 0x000000001d33b000 DEOPT UNPACKING pc=0x00000000021d582a sp=0x000000001dbae988 mode 2
Event: 6.041 Thread 0x000000001d33b000 Uncommon trap: trap_request=0xffffffc6 fr.pc=0x00000000027b2330
Event: 6.041 Thread 0x000000001d33b000 DEOPT PACKING pc=0x00000000027b2330 sp=0x000000001dbae9c0
Event: 6.041 Thread 0x000000001d33b000 DEOPT UNPACKING pc=0x00000000021d582a sp=0x000000001dbae970 mode 2
Event: 6.052 Thread 0x000000001d33a000 Uncommon trap: trap_request=0xffffff65 fr.pc=0x00000000027f7bbc
Event: 6.052 Thread 0x000000001d33a000 DEOPT PACKING pc=0x00000000027f7bbc sp=0x000000001daae600
Event: 6.052 Thread 0x000000001d33a000 DEOPT UNPACKING pc=0x00000000021d582a sp=0x000000001daae470 mode 2
Event: 6.067 Executing VM operation: ParallelGCFailedAllocation
Event: 6.166 Executing VM operation: ParallelGCFailedAllocation done


Dynamic libraries:
0x00007ff7ca0c0000 - 0x00007ff7ca0f7000 	C:\Program Files\Java\jdk1.8.0_40\bin\java.exe
0x00007fff68db0000 - 0x00007fff68f5d000 	C:\Windows\SYSTEM32\ntdll.dll
0x00007fff66540000 - 0x00007fff6667e000 	C:\Windows\system32\KERNEL32.DLL
0x00007fff65fd0000 - 0x00007fff660e5000 	C:\Windows\system32\KERNELBASE.dll
0x00007fff64a60000 - 0x00007fff64aee000 	C:\Windows\system32\apphelp.dll
0x00007fff4a4b0000 - 0x00007fff4a503000 	C:\Windows\AppPatch\AppPatch64\AcGenral.DLL
0x00007fff66490000 - 0x00007fff6653a000 	C:\Windows\system32\msvcrt.dll
0x00007fff65d30000 - 0x00007fff65d5e000 	C:\Windows\SYSTEM32\SspiCli.dll
0x00007fff67300000 - 0x00007fff67354000 	C:\Windows\system32\SHLWAPI.dll
0x00007fff66680000 - 0x00007fff667f7000 	C:\Windows\system32\USER32.dll
0x00007fff66e10000 - 0x00007fff66fa4000 	C:\Windows\system32\ole32.dll
0x00007fff676b0000 - 0x00007fff68bda000 	C:\Windows\system32\SHELL32.dll
0x00007fff65460000 - 0x00007fff65481000 	C:\Windows\SYSTEM32\USERENV.dll
0x00007fff67180000 - 0x00007fff6722a000 	C:\Windows\system32\ADVAPI32.dll
0x00007fff50ac0000 - 0x00007fff50ade000 	C:\Windows\SYSTEM32\MPR.dll
0x00007fff66fc0000 - 0x00007fff67101000 	C:\Windows\system32\RPCRT4.dll
0x00007fff66430000 - 0x00007fff66489000 	C:\Windows\SYSTEM32\sechost.dll
0x00007fff66aa0000 - 0x00007fff66cb1000 	C:\Windows\SYSTEM32\combase.dll
0x00007fff66cc0000 - 0x00007fff66e0f000 	C:\Windows\system32\GDI32.dll
0x00007fff65f00000 - 0x00007fff65f15000 	C:\Windows\SYSTEM32\profapi.dll
0x00007fff64270000 - 0x00007fff64322000 	C:\Windows\SYSTEM32\SHCORE.dll
0x00007fff66a00000 - 0x00007fff66a36000 	C:\Windows\system32\IMM32.DLL
0x00007fff67370000 - 0x00007fff674c2000 	C:\Windows\system32\MSCTF.dll
0x00007fff63910000 - 0x00007fff63b8a000 	C:\Windows\WinSxS\amd64_microsoft.windows.common-controls_6595b64144ccf1df_6.0.9600.17810_none_6240b9c7ecbd0bda\COMCTL32.dll
0x0000000074220000 - 0x00000000742f2000 	C:\Program Files\Java\jdk1.8.0_40\jre\bin\msvcr100.dll
0x00000000730f0000 - 0x0000000073973000 	C:\Program Files\Java\jdk1.8.0_40\jre\bin\server\jvm.dll
0x00007fff5fb20000 - 0x00007fff5fb29000 	C:\Windows\SYSTEM32\WSOCK32.dll
0x00007fff602f0000 - 0x00007fff60312000 	C:\Windows\SYSTEM32\WINMM.dll
0x00007fff605b0000 - 0x00007fff605ba000 	C:\Windows\SYSTEM32\VERSION.dll
0x00007fff66fb0000 - 0x00007fff66fb7000 	C:\Windows\system32\PSAPI.DLL
0x00007fff66980000 - 0x00007fff669da000 	C:\Windows\system32\WS2_32.dll
0x00007fff602c0000 - 0x00007fff602ea000 	C:\Windows\SYSTEM32\WINMMBASE.dll
0x00007fff68da0000 - 0x00007fff68da9000 	C:\Windows\system32\NSI.dll
0x00007fff660f0000 - 0x00007fff6613f000 	C:\Windows\SYSTEM32\cfgmgr32.dll
0x00007fff64cf0000 - 0x00007fff64d18000 	C:\Windows\SYSTEM32\DEVOBJ.dll
0x0000000074210000 - 0x000000007421f000 	C:\Program Files\Java\jdk1.8.0_40\jre\bin\verify.dll
0x00000000741e0000 - 0x0000000074209000 	C:\Program Files\Java\jdk1.8.0_40\jre\bin\java.dll
0x00000000730d0000 - 0x00000000730e6000 	C:\Program Files\Java\jdk1.8.0_40\jre\bin\zip.dll
0x00007fff51590000 - 0x00007fff51719000 	C:\Windows\SYSTEM32\dbghelp.dll

VM Arguments:
jvm_args: -Djava.awt.headless=true -Xmx4g -Dfile.encoding=windows-1252 -Duser.country=US -Duser.language=en -Duser.variant 
java_command: com.android.dx.command.Main --dex --force-jumbo --num-threads=4 --multi-dex --output C:\Users\Owner\AndroidStudioProjects\TawatTrip\app\build\intermediates\transforms\dex\debug\folders\1000\10\com.android.support-appcompat-v7-23.4.0_2108b8dbbfd00cf956c1545daa6f352750fe0670 C:\Users\Owner\AndroidStudioProjects\TawatTrip\app\build\intermediates\exploded-aar\com.android.support\appcompat-v7\23.4.0\jars\classes.jar
java_class_path (initial): C:\Users\Owner\AppData\Local\Android\sdk\build-tools\23.0.1\lib\dx.jar
Launcher Type: SUN_STANDARD

Environment Variables:
JAVA_HOME=C:\Program Files\Java\jdk1.8.0_40
PATH=C:\MinGW\bin;C:\Program Files\Java\jdk1.7.0_79\bin;C:\ProgramData\Oracle\Java\javapath;C:\Program Files (x86)\Intel\iCLS Client\;C:\Program Files\Intel\iCLS Client\;C:\Windows\system32;C:\Windows;C:\Windows\System32\Wbem;C:\Windows\System32\WindowsPowerShell\v1.0\;C:\Program Files\Hewlett-Packard\SimplePass\;C:\Program Files\Intel\Intel(R) Management Engine Components\DAL;C:\Program Files\Intel\Intel(R) Management Engine Components\IPT;C:\Program Files (x86)\Intel\Intel(R) Management Engine Components\DAL;C:\Program Files (x86)\Intel\Intel(R) Management Engine Components\IPT;C:\Program Files (x86)\Windows Live\Shared;C:\Program Files\Microsoft SQL Server\110\Tools\Binn\;C:\Users\Owner\Downloads\apache-ant-1.9.4\bin;C:\Program Files\MATLAB\R2013b\runtime\win64;C:\Program Files\MATLAB\R2013b\bin;C:\Python27\;C:\Users\Owner\Downloads\android-ndk-r11c\;C:\Users\Owner\AppData\Local\Android\sdk\tools\;C:\Users\Owner\AppData\Local\Android\sdk\platform-tools\;C:\Program Files (x86)\Skype\Phone\;C:\Program Files\nodejs\;C:\Program Files\Git\cmd;C:\MinGW\bin;C:\Program Files\Java\jdk1.7.0_79\bin;C:\ProgramData\chocolatey\bin;C:\Users\Owner\AppData\Local\atom\bin;C:\Python27\;C:\Users\Owner\Downloads\android-ndk-r11c\;C:\Users\Owner\AppData\Local\Android\sdk\tools\;C:\Users\Owner\AppData\Local\Android\sdk\platform-tools;C:\Users\Owner\AppData\Roaming\npm
USERNAME=Owner
OS=Windows_NT
PROCESSOR_IDENTIFIER=Intel64 Family 6 Model 69 Stepping 1, GenuineIntel



---------------  S Y S T E M  ---------------

OS: Windows 8.1 , 64 bit Build 9600 (6.3.9600.17415)

CPU:total 4 (2 cores per cpu, 2 threads per core) family 6 model 69 stepping 1, cmov, cx8, fxsr, mmx, sse, sse2, sse3, ssse3, sse4.1, sse4.2, popcnt, avx, avx2, aes, clmul, erms, lzcnt, ht, tsc, tscinvbit, bmi1, bmi2

Memory: 4k page, physical 8317080k(1076076k free), swap 11462808k(5096k free)

vm_info: Java HotSpot(TM) 64-Bit Server VM (25.40-b25) for windows-amd64 JRE (1.8.0_40-b26), built on Mar  7 2015 13:51:59 by "java_re" with MS VC++ 10.0 (VS2010)

time: Wed Oct 25 07:23:40 2017
elapsed time: 6 seconds (0d 0h 0m 6s)

