#
# There is insufficient memory for the Java Runtime Environment to continue.
# Native memory allocation (malloc) failed to allocate 738176 bytes for Chunk::new
# Possible reasons:
#   The system is out of physical RAM or swap space
#   In 32 bit mode, the process size limit was hit
# Possible solutions:
#   Reduce memory load on the system
#   Increase physical memory or swap space
#   Check if swap backing store is full
#   Use 64 bit Java on a 64 bit OS
#   Decrease Java heap size (-Xmx/-Xms)
#   Decrease number of Java threads
#   Decrease Java thread stack sizes (-Xss)
#   Set larger code cache with -XX:ReservedCodeCacheSize=
# This output file may be truncated or incomplete.
#
#  Out of Memory Error (allocation.cpp:390), pid=10152, tid=8108
#
# JRE version: Java(TM) SE Runtime Environment (8.0_40-b26) (build 1.8.0_40-b26)
# Java VM: Java HotSpot(TM) 64-Bit Server VM (25.40-b25 mixed mode windows-amd64 compressed oops)
# Failed to write core dump. Minidumps are not enabled by default on client versions of Windows
#

---------------  T H R E A D  ---------------

Current thread (0x000000001b828000):  JavaThread "C2 CompilerThread1" daemon [_thread_in_native, id=8108, stack(0x000000001ce20000,0x000000001cf20000)]

Stack: [0x000000001ce20000,0x000000001cf20000]
Native frames: (J=compiled Java code, j=interpreted, Vv=VM code, C=native code)
V  [jvm.dll+0x32b47a]


Current CompileTask:
C2:   4625 1242       4       com.android.dx.ssa.SCCP::simulateStmt (481 bytes)


---------------  P R O C E S S  ---------------

Java Threads: ( => current thread )
  0x000000001d17e800 JavaThread "pool-2-thread-4" [_thread_blocked, id=8964, stack(0x000000001da20000,0x000000001db20000)]
  0x000000001d17a000 JavaThread "pool-2-thread-3" [_thread_blocked, id=8708, stack(0x000000001d920000,0x000000001da20000)]
  0x000000001d175000 JavaThread "pool-2-thread-2" [_thread_blocked, id=9992, stack(0x000000001d820000,0x000000001d920000)]
  0x000000001d174800 JavaThread "pool-3-thread-1" [_thread_blocked, id=1472, stack(0x000000001d720000,0x000000001d820000)]
  0x000000001d16f800 JavaThread "pool-2-thread-1" [_thread_blocked, id=13660, stack(0x000000001d620000,0x000000001d720000)]
  0x000000001d027000 JavaThread "Service Thread" daemon [_thread_blocked, id=12752, stack(0x000000001d420000,0x000000001d520000)]
  0x000000001b82e000 JavaThread "C1 CompilerThread2" daemon [_thread_blocked, id=8032, stack(0x000000001cf20000,0x000000001d020000)]
=>0x000000001b828000 JavaThread "C2 CompilerThread1" daemon [_thread_in_native, id=8108, stack(0x000000001ce20000,0x000000001cf20000)]
  0x000000001b7cf000 JavaThread "C2 CompilerThread0" daemon [_thread_in_native, id=9808, stack(0x000000001cd20000,0x000000001ce20000)]
  0x000000001b7cd800 JavaThread "Attach Listener" daemon [_thread_blocked, id=11164, stack(0x000000001cc20000,0x000000001cd20000)]
  0x000000001b7cc800 JavaThread "Signal Dispatcher" daemon [_thread_blocked, id=8412, stack(0x000000001cb20000,0x000000001cc20000)]
  0x000000001b798800 JavaThread "Finalizer" daemon [_thread_blocked, id=8656, stack(0x000000001ca20000,0x000000001cb20000)]
  0x00000000020f1000 JavaThread "Reference Handler" daemon [_thread_blocked, id=7172, stack(0x000000001c920000,0x000000001ca20000)]
  0x0000000001f9d800 JavaThread "main" [_thread_in_Java, id=12424, stack(0x0000000001dd0000,0x0000000001ed0000)]

Other Threads:
  0x000000001b797800 VMThread [stack: 0x000000001c820000,0x000000001c920000] [id=9160]
  0x000000001d028000 WatcherThread [stack: 0x000000001d520000,0x000000001d620000] [id=13364]

VM state:not at safepoint (normal execution)

VM Mutex/Monitor currently owned by a thread: None

Heap:
 PSYoungGen      total 38400K, used 30620K [0x000000076ab00000, 0x000000076d580000, 0x00000007c0000000)
  eden space 33280K, 92% used [0x000000076ab00000,0x000000076c8e70c0,0x000000076cb80000)
  from space 5120K, 0% used [0x000000076d080000,0x000000076d080000,0x000000076d580000)
  to   space 5120K, 0% used [0x000000076cb80000,0x000000076cb80000,0x000000076d080000)
 ParOldGen       total 87552K, used 0K [0x00000006c0000000, 0x00000006c5580000, 0x000000076ab00000)
  object space 87552K, 0% used [0x00000006c0000000,0x00000006c0000000,0x00000006c5580000)
 Metaspace       used 5884K, capacity 6896K, committed 7040K, reserved 1056768K
  class space    used 580K, capacity 616K, committed 640K, reserved 1048576K

Card table byte_map: [0x00000000114c0000,0x0000000011cd0000] byte_map_base: 0x000000000dec0000

Marking Bits: (ParMarkBitMap*) 0x00000000738f4040
 Begin Bits: [0x0000000012630000, 0x0000000016630000)
 End Bits:   [0x0000000016630000, 0x000000001a630000)

Polling page: 0x0000000000630000

CodeCache: size=245760Kb used=5139Kb max_used=5150Kb free=240620Kb
 bounds [0x0000000002100000, 0x0000000002610000, 0x0000000011100000]
 total_blobs=1535 nmethods=1264 adapters=184
 compilation: enabled

Compilation events (10 events):
Event: 4.540 Thread 0x000000001b82e000 1262       1       com.android.dx.cf.attrib.InnerClassList$Item::getOuterClass (5 bytes)
Event: 4.540 Thread 0x000000001b82e000 nmethod 1262 0x0000000002604a50 code [0x0000000002604ba0, 0x0000000002604cb0]
Event: 4.540 Thread 0x000000001b82e000 1261       1       com.android.dx.command.dexer.Main$Arguments::access$1900 (5 bytes)
Event: 4.540 Thread 0x000000001b82e000 nmethod 1261 0x0000000002604d10 code [0x0000000002604e60, 0x0000000002604f50]
Event: 4.558 Thread 0x000000001b828000 nmethod 1197 0x0000000002608a50 code [0x0000000002608c00, 0x0000000002609a58]
Event: 4.558 Thread 0x000000001b828000 1209       4       com.android.dx.ssa.SsaBasicBlock::forEachPhiInsn (54 bytes)
Event: 4.566 Thread 0x000000001b828000 nmethod 1209 0x000000000260abd0 code [0x000000000260ad60, 0x000000000260b1c8]
Event: 4.566 Thread 0x000000001b828000 1265       4       com.android.dx.ssa.SsaBasicBlock::getCountPhiInsns (45 bytes)
Event: 4.571 Thread 0x000000001b828000 nmethod 1265 0x0000000002605710 code [0x0000000002605860, 0x0000000002605a98]
Event: 4.571 Thread 0x000000001b828000 1242       4       com.android.dx.ssa.SCCP::simulateStmt (481 bytes)

GC Heap History (0 events):
No events

Deoptimization events (3 events):
Event: 3.731 Thread 0x0000000001f9d800 Uncommon trap: reason=unstable_if action=reinterpret pc=0x000000000230b654 method=java.util.HashMap.getNode(ILjava/lang/Object;)Ljava/util/HashMap$Node; @ 129
Event: 4.366 Thread 0x000000001d17a000 Uncommon trap: reason=unstable_if action=reinterpret pc=0x000000000254164c method=com.android.dx.util.IntList.binarysearch(I)I @ 105
Event: 4.419 Thread 0x000000001d175000 Uncommon trap: reason=unstable_if action=reinterpret pc=0x0000000002541a1c method=com.android.dx.ssa.SsaMethod.updateOneDefinition(Lcom/android/dx/ssa/SsaInsn;Lcom/android/dx/rop/code/RegisterSpec;)V @ 4

Internal exceptions (2 events):
Event: 0.211 Thread 0x0000000001f9d800 Exception <a 'java/lang/NoSuchMethodError': Method sun.misc.Unsafe.defineClass(Ljava/lang/String;[BII)Ljava/lang/Class; name or signature does not match> (0x000000076ab0db00) thrown at [D:\re\workspace\8-2-build-windows-amd64-cygwin\jdk8u40\3098\hotspot\srè3¡ˆ ?
Event: 0.211 Thread 0x0000000001f9d800 Exception <a 'java/lang/NoSuchMethodError': Method sun.misc.Unsafe.prefetchRead(Ljava/lang/Object;J)V name or signature does not match> (0x000000076ab0dd90) thrown at [D:\re\workspace\8-2-build-windows-amd64-cygwin\jdk8u40\3098\hotspot\src\share\vm\prims\j

Events (10 events):
Event: 4.366 Thread 0x000000001d17a000 Uncommon trap: trap_request=0xffffff65 fr.pc=0x000000000254164c
Event: 4.366 Thread 0x000000001d17a000 DEOPT PACKING pc=0x000000000254164c sp=0x000000001da1ebe0
Event: 4.366 Thread 0x000000001d17a000 DEOPT UNPACKING pc=0x000000000214582a sp=0x000000001da1eb58 mode 2
Event: 4.418 loading class com/android/dx/rop/code/RegOps
Event: 4.418 loading class com/android/dx/rop/code/RegOps done
Event: 4.419 Thread 0x000000001d175000 Uncommon trap: trap_request=0xffffff65 fr.pc=0x0000000002541a1c
Event: 4.419 Thread 0x000000001d175000 DEOPT PACKING pc=0x0000000002541a1c sp=0x000000001d91e6a0
Event: 4.419 Thread 0x000000001d175000 DEOPT UNPACKING pc=0x000000000214582a sp=0x000000001d91e648 mode 2
Event: 4.449 Executing VM operation: EnableBiasedLocking
Event: 4.495 Executing VM operation: EnableBiasedLocking done


Dynamic libraries:
0x00007ff7ca0c0000 - 0x00007ff7ca0f7000 	C:\Program Files\Java\jdk1.8.0_40\bin\java.exe
0x00007fff68db0000 - 0x00007fff68f5d000 	C:\Windows\SYSTEM32\ntdll.dll
0x00007fff66540000 - 0x00007fff6667e000 	C:\Windows\system32\KERNEL32.DLL
0x00007fff65fd0000 - 0x00007fff660e5000 	C:\Windows\system32\KERNELBASE.dll
0x00007fff64a60000 - 0x00007fff64aee000 	C:\Windows\system32\apphelp.dll
0x00007fff4a4b0000 - 0x00007fff4a503000 	C:\Windows\AppPatch\AppPatch64\AcGenral.DLL
0x00007fff66490000 - 0x00007fff6653a000 	C:\Windows\system32\msvcrt.dll
0x00007fff65d30000 - 0x00007fff65d5e000 	C:\Windows\SYSTEM32\SspiCli.dll
0x00007fff67300000 - 0x00007fff67354000 	C:\Windows\system32\SHLWAPI.dll
0x00007fff66680000 - 0x00007fff667f7000 	C:\Windows\system32\USER32.dll
0x00007fff66e10000 - 0x00007fff66fa4000 	C:\Windows\system32\ole32.dll
0x00007fff676b0000 - 0x00007fff68bda000 	C:\Windows\system32\SHELL32.dll
0x00007fff65460000 - 0x00007fff65481000 	C:\Windows\SYSTEM32\USERENV.dll
0x00007fff67180000 - 0x00007fff6722a000 	C:\Windows\system32\ADVAPI32.dll
0x00007fff50ac0000 - 0x00007fff50ade000 	C:\Windows\SYSTEM32\MPR.dll
0x00007fff66fc0000 - 0x00007fff67101000 	C:\Windows\system32\RPCRT4.dll
0x00007fff66430000 - 0x00007fff66489000 	C:\Windows\SYSTEM32\sechost.dll
0x00007fff66aa0000 - 0x00007fff66cb1000 	C:\Windows\SYSTEM32\combase.dll
0x00007fff66cc0000 - 0x00007fff66e0f000 	C:\Windows\system32\GDI32.dll
0x00007fff65f00000 - 0x00007fff65f15000 	C:\Windows\SYSTEM32\profapi.dll
0x00007fff64270000 - 0x00007fff64322000 	C:\Windows\SYSTEM32\SHCORE.dll
0x00007fff66a00000 - 0x00007fff66a36000 	C:\Windows\system32\IMM32.DLL
0x00007fff67370000 - 0x00007fff674c2000 	C:\Windows\system32\MSCTF.dll
0x00007fff63910000 - 0x00007fff63b8a000 	C:\Windows\WinSxS\amd64_microsoft.windows.common-controls_6595b64144ccf1df_6.0.9600.17810_none_6240b9c7ecbd0bda\COMCTL32.dll
0x0000000074220000 - 0x00000000742f2000 	C:\Program Files\Java\jdk1.8.0_40\jre\bin\msvcr100.dll
0x00000000730f0000 - 0x0000000073973000 	C:\Program Files\Java\jdk1.8.0_40\jre\bin\server\jvm.dll
0x00007fff5fb20000 - 0x00007fff5fb29000 	C:\Windows\SYSTEM32\WSOCK32.dll
0x00007fff602f0000 - 0x00007fff60312000 	C:\Windows\SYSTEM32\WINMM.dll
0x00007fff605b0000 - 0x00007fff605ba000 	C:\Windows\SYSTEM32\VERSION.dll
0x00007fff66fb0000 - 0x00007fff66fb7000 	C:\Windows\system32\PSAPI.DLL
0x00007fff66980000 - 0x00007fff669da000 	C:\Windows\system32\WS2_32.dll
0x00007fff602c0000 - 0x00007fff602ea000 	C:\Windows\SYSTEM32\WINMMBASE.dll
0x00007fff68da0000 - 0x00007fff68da9000 	C:\Windows\system32\NSI.dll
0x00007fff660f0000 - 0x00007fff6613f000 	C:\Windows\SYSTEM32\cfgmgr32.dll
0x00007fff64cf0000 - 0x00007fff64d18000 	C:\Windows\SYSTEM32\DEVOBJ.dll
0x0000000074210000 - 0x000000007421f000 	C:\Program Files\Java\jdk1.8.0_40\jre\bin\verify.dll
0x00000000741e0000 - 0x0000000074209000 	C:\Program Files\Java\jdk1.8.0_40\jre\bin\java.dll
0x00000000730d0000 - 0x00000000730e6000 	C:\Program Files\Java\jdk1.8.0_40\jre\bin\zip.dll

VM Arguments:
jvm_args: -Djava.awt.headless=true -Xmx4g -Dfile.encoding=windows-1252 -Duser.country=US -Duser.language=en -Duser.variant 
java_command: com.android.dx.command.Main --dex --force-jumbo --num-threads=4 --multi-dex --output C:\Users\Owner\AndroidStudioProjects\TawatTrip\app\build\intermediates\transforms\dex\debug\folders\1000\10\com.google.android.gms-play-services-auth-base-10.2.1_9152266a83eee7681d38539ddca2707aba39d80c C:\Users\Owner\AndroidStudioProjects\TawatTrip\app\build\intermediates\exploded-aar\com.google.android.gms\play-services-auth-base\10.2.1\jars\classes.jar
java_class_path (initial): C:\Users\Owner\AppData\Local\Android\sdk\build-tools\23.0.1\lib\dx.jar
Launcher Type: SUN_STANDARD

Environment Variables:
JAVA_HOME=C:\Program Files\Java\jdk1.8.0_40
PATH=C:\MinGW\bin;C:\Program Files\Java\jdk1.7.0_79\bin;C:\ProgramData\Oracle\Java\javapath;C:\Program Files (x86)\Intel\iCLS Client\;C:\Program Files\Intel\iCLS Client\;C:\Windows\system32;C:\Windows;C:\Windows\System32\Wbem;C:\Windows\System32\WindowsPowerShell\v1.0\;C:\Program Files\Hewlett-Packard\SimplePass\;C:\Program Files\Intel\Intel(R) Management Engine Components\DAL;C:\Program Files\Intel\Intel(R) Management Engine Components\IPT;C:\Program Files (x86)\Intel\Intel(R) Management Engine Components\DAL;C:\Program Files (x86)\Intel\Intel(R) Management Engine Components\IPT;C:\Program Files (x86)\Windows Live\Shared;C:\Program Files\Microsoft SQL Server\110\Tools\Binn\;C:\Users\Owner\Downloads\apache-ant-1.9.4\bin;C:\Program Files\MATLAB\R2013b\runtime\win64;C:\Program Files\MATLAB\R2013b\bin;C:\Python27\;C:\Users\Owner\Downloads\android-ndk-r11c\;C:\Users\Owner\AppData\Local\Android\sdk\tools\;C:\Users\Owner\AppData\Local\Android\sdk\platform-tools\;C:\Program Files (x86)\Skype\Phone\;C:\Program Files\nodejs\;C:\Program Files\Git\cmd;C:\MinGW\bin;C:\Program Files\Java\jdk1.7.0_79\bin;C:\ProgramData\chocolatey\bin;C:\Users\Owner\AppData\Local\atom\bin;C:\Python27\;C:\Users\Owner\Downloads\android-ndk-r11c\;C:\Users\Owner\AppData\Local\Android\sdk\tools\;C:\Users\Owner\AppData\Local\Android\sdk\platform-tools;C:\Users\Owner\AppData\Roaming\npm
USERNAME=Owner
OS=Windows_NT
PROCESSOR_IDENTIFIER=Intel64 Family 6 Model 69 Stepping 1, GenuineIntel



---------------  S Y S T E M  ---------------

OS: Windows 8.1 , 64 bit Build 9600 (6.3.9600.17415)

CPU:total 4 (2 cores per cpu, 2 threads per core) family 6 model 69 stepping 1, cmov, cx8, fxsr, mmx, sse, sse2, sse3, ssse3, sse4.1, sse4.2, popcnt, avx, avx2, aes, clmul, erms, lzcnt, ht, tsc, tscinvbit, bmi1, bmi2

Memory: 4k page, physical 8317080k(547720k free), swap 11462808k(5156k free)

vm_info: Java HotSpot(TM) 64-Bit Server VM (25.40-b25) for windows-amd64 JRE (1.8.0_40-b26), built on Mar  7 2015 13:51:59 by "java_re" with MS VC++ 10.0 (VS2010)

time: Wed Oct 25 08:42:00 2017
elapsed time: 4 seconds (0d 0h 0m 4s)

