#
# There is insufficient memory for the Java Runtime Environment to continue.
# Native memory allocation (malloc) failed to allocate 315216 bytes for Chunk::new
# Possible reasons:
#   The system is out of physical RAM or swap space
#   In 32 bit mode, the process size limit was hit
# Possible solutions:
#   Reduce memory load on the system
#   Increase physical memory or swap space
#   Check if swap backing store is full
#   Use 64 bit Java on a 64 bit OS
#   Decrease Java heap size (-Xmx/-Xms)
#   Decrease number of Java threads
#   Decrease Java thread stack sizes (-Xss)
#   Set larger code cache with -XX:ReservedCodeCacheSize=
# This output file may be truncated or incomplete.
#
#  Out of Memory Error (allocation.cpp:390), pid=14568, tid=7556
#
# JRE version: Java(TM) SE Runtime Environment (8.0_40-b26) (build 1.8.0_40-b26)
# Java VM: Java HotSpot(TM) 64-Bit Server VM (25.40-b25 mixed mode windows-amd64 compressed oops)
# Failed to write core dump. Minidumps are not enabled by default on client versions of Windows
#

---------------  T H R E A D  ---------------

Current thread (0x000000001b8cd800):  JavaThread "C2 CompilerThread0" daemon [_thread_in_native, id=7556, stack(0x000000001ce20000,0x000000001cf20000)]

Stack: [0x000000001ce20000,0x000000001cf20000]
Native frames: (J=compiled Java code, j=interpreted, Vv=VM code, C=native code)
V  [jvm.dll+0x32b47a]


Current CompileTask:
C2:   4321 1310   !   4       com.android.dx.cf.code.BytecodeArray::parseInstruction (2764 bytes)


---------------  P R O C E S S  ---------------

Java Threads: ( => current thread )
  0x000000001d397800 JavaThread "pool-2-thread-4" [_thread_blocked, id=12820, stack(0x000000001db20000,0x000000001dc20000)]
  0x000000001d396800 JavaThread "pool-2-thread-3" [_thread_in_Java, id=14480, stack(0x000000001da20000,0x000000001db20000)]
  0x000000001d391800 JavaThread "pool-2-thread-2" [_thread_blocked, id=13560, stack(0x000000001d920000,0x000000001da20000)]
  0x000000001d38e000 JavaThread "pool-3-thread-1" [_thread_blocked, id=6600, stack(0x000000001d820000,0x000000001d920000)]
  0x000000001d38b800 JavaThread "pool-2-thread-1" [_thread_in_Java, id=4304, stack(0x000000001d720000,0x000000001d820000)]
  0x000000001d126000 JavaThread "Service Thread" daemon [_thread_blocked, id=3424, stack(0x000000001d520000,0x000000001d620000)]
  0x000000001b92d000 JavaThread "C1 CompilerThread2" daemon [_thread_in_vm, id=14156, stack(0x000000001d020000,0x000000001d120000)]
  0x000000001b926800 JavaThread "C2 CompilerThread1" daemon [_thread_in_native, id=8692, stack(0x000000001cf20000,0x000000001d020000)]
=>0x000000001b8cd800 JavaThread "C2 CompilerThread0" daemon [_thread_in_native, id=7556, stack(0x000000001ce20000,0x000000001cf20000)]
  0x000000001b8cb800 JavaThread "Attach Listener" daemon [_thread_blocked, id=12756, stack(0x000000001cd20000,0x000000001ce20000)]
  0x000000001b8ca800 JavaThread "Signal Dispatcher" daemon [_thread_blocked, id=14080, stack(0x000000001cc20000,0x000000001cd20000)]
  0x00000000021f6800 JavaThread "Finalizer" daemon [_thread_blocked, id=14588, stack(0x000000001cb20000,0x000000001cc20000)]
  0x00000000021ee000 JavaThread "Reference Handler" daemon [_thread_blocked, id=15100, stack(0x000000001ca20000,0x000000001cb20000)]
  0x0000000001f6d800 JavaThread "main" [_thread_in_Java, id=4900, stack(0x0000000002000000,0x0000000002100000)]

Other Threads:
  0x000000001b897800 VMThread [stack: 0x000000001c920000,0x000000001ca20000] [id=12740]
  0x000000001d127000 WatcherThread [stack: 0x000000001d620000,0x000000001d720000] [id=7864]

VM state:not at safepoint (normal execution)

VM Mutex/Monitor currently owned by a thread: None

Heap:
 PSYoungGen      total 38400K, used 19920K [0x000000076ab00000, 0x000000076f600000, 0x00000007c0000000)
  eden space 33280K, 44% used [0x000000076ab00000,0x000000076b9797a8,0x000000076cb80000)
  from space 5120K, 99% used [0x000000076cb80000,0x000000076d07aad8,0x000000076d080000)
  to   space 5120K, 0% used [0x000000076f100000,0x000000076f100000,0x000000076f600000)
 ParOldGen       total 87552K, used 1584K [0x00000006c0000000, 0x00000006c5580000, 0x000000076ab00000)
  object space 87552K, 1% used [0x00000006c0000000,0x00000006c018c048,0x00000006c5580000)
 Metaspace       used 5961K, capacity 7024K, committed 7296K, reserved 1056768K
  class space    used 581K, capacity 616K, committed 640K, reserved 1048576K

Card table byte_map: [0x00000000115c0000,0x0000000011dd0000] byte_map_base: 0x000000000dfc0000

Marking Bits: (ParMarkBitMap*) 0x00000000738f4040
 Begin Bits: [0x0000000012730000, 0x0000000016730000)
 End Bits:   [0x0000000016730000, 0x000000001a730000)

Polling page: 0x0000000001e30000

CodeCache: size=245760Kb used=5826Kb max_used=5826Kb free=239933Kb
 bounds [0x0000000002200000, 0x00000000027c0000, 0x0000000011200000]
 total_blobs=1713 nmethods=1445 adapters=181
 compilation: enabled

Compilation events (10 events):
Event: 4.238 Thread 0x000000001b92d000 1412       3       com.android.dx.cf.code.Ropper::getMinimumUnreservedLabel (19 bytes)
Event: 4.238 Thread 0x000000001b92d000 nmethod 1412 0x0000000002768e10 code [0x0000000002768f80, 0x0000000002769350]
Event: 4.238 Thread 0x000000001b92d000 1413       3       java.util.ArrayList$SubList::get (23 bytes)
Event: 4.239 Thread 0x000000001b92d000 nmethod 1413 0x0000000002768410 code [0x00000000027685c0, 0x0000000002768ac8]
Event: 4.239 Thread 0x000000001b92d000 1411       3       com.android.dx.cf.code.Frame::mergeSubroutineLists (90 bytes)
Event: 4.240 Thread 0x000000001b92d000 nmethod 1411 0x000000000276c690 code [0x000000000276c860, 0x000000000276d148]
Event: 4.240 Thread 0x000000001b926800 nmethod 1388 0x000000000276aad0 code [0x000000000276ac20, 0x000000000276ae68]
Event: 4.240 Thread 0x000000001b926800 1366       4       com.android.dx.ssa.SsaMethod::computeReachability (131 bytes)
Event: 4.244 Thread 0x000000001b92d000 1414       3       com.android.dx.rop.code.Rops::opGetField (97 bytes)
Event: 4.245 Thread 0x000000001b92d000 nmethod 1414 0x000000000276b190 code [0x000000000276b3c0, 0x000000000276c038]

GC Heap History (2 events):
Event: 4.138 GC heap before
{Heap before GC invocations=1 (full 0):
 PSYoungGen      total 38400K, used 33280K [0x000000076ab00000, 0x000000076d580000, 0x00000007c0000000)
  eden space 33280K, 100% used [0x000000076ab00000,0x000000076cb80000,0x000000076cb80000)
  from space 5120K, 0% used [0x000000076d080000,0x000000076d080000,0x000000076d580000)
  to   space 5120K, 0% used [0x000000076cb80000,0x000000076cb80000,0x000000076d080000)
 ParOldGen       total 87552K, used 0K [0x00000006c0000000, 0x00000006c5580000, 0x000000076ab00000)
  object space 87552K, 0% used [0x00000006c0000000,0x00000006c0000000,0x00000006c5580000)
 Metaspace       used 5893K, capacity 6960K, committed 7040K, reserved 1056768K
  class space    used 580K, capacity 616K, committed 640K, reserved 1048576K
Event: 4.174 GC heap after
Heap after GC invocations=1 (full 0):
 PSYoungGen      total 38400K, used 5098K [0x000000076ab00000, 0x000000076f600000, 0x00000007c0000000)
  eden space 33280K, 0% used [0x000000076ab00000,0x000000076ab00000,0x000000076cb80000)
  from space 5120K, 99% used [0x000000076cb80000,0x000000076d07aad8,0x000000076d080000)
  to   space 5120K, 0% used [0x000000076f100000,0x000000076f100000,0x000000076f600000)
 ParOldGen       total 87552K, used 1584K [0x00000006c0000000, 0x00000006c5580000, 0x000000076ab00000)
  object space 87552K, 1% used [0x00000006c0000000,0x00000006c018c048,0x00000006c5580000)
 Metaspace       used 5893K, capacity 6960K, committed 7040K, reserved 1056768K
  class space    used 580K, capacity 616K, committed 640K, reserved 1048576K
}

Deoptimization events (8 events):
Event: 3.490 Thread 0x000000001d38b800 Uncommon trap: reason=class_check action=maybe_recompile pc=0x0000000002486638 method=com.android.dx.ssa.NormalSsaInsn.accept(Lcom/android/dx/ssa/SsaInsn$Visitor;)V @ 9
Event: 3.490 Thread 0x000000001d38b800 Uncommon trap: reason=class_check action=maybe_recompile pc=0x0000000002438bb0 method=com.android.dx.ssa.NormalSsaInsn.accept(Lcom/android/dx/ssa/SsaInsn$Visitor;)V @ 9
Event: 3.490 Thread 0x000000001d38b800 Uncommon trap: reason=class_check action=maybe_recompile pc=0x0000000002438bb0 method=com.android.dx.ssa.NormalSsaInsn.accept(Lcom/android/dx/ssa/SsaInsn$Visitor;)V @ 9
Event: 3.490 Thread 0x000000001d38b800 Uncommon trap: reason=class_check action=maybe_recompile pc=0x0000000002438bb0 method=com.android.dx.ssa.NormalSsaInsn.accept(Lcom/android/dx/ssa/SsaInsn$Visitor;)V @ 9
Event: 3.491 Thread 0x000000001d38b800 Uncommon trap: reason=class_check action=maybe_recompile pc=0x0000000002486638 method=com.android.dx.ssa.NormalSsaInsn.accept(Lcom/android/dx/ssa/SsaInsn$Visitor;)V @ 9
Event: 3.525 Thread 0x000000001d396800 Uncommon trap: reason=bimorphic action=maybe_recompile pc=0x00000000024c8f24 method=java.util.HashMap.getNode(ILjava/lang/Object;)Ljava/util/HashMap$Node; @ 126
Event: 3.525 Thread 0x000000001d396800 Uncommon trap: reason=bimorphic action=maybe_recompile pc=0x00000000024c8f24 method=java.util.HashMap.getNode(ILjava/lang/Object;)Ljava/util/HashMap$Node; @ 126
Event: 3.588 Thread 0x000000001d38b800 Uncommon trap: reason=class_check action=maybe_recompile pc=0x000000000260f5fc method=com.android.dx.ssa.NormalSsaInsn.accept(Lcom/android/dx/ssa/SsaInsn$Visitor;)V @ 9

Internal exceptions (2 events):
Event: 1.047 Thread 0x0000000001f6d800 Exception <a 'java/lang/NoSuchMethodError': Method sun.misc.Unsafe.defineClass(Ljava/lang/String;[BII)Ljava/lang/Class; name or signature does not match> (0x000000076ab0dc78) thrown at [D:\re\workspace\8-2-build-windows-amd64-cygwin\jdk8u40\3098\hotspot\srôÌêÔ¿?
Event: 1.047 Thread 0x0000000001f6d800 Exception <a 'java/lang/NoSuchMethodError': Method sun.misc.Unsafe.prefetchRead(Ljava/lang/Object;J)V name or signature does not match> (0x000000076ab0df08) thrown at [D:\re\workspace\8-2-build-windows-amd64-cygwin\jdk8u40\3098\hotspot\src\share\vm\prims\j

Events (10 events):
Event: 3.525 Thread 0x000000001d396800 Uncommon trap: trap_request=0xffffffc6 fr.pc=0x00000000024c8f24
Event: 3.525 Thread 0x000000001d396800 DEOPT PACKING pc=0x00000000024c8f24 sp=0x000000001db1ed60
Event: 3.525 Thread 0x000000001d396800 DEOPT UNPACKING pc=0x000000000224582a sp=0x000000001db1ec88 mode 2
Event: 3.588 Thread 0x000000001d38b800 Uncommon trap: trap_request=0xffffffde fr.pc=0x000000000260f5fc
Event: 3.588 Thread 0x000000001d38b800 DEOPT PACKING pc=0x000000000260f5fc sp=0x000000001d81ebe0
Event: 3.588 Thread 0x000000001d38b800 DEOPT UNPACKING pc=0x000000000224582a sp=0x000000001d81eaf0 mode 2
Event: 4.138 Executing VM operation: ParallelGCFailedAllocation
Event: 4.174 Executing VM operation: ParallelGCFailedAllocation done
Event: 4.209 Thread 0x000000001d396800 DEOPT PACKING pc=0x000000000257b049 sp=0x000000001db1ec40
Event: 4.210 Thread 0x000000001d396800 DEOPT UNPACKING pc=0x000000000224787f sp=0x000000001db1ea08 mode 0


Dynamic libraries:
0x00007ff7ca0c0000 - 0x00007ff7ca0f7000 	C:\Program Files\Java\jdk1.8.0_40\bin\java.exe
0x00007fff68db0000 - 0x00007fff68f5d000 	C:\Windows\SYSTEM32\ntdll.dll
0x00007fff66540000 - 0x00007fff6667e000 	C:\Windows\system32\KERNEL32.DLL
0x00007fff65fd0000 - 0x00007fff660e5000 	C:\Windows\system32\KERNELBASE.dll
0x00007fff64a60000 - 0x00007fff64aee000 	C:\Windows\system32\apphelp.dll
0x00007fff4a4b0000 - 0x00007fff4a503000 	C:\Windows\AppPatch\AppPatch64\AcGenral.DLL
0x00007fff66490000 - 0x00007fff6653a000 	C:\Windows\system32\msvcrt.dll
0x00007fff65d30000 - 0x00007fff65d5e000 	C:\Windows\SYSTEM32\SspiCli.dll
0x00007fff67300000 - 0x00007fff67354000 	C:\Windows\system32\SHLWAPI.dll
0x00007fff66680000 - 0x00007fff667f7000 	C:\Windows\system32\USER32.dll
0x00007fff66e10000 - 0x00007fff66fa4000 	C:\Windows\system32\ole32.dll
0x00007fff676b0000 - 0x00007fff68bda000 	C:\Windows\system32\SHELL32.dll
0x00007fff65460000 - 0x00007fff65481000 	C:\Windows\SYSTEM32\USERENV.dll
0x00007fff67180000 - 0x00007fff6722a000 	C:\Windows\system32\ADVAPI32.dll
0x00007fff50ac0000 - 0x00007fff50ade000 	C:\Windows\SYSTEM32\MPR.dll
0x00007fff66fc0000 - 0x00007fff67101000 	C:\Windows\system32\RPCRT4.dll
0x00007fff66430000 - 0x00007fff66489000 	C:\Windows\SYSTEM32\sechost.dll
0x00007fff66aa0000 - 0x00007fff66cb1000 	C:\Windows\SYSTEM32\combase.dll
0x00007fff66cc0000 - 0x00007fff66e0f000 	C:\Windows\system32\GDI32.dll
0x00007fff65f00000 - 0x00007fff65f15000 	C:\Windows\SYSTEM32\profapi.dll
0x00007fff64270000 - 0x00007fff64322000 	C:\Windows\SYSTEM32\SHCORE.dll
0x00007fff66a00000 - 0x00007fff66a36000 	C:\Windows\system32\IMM32.DLL
0x00007fff67370000 - 0x00007fff674c2000 	C:\Windows\system32\MSCTF.dll
0x00007fff63910000 - 0x00007fff63b8a000 	C:\Windows\WinSxS\amd64_microsoft.windows.common-controls_6595b64144ccf1df_6.0.9600.17810_none_6240b9c7ecbd0bda\COMCTL32.dll
0x0000000074220000 - 0x00000000742f2000 	C:\Program Files\Java\jdk1.8.0_40\jre\bin\msvcr100.dll
0x00000000730f0000 - 0x0000000073973000 	C:\Program Files\Java\jdk1.8.0_40\jre\bin\server\jvm.dll
0x00007fff5fb20000 - 0x00007fff5fb29000 	C:\Windows\SYSTEM32\WSOCK32.dll
0x00007fff602f0000 - 0x00007fff60312000 	C:\Windows\SYSTEM32\WINMM.dll
0x00007fff605b0000 - 0x00007fff605ba000 	C:\Windows\SYSTEM32\VERSION.dll
0x00007fff66fb0000 - 0x00007fff66fb7000 	C:\Windows\system32\PSAPI.DLL
0x00007fff66980000 - 0x00007fff669da000 	C:\Windows\system32\WS2_32.dll
0x00007fff602c0000 - 0x00007fff602ea000 	C:\Windows\SYSTEM32\WINMMBASE.dll
0x00007fff68da0000 - 0x00007fff68da9000 	C:\Windows\system32\NSI.dll
0x00007fff660f0000 - 0x00007fff6613f000 	C:\Windows\SYSTEM32\cfgmgr32.dll
0x00007fff64cf0000 - 0x00007fff64d18000 	C:\Windows\SYSTEM32\DEVOBJ.dll
0x0000000074210000 - 0x000000007421f000 	C:\Program Files\Java\jdk1.8.0_40\jre\bin\verify.dll
0x00000000741e0000 - 0x0000000074209000 	C:\Program Files\Java\jdk1.8.0_40\jre\bin\java.dll
0x00000000730d0000 - 0x00000000730e6000 	C:\Program Files\Java\jdk1.8.0_40\jre\bin\zip.dll

VM Arguments:
jvm_args: -Djava.awt.headless=true -Xmx4g -Dfile.encoding=windows-1252 -Duser.country=US -Duser.language=en -Duser.variant 
java_command: com.android.dx.command.Main --dex --force-jumbo --num-threads=4 --multi-dex --output C:\Users\Owner\AndroidStudioProjects\TawatTrip\app\build\intermediates\transforms\dex\debug\folders\1000\10\com.google.android.gms-play-services-basement-10.2.1_ce6ac95b9be4944e26d5ab02c7d490073cab4375 C:\Users\Owner\AndroidStudioProjects\TawatTrip\app\build\intermediates\exploded-aar\com.google.android.gms\play-services-basement\10.2.1\jars\classes.jar
java_class_path (initial): C:\Users\Owner\AppData\Local\Android\sdk\build-tools\23.0.1\lib\dx.jar
Launcher Type: SUN_STANDARD

Environment Variables:
JAVA_HOME=C:\Program Files\Java\jdk1.8.0_40
PATH=C:\MinGW\bin;C:\Program Files\Java\jdk1.7.0_79\bin;C:\ProgramData\Oracle\Java\javapath;C:\Program Files (x86)\Intel\iCLS Client\;C:\Program Files\Intel\iCLS Client\;C:\Windows\system32;C:\Windows;C:\Windows\System32\Wbem;C:\Windows\System32\WindowsPowerShell\v1.0\;C:\Program Files\Hewlett-Packard\SimplePass\;C:\Program Files\Intel\Intel(R) Management Engine Components\DAL;C:\Program Files\Intel\Intel(R) Management Engine Components\IPT;C:\Program Files (x86)\Intel\Intel(R) Management Engine Components\DAL;C:\Program Files (x86)\Intel\Intel(R) Management Engine Components\IPT;C:\Program Files (x86)\Windows Live\Shared;C:\Program Files\Microsoft SQL Server\110\Tools\Binn\;C:\Users\Owner\Downloads\apache-ant-1.9.4\bin;C:\Program Files\MATLAB\R2013b\runtime\win64;C:\Program Files\MATLAB\R2013b\bin;C:\Python27\;C:\Users\Owner\Downloads\android-ndk-r11c\;C:\Users\Owner\AppData\Local\Android\sdk\tools\;C:\Users\Owner\AppData\Local\Android\sdk\platform-tools\;C:\Program Files (x86)\Skype\Phone\;C:\Program Files\nodejs\;C:\Program Files\Git\cmd;C:\MinGW\bin;C:\Program Files\Java\jdk1.7.0_79\bin;C:\ProgramData\chocolatey\bin;C:\Users\Owner\AppData\Local\atom\bin;C:\Python27\;C:\Users\Owner\Downloads\android-ndk-r11c\;C:\Users\Owner\AppData\Local\Android\sdk\tools\;C:\Users\Owner\AppData\Local\Android\sdk\platform-tools;C:\Users\Owner\AppData\Roaming\npm
USERNAME=Owner
OS=Windows_NT
PROCESSOR_IDENTIFIER=Intel64 Family 6 Model 69 Stepping 1, GenuineIntel



---------------  S Y S T E M  ---------------

OS: Windows 8.1 , 64 bit Build 9600 (6.3.9600.17415)

CPU:total 4 (2 cores per cpu, 2 threads per core) family 6 model 69 stepping 1, cmov, cx8, fxsr, mmx, sse, sse2, sse3, ssse3, sse4.1, sse4.2, popcnt, avx, avx2, aes, clmul, erms, lzcnt, ht, tsc, tscinvbit, bmi1, bmi2

Memory: 4k page, physical 8317080k(1067520k free), swap 11462808k(5056k free)

vm_info: Java HotSpot(TM) 64-Bit Server VM (25.40-b25) for windows-amd64 JRE (1.8.0_40-b26), built on Mar  7 2015 13:51:59 by "java_re" with MS VC++ 10.0 (VS2010)

time: Wed Oct 25 07:24:04 2017
elapsed time: 4 seconds (0d 0h 0m 4s)

