#
# There is insufficient memory for the Java Runtime Environment to continue.
# Native memory allocation (malloc) failed to allocate 1078032 bytes for Chunk::new
# Possible reasons:
#   The system is out of physical RAM or swap space
#   In 32 bit mode, the process size limit was hit
# Possible solutions:
#   Reduce memory load on the system
#   Increase physical memory or swap space
#   Check if swap backing store is full
#   Use 64 bit Java on a 64 bit OS
#   Decrease Java heap size (-Xmx/-Xms)
#   Decrease number of Java threads
#   Decrease Java thread stack sizes (-Xss)
#   Set larger code cache with -XX:ReservedCodeCacheSize=
# This output file may be truncated or incomplete.
#
#  Out of Memory Error (allocation.cpp:390), pid=8456, tid=11028
#
# JRE version: Java(TM) SE Runtime Environment (8.0_40-b26) (build 1.8.0_40-b26)
# Java VM: Java HotSpot(TM) 64-Bit Server VM (25.40-b25 mixed mode windows-amd64 compressed oops)
# Failed to write core dump. Minidumps are not enabled by default on client versions of Windows
#

---------------  T H R E A D  ---------------

Current thread (0x000000001c50d800):  JavaThread "C2 CompilerThread0" daemon [_thread_in_native, id=11028, stack(0x000000001da60000,0x000000001db60000)]

Stack: [0x000000001da60000,0x000000001db60000]
Native frames: (J=compiled Java code, j=interpreted, Vv=VM code, C=native code)
V  [jvm.dll+0x32b47a]
V  [jvm.dll+0x2797f3]
V  [jvm.dll+0x27a489]
V  [jvm.dll+0x2717a5]
V  [jvm.dll+0xcb9a2]
V  [jvm.dll+0xcbe6c]
V  [jvm.dll+0x464332]
V  [jvm.dll+0x4db615]
V  [jvm.dll+0x4dc217]
V  [jvm.dll+0x46a551]
V  [jvm.dll+0x46cd52]
V  [jvm.dll+0x4500d2]
V  [jvm.dll+0xa4312]
V  [jvm.dll+0xa4c4f]
V  [jvm.dll+0x241914]
V  [jvm.dll+0x29848a]
C  [msvcr100.dll+0x21d9f]
C  [msvcr100.dll+0x21e3b]
C  [KERNEL32.DLL+0x13d2]
C  [ntdll.dll+0x154e4]


Current CompileTask:
C2:   3388 1558   !   4       com.android.dx.cf.code.RopperMachine::run (1550 bytes)


---------------  P R O C E S S  ---------------

Java Threads: ( => current thread )
  0x000000001dfc5800 JavaThread "pool-2-thread-4" [_thread_in_Java, id=15028, stack(0x000000001e760000,0x000000001e860000)]
  0x000000001dfc4000 JavaThread "pool-2-thread-3" [_thread_in_Java, id=14432, stack(0x000000001e660000,0x000000001e760000)]
  0x000000001dfc0800 JavaThread "pool-2-thread-2" [_thread_in_Java, id=14872, stack(0x000000001e560000,0x000000001e660000)]
  0x000000001dfba800 JavaThread "pool-3-thread-1" [_thread_blocked, id=6728, stack(0x000000001e460000,0x000000001e560000)]
  0x000000001dfaf800 JavaThread "pool-2-thread-1" [_thread_in_Java, id=5632, stack(0x000000001e360000,0x000000001e460000)]
  0x000000001dd66000 JavaThread "Service Thread" daemon [_thread_blocked, id=14136, stack(0x000000001e160000,0x000000001e260000)]
  0x000000001c56d000 JavaThread "C1 CompilerThread2" daemon [_thread_blocked, id=2108, stack(0x000000001dc60000,0x000000001dd60000)]
  0x000000001c566800 JavaThread "C2 CompilerThread1" daemon [_thread_in_native, id=6928, stack(0x000000001db60000,0x000000001dc60000)]
=>0x000000001c50d800 JavaThread "C2 CompilerThread0" daemon [_thread_in_native, id=11028, stack(0x000000001da60000,0x000000001db60000)]
  0x000000001c50b800 JavaThread "Attach Listener" daemon [_thread_blocked, id=13036, stack(0x000000001d960000,0x000000001da60000)]
  0x000000001c50a000 JavaThread "Signal Dispatcher" daemon [_thread_blocked, id=3440, stack(0x000000001d860000,0x000000001d960000)]
  0x0000000001956800 JavaThread "Finalizer" daemon [_thread_blocked, id=12496, stack(0x000000001d760000,0x000000001d860000)]
  0x000000000194e000 JavaThread "Reference Handler" daemon [_thread_blocked, id=9616, stack(0x000000001d660000,0x000000001d760000)]
  0x000000000134d800 JavaThread "main" [_thread_in_Java, id=10856, stack(0x0000000001760000,0x0000000001860000)]

Other Threads:
  0x000000001c4d7800 VMThread [stack: 0x000000001d560000,0x000000001d660000] [id=11796]
  0x000000001dd67000 WatcherThread [stack: 0x000000001e260000,0x000000001e360000] [id=9204]

VM state:not at safepoint (normal execution)

VM Mutex/Monitor currently owned by a thread: None

Heap:
 PSYoungGen      total 71680K, used 43749K [0x000000076ab00000, 0x000000076f600000, 0x00000007c0000000)
  eden space 66560K, 58% used [0x000000076ab00000,0x000000076d0bac28,0x000000076ec00000)
  from space 5120K, 99% used [0x000000076f100000,0x000000076f5fe808,0x000000076f600000)
  to   space 5120K, 0% used [0x000000076ec00000,0x000000076ec00000,0x000000076f100000)
 ParOldGen       total 87552K, used 6709K [0x00000006c0000000, 0x00000006c5580000, 0x000000076ab00000)
  object space 87552K, 7% used [0x00000006c0000000,0x00000006c068d548,0x00000006c5580000)
 Metaspace       used 5987K, capacity 7024K, committed 7296K, reserved 1056768K
  class space    used 580K, capacity 616K, committed 640K, reserved 1048576K

Card table byte_map: [0x0000000012400000,0x0000000012c10000] byte_map_base: 0x000000000ee00000

Marking Bits: (ParMarkBitMap*) 0x00000000738f4040
 Begin Bits: [0x0000000013370000, 0x0000000017370000)
 End Bits:   [0x0000000017370000, 0x000000001b370000)

Polling page: 0x0000000001330000

CodeCache: size=245760Kb used=6218Kb max_used=6218Kb free=239541Kb
 bounds [0x0000000003400000, 0x0000000003a20000, 0x0000000012400000]
 total_blobs=1842 nmethods=1574 adapters=181
 compilation: enabled

Compilation events (10 events):
Event: 3.338 Thread 0x000000001c56d000 1592       2       java.util.ArrayList::sort (48 bytes)
Event: 3.338 Thread 0x000000001c56d000 nmethod 1592 0x0000000003a111d0 code [0x0000000003a11340, 0x0000000003a11558]
Event: 3.338 Thread 0x000000001c56d000 1593       2       java.util.Arrays$LegacyMergeSort::access$000 (4 bytes)
Event: 3.338 Thread 0x000000001c56d000 nmethod 1593 0x0000000003a11650 code [0x0000000003a117a0, 0x0000000003a118d0]
Event: 3.338 Thread 0x000000001c56d000 1594       2       java.util.TimSort::sort (229 bytes)
Event: 3.339 Thread 0x000000001c56d000 nmethod 1594 0x0000000003a11950 code [0x0000000003a11b20, 0x0000000003a11fd8]
Event: 3.340 Thread 0x000000001c56d000 1595       2       com.android.dx.ssa.back.IdenticalBlockCombiner::<init> (32 bytes)
Event: 3.340 Thread 0x000000001c56d000 nmethod 1595 0x0000000003a12490 code [0x0000000003a12600, 0x0000000003a12868]
Event: 3.341 Thread 0x000000001c56d000 1596       2       com.android.dx.cf.code.Simulator$SimVisitor::<init> (23 bytes)
Event: 3.341 Thread 0x000000001c56d000 nmethod 1596 0x0000000003a129d0 code [0x0000000003a12b20, 0x0000000003a12cb0]

GC Heap History (4 events):
Event: 2.012 GC heap before
{Heap before GC invocations=1 (full 0):
 PSYoungGen      total 38400K, used 33280K [0x000000076ab00000, 0x000000076d580000, 0x00000007c0000000)
  eden space 33280K, 100% used [0x000000076ab00000,0x000000076cb80000,0x000000076cb80000)
  from space 5120K, 0% used [0x000000076d080000,0x000000076d080000,0x000000076d580000)
  to   space 5120K, 0% used [0x000000076cb80000,0x000000076cb80000,0x000000076d080000)
 ParOldGen       total 87552K, used 0K [0x00000006c0000000, 0x00000006c5580000, 0x000000076ab00000)
  object space 87552K, 0% used [0x00000006c0000000,0x00000006c0000000,0x00000006c5580000)
 Metaspace       used 5757K, capacity 6896K, committed 7040K, reserved 1056768K
  class space    used 576K, capacity 616K, committed 640K, reserved 1048576K
Event: 2.045 GC heap after
Heap after GC invocations=1 (full 0):
 PSYoungGen      total 38400K, used 5114K [0x000000076ab00000, 0x000000076f600000, 0x00000007c0000000)
  eden space 33280K, 0% used [0x000000076ab00000,0x000000076ab00000,0x000000076cb80000)
  from space 5120K, 99% used [0x000000076cb80000,0x000000076d07eab8,0x000000076d080000)
  to   space 5120K, 0% used [0x000000076f100000,0x000000076f100000,0x000000076f600000)
 ParOldGen       total 87552K, used 1573K [0x00000006c0000000, 0x00000006c5580000, 0x000000076ab00000)
  object space 87552K, 1% used [0x00000006c0000000,0x00000006c01896c0,0x00000006c5580000)
 Metaspace       used 5757K, capacity 6896K, committed 7040K, reserved 1056768K
  class space    used 576K, capacity 616K, committed 640K, reserved 1048576K
}
Event: 2.595 GC heap before
{Heap before GC invocations=2 (full 0):
 PSYoungGen      total 38400K, used 38394K [0x000000076ab00000, 0x000000076f600000, 0x00000007c0000000)
  eden space 33280K, 100% used [0x000000076ab00000,0x000000076cb80000,0x000000076cb80000)
  from space 5120K, 99% used [0x000000076cb80000,0x000000076d07eab8,0x000000076d080000)
  to   space 5120K, 0% used [0x000000076f100000,0x000000076f100000,0x000000076f600000)
 ParOldGen       total 87552K, used 1573K [0x00000006c0000000, 0x00000006c5580000, 0x000000076ab00000)
  object space 87552K, 1% used [0x00000006c0000000,0x00000006c01896c0,0x00000006c5580000)
 Metaspace       used 5916K, capacity 7024K, committed 7296K, reserved 1056768K
  class space    used 580K, capacity 616K, committed 640K, reserved 1048576K
Event: 2.730 GC heap after
Heap after GC invocations=2 (full 0):
 PSYoungGen      total 71680K, used 5114K [0x000000076ab00000, 0x000000076f600000, 0x00000007c0000000)
  eden space 66560K, 0% used [0x000000076ab00000,0x000000076ab00000,0x000000076ec00000)
  from space 5120K, 99% used [0x000000076f100000,0x000000076f5fe808,0x000000076f600000)
  to   space 5120K, 0% used [0x000000076ec00000,0x000000076ec00000,0x000000076f100000)
 ParOldGen       total 87552K, used 6709K [0x00000006c0000000, 0x00000006c5580000, 0x000000076ab00000)
  object space 87552K, 7% used [0x00000006c0000000,0x00000006c068d548,0x00000006c5580000)
 Metaspace       used 5916K, capacity 7024K, committed 7296K, reserved 1056768K
  class space    used 580K, capacity 616K, committed 640K, reserved 1048576K
}

Deoptimization events (10 events):
Event: 2.210 Thread 0x000000001dfaf800 Uncommon trap: reason=bimorphic action=maybe_recompile pc=0x000000000382e520 method=java.util.HashMap.getNode(ILjava/lang/Object;)Ljava/util/HashMap$Node; @ 126
Event: 2.210 Thread 0x000000001dfaf800 Uncommon trap: reason=class_check action=maybe_recompile pc=0x00000000038ecbe0 method=java.util.HashMap.putVal(ILjava/lang/Object;Ljava/lang/Object;ZZ)Ljava/lang/Object; @ 203
Event: 2.210 Thread 0x000000001dfaf800 Uncommon trap: reason=bimorphic action=maybe_recompile pc=0x000000000382e520 method=java.util.HashMap.getNode(ILjava/lang/Object;)Ljava/util/HashMap$Node; @ 126
Event: 2.210 Thread 0x000000001dfaf800 Uncommon trap: reason=class_check action=maybe_recompile pc=0x00000000038ecbe0 method=java.util.HashMap.putVal(ILjava/lang/Object;Ljava/lang/Object;ZZ)Ljava/lang/Object; @ 203
Event: 2.210 Thread 0x000000001dfaf800 Uncommon trap: reason=bimorphic action=maybe_recompile pc=0x00000000036a5124 method=java.util.HashMap.getNode(ILjava/lang/Object;)Ljava/util/HashMap$Node; @ 126
Event: 2.210 Thread 0x000000001dfaf800 Uncommon trap: reason=bimorphic action=maybe_recompile pc=0x000000000382e520 method=java.util.HashMap.getNode(ILjava/lang/Object;)Ljava/util/HashMap$Node; @ 126
Event: 2.263 Thread 0x000000001dfc4000 Uncommon trap: reason=unstable_if action=reinterpret pc=0x000000000376fedc method=com.android.dx.ssa.SsaMethod.updateOneDefinition(Lcom/android/dx/ssa/SsaInsn;Lcom/android/dx/rop/code/RegisterSpec;)V @ 4
Event: 2.840 Thread 0x000000001dfaf800 Uncommon trap: reason=class_check action=maybe_recompile pc=0x00000000038ecbe0 method=java.util.HashMap.putVal(ILjava/lang/Object;Ljava/lang/Object;ZZ)Ljava/lang/Object; @ 203
Event: 3.153 Thread 0x000000000134d800 Uncommon trap: reason=bimorphic action=maybe_recompile pc=0x00000000038c3e54 method=com.android.dx.cf.code.BytecodeArray.parseInstruction(ILcom/android/dx/cf/code/BytecodeArray$Visitor;)I @ 1357
Event: 3.154 Thread 0x000000000134d800 Uncommon trap: reason=bimorphic action=maybe_recompile pc=0x00000000038c3e54 method=com.android.dx.cf.code.BytecodeArray.parseInstruction(ILcom/android/dx/cf/code/BytecodeArray$Visitor;)I @ 1357

Internal exceptions (3 events):
Event: 0.113 Thread 0x000000000134d800 Exception <a 'java/lang/NoSuchMethodError': Method sun.misc.Unsafe.defineClass(Ljava/lang/String;[BII)Ljava/lang/Class; name or signature does not match> (0x000000076ab0daa8) thrown at [D:\re\workspace\8-2-build-windows-amd64-cygwin\jdk8u40\3098\hotspot\sr£‚øú¼?
Event: 0.113 Thread 0x000000000134d800 Exception <a 'java/lang/NoSuchMethodError': Method sun.misc.Unsafe.prefetchRead(Ljava/lang/Object;J)V name or signature does not match> (0x000000076ab0dd38) thrown at [D:\re\workspace\8-2-build-windows-amd64-cygwin\jdk8u40\3098\hotspot\src\share\vm\prims\jA³àPó?
Event: 1.194 Thread 0x000000001dfc0800 Implicit null exception at 0x00000000036f09a2 to 0x00000000036f0a9d

Events (10 events):
Event: 3.153 Thread 0x000000000134d800 Uncommon trap: trap_request=0xffffffc6 fr.pc=0x00000000038c3e54
Event: 3.154 Thread 0x000000000134d800 DEOPT PACKING pc=0x00000000038c3e54 sp=0x000000000185e5d0
Event: 3.154 Thread 0x000000000134d800 DEOPT UNPACKING pc=0x000000000344582a sp=0x000000000185e550 mode 2
Event: 3.154 Thread 0x000000000134d800 Uncommon trap: trap_request=0xffffffc6 fr.pc=0x00000000038c3e54
Event: 3.155 Thread 0x000000000134d800 DEOPT PACKING pc=0x00000000038c3e54 sp=0x000000000185e420
Event: 3.155 Thread 0x000000000134d800 DEOPT UNPACKING pc=0x000000000344582a sp=0x000000000185e3a0 mode 2
Event: 3.202 Thread 0x000000001dfaf800 DEOPT PACKING pc=0x00000000037e5773 sp=0x000000001e45e960
Event: 3.202 Thread 0x000000001dfaf800 DEOPT UNPACKING pc=0x000000000344787f sp=0x000000001e45e6e0 mode 0
Event: 3.260 Thread 0x000000001dfc0800 DEOPT PACKING pc=0x00000000037e5773 sp=0x000000001e65eb90
Event: 3.260 Thread 0x000000001dfc0800 DEOPT UNPACKING pc=0x000000000344787f sp=0x000000001e65e920 mode 0


Dynamic libraries:
0x00007ff7ca0c0000 - 0x00007ff7ca0f7000 	C:\Program Files\Java\jdk1.8.0_40\bin\java.exe
0x00007fff68db0000 - 0x00007fff68f5d000 	C:\Windows\SYSTEM32\ntdll.dll
0x00007fff66540000 - 0x00007fff6667e000 	C:\Windows\system32\KERNEL32.DLL
0x00007fff65fd0000 - 0x00007fff660e5000 	C:\Windows\system32\KERNELBASE.dll
0x00007fff64a60000 - 0x00007fff64aee000 	C:\Windows\system32\apphelp.dll
0x00007fff4a4b0000 - 0x00007fff4a503000 	C:\Windows\AppPatch\AppPatch64\AcGenral.DLL
0x00007fff66490000 - 0x00007fff6653a000 	C:\Windows\system32\msvcrt.dll
0x00007fff65d30000 - 0x00007fff65d5e000 	C:\Windows\SYSTEM32\SspiCli.dll
0x00007fff67300000 - 0x00007fff67354000 	C:\Windows\system32\SHLWAPI.dll
0x00007fff66680000 - 0x00007fff667f7000 	C:\Windows\system32\USER32.dll
0x00007fff66e10000 - 0x00007fff66fa4000 	C:\Windows\system32\ole32.dll
0x00007fff676b0000 - 0x00007fff68bda000 	C:\Windows\system32\SHELL32.dll
0x00007fff65460000 - 0x00007fff65481000 	C:\Windows\SYSTEM32\USERENV.dll
0x00007fff67180000 - 0x00007fff6722a000 	C:\Windows\system32\ADVAPI32.dll
0x00007fff50ac0000 - 0x00007fff50ade000 	C:\Windows\SYSTEM32\MPR.dll
0x00007fff66fc0000 - 0x00007fff67101000 	C:\Windows\system32\RPCRT4.dll
0x00007fff66430000 - 0x00007fff66489000 	C:\Windows\SYSTEM32\sechost.dll
0x00007fff66aa0000 - 0x00007fff66cb1000 	C:\Windows\SYSTEM32\combase.dll
0x00007fff66cc0000 - 0x00007fff66e0f000 	C:\Windows\system32\GDI32.dll
0x00007fff65f00000 - 0x00007fff65f15000 	C:\Windows\SYSTEM32\profapi.dll
0x00007fff64270000 - 0x00007fff64322000 	C:\Windows\SYSTEM32\SHCORE.dll
0x00007fff66a00000 - 0x00007fff66a36000 	C:\Windows\system32\IMM32.DLL
0x00007fff67370000 - 0x00007fff674c2000 	C:\Windows\system32\MSCTF.dll
0x00007fff63910000 - 0x00007fff63b8a000 	C:\Windows\WinSxS\amd64_microsoft.windows.common-controls_6595b64144ccf1df_6.0.9600.17810_none_6240b9c7ecbd0bda\COMCTL32.dll
0x0000000074220000 - 0x00000000742f2000 	C:\Program Files\Java\jdk1.8.0_40\jre\bin\msvcr100.dll
0x00000000730f0000 - 0x0000000073973000 	C:\Program Files\Java\jdk1.8.0_40\jre\bin\server\jvm.dll
0x00007fff5fb20000 - 0x00007fff5fb29000 	C:\Windows\SYSTEM32\WSOCK32.dll
0x00007fff602f0000 - 0x00007fff60312000 	C:\Windows\SYSTEM32\WINMM.dll
0x00007fff605b0000 - 0x00007fff605ba000 	C:\Windows\SYSTEM32\VERSION.dll
0x00007fff66fb0000 - 0x00007fff66fb7000 	C:\Windows\system32\PSAPI.DLL
0x00007fff66980000 - 0x00007fff669da000 	C:\Windows\system32\WS2_32.dll
0x00007fff602c0000 - 0x00007fff602ea000 	C:\Windows\SYSTEM32\WINMMBASE.dll
0x00007fff68da0000 - 0x00007fff68da9000 	C:\Windows\system32\NSI.dll
0x00007fff660f0000 - 0x00007fff6613f000 	C:\Windows\SYSTEM32\cfgmgr32.dll
0x00007fff64cf0000 - 0x00007fff64d18000 	C:\Windows\SYSTEM32\DEVOBJ.dll
0x0000000074210000 - 0x000000007421f000 	C:\Program Files\Java\jdk1.8.0_40\jre\bin\verify.dll
0x00000000741e0000 - 0x0000000074209000 	C:\Program Files\Java\jdk1.8.0_40\jre\bin\java.dll
0x00000000730d0000 - 0x00000000730e6000 	C:\Program Files\Java\jdk1.8.0_40\jre\bin\zip.dll
0x00007fff51590000 - 0x00007fff51719000 	C:\Windows\SYSTEM32\dbghelp.dll

VM Arguments:
jvm_args: -Djava.awt.headless=true -Xmx4g -Dfile.encoding=windows-1252 -Duser.country=US -Duser.language=en -Duser.variant 
java_command: com.android.dx.command.Main --dex --force-jumbo --num-threads=4 --multi-dex --output C:\Users\Owner\AndroidStudioProjects\TawatTrip\app\build\intermediates\transforms\dex\debug\folders\1000\10\jackson-core-2.2.2_42c0cb354bb04114f9746ce43f8d18a636ea3343 C:\Users\Owner\.gradle\caches\modules-2\files-2.1\com.fasterxml.jackson.core\jackson-core\2.2.2\d20be6a5ddd6f8cfd36ebf6dea329873a1c41f1b\jackson-core-2.2.2.jar
java_class_path (initial): C:\Users\Owner\AppData\Local\Android\sdk\build-tools\23.0.1\lib\dx.jar
Launcher Type: SUN_STANDARD

Environment Variables:
JAVA_HOME=C:\Program Files\Java\jdk1.8.0_40
PATH=C:\MinGW\bin;C:\Program Files\Java\jdk1.7.0_79\bin;C:\ProgramData\Oracle\Java\javapath;C:\Program Files (x86)\Intel\iCLS Client\;C:\Program Files\Intel\iCLS Client\;C:\Windows\system32;C:\Windows;C:\Windows\System32\Wbem;C:\Windows\System32\WindowsPowerShell\v1.0\;C:\Program Files\Hewlett-Packard\SimplePass\;C:\Program Files\Intel\Intel(R) Management Engine Components\DAL;C:\Program Files\Intel\Intel(R) Management Engine Components\IPT;C:\Program Files (x86)\Intel\Intel(R) Management Engine Components\DAL;C:\Program Files (x86)\Intel\Intel(R) Management Engine Components\IPT;C:\Program Files (x86)\Windows Live\Shared;C:\Program Files\Microsoft SQL Server\110\Tools\Binn\;C:\Users\Owner\Downloads\apache-ant-1.9.4\bin;C:\Program Files\MATLAB\R2013b\runtime\win64;C:\Program Files\MATLAB\R2013b\bin;C:\Python27\;C:\Users\Owner\Downloads\android-ndk-r11c\;C:\Users\Owner\AppData\Local\Android\sdk\tools\;C:\Users\Owner\AppData\Local\Android\sdk\platform-tools\;C:\Program Files (x86)\Skype\Phone\;C:\Program Files\nodejs\;C:\Program Files\Git\cmd;C:\MinGW\bin;C:\Program Files\Java\jdk1.7.0_79\bin;C:\ProgramData\chocolatey\bin;C:\Users\Owner\AppData\Local\atom\bin;C:\Python27\;C:\Users\Owner\Downloads\android-ndk-r11c\;C:\Users\Owner\AppData\Local\Android\sdk\tools\;C:\Users\Owner\AppData\Local\Android\sdk\platform-tools;C:\Users\Owner\AppData\Roaming\npm
USERNAME=Owner
OS=Windows_NT
PROCESSOR_IDENTIFIER=Intel64 Family 6 Model 69 Stepping 1, GenuineIntel



---------------  S Y S T E M  ---------------

OS: Windows 8.1 , 64 bit Build 9600 (6.3.9600.17415)

CPU:total 4 (2 cores per cpu, 2 threads per core) family 6 model 69 stepping 1, cmov, cx8, fxsr, mmx, sse, sse2, sse3, ssse3, sse4.1, sse4.2, popcnt, avx, avx2, aes, clmul, erms, lzcnt, ht, tsc, tscinvbit, bmi1, bmi2

Memory: 4k page, physical 8317080k(940924k free), swap 11462808k(7292k free)

vm_info: Java HotSpot(TM) 64-Bit Server VM (25.40-b25) for windows-amd64 JRE (1.8.0_40-b26), built on Mar  7 2015 13:51:59 by "java_re" with MS VC++ 10.0 (VS2010)

time: Wed Oct 25 08:47:00 2017
elapsed time: 3 seconds (0d 0h 0m 3s)

