#
# There is insufficient memory for the Java Runtime Environment to continue.
# Native memory allocation (malloc) failed to allocate 1975376 bytes for Chunk::new
# Possible reasons:
#   The system is out of physical RAM or swap space
#   In 32 bit mode, the process size limit was hit
# Possible solutions:
#   Reduce memory load on the system
#   Increase physical memory or swap space
#   Check if swap backing store is full
#   Use 64 bit Java on a 64 bit OS
#   Decrease Java heap size (-Xmx/-Xms)
#   Decrease number of Java threads
#   Decrease Java thread stack sizes (-Xss)
#   Set larger code cache with -XX:ReservedCodeCacheSize=
# This output file may be truncated or incomplete.
#
#  Out of Memory Error (allocation.cpp:390), pid=10832, tid=11096
#
# JRE version: Java(TM) SE Runtime Environment (8.0_40-b26) (build 1.8.0_40-b26)
# Java VM: Java HotSpot(TM) 64-Bit Server VM (25.40-b25 mixed mode windows-amd64 compressed oops)
# Failed to write core dump. Minidumps are not enabled by default on client versions of Windows
#

---------------  T H R E A D  ---------------

Current thread (0x000000001c567000):  JavaThread "C2 CompilerThread1" daemon [_thread_in_native, id=11096, stack(0x000000001db70000,0x000000001dc70000)]

Stack: [0x000000001db70000,0x000000001dc70000]
Native frames: (J=compiled Java code, j=interpreted, Vv=VM code, C=native code)
V  [jvm.dll+0x32b47a]
V  [jvm.dll+0x2797f3]
V  [jvm.dll+0x27a489]
V  [jvm.dll+0x2717a5]
V  [jvm.dll+0xcb9a2]
V  [jvm.dll+0xcbe6c]
V  [jvm.dll+0x476ea2]
V  [jvm.dll+0x4b950f]
V  [jvm.dll+0x46bf81]
V  [jvm.dll+0x46ccbe]
V  [jvm.dll+0x4500d2]
V  [jvm.dll+0xa4312]
V  [jvm.dll+0xa4c4f]
V  [jvm.dll+0x241914]
V  [jvm.dll+0x29848a]
C  [msvcr100.dll+0x21d9f]
C  [msvcr100.dll+0x21e3b]
C  [KERNEL32.DLL+0x13d2]
C  [ntdll.dll+0x154e4]


Current CompileTask:
C2:  12468 2057       4       com.android.dx.dex.code.RopToDop::dopFor (792 bytes)


---------------  P R O C E S S  ---------------

Java Threads: ( => current thread )
  0x000000001dfca800 JavaThread "pool-3-thread-1" [_thread_blocked, id=11184, stack(0x000000001e470000,0x000000001e570000)]
  0x000000001dfc9800 JavaThread "pool-2-thread-1" [_thread_in_Java, id=11180, stack(0x000000001e370000,0x000000001e470000)]
  0x000000001dd76000 JavaThread "Service Thread" daemon [_thread_blocked, id=11124, stack(0x000000001e170000,0x000000001e270000)]
  0x000000001c56d000 JavaThread "C1 CompilerThread2" daemon [_thread_blocked, id=11116, stack(0x000000001dc70000,0x000000001dd70000)]
=>0x000000001c567000 JavaThread "C2 CompilerThread1" daemon [_thread_in_native, id=11096, stack(0x000000001db70000,0x000000001dc70000)]
  0x000000001c519000 JavaThread "C2 CompilerThread0" daemon [_thread_in_native, id=11092, stack(0x000000001da70000,0x000000001db70000)]
  0x000000001c517800 JavaThread "Attach Listener" daemon [_thread_blocked, id=11088, stack(0x000000001d970000,0x000000001da70000)]
  0x000000001c516000 JavaThread "Signal Dispatcher" daemon [_thread_blocked, id=11084, stack(0x000000001d870000,0x000000001d970000)]
  0x00000000019b6800 JavaThread "Finalizer" daemon [_thread_blocked, id=11072, stack(0x000000001d770000,0x000000001d870000)]
  0x00000000019ae000 JavaThread "Reference Handler" daemon [_thread_blocked, id=11068, stack(0x000000001d670000,0x000000001d770000)]
  0x00000000018bd800 JavaThread "main" [_thread_blocked, id=10988, stack(0x0000000001740000,0x0000000001840000)]

Other Threads:
  0x000000001c4d7800 VMThread [stack: 0x000000001d570000,0x000000001d670000] [id=11044]
  0x000000001dd77000 WatcherThread [stack: 0x000000001e270000,0x000000001e370000] [id=11128]

VM state:not at safepoint (normal execution)

VM Mutex/Monitor currently owned by a thread: None

Heap:
 PSYoungGen      total 138240K, used 122310K [0x000000076ab00000, 0x0000000773700000, 0x00000007c0000000)
  eden space 133120K, 88% used [0x000000076ab00000,0x0000000771d737c8,0x0000000772d00000)
  from space 5120K, 99% used [0x0000000773200000,0x00000007736fe260,0x0000000773700000)
  to   space 5120K, 0% used [0x0000000772d00000,0x0000000772d00000,0x0000000773200000)
 ParOldGen       total 87552K, used 23993K [0x00000006c0000000, 0x00000006c5580000, 0x000000076ab00000)
  object space 87552K, 27% used [0x00000006c0000000,0x00000006c176e6a8,0x00000006c5580000)
 Metaspace       used 6189K, capacity 7094K, committed 7296K, reserved 1056768K
  class space    used 602K, capacity 622K, committed 640K, reserved 1048576K

Card table byte_map: [0x0000000012400000,0x0000000012c10000] byte_map_base: 0x000000000ee00000

Marking Bits: (ParMarkBitMap*) 0x0000000066bd4040
 Begin Bits: [0x0000000013370000, 0x0000000017370000)
 End Bits:   [0x0000000017370000, 0x000000001b370000)

Polling page: 0x0000000001650000

CodeCache: size=245760Kb used=8873Kb max_used=8886Kb free=236886Kb
 bounds [0x0000000003400000, 0x0000000003cc0000, 0x0000000012400000]
 total_blobs=2143 nmethods=1875 adapters=181
 compilation: enabled

Compilation events (10 events):
Event: 12.307 Thread 0x000000001c519000 nmethod 2060 0x0000000003cb3e50 code [0x0000000003cb40e0, 0x0000000003cb5880]
Event: 12.309 Thread 0x000000001c519000 2061       4       com.android.dx.cf.code.Frame::<init> (52 bytes)
Event: 12.310 Thread 0x000000001c519000 nmethod 2061 0x0000000003c6b890 code [0x0000000003c6b9e0, 0x0000000003c6baf8]
Event: 12.316 Thread 0x000000001c519000 2062 %     4       com.android.dx.rop.code.BasicBlockList::getInstructionCount @ 9 (48 bytes)
Event: 12.321 Thread 0x000000001c519000 nmethod 2062% 0x0000000003c7a890 code [0x0000000003c7a9e0, 0x0000000003c7acd8]
Event: 12.322 Thread 0x000000001c519000 2063       4       com.android.dx.rop.code.BasicBlockList::getInstructionCount (48 bytes)
Event: 12.327 Thread 0x000000001c519000 nmethod 2063 0x0000000003c7a390 code [0x0000000003c7a4e0, 0x0000000003c7a6d8]
Event: 12.328 Thread 0x000000001c519000 2064       4       com.android.dx.rop.code.PlainCstInsn::accept (8 bytes)
Event: 12.328 Thread 0x000000001c519000 nmethod 2064 0x0000000003c2de90 code [0x0000000003c2dfc0, 0x0000000003c2e038]
Event: 12.329 Thread 0x000000001c519000 2065   !   4       com.android.dx.cf.code.BytecodeArray::parseInstruction (2764 bytes)

GC Heap History (8 events):
Event: 3.701 GC heap before
{Heap before GC invocations=1 (full 0):
 PSYoungGen      total 38400K, used 33280K [0x000000076ab00000, 0x000000076d580000, 0x00000007c0000000)
  eden space 33280K, 100% used [0x000000076ab00000,0x000000076cb80000,0x000000076cb80000)
  from space 5120K, 0% used [0x000000076d080000,0x000000076d080000,0x000000076d580000)
  to   space 5120K, 0% used [0x000000076cb80000,0x000000076cb80000,0x000000076d080000)
 ParOldGen       total 87552K, used 0K [0x00000006c0000000, 0x00000006c5580000, 0x000000076ab00000)
  object space 87552K, 0% used [0x00000006c0000000,0x00000006c0000000,0x00000006c5580000)
 Metaspace       used 5862K, capacity 6896K, committed 7040K, reserved 1056768K
  class space    used 580K, capacity 616K, committed 640K, reserved 1048576K
Event: 4.008 GC heap after
Heap after GC invocations=1 (full 0):
 PSYoungGen      total 38400K, used 5096K [0x000000076ab00000, 0x000000076f600000, 0x00000007c0000000)
  eden space 33280K, 0% used [0x000000076ab00000,0x000000076ab00000,0x000000076cb80000)
  from space 5120K, 99% used [0x000000076cb80000,0x000000076d07a360,0x000000076d080000)
  to   space 5120K, 0% used [0x000000076f100000,0x000000076f100000,0x000000076f600000)
 ParOldGen       total 87552K, used 2433K [0x00000006c0000000, 0x00000006c5580000, 0x000000076ab00000)
  object space 87552K, 2% used [0x00000006c0000000,0x00000006c02607c0,0x00000006c5580000)
 Metaspace       used 5862K, capacity 6896K, committed 7040K, reserved 1056768K
  class space    used 580K, capacity 616K, committed 640K, reserved 1048576K
}
Event: 4.658 GC heap before
{Heap before GC invocations=2 (full 0):
 PSYoungGen      total 38400K, used 38376K [0x000000076ab00000, 0x000000076f600000, 0x00000007c0000000)
  eden space 33280K, 100% used [0x000000076ab00000,0x000000076cb80000,0x000000076cb80000)
  from space 5120K, 99% used [0x000000076cb80000,0x000000076d07a360,0x000000076d080000)
  to   space 5120K, 0% used [0x000000076f100000,0x000000076f100000,0x000000076f600000)
 ParOldGen       total 87552K, used 2433K [0x00000006c0000000, 0x00000006c5580000, 0x000000076ab00000)
  object space 87552K, 2% used [0x00000006c0000000,0x00000006c02607c0,0x00000006c5580000)
 Metaspace       used 5978K, capacity 7024K, committed 7296K, reserved 1056768K
  class space    used 580K, capacity 616K, committed 640K, reserved 1048576K
Event: 4.690 GC heap after
Heap after GC invocations=2 (full 0):
 PSYoungGen      total 71680K, used 5114K [0x000000076ab00000, 0x000000076f600000, 0x00000007c0000000)
  eden space 66560K, 0% used [0x000000076ab00000,0x000000076ab00000,0x000000076ec00000)
  from space 5120K, 99% used [0x000000076f100000,0x000000076f5fe920,0x000000076f600000)
  to   space 5120K, 0% used [0x000000076ec00000,0x000000076ec00000,0x000000076f100000)
 ParOldGen       total 87552K, used 7385K [0x00000006c0000000, 0x00000006c5580000, 0x000000076ab00000)
  object space 87552K, 8% used [0x00000006c0000000,0x00000006c0736420,0x00000006c5580000)
 Metaspace       used 5978K, capacity 7024K, committed 7296K, reserved 1056768K
  class space    used 580K, capacity 616K, committed 640K, reserved 1048576K
}
Event: 5.836 GC heap before
{Heap before GC invocations=3 (full 0):
 PSYoungGen      total 71680K, used 71674K [0x000000076ab00000, 0x000000076f600000, 0x00000007c0000000)
  eden space 66560K, 100% used [0x000000076ab00000,0x000000076ec00000,0x000000076ec00000)
  from space 5120K, 99% used [0x000000076f100000,0x000000076f5fe920,0x000000076f600000)
  to   space 5120K, 0% used [0x000000076ec00000,0x000000076ec00000,0x000000076f100000)
 ParOldGen       total 87552K, used 7385K [0x00000006c0000000, 0x00000006c5580000, 0x000000076ab00000)
  object space 87552K, 8% used [0x00000006c0000000,0x00000006c0736420,0x00000006c5580000)
 Metaspace       used 6062K, capacity 7088K, committed 7296K, reserved 1056768K
  class space    used 580K, capacity 616K, committed 640K, reserved 1048576K
Event: 5.923 GC heap after
Heap after GC invocations=3 (full 0):
 PSYoungGen      total 71680K, used 5104K [0x000000076ab00000, 0x0000000773700000, 0x00000007c0000000)
  eden space 66560K, 0% used [0x000000076ab00000,0x000000076ab00000,0x000000076ec00000)
  from space 5120K, 99% used [0x000000076ec00000,0x000000076f0fc230,0x000000076f100000)
  to   space 5120K, 0% used [0x0000000773200000,0x0000000773200000,0x0000000773700000)
 ParOldGen       total 87552K, used 15369K [0x00000006c0000000, 0x00000006c5580000, 0x000000076ab00000)
  object space 87552K, 17% used [0x00000006c0000000,0x00000006c0f02568,0x00000006c5580000)
 Metaspace       used 6062K, capacity 7088K, committed 7296K, reserved 1056768K
  class space    used 580K, capacity 616K, committed 640K, reserved 1048576K
}
Event: 6.585 GC heap before
{Heap before GC invocations=4 (full 0):
 PSYoungGen      total 71680K, used 71664K [0x000000076ab00000, 0x0000000773700000, 0x00000007c0000000)
  eden space 66560K, 100% used [0x000000076ab00000,0x000000076ec00000,0x000000076ec00000)
  from space 5120K, 99% used [0x000000076ec00000,0x000000076f0fc230,0x000000076f100000)
  to   space 5120K, 0% used [0x0000000773200000,0x0000000773200000,0x0000000773700000)
 ParOldGen       total 87552K, used 15369K [0x00000006c0000000, 0x00000006c5580000, 0x000000076ab00000)
  object space 87552K, 17% used [0x00000006c0000000,0x00000006c0f02568,0x00000006c5580000)
 Metaspace       used 6079K, capacity 7088K, committed 7296K, reserved 1056768K
  class space    used 580K, capacity 616K, committed 640K, reserved 1048576K
Event: 6.836 GC heap after
Heap after GC invocations=4 (full 0):
 PSYoungGen      total 138240K, used 5112K [0x000000076ab00000, 0x0000000773700000, 0x00000007c0000000)
  eden space 133120K, 0% used [0x000000076ab00000,0x000000076ab00000,0x0000000772d00000)
  from space 5120K, 99% used [0x0000000773200000,0x00000007736fe260,0x0000000773700000)
  to   space 5120K, 0% used [0x0000000772d00000,0x0000000772d00000,0x0000000773200000)
 ParOldGen       total 87552K, used 23993K [0x00000006c0000000, 0x00000006c5580000, 0x000000076ab00000)
  object space 87552K, 27% used [0x00000006c0000000,0x00000006c176e6a8,0x00000006c5580000)
 Metaspace       used 6079K, capacity 7088K, committed 7296K, reserved 1056768K
  class space    used 580K, capacity 616K, committed 640K, reserved 1048576K
}

Deoptimization events (10 events):
Event: 5.205 Thread 0x000000001dfc9800 Uncommon trap: reason=bimorphic action=maybe_recompile pc=0x0000000003a12d50 method=com.android.dx.cf.code.BytecodeArray.parseInstruction(ILcom/android/dx/cf/code/BytecodeArray$Visitor;)I @ 1161
Event: 5.205 Thread 0x000000001dfc9800 Uncommon trap: reason=bimorphic action=maybe_recompile pc=0x0000000003a12d50 method=com.android.dx.cf.code.BytecodeArray.parseInstruction(ILcom/android/dx/cf/code/BytecodeArray$Visitor;)I @ 1161
Event: 5.330 Thread 0x000000001dfc9800 Uncommon trap: reason=unstable_if action=reinterpret pc=0x00000000039dc24c method=com.android.dx.cf.code.Merger.mergeType(Lcom/android/dx/rop/type/TypeBearer;Lcom/android/dx/rop/type/TypeBearer;)Lcom/android/dx/rop/type/TypeBearer; @ 77
Event: 5.330 Thread 0x000000001dfc9800 Uncommon trap: reason=null_check action=make_not_entrant pc=0x000000000370c1ac method=com.android.dx.rop.type.Type.equals(Ljava/lang/Object;)Z @ 8
Event: 6.844 Thread 0x000000001dfc9800 Uncommon trap: reason=unstable_if action=reinterpret pc=0x0000000003a7c5a0 method=com.android.dx.ssa.SCCP.simulateStmt(Lcom/android/dx/ssa/SsaInsn;)V @ 59
Event: 7.417 Thread 0x000000001dfcf000 Uncommon trap: reason=unstable_if action=reinterpret pc=0x0000000003b1e410 method=com.android.dx.cf.code.Merger.mergeStack(Lcom/android/dx/cf/code/ExecutionStack;Lcom/android/dx/cf/code/ExecutionStack;)Lcom/android/dx/cf/code/ExecutionStack; @ 2
Event: 8.313 Thread 0x000000001dfc9800 Uncommon trap: reason=unstable_if action=reinterpret pc=0x0000000003846240 method=java.util.HashMap.putVal(ILjava/lang/Object;Ljava/lang/Object;ZZ)Ljava/lang/Object; @ 162
Event: 8.317 Thread 0x000000001dfc9800 Uncommon trap: reason=unstable_if action=reinterpret pc=0x00000000039e32a4 method=java.util.HashMap.getNode(ILjava/lang/Object;)Ljava/util/HashMap$Node; @ 84
Event: 9.776 Thread 0x000000001dfc9800 Uncommon trap: reason=unstable_if action=reinterpret pc=0x0000000003a9539c method=java.util.HashMap.resize()[Ljava/util/HashMap$Node; @ 206
Event: 9.994 Thread 0x000000001dfc9800 Uncommon trap: reason=unstable_if action=reinterpret pc=0x00000000039de58c method=java.util.HashMap.putVal(ILjava/lang/Object;Ljava/lang/Object;ZZ)Ljava/lang/Object; @ 94

Internal exceptions (7 events):
Event: 0.669 Thread 0x00000000018bd800 Exception <a 'java/lang/NoSuchMethodError': Method sun.misc.Unsafe.defineClass(Ljava/lang/String;[BII)Ljava/lang/Class; name or signature does not match> (0x000000076ab0dae0) thrown at [D:\re\workspace\8-2-build-windows-amd64-cygwin\jdk8u40\3098\hotspot\sr²0µijå?
Event: 0.669 Thread 0x00000000018bd800 Exception <a 'java/lang/NoSuchMethodError': Method sun.misc.Unsafe.prefetchRead(Ljava/lang/Object;J)V name or signature does not match> (0x000000076ab0dd70) thrown at [D:\re\workspace\8-2-build-windows-amd64-cygwin\jdk8u40\3098\hotspot\src\share\vm\prims\j¸±äúÐB@
Event: 4.565 Thread 0x000000001dfce000 Implicit null exception at 0x0000000003864534 to 0x0000000003864879
Event: 5.330 Thread 0x000000001dfc9800 Implicit null exception at 0x000000000370c0a2 to 0x000000000370c19d
Event: 8.315 Thread 0x000000001dfc9800 Exception <a 'java/lang/ArrayIndexOutOfBoundsException': 18> (0x000000076f380a78) thrown at [D:\re\workspace\8-2-build-windows-amd64-cygwin\jdk8u40\3098\hotspot\src\share\vm\interpreter\interpreterRuntime.cpp, line 366]
Event: 8.316 Thread 0x000000001dfc9800 Exception <a 'java/lang/ArrayIndexOutOfBoundsException'> (0x000000076f382548) thrown at [D:\re\workspace\8-2-build-windows-amd64-cygwin\jdk8u40\3098\hotspot\src\share\vm\runtime\sharedRuntime.cpp, line 605]
Event: 8.316 Thread 0x000000001dfc9800 Exception <a 'java/lang/ArrayIndexOutOfBoundsException'> (0x000000076f383780) thrown at [D:\re\workspace\8-2-build-windows-amd64-cygwin\jdk8u40\3098\hotspot\src\share\vm\runtime\sharedRuntime.cpp, line 605]

Events (10 events):
Event: 10.540 Thread 0x000000001dfc9800 DEOPT PACKING pc=0x00000000038d1164 sp=0x000000001e46e9e0
Event: 10.540 Thread 0x000000001dfc9800 DEOPT UNPACKING pc=0x000000000344787f sp=0x000000001e46e708 mode 0
Event: 10.774 Thread 0x000000001dfc9800 DEOPT PACKING pc=0x00000000038989e1 sp=0x000000001e46e990
Event: 10.774 Thread 0x000000001dfc9800 DEOPT UNPACKING pc=0x000000000344787f sp=0x000000001e46e770 mode 0
Event: 11.839 Thread 0x000000001dfc9800 DEOPT PACKING pc=0x000000000399c6d3 sp=0x000000001e46e840
Event: 11.839 Thread 0x000000001dfc9800 DEOPT UNPACKING pc=0x000000000344787f sp=0x000000001e46e590 mode 0
Event: 11.916 Thread 0x000000001dfc9800 DEOPT PACKING pc=0x0000000003807f38 sp=0x000000001e46e930
Event: 11.916 Thread 0x000000001dfc9800 DEOPT UNPACKING pc=0x000000000344787f sp=0x000000001e46e690 mode 0
Event: 12.327 Thread 0x000000001dfc9800 DEOPT PACKING pc=0x000000000388b7e4 sp=0x000000001e46ebe0
Event: 12.327 Thread 0x000000001dfc9800 DEOPT UNPACKING pc=0x000000000344787f sp=0x000000001e46e8f8 mode 0


Dynamic libraries:
0x00007ff7cf790000 - 0x00007ff7cf7c7000 	C:\Program Files\Java\jdk1.8.0_40\bin\java.exe
0x00007fff3e760000 - 0x00007fff3e90d000 	C:\Windows\SYSTEM32\ntdll.dll
0x00007fff3d6f0000 - 0x00007fff3d82e000 	C:\Windows\system32\KERNEL32.DLL
0x00007fff3bcc0000 - 0x00007fff3bdd5000 	C:\Windows\system32\KERNELBASE.dll
0x00007fff3a410000 - 0x00007fff3a49e000 	C:\Windows\system32\apphelp.dll
0x00007fff27ca0000 - 0x00007fff27cf3000 	C:\Windows\AppPatch\AppPatch64\AcGenral.DLL
0x00007fff3c110000 - 0x00007fff3c1ba000 	C:\Windows\system32\msvcrt.dll
0x00007fff3b6e0000 - 0x00007fff3b70e000 	C:\Windows\SYSTEM32\SspiCli.dll
0x00007fff3e240000 - 0x00007fff3e294000 	C:\Windows\system32\SHLWAPI.dll
0x00007fff3e2a0000 - 0x00007fff3e417000 	C:\Windows\system32\USER32.dll
0x00007fff3e5c0000 - 0x00007fff3e754000 	C:\Windows\system32\ole32.dll
0x00007fff3c1c0000 - 0x00007fff3d6ea000 	C:\Windows\system32\SHELL32.dll
0x00007fff3aeb0000 - 0x00007fff3aed1000 	C:\Windows\SYSTEM32\USERENV.dll
0x00007fff3e190000 - 0x00007fff3e23a000 	C:\Windows\system32\ADVAPI32.dll
0x00007fff248a0000 - 0x00007fff248be000 	C:\Windows\SYSTEM32\MPR.dll
0x00007fff3d830000 - 0x00007fff3d971000 	C:\Windows\system32\RPCRT4.dll
0x00007fff3d980000 - 0x00007fff3d9d9000 	C:\Windows\SYSTEM32\sechost.dll
0x00007fff3de80000 - 0x00007fff3e091000 	C:\Windows\SYSTEM32\combase.dll
0x00007fff3bde0000 - 0x00007fff3bf2f000 	C:\Windows\system32\GDI32.dll
0x00007fff3b8b0000 - 0x00007fff3b8c5000 	C:\Windows\SYSTEM32\profapi.dll
0x00007fff39a50000 - 0x00007fff39b02000 	C:\Windows\SYSTEM32\SHCORE.dll
0x00007fff3d9e0000 - 0x00007fff3da16000 	C:\Windows\system32\IMM32.DLL
0x00007fff3bf30000 - 0x00007fff3c082000 	C:\Windows\system32\MSCTF.dll
0x00007fff378b0000 - 0x00007fff37b2a000 	C:\Windows\WinSxS\amd64_microsoft.windows.common-controls_6595b64144ccf1df_6.0.9600.17810_none_6240b9c7ecbd0bda\COMCTL32.dll
0x0000000066c60000 - 0x0000000066d32000 	C:\Program Files\Java\jdk1.8.0_40\jre\bin\msvcr100.dll
0x00000000663d0000 - 0x0000000066c53000 	C:\Program Files\Java\jdk1.8.0_40\jre\bin\server\jvm.dll
0x00007fff276b0000 - 0x00007fff276b9000 	C:\Windows\SYSTEM32\WSOCK32.dll
0x00007fff35680000 - 0x00007fff356a2000 	C:\Windows\SYSTEM32\WINMM.dll
0x00007fff352d0000 - 0x00007fff352da000 	C:\Windows\SYSTEM32\VERSION.dll
0x00007fff3e5b0000 - 0x00007fff3e5b7000 	C:\Windows\system32\PSAPI.DLL
0x00007fff3c0b0000 - 0x00007fff3c10a000 	C:\Windows\system32\WS2_32.dll
0x00007fff35650000 - 0x00007fff3567a000 	C:\Windows\SYSTEM32\WINMMBASE.dll
0x00007fff3e180000 - 0x00007fff3e189000 	C:\Windows\system32\NSI.dll
0x00007fff3bc70000 - 0x00007fff3bcbf000 	C:\Windows\SYSTEM32\cfgmgr32.dll
0x00007fff3a6a0000 - 0x00007fff3a6c8000 	C:\Windows\SYSTEM32\DEVOBJ.dll
0x00000000663c0000 - 0x00000000663cf000 	C:\Program Files\Java\jdk1.8.0_40\jre\bin\verify.dll
0x0000000066390000 - 0x00000000663b9000 	C:\Program Files\Java\jdk1.8.0_40\jre\bin\java.dll
0x0000000066370000 - 0x0000000066386000 	C:\Program Files\Java\jdk1.8.0_40\jre\bin\zip.dll
0x00007fff26360000 - 0x00007fff264e9000 	C:\Windows\SYSTEM32\dbghelp.dll

VM Arguments:
jvm_args: -Djava.awt.headless=true -Xmx4g -Dfile.encoding=windows-1252 -Duser.country=US -Duser.language=en -Duser.variant 
java_command: com.android.dx.command.Main --dex --force-jumbo --num-threads=4 --multi-dex --output C:\Users\Owner\AndroidStudioProjects\TawatTrip\app\build\intermediates\transforms\dex\debug\folders\1000\10\com.google.firebase-firebase-analytics-impl-11.8.0_9e67653cf8617ffde1d1579b8060b194674e6702 C:\Users\Owner\AndroidStudioProjects\TawatTrip\app\build\intermediates\exploded-aar\com.google.firebase\firebase-analytics-impl\11.8.0\jars\classes.jar
java_class_path (initial): C:\Users\Owner\AppData\Local\Android\sdk\build-tools\23.0.1\lib\dx.jar
Launcher Type: SUN_STANDARD

Environment Variables:
JAVA_HOME=C:\Program Files\Java\jdk1.8.0_40
PATH=C:\MinGW\bin;C:\Program Files\Java\jdk1.7.0_79\bin;C:\Program Files (x86)\Intel\iCLS Client\;C:\Program Files\Intel\iCLS Client\;C:\Windows\system32;C:\Windows;C:\Windows\System32\Wbem;C:\Windows\System32\WindowsPowerShell\v1.0\;C:\Program Files\Hewlett-Packard\SimplePass\;C:\Program Files\Intel\Intel(R) Management Engine Components\DAL;C:\Program Files\Intel\Intel(R) Management Engine Components\IPT;C:\Program Files (x86)\Intel\Intel(R) Management Engine Components\DAL;C:\Program Files (x86)\Intel\Intel(R) Management Engine Components\IPT;C:\Program Files (x86)\Windows Live\Shared;C:\Program Files\Microsoft SQL Server\110\Tools\Binn\;C:\Users\Owner\Downloads\apache-ant-1.9.4\bin;C:\Program Files\MATLAB\R2013b\runtime\win64;C:\Program Files\MATLAB\R2013b\bin;C:\Python27\;C:\Users\Owner\Downloads\android-ndk-r11c\;C:\Users\Owner\AppData\Local\Android\sdk\tools\;C:\Users\Owner\AppData\Local\Android\sdk\platform-tools\;C:\Program Files (x86)\Skype\Phone\;C:\Program Files\Git\cmd;C:\Program Files\nodejs\;C:\MinGW\bin;C:\Program Files\Java\jdk1.7.0_79\bin;C:\ProgramData\chocolatey\bin;C:\Users\Owner\AppData\Local\atom\bin;C:\Python27\;C:\Users\Owner\Downloads\android-ndk-r11c\;C:\Users\Owner\AppData\Local\Android\sdk\tools\;C:\Users\Owner\AppData\Local\Android\sdk\platform-tools;C:\Users\Owner\AppData\Roaming\npm;C:\Program Files\nodejs\
USERNAME=Arcantos
OS=Windows_NT
PROCESSOR_IDENTIFIER=Intel64 Family 6 Model 69 Stepping 1, GenuineIntel



---------------  S Y S T E M  ---------------

OS: Windows 8.1 , 64 bit Build 9600 (6.3.9600.17415)

CPU:total 4 (2 cores per cpu, 2 threads per core) family 6 model 69 stepping 1, cmov, cx8, fxsr, mmx, sse, sse2, sse3, ssse3, sse4.1, sse4.2, popcnt, avx, avx2, aes, clmul, erms, lzcnt, ht, tsc, tscinvbit, bmi1, bmi2

Memory: 4k page, physical 8317080k(364128k free), swap 11462808k(5320k free)

vm_info: Java HotSpot(TM) 64-Bit Server VM (25.40-b25) for windows-amd64 JRE (1.8.0_40-b26), built on Mar  7 2015 13:51:59 by "java_re" with MS VC++ 10.0 (VS2010)

time: Fri Jan 19 13:53:05 2018
elapsed time: 12 seconds (0d 0h 0m 12s)

