#
# There is insufficient memory for the Java Runtime Environment to continue.
# Native memory allocation (malloc) failed to allocate 368656 bytes for Chunk::new
# Possible reasons:
#   The system is out of physical RAM or swap space
#   In 32 bit mode, the process size limit was hit
# Possible solutions:
#   Reduce memory load on the system
#   Increase physical memory or swap space
#   Check if swap backing store is full
#   Use 64 bit Java on a 64 bit OS
#   Decrease Java heap size (-Xmx/-Xms)
#   Decrease number of Java threads
#   Decrease Java thread stack sizes (-Xss)
#   Set larger code cache with -XX:ReservedCodeCacheSize=
# This output file may be truncated or incomplete.
#
#  Out of Memory Error (allocation.cpp:390), pid=13456, tid=13536
#
# JRE version:  (8.0_40-b26) (build )
# Java VM: Java HotSpot(TM) 64-Bit Server VM (25.40-b25 mixed mode windows-amd64 compressed oops)
# Failed to write core dump. Minidumps are not enabled by default on client versions of Windows
#

---------------  T H R E A D  ---------------

Current thread (0x000000000137d800):  JavaThread "Unknown thread" [_thread_in_vm, id=13536, stack(0x00000000013e0000,0x00000000014e0000)]

Stack: [0x00000000013e0000,0x00000000014e0000]
Native frames: (J=compiled Java code, j=interpreted, Vv=VM code, C=native code)
V  [jvm.dll+0x32b47a]


---------------  P R O C E S S  ---------------

Java Threads: ( => current thread )

Other Threads:

=>0x000000000137d800 (exited) JavaThread "Unknown thread" [_thread_in_vm, id=13536, stack(0x00000000013e0000,0x00000000014e0000)]

VM state:not at safepoint (not fully initialized)

VM Mutex/Monitor currently owned by a thread: None

GC Heap History (0 events):
No events

Deoptimization events (0 events):
No events

Internal exceptions (0 events):
No events

Events (0 events):
No events


Dynamic libraries:
0x00007ff64cb40000 - 0x00007ff64cb77000 	C:\Program Files\Java\jdk1.8.0_40\bin\java.exe
0x00007ffde7940000 - 0x00007ffde7aed000 	C:\Windows\SYSTEM32\ntdll.dll
0x00007ffde5bf0000 - 0x00007ffde5d2e000 	C:\Windows\system32\KERNEL32.DLL
0x00007ffde4df0000 - 0x00007ffde4f05000 	C:\Windows\system32\KERNELBASE.dll
0x00007ffde2eb0000 - 0x00007ffde2f3e000 	C:\Windows\system32\apphelp.dll
0x00007ffdd2190000 - 0x00007ffdd21e3000 	C:\Windows\AppPatch\AppPatch64\AcGenral.DLL
0x00007ffde5460000 - 0x00007ffde550a000 	C:\Windows\system32\msvcrt.dll
0x00007ffde48c0000 - 0x00007ffde48ee000 	C:\Windows\SYSTEM32\SspiCli.dll
0x00007ffde5e00000 - 0x00007ffde5e54000 	C:\Windows\system32\SHLWAPI.dll
0x00007ffde5510000 - 0x00007ffde5687000 	C:\Windows\system32\USER32.dll
0x00007ffde52c0000 - 0x00007ffde5454000 	C:\Windows\system32\ole32.dll
0x00007ffde63b0000 - 0x00007ffde78da000 	C:\Windows\system32\SHELL32.dll
0x00007ffde4090000 - 0x00007ffde40b1000 	C:\Windows\SYSTEM32\USERENV.dll
0x00007ffde5ed0000 - 0x00007ffde5f7a000 	C:\Windows\system32\ADVAPI32.dll
0x00007ffdcf150000 - 0x00007ffdcf16e000 	C:\Windows\SYSTEM32\MPR.dll
0x00007ffde4fc0000 - 0x00007ffde5101000 	C:\Windows\system32\RPCRT4.dll
0x00007ffde5e60000 - 0x00007ffde5eb9000 	C:\Windows\SYSTEM32\sechost.dll
0x00007ffde5690000 - 0x00007ffde58a1000 	C:\Windows\SYSTEM32\combase.dll
0x00007ffde5a90000 - 0x00007ffde5bdf000 	C:\Windows\system32\GDI32.dll
0x00007ffde4a90000 - 0x00007ffde4aa5000 	C:\Windows\SYSTEM32\profapi.dll
0x00007ffde3110000 - 0x00007ffde31c2000 	C:\Windows\SYSTEM32\SHCORE.dll
0x00007ffde78e0000 - 0x00007ffde7916000 	C:\Windows\system32\IMM32.DLL
0x00007ffde6130000 - 0x00007ffde6282000 	C:\Windows\system32\MSCTF.dll
0x00007ffde2940000 - 0x00007ffde2bba000 	C:\Windows\WinSxS\amd64_microsoft.windows.common-controls_6595b64144ccf1df_6.0.9600.17810_none_6240b9c7ecbd0bda\COMCTL32.dll
0x00000000707e0000 - 0x00000000708b2000 	C:\Program Files\Java\jdk1.8.0_40\jre\bin\msvcr100.dll
0x000000006f6b0000 - 0x000000006ff33000 	C:\Program Files\Java\jdk1.8.0_40\jre\bin\server\jvm.dll
0x00007ffdd2580000 - 0x00007ffdd2589000 	C:\Windows\SYSTEM32\WSOCK32.dll
0x00007ffdde870000 - 0x00007ffdde892000 	C:\Windows\SYSTEM32\WINMM.dll
0x00007ffdde180000 - 0x00007ffdde18a000 	C:\Windows\SYSTEM32\VERSION.dll
0x00007ffde5ec0000 - 0x00007ffde5ec7000 	C:\Windows\system32\PSAPI.DLL
0x00007ffde5ff0000 - 0x00007ffde604a000 	C:\Windows\system32\WS2_32.dll
0x00007ffdde840000 - 0x00007ffdde86a000 	C:\Windows\SYSTEM32\WINMMBASE.dll
0x00007ffde5be0000 - 0x00007ffde5be9000 	C:\Windows\system32\NSI.dll
0x00007ffde4f10000 - 0x00007ffde4f5f000 	C:\Windows\SYSTEM32\cfgmgr32.dll
0x00007ffde38b0000 - 0x00007ffde38d8000 	C:\Windows\SYSTEM32\DEVOBJ.dll
0x00000000707d0000 - 0x00000000707df000 	C:\Program Files\Java\jdk1.8.0_40\jre\bin\verify.dll
0x00000000707a0000 - 0x00000000707c9000 	C:\Program Files\Java\jdk1.8.0_40\jre\bin\java.dll
0x000000006f690000 - 0x000000006f6a6000 	C:\Program Files\Java\jdk1.8.0_40\jre\bin\zip.dll

VM Arguments:
jvm_args: -Djava.awt.headless=true -Xmx4g -Dfile.encoding=windows-1252 -Duser.country=US -Duser.language=en -Duser.variant 
java_command: com.android.dx.command.Main --dex --force-jumbo --num-threads=4 --output C:\Users\Owner\AndroidStudioProjects\TawatTrip\app\build\intermediates\pre-dexed\debug\com.google.firebase-firebase-analytics-11.8.0_0e29c9a92962a20c1c8555b35a7dcaa01d107148.jar C:\Users\Owner\AndroidStudioProjects\TawatTrip\app\build\intermediates\exploded-aar\com.google.firebase\firebase-analytics\11.8.0\jars\classes.jar
java_class_path (initial): C:\Users\Owner\AppData\Local\Android\sdk\build-tools\26.0.1\lib\dx.jar
Launcher Type: SUN_STANDARD

Environment Variables:
JAVA_HOME=C:\Program Files\Java\jdk1.8.0_40
PATH=C:\ProgramData\Oracle\Java\javapath;C:\MinGW\bin;C:\Program Files\Java\jdk1.7.0_79\bin;C:\Program Files (x86)\Intel\iCLS Client\;C:\Program Files\Intel\iCLS Client\;C:\Windows\system32;C:\Windows;C:\Windows\System32\Wbem;C:\Windows\System32\WindowsPowerShell\v1.0\;C:\Program Files\Hewlett-Packard\SimplePass\;C:\Program Files\Intel\Intel(R) Management Engine Components\DAL;C:\Program Files\Intel\Intel(R) Management Engine Components\IPT;C:\Program Files (x86)\Intel\Intel(R) Management Engine Components\DAL;C:\Program Files (x86)\Intel\Intel(R) Management Engine Components\IPT;C:\Program Files (x86)\Windows Live\Shared;C:\Program Files\Microsoft SQL Server\110\Tools\Binn\;C:\Users\Owner\Downloads\apache-ant-1.9.4\bin;C:\Program Files\MATLAB\R2013b\runtime\win64;C:\Program Files\MATLAB\R2013b\bin;C:\Python27\;C:\Users\Owner\Downloads\android-ndk-r11c\;C:\Users\Owner\AppData\Local\Android\sdk\tools\;C:\Users\Owner\AppData\Local\Android\sdk\platform-tools\;C:\Program Files (x86)\Skype\Phone\;C:\Program Files\Git\cmd;C:\MinGW\bin;C:\Program Files\Java\jdk1.7.0_79\bin;C:\ProgramData\chocolatey\bin;C:\Users\Owner\AppData\Local\atom\bin;C:\Python27\;C:\Users\Owner\Downloads\android-ndk-r11c\;C:\Users\Owner\AppData\Local\Android\sdk\tools\;C:\Users\Owner\AppData\Local\Android\sdk\platform-tools;C:\Program Files\nodejs\
USERNAME=Arcantos
OS=Windows_NT
PROCESSOR_IDENTIFIER=Intel64 Family 6 Model 69 Stepping 1, GenuineIntel



---------------  S Y S T E M  ---------------

OS: Windows 8.1 , 64 bit Build 9600 (6.3.9600.17415)

CPU:total 4 (2 cores per cpu, 2 threads per core) family 6 model 69 stepping 1, cmov, cx8, fxsr, mmx, sse, sse2, sse3, ssse3, sse4.1, sse4.2, popcnt, avx, avx2, aes, clmul, erms, lzcnt, ht, tsc, tscinvbit, bmi1, bmi2

Memory: 4k page, physical 8317080k(931788k free), swap 11462808k(27636k free)

vm_info: Java HotSpot(TM) 64-Bit Server VM (25.40-b25) for windows-amd64 JRE (1.8.0_40-b26), built on Mar  7 2015 13:51:59 by "java_re" with MS VC++ 10.0 (VS2010)

time: Sun May 13 19:45:00 2018
elapsed time: 1 seconds (0d 0h 0m 1s)

