#
# There is insufficient memory for the Java Runtime Environment to continue.
# Native memory allocation (malloc) failed to allocate 32744 bytes for ChunkPool::allocate
# Possible reasons:
#   The system is out of physical RAM or swap space
#   In 32 bit mode, the process size limit was hit
# Possible solutions:
#   Reduce memory load on the system
#   Increase physical memory or swap space
#   Check if swap backing store is full
#   Use 64 bit Java on a 64 bit OS
#   Decrease Java heap size (-Xmx/-Xms)
#   Decrease number of Java threads
#   Decrease Java thread stack sizes (-Xss)
#   Set larger code cache with -XX:ReservedCodeCacheSize=
# This output file may be truncated or incomplete.
#
#  Out of Memory Error (allocation.cpp:273), pid=11036, tid=10748
#
# JRE version: Java(TM) SE Runtime Environment (8.0_40-b26) (build 1.8.0_40-b26)
# Java VM: Java HotSpot(TM) 64-Bit Server VM (25.40-b25 mixed mode windows-amd64 compressed oops)
# Failed to write core dump. Minidumps are not enabled by default on client versions of Windows
#

---------------  T H R E A D  ---------------

Current thread (0x000000001befd800):  JavaThread "C2 CompilerThread0" daemon [_thread_in_vm, id=10748, stack(0x000000001d490000,0x000000001d590000)]

Stack: [0x000000001d490000,0x000000001d590000]
Native frames: (J=compiled Java code, j=interpreted, Vv=VM code, C=native code)
V  [jvm.dll+0x32b47a]


Current CompileTask:
C2:  10934  520       4       java.util.ArrayList$Itr::hasNext (20 bytes)


---------------  P R O C E S S  ---------------

Java Threads: ( => current thread )
  0x000000001d9ee000 JavaThread "pool-2-thread-4" [_thread_in_vm, id=10804, stack(0x000000001e190000,0x000000001e290000)]
  0x000000001d9ea000 JavaThread "pool-2-thread-3" [_thread_in_native, id=10508, stack(0x000000001e090000,0x000000001e190000)]
  0x000000001d90d800 JavaThread "pool-2-thread-2" [_thread_blocked, id=10596, stack(0x000000001df90000,0x000000001e090000)]
  0x000000001d909800 JavaThread "pool-3-thread-1" [_thread_blocked, id=10724, stack(0x000000001de90000,0x000000001df90000)]
  0x000000001d904000 JavaThread "pool-2-thread-1" [_thread_blocked, id=10824, stack(0x000000001dd90000,0x000000001de90000)]
  0x000000001d796000 JavaThread "Service Thread" daemon [_thread_blocked, id=10744, stack(0x000000001db90000,0x000000001dc90000)]
  0x000000001bf5d000 JavaThread "C1 CompilerThread2" daemon [_thread_in_native, id=10788, stack(0x000000001d690000,0x000000001d790000)]
  0x000000001bf56800 JavaThread "C2 CompilerThread1" daemon [_thread_in_vm, id=10784, stack(0x000000001d590000,0x000000001d690000)]
=>0x000000001befd800 JavaThread "C2 CompilerThread0" daemon [_thread_in_vm, id=10748, stack(0x000000001d490000,0x000000001d590000)]
  0x000000001befb800 JavaThread "Attach Listener" daemon [_thread_blocked, id=10716, stack(0x000000001d390000,0x000000001d490000)]
  0x000000001befa800 JavaThread "Signal Dispatcher" daemon [_thread_blocked, id=10768, stack(0x000000001d290000,0x000000001d390000)]
  0x0000000001346800 JavaThread "Finalizer" daemon [_thread_blocked, id=4896, stack(0x000000001d190000,0x000000001d290000)]
  0x000000000133e000 JavaThread "Reference Handler" daemon [_thread_blocked, id=10752, stack(0x000000001d090000,0x000000001d190000)]
  0x00000000011bd800 JavaThread "main" [_thread_blocked, id=11212, stack(0x00000000010b0000,0x00000000011b0000)]

Other Threads:
  0x000000001bec7800 VMThread [stack: 0x000000001cf90000,0x000000001d090000] [id=10436]
  0x000000001d797000 WatcherThread [stack: 0x000000001dc90000,0x000000001dd90000] [id=10720]

VM state:not at safepoint (normal execution)

VM Mutex/Monitor currently owned by a thread: None

Heap:
 PSYoungGen      total 38400K, used 3996K [0x000000076ab00000, 0x000000076d580000, 0x00000007c0000000)
  eden space 33280K, 12% used [0x000000076ab00000,0x000000076aee70e8,0x000000076cb80000)
  from space 5120K, 0% used [0x000000076cb80000,0x000000076cb80000,0x000000076d080000)
  to   space 5120K, 0% used [0x000000076d080000,0x000000076d080000,0x000000076d580000)
 ParOldGen       total 54272K, used 2428K [0x00000006c0000000, 0x00000006c3500000, 0x000000076ab00000)
  object space 54272K, 4% used [0x00000006c0000000,0x00000006c025f1a0,0x00000006c3500000)
 Metaspace       used 5299K, capacity 6448K, committed 6528K, reserved 1058816K
  class space    used 571K, capacity 616K, committed 640K, reserved 1048576K

Card table byte_map: [0x0000000001710000,0x0000000001f20000] byte_map_base: 0xfffffffffe110000

Marking Bits: (ParMarkBitMap*) 0x000000005e3d4040
 Begin Bits: [0x0000000012d60000, 0x0000000016d60000)
 End Bits:   [0x0000000016d60000, 0x000000001ad60000)

Polling page: 0x00000000011c0000

CodeCache: size=245760Kb used=2142Kb max_used=2153Kb free=243617Kb
 bounds [0x0000000003400000, 0x0000000003670000, 0x0000000012400000]
 total_blobs=771 nmethods=502 adapters=182
 compilation: enabled

Compilation events (10 events):
Event: 10.712 Thread 0x000000001bf5d000  501       3       com.android.dx.util.Bits::clear (21 bytes)
Event: 10.713 Thread 0x000000001bf5d000 nmethod 501 0x0000000003619b90 code [0x0000000003619ce0, 0x0000000003619e50]
Event: 10.713 Thread 0x000000001bf5d000  500       3       java.lang.Integer::numberOfTrailingZeros (79 bytes)
Event: 10.713 Thread 0x000000001bf5d000 nmethod 500 0x0000000003619710 code [0x0000000003619880, 0x0000000003619b30]
Event: 10.713 Thread 0x000000001bf5d000  504       3       com.android.dx.util.Bits::get (25 bytes)
Event: 10.713 Thread 0x000000001bf56800  509   !   4       com.android.dx.util.FixedSizeList::get0 (47 bytes)
Event: 10.713 Thread 0x000000001bf5d000 nmethod 504 0x00000000036192d0 code [0x0000000003619440, 0x0000000003619610]
Event: 10.713 Thread 0x000000001bf5d000  502   !   3       com.android.dx.cf.code.BytecodeArray::parseInstruction (2764 bytes)
Event: 10.714 Thread 0x000000001bf56800 nmethod 509 0x0000000003619010 code [0x0000000003619140, 0x00000000036191f8]
Event: 10.717 Thread 0x000000001befd800  520       4       java.util.ArrayList$Itr::hasNext (20 bytes)

GC Heap History (4 events):
Event: 9.907 GC heap before
{Heap before GC invocations=1 (full 0):
 PSYoungGen      total 38400K, used 9320K [0x000000076ab00000, 0x000000076d580000, 0x00000007c0000000)
  eden space 33280K, 28% used [0x000000076ab00000,0x000000076b41a068,0x000000076cb80000)
  from space 5120K, 0% used [0x000000076d080000,0x000000076d080000,0x000000076d580000)
  to   space 5120K, 0% used [0x000000076cb80000,0x000000076cb80000,0x000000076d080000)
 ParOldGen       total 87552K, used 0K [0x00000006c0000000, 0x00000006c5580000, 0x000000076ab00000)
  object space 87552K, 0% used [0x00000006c0000000,0x00000006c0000000,0x00000006c5580000)
 Metaspace       used 5038K, capacity 6160K, committed 6272K, reserved 1060864K
  class space    used 552K, capacity 584K, committed 640K, reserved 1048576K
Event: 10.072 GC heap after
Heap after GC invocations=1 (full 0):
 PSYoungGen      total 38400K, used 2631K [0x000000076ab00000, 0x000000076d580000, 0x00000007c0000000)
  eden space 33280K, 0% used [0x000000076ab00000,0x000000076ab00000,0x000000076cb80000)
  from space 5120K, 51% used [0x000000076cb80000,0x000000076ce11fa0,0x000000076d080000)
  to   space 5120K, 0% used [0x000000076d080000,0x000000076d080000,0x000000076d580000)
 ParOldGen       total 87552K, used 8K [0x00000006c0000000, 0x00000006c5580000, 0x000000076ab00000)
  object space 87552K, 0% used [0x00000006c0000000,0x00000006c0002000,0x00000006c5580000)
 Metaspace       used 5038K, capacity 6160K, committed 6272K, reserved 1060864K
  class space    used 552K, capacity 584K, committed 640K, reserved 1048576K
}
Event: 10.072 GC heap before
{Heap before GC invocations=2 (full 1):
 PSYoungGen      total 38400K, used 2631K [0x000000076ab00000, 0x000000076d580000, 0x00000007c0000000)
  eden space 33280K, 0% used [0x000000076ab00000,0x000000076ab00000,0x000000076cb80000)
  from space 5120K, 51% used [0x000000076cb80000,0x000000076ce11fa0,0x000000076d080000)
  to   space 5120K, 0% used [0x000000076d080000,0x000000076d080000,0x000000076d580000)
 ParOldGen       total 87552K, used 8K [0x00000006c0000000, 0x00000006c5580000, 0x000000076ab00000)
  object space 87552K, 0% used [0x00000006c0000000,0x00000006c0002000,0x00000006c5580000)
 Metaspace       used 5038K, capacity 6160K, committed 6272K, reserved 1060864K
  class space    used 552K, capacity 584K, committed 640K, reserved 1048576K
Event: 10.275 GC heap after
Heap after GC invocations=2 (full 1):
 PSYoungGen      total 38400K, used 0K [0x000000076ab00000, 0x000000076d580000, 0x00000007c0000000)
  eden space 33280K, 0% used [0x000000076ab00000,0x000000076ab00000,0x000000076cb80000)
  from space 5120K, 0% used [0x000000076cb80000,0x000000076cb80000,0x000000076d080000)
  to   space 5120K, 0% used [0x000000076d080000,0x000000076d080000,0x000000076d580000)
 ParOldGen       total 54272K, used 2428K [0x00000006c0000000, 0x00000006c3500000, 0x000000076ab00000)
  object space 54272K, 4% used [0x00000006c0000000,0x00000006c025f1a0,0x00000006c3500000)
 Metaspace       used 5038K, capacity 6160K, committed 6272K, reserved 1058816K
  class space    used 552K, capacity 584K, committed 640K, reserved 1048576K
}

Deoptimization events (0 events):
No events

Internal exceptions (2 events):
Event: 1.423 Thread 0x00000000011bd800 Exception <a 'java/lang/NoSuchMethodError': Method sun.misc.Unsafe.defineClass(Ljava/lang/String;[BII)Ljava/lang/Class; name or signature does not match> (0x000000076ab0dc40) thrown at [D:\re\workspace\8-2-build-windows-amd64-cygwin\jdk8u40\3098\hotspot\sr6”žŸfÃö?
Event: 1.423 Thread 0x00000000011bd800 Exception <a 'java/lang/NoSuchMethodError': Method sun.misc.Unsafe.prefetchRead(Ljava/lang/Object;J)V name or signature does not match> (0x000000076ab0ded0) thrown at [D:\re\workspace\8-2-build-windows-amd64-cygwin\jdk8u40\3098\hotspot\src\share\vm\prims\j

Events (10 events):
Event: 10.307 loading class com/android/dx/dex/code/RopToDop
Event: 10.307 loading class com/android/dx/dex/code/RopToDop done
Event: 10.315 loading class com/android/dx/dex/code/StdCatchBuilder
Event: 10.315 loading class com/android/dx/dex/code/StdCatchBuilder done
Event: 10.317 loading class com/android/dx/dex/code/DalvCode
Event: 10.317 loading class com/android/dx/dex/code/DalvCode done
Event: 10.347 loading class java/io/PrintWriter
Event: 10.347 loading class java/io/PrintWriter done
Event: 10.349 loading class com/android/dx/dex/file/DebugInfoItem
Event: 10.349 loading class com/android/dx/dex/file/DebugInfoItem done


Dynamic libraries:
0x00007ff6016f0000 - 0x00007ff601727000 	C:\Program Files\Java\jdk1.8.0_40\bin\java.exe
0x00007ffb3f4a0000 - 0x00007ffb3f64d000 	C:\Windows\SYSTEM32\ntdll.dll
0x00007ffb3f360000 - 0x00007ffb3f49e000 	C:\Windows\system32\KERNEL32.DLL
0x00007ffb3c9a0000 - 0x00007ffb3cab5000 	C:\Windows\system32\KERNELBASE.dll
0x00007ffb3b150000 - 0x00007ffb3b1de000 	C:\Windows\system32\apphelp.dll
0x00007ffb272e0000 - 0x00007ffb27333000 	C:\Windows\AppPatch\AppPatch64\AcGenral.DLL
0x00007ffb3f0e0000 - 0x00007ffb3f18a000 	C:\Windows\system32\msvcrt.dll
0x00007ffb3c420000 - 0x00007ffb3c44e000 	C:\Windows\SYSTEM32\SspiCli.dll
0x00007ffb3cbd0000 - 0x00007ffb3cc24000 	C:\Windows\system32\SHLWAPI.dll
0x00007ffb3eca0000 - 0x00007ffb3ee17000 	C:\Windows\system32\USER32.dll
0x00007ffb3eaa0000 - 0x00007ffb3ec34000 	C:\Windows\system32\ole32.dll
0x00007ffb3cc30000 - 0x00007ffb3e15a000 	C:\Windows\system32\SHELL32.dll
0x00007ffb3bbf0000 - 0x00007ffb3bc11000 	C:\Windows\SYSTEM32\USERENV.dll
0x00007ffb3cb20000 - 0x00007ffb3cbca000 	C:\Windows\system32\ADVAPI32.dll
0x00007ffb26d00000 - 0x00007ffb26d1e000 	C:\Windows\SYSTEM32\MPR.dll
0x00007ffb3ef90000 - 0x00007ffb3f0d1000 	C:\Windows\system32\RPCRT4.dll
0x00007ffb3ec40000 - 0x00007ffb3ec99000 	C:\Windows\SYSTEM32\sechost.dll
0x00007ffb3e230000 - 0x00007ffb3e441000 	C:\Windows\SYSTEM32\combase.dll
0x00007ffb3e950000 - 0x00007ffb3ea9f000 	C:\Windows\system32\GDI32.dll
0x00007ffb3c5f0000 - 0x00007ffb3c605000 	C:\Windows\SYSTEM32\profapi.dll
0x00007ffb3a940000 - 0x00007ffb3a9f2000 	C:\Windows\SYSTEM32\SHCORE.dll
0x00007ffb3e910000 - 0x00007ffb3e946000 	C:\Windows\system32\IMM32.DLL
0x00007ffb3e6f0000 - 0x00007ffb3e842000 	C:\Windows\system32\MSCTF.dll
0x00007ffb3a000000 - 0x00007ffb3a27a000 	C:\Windows\WinSxS\amd64_microsoft.windows.common-controls_6595b64144ccf1df_6.0.9600.17810_none_6240b9c7ecbd0bda\COMCTL32.dll
0x000000005ee80000 - 0x000000005ef52000 	C:\Program Files\Java\jdk1.8.0_40\jre\bin\msvcr100.dll
0x000000005dbd0000 - 0x000000005e453000 	C:\Program Files\Java\jdk1.8.0_40\jre\bin\server\jvm.dll
0x00007ffb1ed90000 - 0x00007ffb1ed99000 	C:\Windows\SYSTEM32\WSOCK32.dll
0x00007ffb36410000 - 0x00007ffb36432000 	C:\Windows\SYSTEM32\WINMM.dll
0x00007ffb36810000 - 0x00007ffb3681a000 	C:\Windows\SYSTEM32\VERSION.dll
0x00007ffb3ef80000 - 0x00007ffb3ef87000 	C:\Windows\system32\PSAPI.DLL
0x00007ffb3e160000 - 0x00007ffb3e1ba000 	C:\Windows\system32\WS2_32.dll
0x00007ffb363c0000 - 0x00007ffb363ea000 	C:\Windows\SYSTEM32\WINMMBASE.dll
0x00007ffb3ef70000 - 0x00007ffb3ef79000 	C:\Windows\system32\NSI.dll
0x00007ffb3c6c0000 - 0x00007ffb3c70f000 	C:\Windows\SYSTEM32\cfgmgr32.dll
0x00007ffb3b3e0000 - 0x00007ffb3b408000 	C:\Windows\SYSTEM32\DEVOBJ.dll
0x000000005ee70000 - 0x000000005ee7f000 	C:\Program Files\Java\jdk1.8.0_40\jre\bin\verify.dll
0x000000005ee40000 - 0x000000005ee69000 	C:\Program Files\Java\jdk1.8.0_40\jre\bin\java.dll
0x000000005dbb0000 - 0x000000005dbc6000 	C:\Program Files\Java\jdk1.8.0_40\jre\bin\zip.dll

VM Arguments:
jvm_args: -Djava.awt.headless=true -Xmx4g -Dfile.encoding=windows-1252 -Duser.country=US -Duser.language=en -Duser.variant 
java_command: com.android.dx.command.Main --dex --force-jumbo --num-threads=4 --multi-dex --output C:\Users\Owner\AndroidStudioProjects\TawatTrip\app\build\intermediates\transforms\dex\debug\folders\1000\10\com.android.support-cardview-v7-23.4.0_b20ebb6b7c2e5140e322cd99282a0c3a55e9fbf2 C:\Users\Owner\AndroidStudioProjects\TawatTrip\app\build\intermediates\exploded-aar\com.android.support\cardview-v7\23.4.0\jars\classes.jar
java_class_path (initial): C:\Users\Owner\AppData\Local\Android\sdk\build-tools\23.0.1\lib\dx.jar
Launcher Type: SUN_STANDARD

Environment Variables:
JAVA_HOME=C:\Program Files\Java\jdk1.8.0_40
PATH=C:\MinGW\bin;C:\Program Files\Java\jdk1.7.0_79\bin;C:\ProgramData\Oracle\Java\javapath;C:\Program Files (x86)\Intel\iCLS Client\;C:\Program Files\Intel\iCLS Client\;C:\Windows\system32;C:\Windows;C:\Windows\System32\Wbem;C:\Windows\System32\WindowsPowerShell\v1.0\;C:\Program Files\Hewlett-Packard\SimplePass\;C:\Program Files\Intel\Intel(R) Management Engine Components\DAL;C:\Program Files\Intel\Intel(R) Management Engine Components\IPT;C:\Program Files (x86)\Intel\Intel(R) Management Engine Components\DAL;C:\Program Files (x86)\Intel\Intel(R) Management Engine Components\IPT;C:\Program Files (x86)\Windows Live\Shared;C:\Program Files\Microsoft SQL Server\110\Tools\Binn\;C:\Users\Owner\Downloads\apache-ant-1.9.4\bin;C:\Program Files\MATLAB\R2013b\runtime\win64;C:\Program Files\MATLAB\R2013b\bin;C:\Python27\;C:\Users\Owner\Downloads\android-ndk-r11c\;C:\Users\Owner\AppData\Local\Android\sdk\tools\;C:\Users\Owner\AppData\Local\Android\sdk\platform-tools\;C:\Program Files (x86)\Skype\Phone\;C:\Program Files\nodejs\;C:\Program Files\Git\cmd;C:\MinGW\bin;C:\Program Files\Java\jdk1.7.0_79\bin;C:\ProgramData\chocolatey\bin;C:\Users\Owner\AppData\Local\atom\bin;C:\Python27\;C:\Users\Owner\Downloads\android-ndk-r11c\;C:\Users\Owner\AppData\Local\Android\sdk\tools\;C:\Users\Owner\AppData\Local\Android\sdk\platform-tools;C:\Users\Owner\AppData\Roaming\npm
USERNAME=Owner
OS=Windows_NT
PROCESSOR_IDENTIFIER=Intel64 Family 6 Model 69 Stepping 1, GenuineIntel



---------------  S Y S T E M  ---------------

OS: Windows 8.1 , 64 bit Build 9600 (6.3.9600.17415)

CPU:total 4 (2 cores per cpu, 2 threads per core) family 6 model 69 stepping 1, cmov, cx8, fxsr, mmx, sse, sse2, sse3, ssse3, sse4.1, sse4.2, popcnt, avx, avx2, aes, clmul, erms, lzcnt, ht, tsc, tscinvbit, bmi1, bmi2

Memory: 4k page, physical 8317080k(745104k free), swap 10970156k(4884k free)

vm_info: Java HotSpot(TM) 64-Bit Server VM (25.40-b25) for windows-amd64 JRE (1.8.0_40-b26), built on Mar  7 2015 13:51:59 by "java_re" with MS VC++ 10.0 (VS2010)

time: Thu Nov 02 12:02:42 2017
elapsed time: 10 seconds (0d 0h 0m 10s)

