#
# There is insufficient memory for the Java Runtime Environment to continue.
# Native memory allocation (malloc) failed to allocate 1854848 bytes for Chunk::new
# Possible reasons:
#   The system is out of physical RAM or swap space
#   In 32 bit mode, the process size limit was hit
# Possible solutions:
#   Reduce memory load on the system
#   Increase physical memory or swap space
#   Check if swap backing store is full
#   Use 64 bit Java on a 64 bit OS
#   Decrease Java heap size (-Xmx/-Xms)
#   Decrease number of Java threads
#   Decrease Java thread stack sizes (-Xss)
#   Set larger code cache with -XX:ReservedCodeCacheSize=
# This output file may be truncated or incomplete.
#
#  Out of Memory Error (allocation.cpp:390), pid=4156, tid=13752
#
# JRE version: Java(TM) SE Runtime Environment (8.0_40-b26) (build 1.8.0_40-b26)
# Java VM: Java HotSpot(TM) 64-Bit Server VM (25.40-b25 mixed mode windows-amd64 compressed oops)
# Failed to write core dump. Minidumps are not enabled by default on client versions of Windows
#

---------------  T H R E A D  ---------------

Current thread (0x0000000001df1000):  JavaThread "C2 CompilerThread1" daemon [_thread_in_native, id=13752, stack(0x00000000160f0000,0x00000000161f0000)]

Stack: [0x00000000160f0000,0x00000000161f0000]
Native frames: (J=compiled Java code, j=interpreted, Vv=VM code, C=native code)
V  [jvm.dll+0x32b47a]
V  [jvm.dll+0x2797f3]
V  [jvm.dll+0x27a489]
V  [jvm.dll+0x2717a5]
V  [jvm.dll+0xcb9a2]
V  [jvm.dll+0xcbe6c]
V  [jvm.dll+0x4929a7]
V  [jvm.dll+0x45f94a]
V  [jvm.dll+0x46a73b]
V  [jvm.dll+0x46cd52]
V  [jvm.dll+0x4500d2]
V  [jvm.dll+0xa4312]
V  [jvm.dll+0xa4c4f]
V  [jvm.dll+0x241914]
V  [jvm.dll+0x29848a]
C  [msvcr100.dll+0x21d9f]
C  [msvcr100.dll+0x21e3b]
C  [KERNEL32.DLL+0x13d2]
C  [ntdll.dll+0x154e4]


Current CompileTask:
C2:  13820 1990   !   4       com.android.dx.cf.code.Ropper::processBlock (1101 bytes)


---------------  P R O C E S S  ---------------

Java Threads: ( => current thread )
  0x000000001662a000 JavaThread "pool-2-thread-4" [_thread_in_Java, id=5316, stack(0x0000000016cf0000,0x0000000016df0000)]
  0x0000000016621800 JavaThread "pool-2-thread-3" [_thread_in_Java, id=6676, stack(0x0000000016bf0000,0x0000000016cf0000)]
  0x00000000165f9800 JavaThread "pool-2-thread-2" [_thread_in_Java, id=9468, stack(0x0000000016af0000,0x0000000016bf0000)]
  0x00000000165f4800 JavaThread "pool-3-thread-1" [_thread_blocked, id=11164, stack(0x00000000169f0000,0x0000000016af0000)]
  0x00000000165f4000 JavaThread "pool-2-thread-1" [_thread_in_Java, id=10932, stack(0x00000000168f0000,0x00000000169f0000)]
  0x0000000001e4e800 JavaThread "Service Thread" daemon [_thread_blocked, id=11412, stack(0x00000000166f0000,0x00000000167f0000)]
  0x0000000001df7800 JavaThread "C1 CompilerThread2" daemon [_thread_blocked, id=12124, stack(0x00000000161f0000,0x00000000162f0000)]
=>0x0000000001df1000 JavaThread "C2 CompilerThread1" daemon [_thread_in_native, id=13752, stack(0x00000000160f0000,0x00000000161f0000)]
  0x0000000001dee000 JavaThread "C2 CompilerThread0" daemon [_thread_in_native, id=10756, stack(0x0000000015ff0000,0x00000000160f0000)]
  0x0000000001dec800 JavaThread "Attach Listener" daemon [_thread_blocked, id=12120, stack(0x0000000015ef0000,0x0000000015ff0000)]
  0x0000000001deb800 JavaThread "Signal Dispatcher" daemon [_thread_blocked, id=10048, stack(0x0000000015df0000,0x0000000015ef0000)]
  0x0000000000f17800 JavaThread "Finalizer" daemon [_thread_blocked, id=11916, stack(0x0000000015cf0000,0x0000000015df0000)]
  0x0000000000f0f000 JavaThread "Reference Handler" daemon [_thread_blocked, id=6444, stack(0x0000000015bf0000,0x0000000015cf0000)]
  0x000000000079d800 JavaThread "main" [_thread_in_Java, id=8912, stack(0x0000000000cd0000,0x0000000000dd0000)]

Other Threads:
  0x0000000001db8000 VMThread [stack: 0x0000000015af0000,0x0000000015bf0000] [id=11432]
  0x0000000001e32000 WatcherThread [stack: 0x00000000167f0000,0x00000000168f0000] [id=7756]

VM state:not at safepoint (normal execution)

VM Mutex/Monitor currently owned by a thread: None

Heap:
 PSYoungGen      total 291328K, used 256639K [0x00000000eab00000, 0x0000000100000000, 0x0000000100000000)
  eden space 261632K, 98% used [0x00000000eab00000,0x00000000fa59fe98,0x00000000faa80000)
  from space 29696K, 0% used [0x00000000faa80000,0x00000000faa80000,0x00000000fc780000)
  to   space 51712K, 0% used [0x00000000fcd80000,0x00000000fcd80000,0x0000000100000000)
 ParOldGen       total 87552K, used 87265K [0x00000000c0000000, 0x00000000c5580000, 0x00000000eab00000)
  object space 87552K, 99% used [0x00000000c0000000,0x00000000c5538458,0x00000000c5580000)
 Metaspace       used 6451K, capacity 7284K, committed 7552K, reserved 1056768K
  class space    used 608K, capacity 620K, committed 640K, reserved 1048576K

Card table byte_map: [0x00000000012e0000,0x00000000014f0000] byte_map_base: 0x0000000000ce0000

Marking Bits: (ParMarkBitMap*) 0x0000000072714040
 Begin Bits: [0x0000000012400000, 0x0000000013400000)
 End Bits:   [0x0000000013400000, 0x0000000014400000)

Polling page: 0x0000000000770000

CodeCache: size=245760Kb used=10137Kb max_used=10163Kb free=235622Kb
 bounds [0x0000000003400000, 0x0000000003e00000, 0x0000000012400000]
 total_blobs=2518 nmethods=2247 adapters=183
 compilation: enabled

Compilation events (10 events):
Event: 13.483 Thread 0x0000000001dee000 nmethod 2376% 0x0000000003ddb450 code [0x0000000003ddb5e0, 0x0000000003ddb978]
Event: 13.483 Thread 0x0000000001dee000 2331       4       com.android.dx.ssa.SCCP::run (298 bytes)
Event: 13.500 Thread 0x0000000001df7800 2377       2       com.android.dx.cf.attrib.AttEnclosingMethod::<init> (31 bytes)
Event: 13.500 Thread 0x0000000001df7800 nmethod 2377 0x0000000003dbb110 code [0x0000000003dbb280, 0x0000000003dbb4c8]
Event: 13.550 Thread 0x0000000001df7800 2380       2       com.android.dx.cf.direct.StdAttributeFactory::enclosingMethod (156 bytes)
Event: 13.553 Thread 0x0000000001df7800 nmethod 2380 0x0000000003de1690 code [0x0000000003de1a60, 0x0000000003de3068]
Event: 13.689 Thread 0x0000000001df7800 2382       1       com.android.dx.rop.cst.CstLiteral32::getLongBits (6 bytes)
Event: 13.690 Thread 0x0000000001df7800 nmethod 2382 0x0000000003d9ec90 code [0x0000000003d9ede0, 0x0000000003d9eef0]
Event: 13.767 Thread 0x0000000001df7800 2384   !   2       com.android.dx.dex.code.OutputFinisher::reverseBranch (73 bytes)
Event: 13.768 Thread 0x0000000001df7800 nmethod 2384 0x0000000003db9c90 code [0x0000000003db9ea0, 0x0000000003dba608]

GC Heap History (10 events):
Event: 4.718 GC heap before
{Heap before GC invocations=7 (full 0):
 PSYoungGen      total 286720K, used 286694K [0x00000000eab00000, 0x00000000fe900000, 0x0000000100000000)
  eden space 261632K, 100% used [0x00000000eab00000,0x00000000faa80000,0x00000000faa80000)
  from space 25088K, 99% used [0x00000000fc780000,0x00000000fdff99a0,0x00000000fe000000)
  to   space 29696K, 0% used [0x00000000faa80000,0x00000000faa80000,0x00000000fc780000)
 ParOldGen       total 87552K, used 46679K [0x00000000c0000000, 0x00000000c5580000, 0x00000000eab00000)
  object space 87552K, 53% used [0x00000000c0000000,0x00000000c2d95fa0,0x00000000c5580000)
 Metaspace       used 6395K, capacity 7284K, committed 7552K, reserved 1056768K
  class space    used 606K, capacity 620K, committed 640K, reserved 1048576K
Event: 4.868 GC heap after
Heap after GC invocations=7 (full 0):
 PSYoungGen      total 291328K, used 29685K [0x00000000eab00000, 0x0000000100000000, 0x0000000100000000)
  eden space 261632K, 0% used [0x00000000eab00000,0x00000000eab00000,0x00000000faa80000)
  from space 29696K, 99% used [0x00000000faa80000,0x00000000fc77d4d8,0x00000000fc780000)
  to   space 51712K, 0% used [0x00000000fcd80000,0x00000000fcd80000,0x0000000100000000)
 ParOldGen       total 87552K, used 80282K [0x00000000c0000000, 0x00000000c5580000, 0x00000000eab00000)
  object space 87552K, 91% used [0x00000000c0000000,0x00000000c4e66820,0x00000000c5580000)
 Metaspace       used 6395K, capacity 7284K, committed 7552K, reserved 1056768K
  class space    used 606K, capacity 620K, committed 640K, reserved 1048576K
}
Event: 4.868 GC heap before
{Heap before GC invocations=8 (full 1):
 PSYoungGen      total 291328K, used 29685K [0x00000000eab00000, 0x0000000100000000, 0x0000000100000000)
  eden space 261632K, 0% used [0x00000000eab00000,0x00000000eab00000,0x00000000faa80000)
  from space 29696K, 99% used [0x00000000faa80000,0x00000000fc77d4d8,0x00000000fc780000)
  to   space 51712K, 0% used [0x00000000fcd80000,0x00000000fcd80000,0x0000000100000000)
 ParOldGen       total 87552K, used 80282K [0x00000000c0000000, 0x00000000c5580000, 0x00000000eab00000)
  object space 87552K, 91% used [0x00000000c0000000,0x00000000c4e66820,0x00000000c5580000)
 Metaspace       used 6395K, capacity 7284K, committed 7552K, reserved 1056768K
  class space    used 606K, capacity 620K, committed 640K, reserved 1048576K
Event: 6.009 GC heap after
Heap after GC invocations=8 (full 1):
 PSYoungGen      total 291328K, used 16328K [0x00000000eab00000, 0x0000000100000000, 0x0000000100000000)
  eden space 261632K, 0% used [0x00000000eab00000,0x00000000eab00000,0x00000000faa80000)
  from space 29696K, 54% used [0x00000000faa80000,0x00000000fba72220,0x00000000fc780000)
  to   space 51712K, 0% used [0x00000000fcd80000,0x00000000fcd80000,0x0000000100000000)
 ParOldGen       total 87552K, used 87452K [0x00000000c0000000, 0x00000000c5580000, 0x00000000eab00000)
  object space 87552K, 99% used [0x00000000c0000000,0x00000000c55671b0,0x00000000c5580000)
 Metaspace       used 6395K, capacity 7284K, committed 7552K, reserved 1056768K
  class space    used 606K, capacity 620K, committed 640K, reserved 1048576K
}
Event: 7.448 GC heap before
{Heap before GC invocations=9 (full 2):
 PSYoungGen      total 291328K, used 277960K [0x00000000eab00000, 0x0000000100000000, 0x0000000100000000)
  eden space 261632K, 100% used [0x00000000eab00000,0x00000000faa80000,0x00000000faa80000)
  from space 29696K, 54% used [0x00000000faa80000,0x00000000fba72220,0x00000000fc780000)
  to   space 51712K, 0% used [0x00000000fcd80000,0x00000000fcd80000,0x0000000100000000)
 ParOldGen       total 87552K, used 87452K [0x00000000c0000000, 0x00000000c5580000, 0x00000000eab00000)
  object space 87552K, 99% used [0x00000000c0000000,0x00000000c55671b0,0x00000000c5580000)
 Metaspace       used 6418K, capacity 7284K, committed 7552K, reserved 1056768K
  class space    used 608K, capacity 620K, committed 640K, reserved 1048576K
Event: 8.580 GC heap after
Heap after GC invocations=9 (full 2):
 PSYoungGen      total 291328K, used 64720K [0x00000000eab00000, 0x0000000100000000, 0x0000000100000000)
  eden space 261632K, 24% used [0x00000000eab00000,0x00000000eea34078,0x00000000faa80000)
  from space 29696K, 0% used [0x00000000faa80000,0x00000000faa80000,0x00000000fc780000)
  to   space 51712K, 0% used [0x00000000fcd80000,0x00000000fcd80000,0x0000000100000000)
 ParOldGen       total 87552K, used 87511K [0x00000000c0000000, 0x00000000c5580000, 0x00000000eab00000)
  object space 87552K, 99% used [0x00000000c0000000,0x00000000c5575fe0,0x00000000c5580000)
 Metaspace       used 6418K, capacity 7284K, committed 7552K, reserved 1056768K
  class space    used 608K, capacity 620K, committed 640K, reserved 1048576K
}
Event: 9.587 GC heap before
{Heap before GC invocations=10 (full 3):
 PSYoungGen      total 291328K, used 261632K [0x00000000eab00000, 0x0000000100000000, 0x0000000100000000)
  eden space 261632K, 100% used [0x00000000eab00000,0x00000000faa80000,0x00000000faa80000)
  from space 29696K, 0% used [0x00000000faa80000,0x00000000faa80000,0x00000000fc780000)
  to   space 51712K, 0% used [0x00000000fcd80000,0x00000000fcd80000,0x0000000100000000)
 ParOldGen       total 87552K, used 87511K [0x00000000c0000000, 0x00000000c5580000, 0x00000000eab00000)
  object space 87552K, 99% used [0x00000000c0000000,0x00000000c5575fe0,0x00000000c5580000)
 Metaspace       used 6425K, capacity 7284K, committed 7552K, reserved 1056768K
  class space    used 608K, capacity 620K, committed 640K, reserved 1048576K
Event: 11.246 GC heap after
Heap after GC invocations=10 (full 3):
 PSYoungGen      total 291328K, used 83676K [0x00000000eab00000, 0x0000000100000000, 0x0000000100000000)
  eden space 261632K, 31% used [0x00000000eab00000,0x00000000efcb7090,0x00000000faa80000)
  from space 29696K, 0% used [0x00000000faa80000,0x00000000faa80000,0x00000000fc780000)
  to   space 51712K, 0% used [0x00000000fcd80000,0x00000000fcd80000,0x0000000100000000)
 ParOldGen       total 87552K, used 87266K [0x00000000c0000000, 0x00000000c5580000, 0x00000000eab00000)
  object space 87552K, 99% used [0x00000000c0000000,0x00000000c55388e8,0x00000000c5580000)
 Metaspace       used 6425K, capacity 7284K, committed 7552K, reserved 1056768K
  class space    used 608K, capacity 620K, committed 640K, reserved 1048576K
}
Event: 12.050 GC heap before
{Heap before GC invocations=11 (full 4):
 PSYoungGen      total 291328K, used 261632K [0x00000000eab00000, 0x0000000100000000, 0x0000000100000000)
  eden space 261632K, 100% used [0x00000000eab00000,0x00000000faa80000,0x00000000faa80000)
  from space 29696K, 0% used [0x00000000faa80000,0x00000000faa80000,0x00000000fc780000)
  to   space 51712K, 0% used [0x00000000fcd80000,0x00000000fcd80000,0x0000000100000000)
 ParOldGen       total 87552K, used 87266K [0x00000000c0000000, 0x00000000c5580000, 0x00000000eab00000)
  object space 87552K, 99% used [0x00000000c0000000,0x00000000c55388e8,0x00000000c5580000)
 Metaspace       used 6445K, capacity 7284K, committed 7552K, reserved 1056768K
  class space    used 608K, capacity 620K, committed 640K, reserved 1048576K
Event: 13.206 GC heap after
Heap after GC invocations=11 (full 4):
 PSYoungGen      total 291328K, used 108172K [0x00000000eab00000, 0x0000000100000000, 0x0000000100000000)
  eden space 261632K, 41% used [0x00000000eab00000,0x00000000f14a3358,0x00000000faa80000)
  from space 29696K, 0% used [0x00000000faa80000,0x00000000faa80000,0x00000000fc780000)
  to   space 51712K, 0% used [0x00000000fcd80000,0x00000000fcd80000,0x0000000100000000)
 ParOldGen       total 87552K, used 87265K [0x00000000c0000000, 0x00000000c5580000, 0x00000000eab00000)
  object space 87552K, 99% used [0x00000000c0000000,0x00000000c5538458,0x00000000c5580000)
 Metaspace       used 6445K, capacity 7284K, committed 7552K, reserved 1056768K
  class space    used 608K, capacity 620K, committed 640K, reserved 1048576K
}

Deoptimization events (10 events):
Event: 3.371 Thread 0x000000001662a000 Uncommon trap: reason=unstable_if action=reinterpret pc=0x00000000038e8c78 method=com.android.dx.dex.code.OutputFinisher.hasLocalInfo(Lcom/android/dx/dex/code/DalvInsn;)Z @ 24
Event: 4.687 Thread 0x000000001662a000 Uncommon trap: reason=unstable_if action=reinterpret pc=0x000000000399d738 method=java.util.HashMap.putVal(ILjava/lang/Object;Ljava/lang/Object;ZZ)Ljava/lang/Object; @ 109
Event: 6.413 Thread 0x000000001662a000 Uncommon trap: reason=unstable_if action=reinterpret pc=0x0000000003aa6870 method=com.android.dx.ssa.DeadCodeRemover.pruneDeadInstructions()V @ 49
Event: 6.413 Thread 0x000000001662a000 Uncommon trap: reason=unstable_if action=reinterpret pc=0x000000000390e9e4 method=com.android.dx.ssa.SsaMethod.deleteInsns(Ljava/util/Set;)V @ 130
Event: 6.413 Thread 0x000000001662a000 Uncommon trap: reason=unstable_if action=reinterpret pc=0x0000000003c4af40 method=com.android.dx.ssa.PhiInsn.getSources()Lcom/android/dx/rop/code/RegisterSpecList; @ 19
Event: 8.697 Thread 0x0000000016621800 Uncommon trap: reason=unstable_if action=reinterpret pc=0x00000000038e507c method=com.android.dx.ssa.SetFactory.makeLivenessSet(I)Lcom/android/dx/util/IntSet; @ 4
Event: 8.697 Thread 0x0000000016621800 Uncommon trap: reason=unstable_if action=reinterpret pc=0x00000000038e9c68 method=com.android.dx.ssa.SetFactory.makeLivenessSet(I)Lcom/android/dx/util/IntSet; @ 4
Event: 9.283 Thread 0x00000000165f4000 Uncommon trap: reason=unstable_if action=reinterpret pc=0x0000000003ce3260 method=com.android.dx.ssa.SsaMethod.getExitBlock()Lcom/android/dx/ssa/SsaBasicBlock; @ 4
Event: 9.283 Thread 0x00000000165f4000 Uncommon trap: reason=unstable_if action=reinterpret pc=0x00000000036979b4 method=com.android.dx.ssa.SsaMethod.getExitBlock()Lcom/android/dx/ssa/SsaBasicBlock; @ 4
Event: 9.419 Thread 0x00000000165f4000 Uncommon trap: reason=unstable_if action=reinterpret pc=0x0000000003cfdc70 method=com.android.dx.rop.code.LocalVariableExtractor.processBlock(I)V @ 208

Internal exceptions (10 events):
Event: 0.030 Thread 0x000000000079d800 Exception <a 'java/lang/NoSuchMethodError': Method sun.misc.Unsafe.defineClass(Ljava/lang/String;[BII)Ljava/lang/Class; name or signature does not match> (0x00000000eab0dad8) thrown at [D:\re\workspace\8-2-build-windows-amd64-cygwin\jdk8u40\3098\hotspot\src“+
à†ž?
Event: 0.030 Thread 0x000000000079d800 Exception <a 'java/lang/NoSuchMethodError': Method sun.misc.Unsafe.prefetchRead(Ljava/lang/Object;J)V name or signature does not match> (0x00000000eab0dd68) thrown at [D:\re\workspace\8-2-build-windows-amd64-cygwin\jdk8u40\3098\hotspot\src\share\vm\prims\jåO ¶bœí?
Event: 0.925 Thread 0x000000001662a000 Implicit null exception at 0x0000000003855a99 to 0x000000000385820d
Event: 1.114 Thread 0x000000001662a000 Implicit null exception at 0x000000000386a331 to 0x000000000386c8ad
Event: 1.411 Thread 0x0000000016621800 Implicit null exception at 0x000000000370d562 to 0x000000000370d655
Event: 1.914 Thread 0x000000000079d800 Exception <a 'java/lang/ArrayIndexOutOfBoundsException': 18> (0x00000000ee983d30) thrown at [D:\re\workspace\8-2-build-windows-amd64-cygwin\jdk8u40\3098\hotspot\src\share\vm\interpreter\interpreterRuntime.cpp, line 366]
Event: 1.915 Thread 0x000000000079d800 Exception <a 'java/lang/ArrayIndexOutOfBoundsException': 145> (0x00000000ee985800) thrown at [D:\re\workspace\8-2-build-windows-amd64-cygwin\jdk8u40\3098\hotspot\src\share\vm\interpreter\interpreterRuntime.cpp, line 366]
Event: 1.918 Thread 0x000000000079d800 Exception <a 'java/lang/ArrayIndexOutOfBoundsException'> (0x00000000ee986a38) thrown at [D:\re\workspace\8-2-build-windows-amd64-cygwin\jdk8u40\3098\hotspot\src\share\vm\runtime\sharedRuntime.cpp, line 605]
Event: 3.192 Thread 0x00000000165f9800 Implicit null exception at 0x0000000003acf459 to 0x0000000003ad1fa1
Event: 3.193 Thread 0x00000000165f9800 Implicit null exception at 0x0000000003baafec to 0x0000000003badd91

Events (10 events):
Event: 11.806 Thread 0x0000000016621800 DEOPT PACKING pc=0x0000000003cf9855 sp=0x0000000016cee8f0
Event: 11.806 Thread 0x0000000016621800 DEOPT UNPACKING pc=0x000000000344787f sp=0x0000000016cee6a0 mode 0
Event: 11.977 Thread 0x000000001662a000 DEOPT PACKING pc=0x00000000038f77b1 sp=0x0000000016deec50
Event: 11.978 Thread 0x000000001662a000 DEOPT UNPACKING pc=0x000000000344787f sp=0x0000000016dee9b8 mode 0
Event: 12.039 Executing VM operation: ParallelGCFailedAllocation
Event: 13.206 Executing VM operation: ParallelGCFailedAllocation done
Event: 13.306 Thread 0x00000000165f4000 DEOPT PACKING pc=0x0000000003cf9855 sp=0x00000000169ee600
Event: 13.306 Thread 0x00000000165f4000 DEOPT UNPACKING pc=0x000000000344787f sp=0x00000000169ee3b0 mode 0
Event: 13.672 Thread 0x000000001662a000 DEOPT PACKING pc=0x0000000003d8e177 sp=0x0000000016deec60
Event: 13.672 Thread 0x000000001662a000 DEOPT UNPACKING pc=0x000000000344787f sp=0x0000000016deea20 mode 0


Dynamic libraries:
0x00007ff7446e0000 - 0x00007ff744717000 	C:\Program Files\Java\jdk1.8.0_40\bin\java.exe
0x00007fff68db0000 - 0x00007fff68f5d000 	C:\Windows\SYSTEM32\ntdll.dll
0x00007fff66540000 - 0x00007fff6667e000 	C:\Windows\system32\KERNEL32.DLL
0x00007fff65fd0000 - 0x00007fff660e5000 	C:\Windows\system32\KERNELBASE.dll
0x00007fff64a60000 - 0x00007fff64aee000 	C:\Windows\system32\apphelp.dll
0x00007fff53b60000 - 0x00007fff53bb3000 	C:\Windows\AppPatch\AppPatch64\AcGenral.DLL
0x00007fff66490000 - 0x00007fff6653a000 	C:\Windows\system32\msvcrt.dll
0x00007fff65d30000 - 0x00007fff65d5e000 	C:\Windows\SYSTEM32\SspiCli.dll
0x00007fff67300000 - 0x00007fff67354000 	C:\Windows\system32\SHLWAPI.dll
0x00007fff66680000 - 0x00007fff667f7000 	C:\Windows\system32\USER32.dll
0x00007fff66e10000 - 0x00007fff66fa4000 	C:\Windows\system32\ole32.dll
0x00007fff676b0000 - 0x00007fff68bda000 	C:\Windows\system32\SHELL32.dll
0x00007fff65460000 - 0x00007fff65481000 	C:\Windows\SYSTEM32\USERENV.dll
0x00007fff67180000 - 0x00007fff6722a000 	C:\Windows\system32\ADVAPI32.dll
0x00007fff50ac0000 - 0x00007fff50ade000 	C:\Windows\SYSTEM32\MPR.dll
0x00007fff66fc0000 - 0x00007fff67101000 	C:\Windows\system32\RPCRT4.dll
0x00007fff66430000 - 0x00007fff66489000 	C:\Windows\SYSTEM32\sechost.dll
0x00007fff66aa0000 - 0x00007fff66cb1000 	C:\Windows\SYSTEM32\combase.dll
0x00007fff66cc0000 - 0x00007fff66e0f000 	C:\Windows\system32\GDI32.dll
0x00007fff65f00000 - 0x00007fff65f15000 	C:\Windows\SYSTEM32\profapi.dll
0x00007fff64270000 - 0x00007fff64322000 	C:\Windows\SYSTEM32\SHCORE.dll
0x00007fff66a00000 - 0x00007fff66a36000 	C:\Windows\system32\IMM32.DLL
0x00007fff67370000 - 0x00007fff674c2000 	C:\Windows\system32\MSCTF.dll
0x00007fff63910000 - 0x00007fff63b8a000 	C:\Windows\WinSxS\amd64_microsoft.windows.common-controls_6595b64144ccf1df_6.0.9600.17810_none_6240b9c7ecbd0bda\COMCTL32.dll
0x00000000727a0000 - 0x0000000072872000 	C:\Program Files\Java\jdk1.8.0_40\jre\bin\msvcr100.dll
0x0000000071f10000 - 0x0000000072793000 	C:\Program Files\Java\jdk1.8.0_40\jre\bin\server\jvm.dll
0x00007fff531d0000 - 0x00007fff531d9000 	C:\Windows\SYSTEM32\WSOCK32.dll
0x00007fff602f0000 - 0x00007fff60312000 	C:\Windows\SYSTEM32\WINMM.dll
0x00007fff605b0000 - 0x00007fff605ba000 	C:\Windows\SYSTEM32\VERSION.dll
0x00007fff66fb0000 - 0x00007fff66fb7000 	C:\Windows\system32\PSAPI.DLL
0x00007fff66980000 - 0x00007fff669da000 	C:\Windows\system32\WS2_32.dll
0x00007fff602c0000 - 0x00007fff602ea000 	C:\Windows\SYSTEM32\WINMMBASE.dll
0x00007fff68da0000 - 0x00007fff68da9000 	C:\Windows\system32\NSI.dll
0x00007fff660f0000 - 0x00007fff6613f000 	C:\Windows\SYSTEM32\cfgmgr32.dll
0x00007fff64cf0000 - 0x00007fff64d18000 	C:\Windows\SYSTEM32\DEVOBJ.dll
0x00000000741f0000 - 0x00000000741ff000 	C:\Program Files\Java\jdk1.8.0_40\jre\bin\verify.dll
0x0000000071ee0000 - 0x0000000071f09000 	C:\Program Files\Java\jdk1.8.0_40\jre\bin\java.dll
0x0000000071ec0000 - 0x0000000071ed6000 	C:\Program Files\Java\jdk1.8.0_40\jre\bin\zip.dll
0x00007fff51590000 - 0x00007fff51719000 	C:\Windows\SYSTEM32\dbghelp.dll

VM Arguments:
jvm_args: -Djava.awt.headless=true -Xmx1024M -Dfile.encoding=windows-1252 -Duser.country=US -Duser.language=en -Duser.variant 
java_command: com.android.dx.command.Main --dex --num-threads=4 --multi-dex --main-dex-list C:\Users\Owner\AndroidStudioProjects\TawatTrip\app\build\intermediates\multi-dex\debug\maindexlist.txt --output C:\Users\Owner\AndroidStudioProjects\TawatTrip\app\build\intermediates\transforms\dex\debug\folders\1000\1f\main C:\Users\Owner\AndroidStudioProjects\TawatTrip\app\build\intermediates\transforms\jarMerging\debug\jars\1\1f\combined.jar
java_class_path (initial): C:\Users\Owner\AppData\Local\Android\sdk\build-tools\23.0.1\lib\dx.jar
Launcher Type: SUN_STANDARD

Environment Variables:
JAVA_HOME=C:\Program Files\Java\jdk1.8.0_40
PATH=C:\MinGW\bin;C:\Program Files\Java\jdk1.7.0_79\bin;C:\ProgramData\Oracle\Java\javapath;C:\Program Files (x86)\Intel\iCLS Client\;C:\Program Files\Intel\iCLS Client\;C:\Windows\system32;C:\Windows;C:\Windows\System32\Wbem;C:\Windows\System32\WindowsPowerShell\v1.0\;C:\Program Files\Hewlett-Packard\SimplePass\;C:\Program Files\Intel\Intel(R) Management Engine Components\DAL;C:\Program Files\Intel\Intel(R) Management Engine Components\IPT;C:\Program Files (x86)\Intel\Intel(R) Management Engine Components\DAL;C:\Program Files (x86)\Intel\Intel(R) Management Engine Components\IPT;C:\Program Files (x86)\Windows Live\Shared;C:\Program Files\Microsoft SQL Server\110\Tools\Binn\;C:\Users\Owner\Downloads\apache-ant-1.9.4\bin;C:\Program Files\MATLAB\R2013b\runtime\win64;C:\Program Files\MATLAB\R2013b\bin;C:\Python27\;C:\Users\Owner\Downloads\android-ndk-r11c\;C:\Users\Owner\AppData\Local\Android\sdk\tools\;C:\Users\Owner\AppData\Local\Android\sdk\platform-tools\;C:\Program Files (x86)\Skype\Phone\;C:\Program Files\nodejs\;C:\Program Files\Git\cmd;C:\MinGW\bin;C:\Program Files\Java\jdk1.7.0_79\bin;C:\ProgramData\chocolatey\bin;C:\Users\Owner\AppData\Local\atom\bin;C:\Python27\;C:\Users\Owner\Downloads\android-ndk-r11c\;C:\Users\Owner\AppData\Local\Android\sdk\tools\;C:\Users\Owner\AppData\Local\Android\sdk\platform-tools;C:\Users\Owner\AppData\Roaming\npm
USERNAME=Owner
OS=Windows_NT
PROCESSOR_IDENTIFIER=Intel64 Family 6 Model 69 Stepping 1, GenuineIntel



---------------  S Y S T E M  ---------------

OS: Windows 8.1 , 64 bit Build 9600 (6.3.9600.17415)

CPU:total 4 (2 cores per cpu, 2 threads per core) family 6 model 69 stepping 1, cmov, cx8, fxsr, mmx, sse, sse2, sse3, ssse3, sse4.1, sse4.2, popcnt, avx, avx2, aes, clmul, erms, lzcnt, ht, tsc, tscinvbit, bmi1, bmi2

Memory: 4k page, physical 8317080k(558980k free), swap 11462808k(9796k free)

vm_info: Java HotSpot(TM) 64-Bit Server VM (25.40-b25) for windows-amd64 JRE (1.8.0_40-b26), built on Mar  7 2015 13:51:59 by "java_re" with MS VC++ 10.0 (VS2010)

time: Sun Oct 22 21:39:44 2017
elapsed time: 13 seconds (0d 0h 0m 13s)

