#
# There is insufficient memory for the Java Runtime Environment to continue.
# Native memory allocation (malloc) failed to allocate 1630816 bytes for Chunk::new
# Possible reasons:
#   The system is out of physical RAM or swap space
#   In 32 bit mode, the process size limit was hit
# Possible solutions:
#   Reduce memory load on the system
#   Increase physical memory or swap space
#   Check if swap backing store is full
#   Use 64 bit Java on a 64 bit OS
#   Decrease Java heap size (-Xmx/-Xms)
#   Decrease number of Java threads
#   Decrease Java thread stack sizes (-Xss)
#   Set larger code cache with -XX:ReservedCodeCacheSize=
# This output file may be truncated or incomplete.
#
#  Out of Memory Error (allocation.cpp:390), pid=10476, tid=13088
#
# JRE version: Java(TM) SE Runtime Environment (8.0_40-b26) (build 1.8.0_40-b26)
# Java VM: Java HotSpot(TM) 64-Bit Server VM (25.40-b25 mixed mode windows-amd64 compressed oops)
# Failed to write core dump. Minidumps are not enabled by default on client versions of Windows
#

---------------  T H R E A D  ---------------

Current thread (0x00000000151f6800):  JavaThread "C2 CompilerThread1" daemon [_thread_in_native, id=13088, stack(0x0000000016820000,0x0000000016920000)]

Stack: [0x0000000016820000,0x0000000016920000]
Native frames: (J=compiled Java code, j=interpreted, Vv=VM code, C=native code)
V  [jvm.dll+0x32b47a]
V  [jvm.dll+0x2797f3]
V  [jvm.dll+0x27a489]
V  [jvm.dll+0x2717a5]
V  [jvm.dll+0xcb9a2]
V  [jvm.dll+0xcbe6c]
V  [jvm.dll+0x476ea2]
V  [jvm.dll+0x4b950f]
V  [jvm.dll+0x46bf81]
V  [jvm.dll+0x46ccbe]
V  [jvm.dll+0x4500d2]
V  [jvm.dll+0xa4312]
V  [jvm.dll+0xa4c4f]
V  [jvm.dll+0x241914]
V  [jvm.dll+0x29848a]
C  [msvcr100.dll+0x21d9f]
C  [msvcr100.dll+0x21e3b]
C  [KERNEL32.DLL+0x13d2]
C  [ntdll.dll+0x154e4]


Current CompileTask:
C2:   1765 1345   !   4       com.android.dx.cf.code.BytecodeArray::parseInstruction (2764 bytes)


---------------  P R O C E S S  ---------------

Java Threads: ( => current thread )
  0x0000000016c9b800 JavaThread "pool-2-thread-4" [_thread_in_Java, id=6828, stack(0x0000000017420000,0x0000000017520000)]
  0x0000000016c9a800 JavaThread "pool-2-thread-3" [_thread_blocked, id=8800, stack(0x0000000017320000,0x0000000017420000)]
  0x0000000016c94800 JavaThread "pool-2-thread-2" [_thread_blocked, id=10656, stack(0x0000000017220000,0x0000000017320000)]
  0x0000000016c76000 JavaThread "pool-3-thread-1" [_thread_blocked, id=10568, stack(0x0000000017120000,0x0000000017220000)]
  0x0000000016c73000 JavaThread "pool-2-thread-1" [_thread_in_Java, id=13636, stack(0x0000000017020000,0x0000000017120000)]
  0x0000000016a2c800 JavaThread "Service Thread" daemon [_thread_blocked, id=6812, stack(0x0000000016e20000,0x0000000016f20000)]
  0x00000000151fd000 JavaThread "C1 CompilerThread2" daemon [_thread_blocked, id=14736, stack(0x0000000016920000,0x0000000016a20000)]
=>0x00000000151f6800 JavaThread "C2 CompilerThread1" daemon [_thread_in_native, id=13088, stack(0x0000000016820000,0x0000000016920000)]
  0x000000001519d800 JavaThread "C2 CompilerThread0" daemon [_thread_in_native, id=9728, stack(0x0000000016720000,0x0000000016820000)]
  0x000000001519b800 JavaThread "Attach Listener" daemon [_thread_blocked, id=9984, stack(0x0000000016620000,0x0000000016720000)]
  0x000000001519a000 JavaThread "Signal Dispatcher" daemon [_thread_blocked, id=11104, stack(0x0000000016520000,0x0000000016620000)]
  0x00000000015b6800 JavaThread "Finalizer" daemon [_thread_blocked, id=8352, stack(0x0000000016420000,0x0000000016520000)]
  0x00000000015ae000 JavaThread "Reference Handler" daemon [_thread_blocked, id=9444, stack(0x0000000016320000,0x0000000016420000)]
  0x0000000000f8d800 JavaThread "main" [_thread_in_native, id=13300, stack(0x0000000001350000,0x0000000001450000)]

Other Threads:
  0x0000000015167800 VMThread [stack: 0x0000000016220000,0x0000000016320000] [id=10792]
  0x0000000016a24800 WatcherThread [stack: 0x0000000016f20000,0x0000000017020000] [id=5784]

VM state:not at safepoint (normal execution)

VM Mutex/Monitor currently owned by a thread: None

Heap:
 PSYoungGen      total 71680K, used 14666K [0x00000000eab00000, 0x00000000ef600000, 0x0000000100000000)
  eden space 66560K, 14% used [0x00000000eab00000,0x00000000eb458ec8,0x00000000eec00000)
  from space 5120K, 99% used [0x00000000ef100000,0x00000000ef5f9c50,0x00000000ef600000)
  to   space 5120K, 0% used [0x00000000eec00000,0x00000000eec00000,0x00000000ef100000)
 ParOldGen       total 87552K, used 6932K [0x00000000c0000000, 0x00000000c5580000, 0x00000000eab00000)
  object space 87552K, 7% used [0x00000000c0000000,0x00000000c06c5028,0x00000000c5580000)
 Metaspace       used 6018K, capacity 7088K, committed 7296K, reserved 1056768K
  class space    used 581K, capacity 616K, committed 640K, reserved 1048576K

Card table byte_map: [0x0000000001980000,0x0000000001b90000] byte_map_base: 0x0000000001380000

Marking Bits: (ParMarkBitMap*) 0x00000000738f4040
 Begin Bits: [0x0000000012600000, 0x0000000013600000)
 End Bits:   [0x0000000013600000, 0x0000000014600000)

Polling page: 0x0000000001450000

CodeCache: size=245760Kb used=6245Kb max_used=6245Kb free=239514Kb
 bounds [0x0000000003400000, 0x0000000003a20000, 0x0000000012400000]
 total_blobs=1810 nmethods=1541 adapters=182
 compilation: enabled

Compilation events (10 events):
Event: 1.628 Thread 0x00000000151fd000 nmethod 1464 0x00000000039d9c50 code [0x00000000039d9fe0, 0x00000000039dbfd8]
Event: 1.628 Thread 0x00000000151fd000 1463   !   3       com.android.dx.cf.code.ExecutionStack::merge (31 bytes)
Event: 1.628 Thread 0x00000000151fd000 nmethod 1463 0x00000000039dd1d0 code [0x00000000039dd380, 0x00000000039dd828]
Event: 1.628 Thread 0x00000000151fd000 1465       3       com.android.dx.cf.code.Frame::mergeSubroutineLists (90 bytes)
Event: 1.629 Thread 0x00000000151fd000 nmethod 1465 0x00000000039dd990 code [0x00000000039ddb60, 0x00000000039de448]
Event: 1.629 Thread 0x00000000151fd000 1466       3       com.android.dx.util.IntList::equals (82 bytes)
Event: 1.629 Thread 0x00000000151fd000 nmethod 1466 0x00000000039de750 code [0x00000000039de8e0, 0x00000000039dee90]
Event: 1.629 Thread 0x00000000151fd000 1467       3       com.android.dx.cf.code.Frame::adjustLocalsForSubroutines (28 bytes)
Event: 1.629 Thread 0x00000000151fd000 nmethod 1467 0x00000000039df090 code [0x00000000039df220, 0x00000000039df728]
Event: 1.633 Thread 0x00000000151fd000 1469  s    3       com.android.dx.dex.file.FieldIdsSection::intern (55 bytes)

GC Heap History (2 events):
Event: 1.336 GC heap before
{Heap before GC invocations=1 (full 0):
 PSYoungGen      total 38400K, used 33280K [0x00000000eab00000, 0x00000000ed580000, 0x0000000100000000)
  eden space 33280K, 100% used [0x00000000eab00000,0x00000000ecb80000,0x00000000ecb80000)
  from space 5120K, 0% used [0x00000000ed080000,0x00000000ed080000,0x00000000ed580000)
  to   space 5120K, 0% used [0x00000000ecb80000,0x00000000ecb80000,0x00000000ed080000)
 ParOldGen       total 87552K, used 0K [0x00000000c0000000, 0x00000000c5580000, 0x00000000eab00000)
  object space 87552K, 0% used [0x00000000c0000000,0x00000000c0000000,0x00000000c5580000)
 Metaspace       used 5858K, capacity 6960K, committed 7040K, reserved 1056768K
  class space    used 581K, capacity 616K, committed 640K, reserved 1048576K
Event: 1.356 GC heap after
Heap after GC invocations=1 (full 0):
 PSYoungGen      total 38400K, used 5098K [0x00000000eab00000, 0x00000000ef600000, 0x0000000100000000)
  eden space 33280K, 0% used [0x00000000eab00000,0x00000000eab00000,0x00000000ecb80000)
  from space 5120K, 99% used [0x00000000ecb80000,0x00000000ed07aab8,0x00000000ed080000)
  to   space 5120K, 0% used [0x00000000ef100000,0x00000000ef100000,0x00000000ef600000)
 ParOldGen       total 87552K, used 2131K [0x00000000c0000000, 0x00000000c5580000, 0x00000000eab00000)
  object space 87552K, 2% used [0x00000000c0000000,0x00000000c0214e88,0x00000000c5580000)
 Metaspace       used 5858K, capacity 6960K, committed 7040K, reserved 1056768K
  class space    used 581K, capacity 616K, committed 640K, reserved 1048576K
}

Deoptimization events (5 events):
Event: 0.781 Thread 0x0000000016c9b800 Uncommon trap: reason=unstable_if action=reinterpret pc=0x0000000003635844 method=java.util.HashMap.getNode(ILjava/lang/Object;)Ljava/util/HashMap$Node; @ 62
Event: 0.968 Thread 0x0000000016c73000 Uncommon trap: reason=unstable_if action=reinterpret pc=0x000000000363e530 method=java.util.BitSet.nextSetBit(I)I @ 87
Event: 1.178 Thread 0x0000000016c9a800 Uncommon trap: reason=unstable_if action=reinterpret pc=0x00000000036598b4 method=java.util.BitSet.ensureCapacity(I)V @ 6
Event: 1.220 Thread 0x0000000000f8d800 Uncommon trap: reason=unstable_if action=reinterpret pc=0x000000000380c5b0 method=com.android.dx.ssa.SsaRenamer$BlockRenamer.addMapping(ILcom/android/dx/rop/code/RegisterSpec;)V @ 120
Event: 1.404 Thread 0x0000000016c73000 Uncommon trap: reason=null_check action=make_not_entrant pc=0x000000000376a5e8 method=com.android.dx.ssa.SsaRenamer.getLocalForNewReg(I)Lcom/android/dx/rop/code/LocalItem; @ 19

Internal exceptions (3 events):
Event: 0.088 Thread 0x0000000000f8d800 Exception <a 'java/lang/NoSuchMethodError': Method sun.misc.Unsafe.defineClass(Ljava/lang/String;[BII)Ljava/lang/Class; name or signature does not match> (0x00000000eab0dad0) thrown at [D:\re\workspace\8-2-build-windows-amd64-cygwin\jdk8u40\3098\hotspot\srs"YÃŸ¶?
Event: 0.088 Thread 0x0000000000f8d800 Exception <a 'java/lang/NoSuchMethodError': Method sun.misc.Unsafe.prefetchRead(Ljava/lang/Object;J)V name or signature does not match> (0x00000000eab0dd60) thrown at [D:\re\workspace\8-2-build-windows-amd64-cygwin\jdk8u40\3098\hotspot\src\share\vm\prims\j¥h~i)wö?
Event: 1.404 Thread 0x0000000016c73000 Implicit null exception at 0x0000000003767769 to 0x000000000376a5a5

Events (10 events):
Event: 1.220 Thread 0x0000000000f8d800 DEOPT UNPACKING pc=0x000000000344582a sp=0x000000000144e3e0 mode 2
Event: 1.295 Executing VM operation: ForceSafepoint
Event: 1.299 Executing VM operation: ForceSafepoint done
Event: 1.335 Executing VM operation: ParallelGCFailedAllocation
Event: 1.356 Executing VM operation: ParallelGCFailedAllocation done
Event: 1.404 Thread 0x0000000016c73000 Uncommon trap: trap_request=0xfffffff4 fr.pc=0x000000000376a5e8
Event: 1.404 Thread 0x0000000016c73000 DEOPT PACKING pc=0x000000000376a5e8 sp=0x000000001711ed40
Event: 1.404 Thread 0x0000000016c73000 DEOPT UNPACKING pc=0x000000000344582a sp=0x000000001711eb98 mode 2
Event: 1.545 loading class com/android/dx/cf/code/SwitchList
Event: 1.545 loading class com/android/dx/cf/code/SwitchList done


Dynamic libraries:
0x00007ff7ca0c0000 - 0x00007ff7ca0f7000 	C:\Program Files\Java\jdk1.8.0_40\bin\java.exe
0x00007fff68db0000 - 0x00007fff68f5d000 	C:\Windows\SYSTEM32\ntdll.dll
0x00007fff66540000 - 0x00007fff6667e000 	C:\Windows\system32\KERNEL32.DLL
0x00007fff65fd0000 - 0x00007fff660e5000 	C:\Windows\system32\KERNELBASE.dll
0x00007fff64a60000 - 0x00007fff64aee000 	C:\Windows\system32\apphelp.dll
0x00007fff49550000 - 0x00007fff495a3000 	C:\Windows\AppPatch\AppPatch64\AcGenral.DLL
0x00007fff66490000 - 0x00007fff6653a000 	C:\Windows\system32\msvcrt.dll
0x00007fff65d30000 - 0x00007fff65d5e000 	C:\Windows\SYSTEM32\SspiCli.dll
0x00007fff67300000 - 0x00007fff67354000 	C:\Windows\system32\SHLWAPI.dll
0x00007fff66680000 - 0x00007fff667f7000 	C:\Windows\system32\USER32.dll
0x00007fff66e10000 - 0x00007fff66fa4000 	C:\Windows\system32\ole32.dll
0x00007fff676b0000 - 0x00007fff68bda000 	C:\Windows\system32\SHELL32.dll
0x00007fff65460000 - 0x00007fff65481000 	C:\Windows\SYSTEM32\USERENV.dll
0x00007fff67180000 - 0x00007fff6722a000 	C:\Windows\system32\ADVAPI32.dll
0x00007fff50ac0000 - 0x00007fff50ade000 	C:\Windows\SYSTEM32\MPR.dll
0x00007fff66fc0000 - 0x00007fff67101000 	C:\Windows\system32\RPCRT4.dll
0x00007fff66430000 - 0x00007fff66489000 	C:\Windows\SYSTEM32\sechost.dll
0x00007fff66aa0000 - 0x00007fff66cb1000 	C:\Windows\SYSTEM32\combase.dll
0x00007fff66cc0000 - 0x00007fff66e0f000 	C:\Windows\system32\GDI32.dll
0x00007fff65f00000 - 0x00007fff65f15000 	C:\Windows\SYSTEM32\profapi.dll
0x00007fff64270000 - 0x00007fff64322000 	C:\Windows\SYSTEM32\SHCORE.dll
0x00007fff66a00000 - 0x00007fff66a36000 	C:\Windows\system32\IMM32.DLL
0x00007fff67370000 - 0x00007fff674c2000 	C:\Windows\system32\MSCTF.dll
0x00007fff63910000 - 0x00007fff63b8a000 	C:\Windows\WinSxS\amd64_microsoft.windows.common-controls_6595b64144ccf1df_6.0.9600.17810_none_6240b9c7ecbd0bda\COMCTL32.dll
0x0000000074220000 - 0x00000000742f2000 	C:\Program Files\Java\jdk1.8.0_40\jre\bin\msvcr100.dll
0x00000000730f0000 - 0x0000000073973000 	C:\Program Files\Java\jdk1.8.0_40\jre\bin\server\jvm.dll
0x00007fff5fb20000 - 0x00007fff5fb29000 	C:\Windows\SYSTEM32\WSOCK32.dll
0x00007fff602f0000 - 0x00007fff60312000 	C:\Windows\SYSTEM32\WINMM.dll
0x00007fff605b0000 - 0x00007fff605ba000 	C:\Windows\SYSTEM32\VERSION.dll
0x00007fff66fb0000 - 0x00007fff66fb7000 	C:\Windows\system32\PSAPI.DLL
0x00007fff66980000 - 0x00007fff669da000 	C:\Windows\system32\WS2_32.dll
0x00007fff602c0000 - 0x00007fff602ea000 	C:\Windows\SYSTEM32\WINMMBASE.dll
0x00007fff68da0000 - 0x00007fff68da9000 	C:\Windows\system32\NSI.dll
0x00007fff660f0000 - 0x00007fff6613f000 	C:\Windows\SYSTEM32\cfgmgr32.dll
0x00007fff64cf0000 - 0x00007fff64d18000 	C:\Windows\SYSTEM32\DEVOBJ.dll
0x0000000074210000 - 0x000000007421f000 	C:\Program Files\Java\jdk1.8.0_40\jre\bin\verify.dll
0x00000000741e0000 - 0x0000000074209000 	C:\Program Files\Java\jdk1.8.0_40\jre\bin\java.dll
0x00000000730d0000 - 0x00000000730e6000 	C:\Program Files\Java\jdk1.8.0_40\jre\bin\zip.dll
0x00007fff51590000 - 0x00007fff51719000 	C:\Windows\SYSTEM32\dbghelp.dll

VM Arguments:
jvm_args: -Djava.awt.headless=true -Xmx1024M -Dfile.encoding=windows-1252 -Duser.country=US -Duser.language=en -Duser.variant 
java_command: com.android.dx.command.Main --dex --force-jumbo --num-threads=4 --multi-dex --output C:\Users\Owner\AndroidStudioProjects\TawatTrip\app\build\intermediates\transforms\dex\debug\folders\1000\10\firebase-client-jvm-2.4.0_9cc79b286cbc7a07fa5b1e908029e8a2c85cec74 C:\Users\Owner\.gradle\caches\modules-2\files-2.1\com.firebase\firebase-client-jvm\2.4.0\558e074f136fee609b8758480ecd00e286595137\firebase-client-jvm-2.4.0.jar
java_class_path (initial): C:\Users\Owner\AppData\Local\Android\sdk\build-tools\23.0.1\lib\dx.jar
Launcher Type: SUN_STANDARD

Environment Variables:
JAVA_HOME=C:\Program Files\Java\jdk1.8.0_40
PATH=C:\MinGW\bin;C:\Program Files\Java\jdk1.7.0_79\bin;C:\ProgramData\Oracle\Java\javapath;C:\Program Files (x86)\Intel\iCLS Client\;C:\Program Files\Intel\iCLS Client\;C:\Windows\system32;C:\Windows;C:\Windows\System32\Wbem;C:\Windows\System32\WindowsPowerShell\v1.0\;C:\Program Files\Hewlett-Packard\SimplePass\;C:\Program Files\Intel\Intel(R) Management Engine Components\DAL;C:\Program Files\Intel\Intel(R) Management Engine Components\IPT;C:\Program Files (x86)\Intel\Intel(R) Management Engine Components\DAL;C:\Program Files (x86)\Intel\Intel(R) Management Engine Components\IPT;C:\Program Files (x86)\Windows Live\Shared;C:\Program Files\Microsoft SQL Server\110\Tools\Binn\;C:\Users\Owner\Downloads\apache-ant-1.9.4\bin;C:\Program Files\MATLAB\R2013b\runtime\win64;C:\Program Files\MATLAB\R2013b\bin;C:\Python27\;C:\Users\Owner\Downloads\android-ndk-r11c\;C:\Users\Owner\AppData\Local\Android\sdk\tools\;C:\Users\Owner\AppData\Local\Android\sdk\platform-tools\;C:\Program Files (x86)\Skype\Phone\;C:\Program Files\nodejs\;C:\Program Files\Git\cmd;C:\MinGW\bin;C:\Program Files\Java\jdk1.7.0_79\bin;C:\ProgramData\chocolatey\bin;C:\Users\Owner\AppData\Local\atom\bin;C:\Python27\;C:\Users\Owner\Downloads\android-ndk-r11c\;C:\Users\Owner\AppData\Local\Android\sdk\tools\;C:\Users\Owner\AppData\Local\Android\sdk\platform-tools;C:\Users\Owner\AppData\Roaming\npm
USERNAME=Owner
OS=Windows_NT
PROCESSOR_IDENTIFIER=Intel64 Family 6 Model 69 Stepping 1, GenuineIntel



---------------  S Y S T E M  ---------------

OS: Windows 8.1 , 64 bit Build 9600 (6.3.9600.17415)

CPU:total 4 (2 cores per cpu, 2 threads per core) family 6 model 69 stepping 1, cmov, cx8, fxsr, mmx, sse, sse2, sse3, ssse3, sse4.1, sse4.2, popcnt, avx, avx2, aes, clmul, erms, lzcnt, ht, tsc, tscinvbit, bmi1, bmi2

Memory: 4k page, physical 8317080k(804352k free), swap 11462808k(7884k free)

vm_info: Java HotSpot(TM) 64-Bit Server VM (25.40-b25) for windows-amd64 JRE (1.8.0_40-b26), built on Mar  7 2015 13:51:59 by "java_re" with MS VC++ 10.0 (VS2010)

time: Tue Oct 24 23:32:45 2017
elapsed time: 1 seconds (0d 0h 0m 1s)

