#
# There is insufficient memory for the Java Runtime Environment to continue.
# Native memory allocation (malloc) failed to allocate 879856 bytes for Chunk::new
# Possible reasons:
#   The system is out of physical RAM or swap space
#   In 32 bit mode, the process size limit was hit
# Possible solutions:
#   Reduce memory load on the system
#   Increase physical memory or swap space
#   Check if swap backing store is full
#   Use 64 bit Java on a 64 bit OS
#   Decrease Java heap size (-Xmx/-Xms)
#   Decrease number of Java threads
#   Decrease Java thread stack sizes (-Xss)
#   Set larger code cache with -XX:ReservedCodeCacheSize=
# This output file may be truncated or incomplete.
#
#  Out of Memory Error (allocation.cpp:390), pid=9032, tid=14240
#
# JRE version: Java(TM) SE Runtime Environment (8.0_40-b26) (build 1.8.0_40-b26)
# Java VM: Java HotSpot(TM) 64-Bit Server VM (25.40-b25 mixed mode windows-amd64 compressed oops)
# Failed to write core dump. Minidumps are not enabled by default on client versions of Windows
#

---------------  T H R E A D  ---------------

Current thread (0x000000001bdfe800):  JavaThread "C2 CompilerThread0" daemon [_thread_in_native, id=14240, stack(0x000000001d360000,0x000000001d460000)]

Stack: [0x000000001d360000,0x000000001d460000]
Native frames: (J=compiled Java code, j=interpreted, Vv=VM code, C=native code)
V  [jvm.dll+0x32b47a]


Current CompileTask:
C2:   8766 1869       4       com.android.dx.cf.code.Simulator$SimVisitor::visitNoArgs (2108 bytes)


---------------  P R O C E S S  ---------------

Java Threads: ( => current thread )
  0x000000001d8f2800 JavaThread "pool-2-thread-4" [_thread_blocked, id=9368, stack(0x000000001e060000,0x000000001e160000)]
  0x000000001d8eb000 JavaThread "pool-2-thread-3" [_thread_blocked, id=7868, stack(0x000000001df60000,0x000000001e060000)]
  0x000000001d7da800 JavaThread "pool-2-thread-2" [_thread_in_Java, id=10496, stack(0x000000001de60000,0x000000001df60000)]
  0x000000001d79e800 JavaThread "pool-3-thread-1" [_thread_blocked, id=6524, stack(0x000000001dd60000,0x000000001de60000)]
  0x000000001d79e000 JavaThread "pool-2-thread-1" [_thread_blocked, id=10096, stack(0x000000001dc60000,0x000000001dd60000)]
  0x000000001d667000 JavaThread "Service Thread" daemon [_thread_blocked, id=13468, stack(0x000000001da60000,0x000000001db60000)]
  0x000000001be5e000 JavaThread "C1 CompilerThread2" daemon [_thread_blocked, id=13656, stack(0x000000001d560000,0x000000001d660000)]
  0x000000001be57800 JavaThread "C2 CompilerThread1" daemon [_thread_blocked, id=13968, stack(0x000000001d460000,0x000000001d560000)]
=>0x000000001bdfe800 JavaThread "C2 CompilerThread0" daemon [_thread_in_native, id=14240, stack(0x000000001d360000,0x000000001d460000)]
  0x000000001bdfc800 JavaThread "Attach Listener" daemon [_thread_blocked, id=13492, stack(0x000000001d260000,0x000000001d360000)]
  0x000000001bdfb800 JavaThread "Signal Dispatcher" daemon [_thread_blocked, id=4328, stack(0x000000001d160000,0x000000001d260000)]
  0x00000000012f7800 JavaThread "Finalizer" daemon [_thread_blocked, id=900, stack(0x000000001d060000,0x000000001d160000)]
  0x000000001bdc9800 JavaThread "Reference Handler" daemon [_thread_blocked, id=10432, stack(0x000000001cf60000,0x000000001d060000)]
  0x00000000011fd800 JavaThread "main" [_thread_in_native, id=14352, stack(0x0000000001060000,0x0000000001160000)]

Other Threads:
  0x000000001bdc7800 VMThread [stack: 0x000000001ce60000,0x000000001cf60000] [id=3680]
  0x000000001d668000 WatcherThread [stack: 0x000000001db60000,0x000000001dc60000] [id=8272]

VM state:not at safepoint (normal execution)

VM Mutex/Monitor currently owned by a thread: None

Heap:
 PSYoungGen      total 138240K, used 60105K [0x000000076ab00000, 0x0000000773700000, 0x00000007c0000000)
  eden space 133120K, 41% used [0x000000076ab00000,0x000000076e0b90e0,0x0000000772d00000)
  from space 5120K, 99% used [0x0000000773200000,0x00000007736f96c0,0x0000000773700000)
  to   space 5120K, 0% used [0x0000000772d00000,0x0000000772d00000,0x0000000773200000)
 ParOldGen       total 87552K, used 56039K [0x00000006c0000000, 0x00000006c5580000, 0x000000076ab00000)
  object space 87552K, 64% used [0x00000006c0000000,0x00000006c36b9cf0,0x00000006c5580000)
 Metaspace       used 5979K, capacity 7024K, committed 7296K, reserved 1056768K
  class space    used 584K, capacity 616K, committed 640K, reserved 1048576K

Card table byte_map: [0x00000000016c0000,0x0000000001ed0000] byte_map_base: 0xfffffffffe0c0000

Marking Bits: (ParMarkBitMap*) 0x00000000738f4040
 Begin Bits: [0x0000000012c60000, 0x0000000016c60000)
 End Bits:   [0x0000000016c60000, 0x000000001ac60000)

Polling page: 0x0000000000ba0000

CodeCache: size=245760Kb used=8791Kb max_used=8812Kb free=236968Kb
 bounds [0x0000000003400000, 0x0000000003cb0000, 0x0000000012400000]
 total_blobs=2051 nmethods=1782 adapters=182
 compilation: enabled

Compilation events (10 events):
Event: 8.474 Thread 0x000000001be57800 nmethod 1864 0x0000000003c7a250 code [0x0000000003c7a4c0, 0x0000000003c7aa30]
Event: 8.475 Thread 0x000000001bdfe800 1867       4       com.android.dx.rop.code.Rop::<init> (137 bytes)
Event: 8.476 Thread 0x000000001be57800 1868       4       com.android.dx.cf.code.Simulator::requiredArrayTypeFor (61 bytes)
Event: 8.478 Thread 0x000000001bdfe800 nmethod 1867 0x0000000003c783d0 code [0x0000000003c78520, 0x0000000003c78738]
Event: 8.479 Thread 0x000000001be57800 nmethod 1868 0x0000000003c76910 code [0x0000000003c76a80, 0x0000000003c76cc8]
Event: 8.485 Thread 0x000000001bdfe800 1869       4       com.android.dx.cf.code.Simulator$SimVisitor::visitNoArgs (2108 bytes)
Event: 8.517 Thread 0x000000001be57800 1870       4       com.android.dx.rop.cst.CstKnownNull::equals (5 bytes)
Event: 8.518 Thread 0x000000001be57800 nmethod 1870 0x0000000003c780d0 code [0x0000000003c78220, 0x0000000003c782b8]
Event: 8.526 Thread 0x000000001be57800 1871       4       com.android.dx.cf.code.BaseMachine::popArgs (72 bytes)
Event: 8.540 Thread 0x000000001be57800 nmethod 1871 0x0000000003c78c90 code [0x0000000003c78e20, 0x0000000003c79698]

GC Heap History (8 events):
Event: 3.161 GC heap before
{Heap before GC invocations=1 (full 0):
 PSYoungGen      total 38400K, used 33280K [0x000000076ab00000, 0x000000076d580000, 0x00000007c0000000)
  eden space 33280K, 100% used [0x000000076ab00000,0x000000076cb80000,0x000000076cb80000)
  from space 5120K, 0% used [0x000000076d080000,0x000000076d080000,0x000000076d580000)
  to   space 5120K, 0% used [0x000000076cb80000,0x000000076cb80000,0x000000076d080000)
 ParOldGen       total 87552K, used 0K [0x00000006c0000000, 0x00000006c5580000, 0x000000076ab00000)
  object space 87552K, 0% used [0x00000006c0000000,0x00000006c0000000,0x00000006c5580000)
 Metaspace       used 5699K, capacity 6832K, committed 7040K, reserved 1056768K
  class space    used 577K, capacity 616K, committed 640K, reserved 1048576K
Event: 3.204 GC heap after
Heap after GC invocations=1 (full 0):
 PSYoungGen      total 38400K, used 5106K [0x000000076ab00000, 0x000000076f600000, 0x00000007c0000000)
  eden space 33280K, 0% used [0x000000076ab00000,0x000000076ab00000,0x000000076cb80000)
  from space 5120K, 99% used [0x000000076cb80000,0x000000076d07c9c0,0x000000076d080000)
  to   space 5120K, 0% used [0x000000076f100000,0x000000076f100000,0x000000076f600000)
 ParOldGen       total 87552K, used 5785K [0x00000006c0000000, 0x00000006c5580000, 0x000000076ab00000)
  object space 87552K, 6% used [0x00000006c0000000,0x00000006c05a6530,0x00000006c5580000)
 Metaspace       used 5699K, capacity 6832K, committed 7040K, reserved 1056768K
  class space    used 577K, capacity 616K, committed 640K, reserved 1048576K
}
Event: 3.815 GC heap before
{Heap before GC invocations=2 (full 0):
 PSYoungGen      total 38400K, used 38386K [0x000000076ab00000, 0x000000076f600000, 0x00000007c0000000)
  eden space 33280K, 100% used [0x000000076ab00000,0x000000076cb80000,0x000000076cb80000)
  from space 5120K, 99% used [0x000000076cb80000,0x000000076d07c9c0,0x000000076d080000)
  to   space 5120K, 0% used [0x000000076f100000,0x000000076f100000,0x000000076f600000)
 ParOldGen       total 87552K, used 5785K [0x00000006c0000000, 0x00000006c5580000, 0x000000076ab00000)
  object space 87552K, 6% used [0x00000006c0000000,0x00000006c05a6530,0x00000006c5580000)
 Metaspace       used 5810K, capacity 6896K, committed 7040K, reserved 1056768K
  class space    used 582K, capacity 616K, committed 640K, reserved 1048576K
Event: 3.854 GC heap after
Heap after GC invocations=2 (full 0):
 PSYoungGen      total 71680K, used 5111K [0x000000076ab00000, 0x000000076f600000, 0x00000007c0000000)
  eden space 66560K, 0% used [0x000000076ab00000,0x000000076ab00000,0x000000076ec00000)
  from space 5120K, 99% used [0x000000076f100000,0x000000076f5fdc78,0x000000076f600000)
  to   space 5120K, 0% used [0x000000076ec00000,0x000000076ec00000,0x000000076f100000)
 ParOldGen       total 87552K, used 14672K [0x00000006c0000000, 0x00000006c5580000, 0x000000076ab00000)
  object space 87552K, 16% used [0x00000006c0000000,0x00000006c0e54310,0x00000006c5580000)
 Metaspace       used 5810K, capacity 6896K, committed 7040K, reserved 1056768K
  class space    used 582K, capacity 616K, committed 640K, reserved 1048576K
}
Event: 4.434 GC heap before
{Heap before GC invocations=3 (full 0):
 PSYoungGen      total 71680K, used 71671K [0x000000076ab00000, 0x000000076f600000, 0x00000007c0000000)
  eden space 66560K, 100% used [0x000000076ab00000,0x000000076ec00000,0x000000076ec00000)
  from space 5120K, 99% used [0x000000076f100000,0x000000076f5fdc78,0x000000076f600000)
  to   space 5120K, 0% used [0x000000076ec00000,0x000000076ec00000,0x000000076f100000)
 ParOldGen       total 87552K, used 14672K [0x00000006c0000000, 0x00000006c5580000, 0x000000076ab00000)
  object space 87552K, 16% used [0x00000006c0000000,0x00000006c0e54310,0x00000006c5580000)
 Metaspace       used 5917K, capacity 7024K, committed 7296K, reserved 1056768K
  class space    used 583K, capacity 616K, committed 640K, reserved 1048576K
Event: 4.483 GC heap after
Heap after GC invocations=3 (full 0):
 PSYoungGen      total 71680K, used 5091K [0x000000076ab00000, 0x0000000773700000, 0x00000007c0000000)
  eden space 66560K, 0% used [0x000000076ab00000,0x000000076ab00000,0x000000076ec00000)
  from space 5120K, 99% used [0x000000076ec00000,0x000000076f0f8f60,0x000000076f100000)
  to   space 5120K, 0% used [0x0000000773200000,0x0000000773200000,0x0000000773700000)
 ParOldGen       total 87552K, used 32838K [0x00000006c0000000, 0x00000006c5580000, 0x000000076ab00000)
  object space 87552K, 37% used [0x00000006c0000000,0x00000006c2011ae0,0x00000006c5580000)
 Metaspace       used 5917K, capacity 7024K, committed 7296K, reserved 1056768K
  class space    used 583K, capacity 616K, committed 640K, reserved 1048576K
}
Event: 5.761 GC heap before
{Heap before GC invocations=4 (full 0):
 PSYoungGen      total 71680K, used 71651K [0x000000076ab00000, 0x0000000773700000, 0x00000007c0000000)
  eden space 66560K, 100% used [0x000000076ab00000,0x000000076ec00000,0x000000076ec00000)
  from space 5120K, 99% used [0x000000076ec00000,0x000000076f0f8f60,0x000000076f100000)
  to   space 5120K, 0% used [0x0000000773200000,0x0000000773200000,0x0000000773700000)
 ParOldGen       total 87552K, used 32838K [0x00000006c0000000, 0x00000006c5580000, 0x000000076ab00000)
  object space 87552K, 37% used [0x00000006c0000000,0x00000006c2011ae0,0x00000006c5580000)
 Metaspace       used 5924K, capacity 7024K, committed 7296K, reserved 1056768K
  class space    used 584K, capacity 616K, committed 640K, reserved 1048576K
Event: 5.951 GC heap after
Heap after GC invocations=4 (full 0):
 PSYoungGen      total 138240K, used 5093K [0x000000076ab00000, 0x0000000773700000, 0x00000007c0000000)
  eden space 133120K, 0% used [0x000000076ab00000,0x000000076ab00000,0x0000000772d00000)
  from space 5120K, 99% used [0x0000000773200000,0x00000007736f96c0,0x0000000773700000)
  to   space 5120K, 0% used [0x0000000772d00000,0x0000000772d00000,0x0000000773200000)
 ParOldGen       total 87552K, used 56039K [0x00000006c0000000, 0x00000006c5580000, 0x000000076ab00000)
  object space 87552K, 64% used [0x00000006c0000000,0x00000006c36b9cf0,0x00000006c5580000)
 Metaspace       used 5924K, capacity 7024K, committed 7296K, reserved 1056768K
  class space    used 584K, capacity 616K, committed 640K, reserved 1048576K
}

Deoptimization events (10 events):
Event: 3.518 Thread 0x000000001d7da800 Uncommon trap: reason=unstable_if action=reinterpret pc=0x00000000038365c0 method=com.android.dx.util.LabeledList.set(ILcom/android/dx/util/LabeledItem;)V @ 16
Event: 3.518 Thread 0x000000001d7da800 Uncommon trap: reason=unstable_if action=reinterpret pc=0x000000000382ea80 method=com.android.dx.util.LabeledList.set(ILcom/android/dx/util/LabeledItem;)V @ 16
Event: 3.623 Thread 0x000000001d7da800 Uncommon trap: reason=unstable_if action=reinterpret pc=0x000000000382a450 method=com.android.dx.rop.code.RegisterSpec.withReg(I)Lcom/android/dx/rop/code/RegisterSpec; @ 5
Event: 3.670 Thread 0x000000001d79e000 Uncommon trap: reason=unstable_if action=reinterpret pc=0x0000000003838f4c method=java.util.BitSet.clone()Ljava/lang/Object; @ 4
Event: 3.886 Thread 0x000000001d79e000 Uncommon trap: reason=unstable_if action=reinterpret pc=0x0000000003938774 method=com.android.dx.cf.code.ByteCatchList.listFor(I)Lcom/android/dx/cf/code/ByteCatchList; @ 19
Event: 4.262 Thread 0x000000001d79e000 Uncommon trap: reason=unstable_if action=reinterpret pc=0x000000000397cac4 method=com.android.dx.cf.code.RopperMachine.run(Lcom/android/dx/cf/code/Frame;II)V @ 1500
Event: 4.583 Thread 0x000000001d8eb000 Uncommon trap: reason=unstable_if action=reinterpret pc=0x0000000003a69d10 method=com.android.dx.cf.code.RopperMachine.jopToRopOpcode(ILcom/android/dx/rop/cst/Constant;)I @ 986
Event: 5.313 Thread 0x000000001d8f2800 Uncommon trap: reason=unstable_if action=reinterpret pc=0x00000000037f9cd0 method=com.android.dx.ssa.SetFactory.makeLivenessSet(I)Lcom/android/dx/util/IntSet; @ 4
Event: 5.313 Thread 0x000000001d8f2800 Uncommon trap: reason=unstable_if action=reinterpret pc=0x00000000037de508 method=com.android.dx.ssa.SetFactory.makeLivenessSet(I)Lcom/android/dx/util/IntSet; @ 4
Event: 5.314 Thread 0x000000001d8f2800 Uncommon trap: reason=unstable_if action=reinterpret pc=0x000000000394b4cc method=com.android.dx.util.IntList.binarysearch(I)I @ 105

Internal exceptions (4 events):
Event: 0.059 Thread 0x00000000011fd800 Exception <a 'java/lang/NoSuchMethodError': Method sun.misc.Unsafe.defineClass(Ljava/lang/String;[BII)Ljava/lang/Class; name or signature does not match> (0x000000076ab0d718) thrown at [D:\re\workspace\8-2-build-windows-amd64-cygwin\jdk8u40\3098\hotspot\srq¿‰¶
Æ?
Event: 0.059 Thread 0x00000000011fd800 Exception <a 'java/lang/NoSuchMethodError': Method sun.misc.Unsafe.prefetchRead(Ljava/lang/Object;J)V name or signature does not match> (0x000000076ab0d9a8) thrown at [D:\re\workspace\8-2-build-windows-amd64-cygwin\jdk8u40\3098\hotspot\src\share\vm\prims\jKä≥∆Ú@
Event: 3.494 Thread 0x000000001d7da800 Implicit null exception at 0x000000000381da78 to 0x000000000381f39d
Event: 3.496 Thread 0x000000001d7da800 Implicit null exception at 0x0000000003815c47 to 0x00000000038172c1

Events (10 events):
Event: 7.606 Thread 0x000000001d7da800 DEOPT PACKING pc=0x0000000003a02bb7 sp=0x000000001df5ef00
Event: 7.606 Thread 0x000000001d7da800 DEOPT UNPACKING pc=0x000000000344787f sp=0x000000001df5ec88 mode 0
Event: 7.629 Thread 0x000000001d7da800 DEOPT PACKING pc=0x00000000038f3857 sp=0x000000001df5eaf0
Event: 7.629 Thread 0x000000001d7da800 DEOPT UNPACKING pc=0x000000000344787f sp=0x000000001df5e900 mode 0
Event: 7.630 Thread 0x000000001d7da800 DEOPT PACKING pc=0x00000000039a9457 sp=0x000000001df5f050
Event: 7.630 Thread 0x000000001d7da800 DEOPT UNPACKING pc=0x000000000344787f sp=0x000000001df5ee18 mode 0
Event: 7.967 Thread 0x000000001d7da800 DEOPT PACKING pc=0x00000000039902f3 sp=0x000000001df5f000
Event: 7.967 Thread 0x000000001d7da800 DEOPT UNPACKING pc=0x000000000344787f sp=0x000000001df5ed98 mode 0
Event: 7.977 Thread 0x000000001d7da800 DEOPT PACKING pc=0x00000000038faa49 sp=0x000000001df5ee40
Event: 7.977 Thread 0x000000001d7da800 DEOPT UNPACKING pc=0x000000000344787f sp=0x000000001df5ec20 mode 0


Dynamic libraries:
0x00007ff7ca0c0000 - 0x00007ff7ca0f7000 	C:\Program Files\Java\jdk1.8.0_40\bin\java.exe
0x00007fff68db0000 - 0x00007fff68f5d000 	C:\Windows\SYSTEM32\ntdll.dll
0x00007fff66540000 - 0x00007fff6667e000 	C:\Windows\system32\KERNEL32.DLL
0x00007fff65fd0000 - 0x00007fff660e5000 	C:\Windows\system32\KERNELBASE.dll
0x00007fff64a60000 - 0x00007fff64aee000 	C:\Windows\system32\apphelp.dll
0x00007fff4a4b0000 - 0x00007fff4a503000 	C:\Windows\AppPatch\AppPatch64\AcGenral.DLL
0x00007fff66490000 - 0x00007fff6653a000 	C:\Windows\system32\msvcrt.dll
0x00007fff65d30000 - 0x00007fff65d5e000 	C:\Windows\SYSTEM32\SspiCli.dll
0x00007fff67300000 - 0x00007fff67354000 	C:\Windows\system32\SHLWAPI.dll
0x00007fff66680000 - 0x00007fff667f7000 	C:\Windows\system32\USER32.dll
0x00007fff66e10000 - 0x00007fff66fa4000 	C:\Windows\system32\ole32.dll
0x00007fff676b0000 - 0x00007fff68bda000 	C:\Windows\system32\SHELL32.dll
0x00007fff65460000 - 0x00007fff65481000 	C:\Windows\SYSTEM32\USERENV.dll
0x00007fff67180000 - 0x00007fff6722a000 	C:\Windows\system32\ADVAPI32.dll
0x00007fff50ac0000 - 0x00007fff50ade000 	C:\Windows\SYSTEM32\MPR.dll
0x00007fff66fc0000 - 0x00007fff67101000 	C:\Windows\system32\RPCRT4.dll
0x00007fff66430000 - 0x00007fff66489000 	C:\Windows\SYSTEM32\sechost.dll
0x00007fff66aa0000 - 0x00007fff66cb1000 	C:\Windows\SYSTEM32\combase.dll
0x00007fff66cc0000 - 0x00007fff66e0f000 	C:\Windows\system32\GDI32.dll
0x00007fff65f00000 - 0x00007fff65f15000 	C:\Windows\SYSTEM32\profapi.dll
0x00007fff64270000 - 0x00007fff64322000 	C:\Windows\SYSTEM32\SHCORE.dll
0x00007fff66a00000 - 0x00007fff66a36000 	C:\Windows\system32\IMM32.DLL
0x00007fff67370000 - 0x00007fff674c2000 	C:\Windows\system32\MSCTF.dll
0x00007fff63910000 - 0x00007fff63b8a000 	C:\Windows\WinSxS\amd64_microsoft.windows.common-controls_6595b64144ccf1df_6.0.9600.17810_none_6240b9c7ecbd0bda\COMCTL32.dll
0x0000000074220000 - 0x00000000742f2000 	C:\Program Files\Java\jdk1.8.0_40\jre\bin\msvcr100.dll
0x00000000730f0000 - 0x0000000073973000 	C:\Program Files\Java\jdk1.8.0_40\jre\bin\server\jvm.dll
0x00007fff5fb20000 - 0x00007fff5fb29000 	C:\Windows\SYSTEM32\WSOCK32.dll
0x00007fff602f0000 - 0x00007fff60312000 	C:\Windows\SYSTEM32\WINMM.dll
0x00007fff605b0000 - 0x00007fff605ba000 	C:\Windows\SYSTEM32\VERSION.dll
0x00007fff66fb0000 - 0x00007fff66fb7000 	C:\Windows\system32\PSAPI.DLL
0x00007fff66980000 - 0x00007fff669da000 	C:\Windows\system32\WS2_32.dll
0x00007fff602c0000 - 0x00007fff602ea000 	C:\Windows\SYSTEM32\WINMMBASE.dll
0x00007fff68da0000 - 0x00007fff68da9000 	C:\Windows\system32\NSI.dll
0x00007fff660f0000 - 0x00007fff6613f000 	C:\Windows\SYSTEM32\cfgmgr32.dll
0x00007fff64cf0000 - 0x00007fff64d18000 	C:\Windows\SYSTEM32\DEVOBJ.dll
0x0000000074210000 - 0x000000007421f000 	C:\Program Files\Java\jdk1.8.0_40\jre\bin\verify.dll
0x00000000741e0000 - 0x0000000074209000 	C:\Program Files\Java\jdk1.8.0_40\jre\bin\java.dll
0x00000000730d0000 - 0x00000000730e6000 	C:\Program Files\Java\jdk1.8.0_40\jre\bin\zip.dll
0x00007fff51590000 - 0x00007fff51719000 	C:\Windows\SYSTEM32\dbghelp.dll

VM Arguments:
jvm_args: -Djava.awt.headless=true -Xmx4g -Dfile.encoding=windows-1252 -Duser.country=US -Duser.language=en -Duser.variant 
java_command: com.android.dx.command.Main --dex --force-jumbo --num-threads=4 --multi-dex --output C:\Users\Owner\AndroidStudioProjects\TawatTrip\app\build\intermediates\transforms\dex\debug\folders\1000\5\slice_1 C:\Users\Owner\AndroidStudioProjects\TawatTrip\app\build\intermediates\transforms\instantRunSlicer\debug\folders\1\5\slice_1
java_class_path (initial): C:\Users\Owner\AppData\Local\Android\sdk\build-tools\23.0.1\lib\dx.jar
Launcher Type: SUN_STANDARD

Environment Variables:
JAVA_HOME=C:\Program Files\Java\jdk1.8.0_40
PATH=C:\MinGW\bin;C:\Program Files\Java\jdk1.7.0_79\bin;C:\ProgramData\Oracle\Java\javapath;C:\Program Files (x86)\Intel\iCLS Client\;C:\Program Files\Intel\iCLS Client\;C:\Windows\system32;C:\Windows;C:\Windows\System32\Wbem;C:\Windows\System32\WindowsPowerShell\v1.0\;C:\Program Files\Hewlett-Packard\SimplePass\;C:\Program Files\Intel\Intel(R) Management Engine Components\DAL;C:\Program Files\Intel\Intel(R) Management Engine Components\IPT;C:\Program Files (x86)\Intel\Intel(R) Management Engine Components\DAL;C:\Program Files (x86)\Intel\Intel(R) Management Engine Components\IPT;C:\Program Files (x86)\Windows Live\Shared;C:\Program Files\Microsoft SQL Server\110\Tools\Binn\;C:\Users\Owner\Downloads\apache-ant-1.9.4\bin;C:\Program Files\MATLAB\R2013b\runtime\win64;C:\Program Files\MATLAB\R2013b\bin;C:\Python27\;C:\Users\Owner\Downloads\android-ndk-r11c\;C:\Users\Owner\AppData\Local\Android\sdk\tools\;C:\Users\Owner\AppData\Local\Android\sdk\platform-tools\;C:\Program Files (x86)\Skype\Phone\;C:\Program Files\nodejs\;C:\Program Files\Git\cmd;C:\MinGW\bin;C:\Program Files\Java\jdk1.7.0_79\bin;C:\ProgramData\chocolatey\bin;C:\Users\Owner\AppData\Local\atom\bin;C:\Python27\;C:\Users\Owner\Downloads\android-ndk-r11c\;C:\Users\Owner\AppData\Local\Android\sdk\tools\;C:\Users\Owner\AppData\Local\Android\sdk\platform-tools;C:\Users\Owner\AppData\Roaming\npm
USERNAME=Owner
OS=Windows_NT
PROCESSOR_IDENTIFIER=Intel64 Family 6 Model 69 Stepping 1, GenuineIntel



---------------  S Y S T E M  ---------------

OS: Windows 8.1 , 64 bit Build 9600 (6.3.9600.17415)

CPU:total 4 (2 cores per cpu, 2 threads per core) family 6 model 69 stepping 1, cmov, cx8, fxsr, mmx, sse, sse2, sse3, ssse3, sse4.1, sse4.2, popcnt, avx, avx2, aes, clmul, erms, lzcnt, ht, tsc, tscinvbit, bmi1, bmi2

Memory: 4k page, physical 8317080k(996896k free), swap 11462808k(5116k free)

vm_info: Java HotSpot(TM) 64-Bit Server VM (25.40-b25) for windows-amd64 JRE (1.8.0_40-b26), built on Mar  7 2015 13:51:59 by "java_re" with MS VC++ 10.0 (VS2010)

time: Wed Oct 25 07:23:49 2017
elapsed time: 8 seconds (0d 0h 0m 8s)

