#
# There is insufficient memory for the Java Runtime Environment to continue.
# Native memory allocation (malloc) failed to allocate 32744 bytes for ChunkPool::allocate
# Possible reasons:
#   The system is out of physical RAM or swap space
#   In 32 bit mode, the process size limit was hit
# Possible solutions:
#   Reduce memory load on the system
#   Increase physical memory or swap space
#   Check if swap backing store is full
#   Use 64 bit Java on a 64 bit OS
#   Decrease Java heap size (-Xmx/-Xms)
#   Decrease number of Java threads
#   Decrease Java thread stack sizes (-Xss)
#   Set larger code cache with -XX:ReservedCodeCacheSize=
# This output file may be truncated or incomplete.
#
#  Out of Memory Error (allocation.cpp:273), pid=6336, tid=7548
#
# JRE version: Java(TM) SE Runtime Environment (8.0_40-b26) (build 1.8.0_40-b26)
# Java VM: Java HotSpot(TM) 64-Bit Server VM (25.40-b25 mixed mode windows-amd64 compressed oops)
# Failed to write core dump. Minidumps are not enabled by default on client versions of Windows
#

---------------  T H R E A D  ---------------

Current thread (0x000000001c369800):  JavaThread "C1 CompilerThread2" daemon [_thread_in_native, id=7548, stack(0x000000001da80000,0x000000001db80000)]

Stack: [0x000000001da80000,0x000000001db80000]
Native frames: (J=compiled Java code, j=interpreted, Vv=VM code, C=native code)
V  [jvm.dll+0x32b47a]


Current CompileTask:
C1:   6797  625   !   3       com.android.dx.cf.code.BytecodeArray::parseInstruction (2764 bytes)


---------------  P R O C E S S  ---------------

Java Threads: ( => current thread )
  0x000000001ddf3000 JavaThread "pool-2-thread-4" [_thread_in_vm, id=8768, stack(0x000000001e580000,0x000000001e680000)]
  0x000000001ddf2000 JavaThread "pool-2-thread-3" [_thread_in_Java, id=4560, stack(0x000000001e480000,0x000000001e580000)]
  0x000000001ddf1800 JavaThread "pool-2-thread-2" [_thread_in_Java, id=2936, stack(0x000000001e380000,0x000000001e480000)]
  0x000000001ddea800 JavaThread "pool-3-thread-1" [_thread_blocked, id=6196, stack(0x000000001e280000,0x000000001e380000)]
  0x000000001dde9800 JavaThread "pool-2-thread-1" [_thread_in_native, id=12772, stack(0x000000001e180000,0x000000001e280000)]
  0x000000001db86000 JavaThread "Service Thread" daemon [_thread_blocked, id=12380, stack(0x000000001df80000,0x000000001e080000)]
=>0x000000001c369800 JavaThread "C1 CompilerThread2" daemon [_thread_in_native, id=7548, stack(0x000000001da80000,0x000000001db80000)]
  0x000000001c366800 JavaThread "C2 CompilerThread1" daemon [_thread_blocked, id=11500, stack(0x000000001d980000,0x000000001da80000)]
  0x000000001c30d800 JavaThread "C2 CompilerThread0" daemon [_thread_blocked, id=11600, stack(0x000000001d880000,0x000000001d980000)]
  0x000000001c30b800 JavaThread "Attach Listener" daemon [_thread_blocked, id=9372, stack(0x000000001d780000,0x000000001d880000)]
  0x000000001c30a800 JavaThread "Signal Dispatcher" daemon [_thread_blocked, id=12468, stack(0x000000001d680000,0x000000001d780000)]
  0x0000000001726800 JavaThread "Finalizer" daemon [_thread_blocked, id=9660, stack(0x000000001d580000,0x000000001d680000)]
  0x000000000171e000 JavaThread "Reference Handler" daemon [_thread_blocked, id=12656, stack(0x000000001d480000,0x000000001d580000)]
  0x000000000100d800 JavaThread "main" [_thread_in_Java, id=7668, stack(0x00000000014a0000,0x00000000015a0000)]

Other Threads:
  0x000000001c2d7800 VMThread [stack: 0x000000001d380000,0x000000001d480000] [id=12760]
  0x000000001db87000 WatcherThread [stack: 0x000000001e080000,0x000000001e180000] [id=13292]

VM state:not at safepoint (normal execution)

VM Mutex/Monitor currently owned by a thread: None

Heap:
 PSYoungGen      total 38400K, used 13359K [0x000000076ab00000, 0x000000076d580000, 0x00000007c0000000)
  eden space 33280K, 40% used [0x000000076ab00000,0x000000076b80bc20,0x000000076cb80000)
  from space 5120K, 0% used [0x000000076d080000,0x000000076d080000,0x000000076d580000)
  to   space 5120K, 0% used [0x000000076cb80000,0x000000076cb80000,0x000000076d080000)
 ParOldGen       total 87552K, used 0K [0x00000006c0000000, 0x00000006c5580000, 0x000000076ab00000)
  object space 87552K, 0% used [0x00000006c0000000,0x00000006c0000000,0x00000006c5580000)
 Metaspace       used 5377K, capacity 6512K, committed 6784K, reserved 1056768K
  class space    used 574K, capacity 616K, committed 640K, reserved 1048576K

Card table byte_map: [0x0000000012400000,0x0000000012c10000] byte_map_base: 0x000000000ee00000

Marking Bits: (ParMarkBitMap*) 0x0000000057a24040
 Begin Bits: [0x0000000013170000, 0x0000000017170000)
 End Bits:   [0x0000000017170000, 0x000000001b170000)

Polling page: 0x0000000000ff0000

CodeCache: size=245760Kb used=2427Kb max_used=2439Kb free=243332Kb
 bounds [0x0000000003400000, 0x0000000003670000, 0x0000000012400000]
 total_blobs=896 nmethods=627 adapters=182
 compilation: enabled

Compilation events (10 events):
Event: 6.742 Thread 0x000000001c369800  621       3       com.android.dx.cf.code.ByteOps::opInfo (6 bytes)
Event: 6.742 Thread 0x000000001c369800 nmethod 621 0x000000000365c150 code [0x000000000365c2a0, 0x000000000365c3f0]
Event: 6.742 Thread 0x000000001c369800  622   !   3       com.android.dx.rop.code.BasicBlock::<init> (273 bytes)
Event: 6.753 Thread 0x000000001c30d800  628       4       java.util.HashMap::get (23 bytes)
Event: 6.755 Thread 0x000000001c369800 nmethod 622 0x000000000365cbd0 code [0x000000000365d040, 0x000000000365fcd8]
Event: 6.755 Thread 0x000000001c369800  627       3       com.android.dx.util.IntList::<init> (6 bytes)
Event: 6.755 Thread 0x000000001c369800 nmethod 627 0x000000000365bdd0 code [0x000000000365bf40, 0x000000000365c0c8]
Event: 6.755 Thread 0x000000001c369800  626       3       com.android.dx.rop.code.BasicBlockList::set (12 bytes)
Event: 6.756 Thread 0x000000001c369800 nmethod 626 0x000000000365ba10 code [0x000000000365bb80, 0x000000000365bd28]
Event: 6.756 Thread 0x000000001c369800  625   !   3       com.android.dx.cf.code.BytecodeArray::parseInstruction (2764 bytes)

GC Heap History (0 events):
No events

Deoptimization events (1 events):
Event: 6.710 Thread 0x000000001ddf3000 Uncommon trap: reason=unstable_if action=reinterpret pc=0x0000000003642ea4 method=java.util.HashMap.getNode(ILjava/lang/Object;)Ljava/util/HashMap$Node; @ 62

Internal exceptions (2 events):
Event: 1.131 Thread 0x000000000100d800 Exception <a 'java/lang/NoSuchMethodError': Method sun.misc.Unsafe.defineClass(Ljava/lang/String;[BII)Ljava/lang/Class; name or signature does not match> (0x000000076ab0dab8) thrown at [D:\re\workspace\8-2-build-windows-amd64-cygwin\jdk8u40\3098\hotspot\sr`”%9ò?
Event: 1.131 Thread 0x000000000100d800 Exception <a 'java/lang/NoSuchMethodError': Method sun.misc.Unsafe.prefetchRead(Ljava/lang/Object;J)V name or signature does not match> (0x000000076ab0dd48) thrown at [D:\re\workspace\8-2-build-windows-amd64-cygwin\jdk8u40\3098\hotspot\src\share\vm\prims\j

Events (10 events):
Event: 6.665 loading class java/io/PrintWriter done
Event: 6.665 loading class com/android/dx/dex/file/DebugInfoItem
Event: 6.665 loading class com/android/dx/dex/file/DebugInfoItem done
Event: 6.668 loading class com/android/dx/dex/file/ParameterAnnotationStruct
Event: 6.668 loading class com/android/dx/dex/file/ParameterAnnotationStruct done
Event: 6.673 loading class com/android/dx/ssa/PhiInsn$Operand
Event: 6.673 loading class com/android/dx/ssa/PhiInsn$Operand done
Event: 6.710 Thread 0x000000001ddf3000 Uncommon trap: trap_request=0xffffff65 fr.pc=0x0000000003642ea4
Event: 6.710 Thread 0x000000001ddf3000 DEOPT PACKING pc=0x0000000003642ea4 sp=0x000000001e67ec10
Event: 6.710 Thread 0x000000001ddf3000 DEOPT UNPACKING pc=0x000000000344582a sp=0x000000001e67eb88 mode 2


Dynamic libraries:
0x00007ff7e3a30000 - 0x00007ff7e3a67000 	C:\Program Files\Java\jdk1.8.0_40\bin\java.exe
0x00007ffbd0e80000 - 0x00007ffbd102d000 	C:\Windows\SYSTEM32\ntdll.dll
0x00007ffbd0d40000 - 0x00007ffbd0e7e000 	C:\Windows\system32\KERNEL32.DLL
0x00007ffbce3e0000 - 0x00007ffbce4f5000 	C:\Windows\system32\KERNELBASE.dll
0x00007ffbccae0000 - 0x00007ffbccb6e000 	C:\Windows\system32\apphelp.dll
0x00007ffbc9830000 - 0x00007ffbc9883000 	C:\Windows\AppPatch\AppPatch64\AcGenral.DLL
0x00007ffbd04c0000 - 0x00007ffbd056a000 	C:\Windows\system32\msvcrt.dll
0x00007ffbcdda0000 - 0x00007ffbcddce000 	C:\Windows\SYSTEM32\SspiCli.dll
0x00007ffbce830000 - 0x00007ffbce884000 	C:\Windows\system32\SHLWAPI.dll
0x00007ffbd0280000 - 0x00007ffbd03f7000 	C:\Windows\system32\USER32.dll
0x00007ffbceaa0000 - 0x00007ffbcec34000 	C:\Windows\system32\ole32.dll
0x00007ffbcec40000 - 0x00007ffbd016a000 	C:\Windows\system32\SHELL32.dll
0x00007ffbcd550000 - 0x00007ffbcd571000 	C:\Windows\SYSTEM32\USERENV.dll
0x00007ffbd01d0000 - 0x00007ffbd027a000 	C:\Windows\system32\ADVAPI32.dll
0x00007ffbb7580000 - 0x00007ffbb759e000 	C:\Windows\SYSTEM32\MPR.dll
0x00007ffbce950000 - 0x00007ffbcea91000 	C:\Windows\system32\RPCRT4.dll
0x00007ffbce8f0000 - 0x00007ffbce949000 	C:\Windows\SYSTEM32\sechost.dll
0x00007ffbd08a0000 - 0x00007ffbd0ab1000 	C:\Windows\SYSTEM32\combase.dll
0x00007ffbce530000 - 0x00007ffbce67f000 	C:\Windows\system32\GDI32.dll
0x00007ffbcdfd0000 - 0x00007ffbcdfe5000 	C:\Windows\SYSTEM32\profapi.dll
0x00007ffbcc320000 - 0x00007ffbcc3d2000 	C:\Windows\SYSTEM32\SHCORE.dll
0x00007ffbd0b90000 - 0x00007ffbd0bc6000 	C:\Windows\system32\IMM32.DLL
0x00007ffbd0be0000 - 0x00007ffbd0d32000 	C:\Windows\system32\MSCTF.dll
0x00007ffbcb9e0000 - 0x00007ffbcbc5a000 	C:\Windows\WinSxS\amd64_microsoft.windows.common-controls_6595b64144ccf1df_6.0.9600.17810_none_6240b9c7ecbd0bda\COMCTL32.dll
0x0000000058350000 - 0x0000000058422000 	C:\Program Files\Java\jdk1.8.0_40\jre\bin\msvcr100.dll
0x0000000057220000 - 0x0000000057aa3000 	C:\Program Files\Java\jdk1.8.0_40\jre\bin\server\jvm.dll
0x00007ffbbcd00000 - 0x00007ffbbcd09000 	C:\Windows\SYSTEM32\WSOCK32.dll
0x00007ffbc84f0000 - 0x00007ffbc8512000 	C:\Windows\SYSTEM32\WINMM.dll
0x00007ffbc7620000 - 0x00007ffbc762a000 	C:\Windows\SYSTEM32\VERSION.dll
0x00007ffbd0ac0000 - 0x00007ffbd0ac7000 	C:\Windows\system32\PSAPI.DLL
0x00007ffbce890000 - 0x00007ffbce8ea000 	C:\Windows\system32\WS2_32.dll
0x00007ffbc84c0000 - 0x00007ffbc84ea000 	C:\Windows\SYSTEM32\WINMMBASE.dll
0x00007ffbd0bd0000 - 0x00007ffbd0bd9000 	C:\Windows\system32\NSI.dll
0x00007ffbce0a0000 - 0x00007ffbce0ef000 	C:\Windows\SYSTEM32\cfgmgr32.dll
0x00007ffbccdc0000 - 0x00007ffbccde8000 	C:\Windows\SYSTEM32\DEVOBJ.dll
0x0000000058340000 - 0x000000005834f000 	C:\Program Files\Java\jdk1.8.0_40\jre\bin\verify.dll
0x0000000058310000 - 0x0000000058339000 	C:\Program Files\Java\jdk1.8.0_40\jre\bin\java.dll
0x0000000057200000 - 0x0000000057216000 	C:\Program Files\Java\jdk1.8.0_40\jre\bin\zip.dll

VM Arguments:
jvm_args: -Djava.awt.headless=true -Xmx4g -Dfile.encoding=windows-1252 -Duser.country=US -Duser.language=en -Duser.variant 
java_command: com.android.dx.command.Main --dex --force-jumbo --num-threads=4 --multi-dex --output C:\Users\Owner\AndroidStudioProjects\TawatTrip\app\build\intermediates\transforms\dex\debug\folders\1000\10\com.android.support-appcompat-v7-23.4.0_2108b8dbbfd00cf956c1545daa6f352750fe0670 C:\Users\Owner\AndroidStudioProjects\TawatTrip\app\build\intermediates\exploded-aar\com.android.support\appcompat-v7\23.4.0\jars\classes.jar
java_class_path (initial): C:\Users\Owner\AppData\Local\Android\sdk\build-tools\23.0.1\lib\dx.jar
Launcher Type: SUN_STANDARD

Environment Variables:
JAVA_HOME=C:\Program Files\Java\jdk1.8.0_40
PATH=C:\MinGW\bin;C:\Program Files\Java\jdk1.7.0_79\bin;C:\Program Files (x86)\Intel\iCLS Client\;C:\Program Files\Intel\iCLS Client\;C:\Windows\system32;C:\Windows;C:\Windows\System32\Wbem;C:\Windows\System32\WindowsPowerShell\v1.0\;C:\Program Files\Hewlett-Packard\SimplePass\;C:\Program Files\Intel\Intel(R) Management Engine Components\DAL;C:\Program Files\Intel\Intel(R) Management Engine Components\IPT;C:\Program Files (x86)\Intel\Intel(R) Management Engine Components\DAL;C:\Program Files (x86)\Intel\Intel(R) Management Engine Components\IPT;C:\Program Files (x86)\Windows Live\Shared;C:\Program Files\Microsoft SQL Server\110\Tools\Binn\;C:\Users\Owner\Downloads\apache-ant-1.9.4\bin;C:\Program Files\MATLAB\R2013b\runtime\win64;C:\Program Files\MATLAB\R2013b\bin;C:\Python27\;C:\Users\Owner\Downloads\android-ndk-r11c\;C:\Users\Owner\AppData\Local\Android\sdk\tools\;C:\Users\Owner\AppData\Local\Android\sdk\platform-tools\;C:\Program Files (x86)\Skype\Phone\;C:\Program Files\Git\cmd;C:\Program Files\nodejs\;C:\MinGW\bin;C:\Program Files\Java\jdk1.7.0_79\bin;C:\ProgramData\chocolatey\bin;C:\Users\Owner\AppData\Local\atom\bin;C:\Python27\;C:\Users\Owner\Downloads\android-ndk-r11c\;C:\Users\Owner\AppData\Local\Android\sdk\tools\;C:\Users\Owner\AppData\Local\Android\sdk\platform-tools;C:\Users\Owner\AppData\Roaming\npm;C:\Program Files\nodejs\
USERNAME=Arcantos
OS=Windows_NT
PROCESSOR_IDENTIFIER=Intel64 Family 6 Model 69 Stepping 1, GenuineIntel



---------------  S Y S T E M  ---------------

OS: Windows 8.1 , 64 bit Build 9600 (6.3.9600.17415)

CPU:total 4 (2 cores per cpu, 2 threads per core) family 6 model 69 stepping 1, cmov, cx8, fxsr, mmx, sse, sse2, sse3, ssse3, sse4.1, sse4.2, popcnt, avx, avx2, aes, clmul, erms, lzcnt, ht, tsc, tscinvbit, bmi1, bmi2

Memory: 4k page, physical 8317080k(448324k free), swap 11462808k(5212k free)

vm_info: Java HotSpot(TM) 64-Bit Server VM (25.40-b25) for windows-amd64 JRE (1.8.0_40-b26), built on Mar  7 2015 13:51:59 by "java_re" with MS VC++ 10.0 (VS2010)

time: Wed Jan 17 20:16:12 2018
elapsed time: 6 seconds (0d 0h 0m 6s)

