#
# There is insufficient memory for the Java Runtime Environment to continue.
# Native memory allocation (malloc) failed to allocate 1903936 bytes for Chunk::new
# Possible reasons:
#   The system is out of physical RAM or swap space
#   In 32 bit mode, the process size limit was hit
# Possible solutions:
#   Reduce memory load on the system
#   Increase physical memory or swap space
#   Check if swap backing store is full
#   Use 64 bit Java on a 64 bit OS
#   Decrease Java heap size (-Xmx/-Xms)
#   Decrease number of Java threads
#   Decrease Java thread stack sizes (-Xss)
#   Set larger code cache with -XX:ReservedCodeCacheSize=
# This output file may be truncated or incomplete.
#
#  Out of Memory Error (allocation.cpp:390), pid=10892, tid=11056
#
# JRE version: Java(TM) SE Runtime Environment (8.0_40-b26) (build 1.8.0_40-b26)
# Java VM: Java HotSpot(TM) 64-Bit Server VM (25.40-b25 mixed mode windows-amd64 compressed oops)
# Failed to write core dump. Minidumps are not enabled by default on client versions of Windows
#

---------------  T H R E A D  ---------------

Current thread (0x000000001b876800):  JavaThread "C2 CompilerThread1" daemon [_thread_in_native, id=11056, stack(0x000000001ce90000,0x000000001cf90000)]

Stack: [0x000000001ce90000,0x000000001cf90000]
Native frames: (J=compiled Java code, j=interpreted, Vv=VM code, C=native code)
V  [jvm.dll+0x32b47a]
V  [jvm.dll+0x2797f3]
V  [jvm.dll+0x27a489]
V  [jvm.dll+0x2717a5]
V  [jvm.dll+0xcb9a2]
V  [jvm.dll+0xcbe6c]
V  [jvm.dll+0x476ea2]
V  [jvm.dll+0x4b950f]
V  [jvm.dll+0x46bf81]
V  [jvm.dll+0x46ccbe]
V  [jvm.dll+0x4500d2]
V  [jvm.dll+0xa4312]
V  [jvm.dll+0xa4c4f]
V  [jvm.dll+0x241914]
V  [jvm.dll+0x29848a]
C  [msvcr100.dll+0x21d9f]
C  [msvcr100.dll+0x21e3b]
C  [KERNEL32.DLL+0x13d2]
C  [ntdll.dll+0x154e4]


Current CompileTask:
C2:   4123 1598       4       com.android.dx.cf.code.Simulator$SimVisitor::visitConstant (332 bytes)


---------------  P R O C E S S  ---------------

Java Threads: ( => current thread )
  0x000000001d202000 JavaThread "pool-2-thread-4" [_thread_blocked, id=10256, stack(0x000000001da90000,0x000000001db90000)]
  0x000000001d201800 JavaThread "pool-2-thread-3" [_thread_blocked, id=9696, stack(0x000000001d990000,0x000000001da90000)]
  0x000000001d200000 JavaThread "pool-2-thread-2" [_thread_in_Java, id=2352, stack(0x000000001d890000,0x000000001d990000)]
  0x000000001d1f6800 JavaThread "pool-3-thread-1" [_thread_blocked, id=4380, stack(0x000000001d790000,0x000000001d890000)]
  0x000000001d1f0000 JavaThread "pool-2-thread-1" [_thread_in_Java, id=3664, stack(0x000000001d690000,0x000000001d790000)]
  0x000000001cf98800 JavaThread "Service Thread" daemon [_thread_blocked, id=10364, stack(0x000000001d490000,0x000000001d590000)]
  0x000000001b87d000 JavaThread "C1 CompilerThread2" daemon [_thread_blocked, id=11008, stack(0x000000001d390000,0x000000001d490000)]
=>0x000000001b876800 JavaThread "C2 CompilerThread1" daemon [_thread_in_native, id=11056, stack(0x000000001ce90000,0x000000001cf90000)]
  0x000000001b81d800 JavaThread "C2 CompilerThread0" daemon [_thread_in_native, id=10844, stack(0x000000001cd90000,0x000000001ce90000)]
  0x000000001b81b800 JavaThread "Attach Listener" daemon [_thread_blocked, id=10392, stack(0x000000001cc90000,0x000000001cd90000)]
  0x000000001b81a800 JavaThread "Signal Dispatcher" daemon [_thread_blocked, id=10780, stack(0x000000001cb90000,0x000000001cc90000)]
  0x00000000020f6800 JavaThread "Finalizer" daemon [_thread_blocked, id=10808, stack(0x000000001ca90000,0x000000001cb90000)]
  0x00000000020ee000 JavaThread "Reference Handler" daemon [_thread_blocked, id=7788, stack(0x000000001c990000,0x000000001ca90000)]
  0x00000000006fd800 JavaThread "main" [_thread_in_Java, id=11252, stack(0x0000000001e90000,0x0000000001f90000)]

Other Threads:
  0x000000001b7e7800 VMThread [stack: 0x000000001c890000,0x000000001c990000] [id=9276]
  0x000000001cf99800 WatcherThread [stack: 0x000000001d590000,0x000000001d690000] [id=11132]

VM state:not at safepoint (normal execution)

VM Mutex/Monitor currently owned by a thread: None

Heap:
 PSYoungGen      total 71680K, used 41169K [0x000000076ab00000, 0x000000076f600000, 0x00000007c0000000)
  eden space 66560K, 54% used [0x000000076ab00000,0x000000076ce34738,0x000000076ec00000)
  from space 5120K, 99% used [0x000000076f100000,0x000000076f5ffe80,0x000000076f600000)
  to   space 5120K, 0% used [0x000000076ec00000,0x000000076ec00000,0x000000076f100000)
 ParOldGen       total 87552K, used 6519K [0x00000006c0000000, 0x00000006c5580000, 0x000000076ab00000)
  object space 87552K, 7% used [0x00000006c0000000,0x00000006c065de40,0x00000006c5580000)
 Metaspace       used 6153K, capacity 7092K, committed 7296K, reserved 1056768K
  class space    used 604K, capacity 620K, committed 640K, reserved 1048576K

Card table byte_map: [0x0000000011510000,0x0000000011d20000] byte_map_base: 0x000000000df10000

Marking Bits: (ParMarkBitMap*) 0x0000000066bd4040
 Begin Bits: [0x0000000012680000, 0x0000000016680000)
 End Bits:   [0x0000000016680000, 0x000000001a680000)

Polling page: 0x0000000000520000

CodeCache: size=245760Kb used=6809Kb max_used=6820Kb free=238950Kb
 bounds [0x0000000002150000, 0x0000000002800000, 0x0000000011150000]
 total_blobs=1892 nmethods=1622 adapters=183
 compilation: enabled

Compilation events (10 events):
Event: 3.975 Thread 0x000000001b87d000 1669       2       com.android.dx.rop.annotation.Annotations::addAll (59 bytes)
Event: 3.976 Thread 0x000000001b87d000 nmethod 1669 0x00000000027da490 code [0x00000000027da660, 0x00000000027dab38]
Event: 3.977 Thread 0x000000001b87d000 1670       2       java.util.Collections$UnmodifiableCollection::size (10 bytes)
Event: 3.978 Thread 0x000000001b87d000 nmethod 1670 0x00000000027da110 code [0x00000000027da280, 0x00000000027da408]
Event: 3.981 Thread 0x000000001b81d800 nmethod 1654 0x00000000027d82d0 code [0x00000000027d8440, 0x00000000027d8878]
Event: 3.981 Thread 0x000000001b81d800 1609       4       com.android.dx.rop.code.LocalVariableExtractor::processBlock (327 bytes)
Event: 3.982 Thread 0x000000001b87d000 1671       2       com.android.dx.util.ByteArray::<init> (9 bytes)
Event: 3.982 Thread 0x000000001b87d000 nmethod 1671 0x00000000027d9d50 code [0x00000000027d9ec0, 0x00000000027da048]
Event: 3.999 Thread 0x000000001b87d000 1672       2       com.android.dx.rop.type.Type::isReference (15 bytes)
Event: 3.999 Thread 0x000000001b87d000 nmethod 1672 0x00000000027d9a10 code [0x00000000027d9b60, 0x00000000027d9cd0]

GC Heap History (4 events):
Event: 2.413 GC heap before
{Heap before GC invocations=1 (full 0):
 PSYoungGen      total 38400K, used 33280K [0x000000076ab00000, 0x000000076d580000, 0x00000007c0000000)
  eden space 33280K, 100% used [0x000000076ab00000,0x000000076cb80000,0x000000076cb80000)
  from space 5120K, 0% used [0x000000076d080000,0x000000076d080000,0x000000076d580000)
  to   space 5120K, 0% used [0x000000076cb80000,0x000000076cb80000,0x000000076d080000)
 ParOldGen       total 87552K, used 0K [0x00000006c0000000, 0x00000006c5580000, 0x000000076ab00000)
  object space 87552K, 0% used [0x00000006c0000000,0x00000006c0000000,0x00000006c5580000)
 Metaspace       used 5939K, capacity 6960K, committed 7040K, reserved 1056768K
  class space    used 596K, capacity 616K, committed 640K, reserved 1048576K
Event: 2.540 GC heap after
Heap after GC invocations=1 (full 0):
 PSYoungGen      total 38400K, used 5089K [0x000000076ab00000, 0x000000076f600000, 0x00000007c0000000)
  eden space 33280K, 0% used [0x000000076ab00000,0x000000076ab00000,0x000000076cb80000)
  from space 5120K, 99% used [0x000000076cb80000,0x000000076d078790,0x000000076d080000)
  to   space 5120K, 0% used [0x000000076f100000,0x000000076f100000,0x000000076f600000)
 ParOldGen       total 87552K, used 1699K [0x00000006c0000000, 0x00000006c5580000, 0x000000076ab00000)
  object space 87552K, 1% used [0x00000006c0000000,0x00000006c01a8dd0,0x00000006c5580000)
 Metaspace       used 5939K, capacity 6960K, committed 7040K, reserved 1056768K
  class space    used 596K, capacity 616K, committed 640K, reserved 1048576K
}
Event: 3.283 GC heap before
{Heap before GC invocations=2 (full 0):
 PSYoungGen      total 38400K, used 38369K [0x000000076ab00000, 0x000000076f600000, 0x00000007c0000000)
  eden space 33280K, 100% used [0x000000076ab00000,0x000000076cb80000,0x000000076cb80000)
  from space 5120K, 99% used [0x000000076cb80000,0x000000076d078790,0x000000076d080000)
  to   space 5120K, 0% used [0x000000076f100000,0x000000076f100000,0x000000076f600000)
 ParOldGen       total 87552K, used 1699K [0x00000006c0000000, 0x00000006c5580000, 0x000000076ab00000)
  object space 87552K, 1% used [0x00000006c0000000,0x00000006c01a8dd0,0x00000006c5580000)
 Metaspace       used 6106K, capacity 7092K, committed 7296K, reserved 1056768K
  class space    used 604K, capacity 620K, committed 640K, reserved 1048576K
Event: 3.486 GC heap after
Heap after GC invocations=2 (full 0):
 PSYoungGen      total 71680K, used 5119K [0x000000076ab00000, 0x000000076f600000, 0x00000007c0000000)
  eden space 66560K, 0% used [0x000000076ab00000,0x000000076ab00000,0x000000076ec00000)
  from space 5120K, 99% used [0x000000076f100000,0x000000076f5ffe80,0x000000076f600000)
  to   space 5120K, 0% used [0x000000076ec00000,0x000000076ec00000,0x000000076f100000)
 ParOldGen       total 87552K, used 6519K [0x00000006c0000000, 0x00000006c5580000, 0x000000076ab00000)
  object space 87552K, 7% used [0x00000006c0000000,0x00000006c065de40,0x00000006c5580000)
 Metaspace       used 6106K, capacity 7092K, committed 7296K, reserved 1056768K
  class space    used 604K, capacity 620K, committed 640K, reserved 1048576K
}

Deoptimization events (10 events):
Event: 2.315 Thread 0x000000001d1f0000 Uncommon trap: reason=unstable_if action=reinterpret pc=0x000000000264a7a4 method=java.util.HashMap.getNode(ILjava/lang/Object;)Ljava/util/HashMap$Node; @ 84
Event: 2.572 Thread 0x000000001d201800 Uncommon trap: reason=unstable_if action=reinterpret pc=0x0000000002419350 method=java.util.HashMap.putVal(ILjava/lang/Object;Ljava/lang/Object;ZZ)Ljava/lang/Object; @ 162
Event: 2.573 Thread 0x000000001d202000 Uncommon trap: reason=bimorphic action=maybe_recompile pc=0x00000000026965e4 method=com.android.dx.cf.code.BytecodeArray.parseInstruction(ILcom/android/dx/cf/code/BytecodeArray$Visitor;)I @ 1357
Event: 2.606 Thread 0x000000001d201800 Uncommon trap: reason=unstable_if action=reinterpret pc=0x000000000265207c method=com.android.dx.ssa.LiteralOpUpgrader$1.visitNonMoveInsn(Lcom/android/dx/ssa/NormalSsaInsn;)V @ 176
Event: 2.614 Thread 0x000000001d202000 Uncommon trap: reason=bimorphic action=maybe_recompile pc=0x00000000026965e4 method=com.android.dx.cf.code.BytecodeArray.parseInstruction(ILcom/android/dx/cf/code/BytecodeArray$Visitor;)I @ 1357
Event: 2.957 Thread 0x000000001d200000 Uncommon trap: reason=null_check action=make_not_entrant pc=0x0000000002568e80 method=com.android.dx.ssa.SsaRenamer.getLocalForNewReg(I)Lcom/android/dx/rop/code/LocalItem; @ 19
Event: 2.988 Thread 0x000000001d200000 Uncommon trap: reason=bimorphic action=maybe_recompile pc=0x0000000002696040 method=com.android.dx.cf.code.BytecodeArray.parseInstruction(ILcom/android/dx/cf/code/BytecodeArray$Visitor;)I @ 1035
Event: 2.988 Thread 0x000000001d200000 Uncommon trap: reason=bimorphic action=maybe_recompile pc=0x0000000002696040 method=com.android.dx.cf.code.BytecodeArray.parseInstruction(ILcom/android/dx/cf/code/BytecodeArray$Visitor;)I @ 1035
Event: 3.515 Thread 0x000000001d1f0000 Uncommon trap: reason=bimorphic action=maybe_recompile pc=0x000000000278ed48 method=com.android.dx.rop.code.RegisterSpec.withSimpleType()Lcom/android/dx/rop/code/RegisterSpec; @ 21
Event: 3.916 Thread 0x000000001d200000 Uncommon trap: reason=unstable_if action=reinterpret pc=0x0000000002731298 method=com.android.dx.cf.code.Merger.isPossiblyAssignableFrom(Lcom/android/dx/rop/type/TypeBearer;Lcom/android/dx/rop/type/TypeBearer;)Z @ 131

Internal exceptions (7 events):
Event: 0.323 Thread 0x00000000006fd800 Exception <a 'java/lang/NoSuchMethodError': Method sun.misc.Unsafe.defineClass(Ljava/lang/String;[BII)Ljava/lang/Class; name or signature does not match> (0x000000076ab0dac0) thrown at [D:\re\workspace\8-2-build-windows-amd64-cygwin\jdk8u40\3098\hotspot\srÊAt»ß‘?
Event: 0.323 Thread 0x00000000006fd800 Exception <a 'java/lang/NoSuchMethodError': Method sun.misc.Unsafe.prefetchRead(Ljava/lang/Object;J)V name or signature does not match> (0x000000076ab0dd50) thrown at [D:\re\workspace\8-2-build-windows-amd64-cygwin\jdk8u40\3098\hotspot\src\share\vm\prims\j Xùœö∂ˆ?
Event: 1.420 Thread 0x000000001d201800 Implicit null exception at 0x000000000240b7e2 to 0x000000000240b8dd
Event: 2.315 Thread 0x000000001d1f0000 Exception <a 'java/lang/ArrayIndexOutOfBoundsException': 18> (0x000000076cb642b0) thrown at [D:\re\workspace\8-2-build-windows-amd64-cygwin\jdk8u40\3098\hotspot\src\share\vm\interpreter\interpreterRuntime.cpp, line 366]
Event: 2.573 Thread 0x000000001d201800 Exception <a 'java/lang/ArrayIndexOutOfBoundsException': 145> (0x000000076aba7050) thrown at [D:\re\workspace\8-2-build-windows-amd64-cygwin\jdk8u40\3098\hotspot\src\share\vm\interpreter\interpreterRuntime.cpp, line 366]
Event: 2.574 Thread 0x000000001d201800 Exception <a 'java/lang/ArrayIndexOutOfBoundsException'> (0x000000076aba8288) thrown at [D:\re\workspace\8-2-build-windows-amd64-cygwin\jdk8u40\3098\hotspot\src\share\vm\runtime\sharedRuntime.cpp, line 605]
Event: 2.957 Thread 0x000000001d200000 Implicit null exception at 0x0000000002567cff to 0x0000000002568e59

Events (10 events):
Event: 2.988 Thread 0x000000001d200000 DEOPT PACKING pc=0x0000000002696040 sp=0x000000001d98e4d0
Event: 2.988 Thread 0x000000001d200000 DEOPT UNPACKING pc=0x000000000219582a sp=0x000000001d98e458 mode 2
Event: 3.283 Executing VM operation: ParallelGCFailedAllocation
Event: 3.486 Executing VM operation: ParallelGCFailedAllocation done
Event: 3.515 Thread 0x000000001d1f0000 Uncommon trap: trap_request=0xffffffc6 fr.pc=0x000000000278ed48
Event: 3.515 Thread 0x000000001d1f0000 DEOPT PACKING pc=0x000000000278ed48 sp=0x000000001d78ecd0
Event: 3.515 Thread 0x000000001d1f0000 DEOPT UNPACKING pc=0x000000000219582a sp=0x000000001d78ec38 mode 2
Event: 3.916 Thread 0x000000001d200000 Uncommon trap: trap_request=0xffffff65 fr.pc=0x0000000002731298
Event: 3.916 Thread 0x000000001d200000 DEOPT PACKING pc=0x0000000002731298 sp=0x000000001d98deb0
Event: 3.916 Thread 0x000000001d200000 DEOPT UNPACKING pc=0x000000000219582a sp=0x000000001d98de38 mode 2


Dynamic libraries:
0x00007ff7cf790000 - 0x00007ff7cf7c7000 	C:\Program Files\Java\jdk1.8.0_40\bin\java.exe
0x00007fff3e760000 - 0x00007fff3e90d000 	C:\Windows\SYSTEM32\ntdll.dll
0x00007fff3d6f0000 - 0x00007fff3d82e000 	C:\Windows\system32\KERNEL32.DLL
0x00007fff3bcc0000 - 0x00007fff3bdd5000 	C:\Windows\system32\KERNELBASE.dll
0x00007fff3a410000 - 0x00007fff3a49e000 	C:\Windows\system32\apphelp.dll
0x00007fff27ca0000 - 0x00007fff27cf3000 	C:\Windows\AppPatch\AppPatch64\AcGenral.DLL
0x00007fff3c110000 - 0x00007fff3c1ba000 	C:\Windows\system32\msvcrt.dll
0x00007fff3b6e0000 - 0x00007fff3b70e000 	C:\Windows\SYSTEM32\SspiCli.dll
0x00007fff3e240000 - 0x00007fff3e294000 	C:\Windows\system32\SHLWAPI.dll
0x00007fff3e2a0000 - 0x00007fff3e417000 	C:\Windows\system32\USER32.dll
0x00007fff3e5c0000 - 0x00007fff3e754000 	C:\Windows\system32\ole32.dll
0x00007fff3c1c0000 - 0x00007fff3d6ea000 	C:\Windows\system32\SHELL32.dll
0x00007fff3aeb0000 - 0x00007fff3aed1000 	C:\Windows\SYSTEM32\USERENV.dll
0x00007fff3e190000 - 0x00007fff3e23a000 	C:\Windows\system32\ADVAPI32.dll
0x00007fff248a0000 - 0x00007fff248be000 	C:\Windows\SYSTEM32\MPR.dll
0x00007fff3d830000 - 0x00007fff3d971000 	C:\Windows\system32\RPCRT4.dll
0x00007fff3d980000 - 0x00007fff3d9d9000 	C:\Windows\SYSTEM32\sechost.dll
0x00007fff3de80000 - 0x00007fff3e091000 	C:\Windows\SYSTEM32\combase.dll
0x00007fff3bde0000 - 0x00007fff3bf2f000 	C:\Windows\system32\GDI32.dll
0x00007fff3b8b0000 - 0x00007fff3b8c5000 	C:\Windows\SYSTEM32\profapi.dll
0x00007fff39a50000 - 0x00007fff39b02000 	C:\Windows\SYSTEM32\SHCORE.dll
0x00007fff3d9e0000 - 0x00007fff3da16000 	C:\Windows\system32\IMM32.DLL
0x00007fff3bf30000 - 0x00007fff3c082000 	C:\Windows\system32\MSCTF.dll
0x00007fff378b0000 - 0x00007fff37b2a000 	C:\Windows\WinSxS\amd64_microsoft.windows.common-controls_6595b64144ccf1df_6.0.9600.17810_none_6240b9c7ecbd0bda\COMCTL32.dll
0x0000000066c60000 - 0x0000000066d32000 	C:\Program Files\Java\jdk1.8.0_40\jre\bin\msvcr100.dll
0x00000000663d0000 - 0x0000000066c53000 	C:\Program Files\Java\jdk1.8.0_40\jre\bin\server\jvm.dll
0x00007fff276b0000 - 0x00007fff276b9000 	C:\Windows\SYSTEM32\WSOCK32.dll
0x00007fff35680000 - 0x00007fff356a2000 	C:\Windows\SYSTEM32\WINMM.dll
0x00007fff352d0000 - 0x00007fff352da000 	C:\Windows\SYSTEM32\VERSION.dll
0x00007fff3e5b0000 - 0x00007fff3e5b7000 	C:\Windows\system32\PSAPI.DLL
0x00007fff3c0b0000 - 0x00007fff3c10a000 	C:\Windows\system32\WS2_32.dll
0x00007fff35650000 - 0x00007fff3567a000 	C:\Windows\SYSTEM32\WINMMBASE.dll
0x00007fff3e180000 - 0x00007fff3e189000 	C:\Windows\system32\NSI.dll
0x00007fff3bc70000 - 0x00007fff3bcbf000 	C:\Windows\SYSTEM32\cfgmgr32.dll
0x00007fff3a6a0000 - 0x00007fff3a6c8000 	C:\Windows\SYSTEM32\DEVOBJ.dll
0x00000000663c0000 - 0x00000000663cf000 	C:\Program Files\Java\jdk1.8.0_40\jre\bin\verify.dll
0x0000000066390000 - 0x00000000663b9000 	C:\Program Files\Java\jdk1.8.0_40\jre\bin\java.dll
0x0000000066370000 - 0x0000000066386000 	C:\Program Files\Java\jdk1.8.0_40\jre\bin\zip.dll
0x00007fff26360000 - 0x00007fff264e9000 	C:\Windows\SYSTEM32\dbghelp.dll

VM Arguments:
jvm_args: -Djava.awt.headless=true -Xmx4g -Dfile.encoding=windows-1252 -Duser.country=US -Duser.language=en -Duser.variant 
java_command: com.android.dx.command.Main --dex --force-jumbo --num-threads=4 --multi-dex --output C:\Users\Owner\AndroidStudioProjects\TawatTrip\app\build\intermediates\transforms\dex\debug\folders\1000\10\com.android.support-support-core-ui-25.2.0_c8ff5a9b5c2a0e2fe7e455eeb8b2ccce45791fa4 C:\Users\Owner\AndroidStudioProjects\TawatTrip\app\build\intermediates\exploded-aar\com.android.support\support-core-ui\25.2.0\jars\classes.jar
java_class_path (initial): C:\Users\Owner\AppData\Local\Android\sdk\build-tools\23.0.1\lib\dx.jar
Launcher Type: SUN_STANDARD

Environment Variables:
JAVA_HOME=C:\Program Files\Java\jdk1.8.0_40
PATH=C:\MinGW\bin;C:\Program Files\Java\jdk1.7.0_79\bin;C:\Program Files (x86)\Intel\iCLS Client\;C:\Program Files\Intel\iCLS Client\;C:\Windows\system32;C:\Windows;C:\Windows\System32\Wbem;C:\Windows\System32\WindowsPowerShell\v1.0\;C:\Program Files\Hewlett-Packard\SimplePass\;C:\Program Files\Intel\Intel(R) Management Engine Components\DAL;C:\Program Files\Intel\Intel(R) Management Engine Components\IPT;C:\Program Files (x86)\Intel\Intel(R) Management Engine Components\DAL;C:\Program Files (x86)\Intel\Intel(R) Management Engine Components\IPT;C:\Program Files (x86)\Windows Live\Shared;C:\Program Files\Microsoft SQL Server\110\Tools\Binn\;C:\Users\Owner\Downloads\apache-ant-1.9.4\bin;C:\Program Files\MATLAB\R2013b\runtime\win64;C:\Program Files\MATLAB\R2013b\bin;C:\Python27\;C:\Users\Owner\Downloads\android-ndk-r11c\;C:\Users\Owner\AppData\Local\Android\sdk\tools\;C:\Users\Owner\AppData\Local\Android\sdk\platform-tools\;C:\Program Files (x86)\Skype\Phone\;C:\Program Files\Git\cmd;C:\Program Files\nodejs\;C:\MinGW\bin;C:\Program Files\Java\jdk1.7.0_79\bin;C:\ProgramData\chocolatey\bin;C:\Users\Owner\AppData\Local\atom\bin;C:\Python27\;C:\Users\Owner\Downloads\android-ndk-r11c\;C:\Users\Owner\AppData\Local\Android\sdk\tools\;C:\Users\Owner\AppData\Local\Android\sdk\platform-tools;C:\Users\Owner\AppData\Roaming\npm;C:\Program Files\nodejs\
USERNAME=Arcantos
OS=Windows_NT
PROCESSOR_IDENTIFIER=Intel64 Family 6 Model 69 Stepping 1, GenuineIntel



---------------  S Y S T E M  ---------------

OS: Windows 8.1 , 64 bit Build 9600 (6.3.9600.17415)

CPU:total 4 (2 cores per cpu, 2 threads per core) family 6 model 69 stepping 1, cmov, cx8, fxsr, mmx, sse, sse2, sse3, ssse3, sse4.1, sse4.2, popcnt, avx, avx2, aes, clmul, erms, lzcnt, ht, tsc, tscinvbit, bmi1, bmi2

Memory: 4k page, physical 8317080k(546456k free), swap 11462808k(5364k free)

vm_info: Java HotSpot(TM) 64-Bit Server VM (25.40-b25) for windows-amd64 JRE (1.8.0_40-b26), built on Mar  7 2015 13:51:59 by "java_re" with MS VC++ 10.0 (VS2010)

time: Fri Jan 19 13:53:27 2018
elapsed time: 4 seconds (0d 0h 0m 4s)

