#
# There is insufficient memory for the Java Runtime Environment to continue.
# Native memory allocation (malloc) failed to allocate 968016 bytes for Chunk::new
# Possible reasons:
#   The system is out of physical RAM or swap space
#   In 32 bit mode, the process size limit was hit
# Possible solutions:
#   Reduce memory load on the system
#   Increase physical memory or swap space
#   Check if swap backing store is full
#   Use 64 bit Java on a 64 bit OS
#   Decrease Java heap size (-Xmx/-Xms)
#   Decrease number of Java threads
#   Decrease Java thread stack sizes (-Xss)
#   Set larger code cache with -XX:ReservedCodeCacheSize=
# This output file may be truncated or incomplete.
#
#  Out of Memory Error (allocation.cpp:390), pid=1152, tid=1580
#
# JRE version: Java(TM) SE Runtime Environment (8.0_40-b26) (build 1.8.0_40-b26)
# Java VM: Java HotSpot(TM) 64-Bit Server VM (25.40-b25 mixed mode windows-amd64 compressed oops)
# Failed to write core dump. Minidumps are not enabled by default on client versions of Windows
#

---------------  T H R E A D  ---------------

Current thread (0x000000001bc52000):  JavaThread "C2 CompilerThread1" daemon [_thread_in_native, id=1580, stack(0x000000001d250000,0x000000001d350000)]

Stack: [0x000000001d250000,0x000000001d350000]
Native frames: (J=compiled Java code, j=interpreted, Vv=VM code, C=native code)
V  [jvm.dll+0x32b47a]


Current CompileTask:
C2:   4108 1426       4       com.android.dx.ssa.SCCP::simulateBlock (54 bytes)


---------------  P R O C E S S  ---------------

Java Threads: ( => current thread )
  0x000000001d6b6800 JavaThread "pool-1-thread-4" [_thread_in_Java, id=6464, stack(0x000000001de50000,0x000000001df50000)]
  0x000000001d6b0800 JavaThread "pool-1-thread-3" [_thread_in_vm, id=3424, stack(0x000000001dd50000,0x000000001de50000)]
  0x000000001d6b0000 JavaThread "pool-1-thread-2" [_thread_in_Java, id=10648, stack(0x000000001dc50000,0x000000001dd50000)]
  0x000000001d6ac000 JavaThread "pool-2-thread-1" [_thread_blocked, id=6936, stack(0x000000001db50000,0x000000001dc50000)]
  0x000000001d6ab800 JavaThread "pool-1-thread-1" [_thread_in_Java, id=4664, stack(0x000000001da50000,0x000000001db50000)]
  0x000000001d46e000 JavaThread "Service Thread" daemon [_thread_blocked, id=11044, stack(0x000000001d850000,0x000000001d950000)]
  0x000000001bc55000 JavaThread "C1 CompilerThread2" daemon [_thread_blocked, id=7492, stack(0x000000001d350000,0x000000001d450000)]
=>0x000000001bc52000 JavaThread "C2 CompilerThread1" daemon [_thread_in_native, id=1580, stack(0x000000001d250000,0x000000001d350000)]
  0x000000001bbfd800 JavaThread "C2 CompilerThread0" daemon [_thread_in_native, id=10376, stack(0x000000001d150000,0x000000001d250000)]
  0x000000001bbfb800 JavaThread "Attach Listener" daemon [_thread_blocked, id=7388, stack(0x000000001d050000,0x000000001d150000)]
  0x000000001bbfa800 JavaThread "Signal Dispatcher" daemon [_thread_blocked, id=5032, stack(0x000000001cf50000,0x000000001d050000)]
  0x0000000001046800 JavaThread "Finalizer" daemon [_thread_blocked, id=5800, stack(0x000000001ce50000,0x000000001cf50000)]
  0x000000000103e000 JavaThread "Reference Handler" daemon [_thread_blocked, id=5528, stack(0x000000001cd50000,0x000000001ce50000)]
  0x0000000000f4d800 JavaThread "main" [_thread_in_Java, id=3188, stack(0x0000000000e40000,0x0000000000f40000)]

Other Threads:
  0x000000001bbc7800 VMThread [stack: 0x000000001cc50000,0x000000001cd50000] [id=10880]
  0x000000001d46f000 WatcherThread [stack: 0x000000001d950000,0x000000001da50000] [id=9208]

VM state:not at safepoint (normal execution)

VM Mutex/Monitor currently owned by a thread: None

Heap:
 PSYoungGen      total 38400K, used 15972K [0x000000076ab00000, 0x000000076d580000, 0x00000007c0000000)
  eden space 33280K, 32% used [0x000000076ab00000,0x000000076b5a0cd8,0x000000076cb80000)
  from space 5120K, 99% used [0x000000076cb80000,0x000000076d0785d0,0x000000076d080000)
  to   space 5120K, 0% used [0x000000076d080000,0x000000076d080000,0x000000076d580000)
 ParOldGen       total 87552K, used 1804K [0x00000006c0000000, 0x00000006c5580000, 0x000000076ab00000)
  object space 87552K, 2% used [0x00000006c0000000,0x00000006c01c3088,0x00000006c5580000)
 Metaspace       used 5947K, capacity 7024K, committed 7296K, reserved 1056768K
  class space    used 582K, capacity 616K, committed 640K, reserved 1048576K

Card table byte_map: [0x0000000001410000,0x0000000001c20000] byte_map_base: 0xfffffffffde10000

Marking Bits: (ParMarkBitMap*) 0x0000000066bd4040
 Begin Bits: [0x0000000012a60000, 0x0000000016a60000)
 End Bits:   [0x0000000016a60000, 0x000000001aa60000)

Polling page: 0x0000000000d60000

CodeCache: size=245760Kb used=6096Kb max_used=6096Kb free=239663Kb
 bounds [0x0000000003400000, 0x0000000003a00000, 0x0000000012400000]
 total_blobs=1730 nmethods=1461 adapters=182
 compilation: enabled

Compilation events (10 events):
Event: 4.088 Thread 0x000000001bc55000 1462       3       com.android.dx.cf.direct.DirectClassFile::parseToEndIfNecessary (12 bytes)
Event: 4.089 Thread 0x000000001bc55000 nmethod 1462 0x00000000039f6ed0 code [0x00000000039f7040, 0x00000000039f7208]
Event: 4.089 Thread 0x000000001bc55000 1463       3       com.android.dx.cf.iface.StdFieldList::get (9 bytes)
Event: 4.089 Thread 0x000000001bc55000 nmethod 1463 0x00000000039f7290 code [0x00000000039f7400, 0x00000000039f7708]
Event: 4.089 Thread 0x000000001bc55000 1464       3       com.android.dx.dex.file.EncodedField::<init> (25 bytes)
Event: 4.089 Thread 0x000000001bc55000 nmethod 1464 0x00000000039f77d0 code [0x00000000039f7960, 0x00000000039f7c88]
Event: 4.091 Thread 0x000000001bc55000 1465       3       com.android.dx.rop.cst.CstType::hashCode (8 bytes)
Event: 4.091 Thread 0x000000001bc55000 nmethod 1465 0x00000000039f7dd0 code [0x00000000039f7f40, 0x00000000039f8248]
Event: 4.094 Thread 0x000000001bc55000 1466       3       java.util.concurrent.locks.LockSupport::setBlocker (12 bytes)
Event: 4.094 Thread 0x000000001bc55000 nmethod 1466 0x00000000039f8350 code [0x00000000039f84a0, 0x00000000039f85f0]

GC Heap History (2 events):
Event: 3.674 GC heap before
{Heap before GC invocations=1 (full 0):
 PSYoungGen      total 38400K, used 33280K [0x000000076ab00000, 0x000000076d580000, 0x00000007c0000000)
  eden space 33280K, 100% used [0x000000076ab00000,0x000000076cb80000,0x000000076cb80000)
  from space 5120K, 0% used [0x000000076d080000,0x000000076d080000,0x000000076d580000)
  to   space 5120K, 0% used [0x000000076cb80000,0x000000076cb80000,0x000000076d080000)
 ParOldGen       total 87552K, used 0K [0x00000006c0000000, 0x00000006c5580000, 0x000000076ab00000)
  object space 87552K, 0% used [0x00000006c0000000,0x00000006c0000000,0x00000006c5580000)
 Metaspace       used 5892K, capacity 6960K, committed 7040K, reserved 1056768K
  class space    used 581K, capacity 616K, committed 640K, reserved 1048576K
Event: 3.852 GC heap after
Heap after GC invocations=1 (full 0):
 PSYoungGen      total 38400K, used 5089K [0x000000076ab00000, 0x000000076d580000, 0x00000007c0000000)
  eden space 33280K, 0% used [0x000000076ab00000,0x000000076ab00000,0x000000076cb80000)
  from space 5120K, 99% used [0x000000076cb80000,0x000000076d0785d0,0x000000076d080000)
  to   space 5120K, 0% used [0x000000076d080000,0x000000076d080000,0x000000076d580000)
 ParOldGen       total 87552K, used 1804K [0x00000006c0000000, 0x00000006c5580000, 0x000000076ab00000)
  object space 87552K, 2% used [0x00000006c0000000,0x00000006c01c3088,0x00000006c5580000)
 Metaspace       used 5892K, capacity 6960K, committed 7040K, reserved 1056768K
  class space    used 581K, capacity 616K, committed 640K, reserved 1048576K
}

Deoptimization events (10 events):
Event: 1.096 Thread 0x0000000000f4d800 Uncommon trap: reason=unstable_if action=reinterpret pc=0x0000000003607bbc method=java.util.HashMap.getNode(ILjava/lang/Object;)Ljava/util/HashMap$Node; @ 62
Event: 1.115 Thread 0x0000000000f4d800 Uncommon trap: reason=unstable_if action=reinterpret pc=0x000000000360de74 method=java.util.BitSet.nextSetBit(I)I @ 87
Event: 1.766 Thread 0x0000000000f4d800 Uncommon trap: reason=null_check action=make_not_entrant pc=0x00000000036c8e48 method=com.android.dx.ssa.SsaRenamer.getLocalForNewReg(I)Lcom/android/dx/rop/code/LocalItem; @ 19
Event: 3.409 Thread 0x0000000000f4d800 Uncommon trap: reason=bimorphic action=maybe_recompile pc=0x000000000365a228 method=java.util.HashMap.getNode(ILjava/lang/Object;)Ljava/util/HashMap$Node; @ 126
Event: 3.409 Thread 0x0000000000f4d800 Uncommon trap: reason=class_check action=maybe_recompile pc=0x000000000387ad98 method=java.util.HashMap.putVal(ILjava/lang/Object;Ljava/lang/Object;ZZ)Ljava/lang/Object; @ 203
Event: 3.409 Thread 0x0000000000f4d800 Uncommon trap: reason=bimorphic action=maybe_recompile pc=0x000000000365a228 method=java.util.HashMap.getNode(ILjava/lang/Object;)Ljava/util/HashMap$Node; @ 126
Event: 3.409 Thread 0x0000000000f4d800 Uncommon trap: reason=class_check action=maybe_recompile pc=0x000000000387ad98 method=java.util.HashMap.putVal(ILjava/lang/Object;Ljava/lang/Object;ZZ)Ljava/lang/Object; @ 203
Event: 3.409 Thread 0x0000000000f4d800 Uncommon trap: reason=unstable_if action=reinterpret pc=0x000000000370db1c method=com.android.dx.rop.cst.Constant.compareTo(Lcom/android/dx/rop/cst/Constant;)I @ 12
Event: 3.902 Thread 0x000000001d6b0800 Uncommon trap: reason=unstable_if action=reinterpret pc=0x000000000396e1b4 method=com.android.dx.cf.code.BytecodeArray.parseInstruction(ILcom/android/dx/cf/code/BytecodeArray$Visitor;)I @ 1198
Event: 3.995 Thread 0x000000001d6b6800 Uncommon trap: reason=unstable_if action=reinterpret pc=0x0000000003900688 method=com.android.dx.ssa.SCCP.simulateStmt(Lcom/android/dx/ssa/SsaInsn;)V @ 53

Internal exceptions (3 events):
Event: 0.079 Thread 0x0000000000f4d800 Exception <a 'java/lang/NoSuchMethodError': Method sun.misc.Unsafe.defineClass(Ljava/lang/String;[BII)Ljava/lang/Class; name or signature does not match> (0x000000076ab0daa8) thrown at [D:\re\workspace\8-2-build-windows-amd64-cygwin\jdk8u40\3098\hotspot\sr î(èr8´?
Event: 0.079 Thread 0x0000000000f4d800 Exception <a 'java/lang/NoSuchMethodError': Method sun.misc.Unsafe.prefetchRead(Ljava/lang/Object;J)V name or signature does not match> (0x000000076ab0dd38) thrown at [D:\re\workspace\8-2-build-windows-amd64-cygwin\jdk8u40\3098\hotspot\src\share\vm\prims\jÜÅU‰@ü?
Event: 1.766 Thread 0x0000000000f4d800 Implicit null exception at 0x00000000036c69cd to 0x00000000036c8dfd

Events (10 events):
Event: 3.902 Thread 0x000000001d6b0800 Uncommon trap: trap_request=0xffffff65 fr.pc=0x000000000396e1b4
Event: 3.902 Thread 0x000000001d6b0800 DEOPT PACKING pc=0x000000000396e1b4 sp=0x000000001de4ed80
Event: 3.902 Thread 0x000000001d6b0800 DEOPT UNPACKING pc=0x000000000344582a sp=0x000000001de4ed18 mode 2
Event: 3.954 loading class com/android/dx/cf/attrib/AttDeprecated
Event: 3.954 loading class com/android/dx/cf/attrib/AttDeprecated done
Event: 3.955 loading class com/android/dx/cf/attrib/AttRuntimeVisibleAnnotations
Event: 3.955 loading class com/android/dx/cf/attrib/AttRuntimeVisibleAnnotations done
Event: 3.995 Thread 0x000000001d6b6800 Uncommon trap: trap_request=0xffffff65 fr.pc=0x0000000003900688
Event: 3.995 Thread 0x000000001d6b6800 DEOPT PACKING pc=0x0000000003900688 sp=0x000000001df4ec40
Event: 3.995 Thread 0x000000001d6b6800 DEOPT UNPACKING pc=0x000000000344582a sp=0x000000001df4ec38 mode 2


Dynamic libraries:
0x00007ff7cf790000 - 0x00007ff7cf7c7000 	C:\Program Files\Java\jdk1.8.0_40\bin\java.exe
0x00007fff3e760000 - 0x00007fff3e90d000 	C:\Windows\SYSTEM32\ntdll.dll
0x00007fff3d6f0000 - 0x00007fff3d82e000 	C:\Windows\system32\KERNEL32.DLL
0x00007fff3bcc0000 - 0x00007fff3bdd5000 	C:\Windows\system32\KERNELBASE.dll
0x00007fff3a410000 - 0x00007fff3a49e000 	C:\Windows\system32\apphelp.dll
0x00007fff27ca0000 - 0x00007fff27cf3000 	C:\Windows\AppPatch\AppPatch64\AcGenral.DLL
0x00007fff3c110000 - 0x00007fff3c1ba000 	C:\Windows\system32\msvcrt.dll
0x00007fff3b6e0000 - 0x00007fff3b70e000 	C:\Windows\SYSTEM32\SspiCli.dll
0x00007fff3e240000 - 0x00007fff3e294000 	C:\Windows\system32\SHLWAPI.dll
0x00007fff3e2a0000 - 0x00007fff3e417000 	C:\Windows\system32\USER32.dll
0x00007fff3e5c0000 - 0x00007fff3e754000 	C:\Windows\system32\ole32.dll
0x00007fff3c1c0000 - 0x00007fff3d6ea000 	C:\Windows\system32\SHELL32.dll
0x00007fff3aeb0000 - 0x00007fff3aed1000 	C:\Windows\SYSTEM32\USERENV.dll
0x00007fff3e190000 - 0x00007fff3e23a000 	C:\Windows\system32\ADVAPI32.dll
0x00007fff248a0000 - 0x00007fff248be000 	C:\Windows\SYSTEM32\MPR.dll
0x00007fff3d830000 - 0x00007fff3d971000 	C:\Windows\system32\RPCRT4.dll
0x00007fff3d980000 - 0x00007fff3d9d9000 	C:\Windows\SYSTEM32\sechost.dll
0x00007fff3de80000 - 0x00007fff3e091000 	C:\Windows\SYSTEM32\combase.dll
0x00007fff3bde0000 - 0x00007fff3bf2f000 	C:\Windows\system32\GDI32.dll
0x00007fff3b8b0000 - 0x00007fff3b8c5000 	C:\Windows\SYSTEM32\profapi.dll
0x00007fff39a50000 - 0x00007fff39b02000 	C:\Windows\SYSTEM32\SHCORE.dll
0x00007fff3d9e0000 - 0x00007fff3da16000 	C:\Windows\system32\IMM32.DLL
0x00007fff3bf30000 - 0x00007fff3c082000 	C:\Windows\system32\MSCTF.dll
0x00007fff378b0000 - 0x00007fff37b2a000 	C:\Windows\WinSxS\amd64_microsoft.windows.common-controls_6595b64144ccf1df_6.0.9600.17810_none_6240b9c7ecbd0bda\COMCTL32.dll
0x0000000066c60000 - 0x0000000066d32000 	C:\Program Files\Java\jdk1.8.0_40\jre\bin\msvcr100.dll
0x00000000663d0000 - 0x0000000066c53000 	C:\Program Files\Java\jdk1.8.0_40\jre\bin\server\jvm.dll
0x00007fff276b0000 - 0x00007fff276b9000 	C:\Windows\SYSTEM32\WSOCK32.dll
0x00007fff35680000 - 0x00007fff356a2000 	C:\Windows\SYSTEM32\WINMM.dll
0x00007fff352d0000 - 0x00007fff352da000 	C:\Windows\SYSTEM32\VERSION.dll
0x00007fff3e5b0000 - 0x00007fff3e5b7000 	C:\Windows\system32\PSAPI.DLL
0x00007fff3c0b0000 - 0x00007fff3c10a000 	C:\Windows\system32\WS2_32.dll
0x00007fff35650000 - 0x00007fff3567a000 	C:\Windows\SYSTEM32\WINMMBASE.dll
0x00007fff3e180000 - 0x00007fff3e189000 	C:\Windows\system32\NSI.dll
0x00007fff3bc70000 - 0x00007fff3bcbf000 	C:\Windows\SYSTEM32\cfgmgr32.dll
0x00007fff3a6a0000 - 0x00007fff3a6c8000 	C:\Windows\SYSTEM32\DEVOBJ.dll
0x00000000663c0000 - 0x00000000663cf000 	C:\Program Files\Java\jdk1.8.0_40\jre\bin\verify.dll
0x0000000066390000 - 0x00000000663b9000 	C:\Program Files\Java\jdk1.8.0_40\jre\bin\java.dll
0x0000000066370000 - 0x0000000066386000 	C:\Program Files\Java\jdk1.8.0_40\jre\bin\zip.dll

VM Arguments:
jvm_args: -Djava.awt.headless=true -Xmx4g -Dfile.encoding=windows-1252 -Duser.country=US -Duser.language=en -Duser.variant 
java_command: com.android.dx.command.Main --dex --force-jumbo --num-threads=4 --output C:\Users\Owner\AndroidStudioProjects\TawatTrip\app\build\intermediates\pre-dexed\debug\com.crashlytics.sdk.android-crashlytics-core-2.4.1_d877c6fe7db85b9a6c1b438bb068754ef374ad38.jar C:\Users\Owner\AndroidStudioProjects\TawatTrip\app\build\intermediates\exploded-aar\com.crashlytics.sdk.android\crashlytics-core\2.4.1\jars\classes.jar
java_class_path (initial): C:\Users\Owner\AppData\Local\Android\sdk\build-tools\23.0.1\lib\dx.jar
Launcher Type: SUN_STANDARD

Environment Variables:
JAVA_HOME=C:\Program Files\Java\jdk1.8.0_40
PATH=C:\MinGW\bin;C:\Program Files\Java\jdk1.7.0_79\bin;C:\Program Files (x86)\Intel\iCLS Client\;C:\Program Files\Intel\iCLS Client\;C:\Windows\system32;C:\Windows;C:\Windows\System32\Wbem;C:\Windows\System32\WindowsPowerShell\v1.0\;C:\Program Files\Hewlett-Packard\SimplePass\;C:\Program Files\Intel\Intel(R) Management Engine Components\DAL;C:\Program Files\Intel\Intel(R) Management Engine Components\IPT;C:\Program Files (x86)\Intel\Intel(R) Management Engine Components\DAL;C:\Program Files (x86)\Intel\Intel(R) Management Engine Components\IPT;C:\Program Files (x86)\Windows Live\Shared;C:\Program Files\Microsoft SQL Server\110\Tools\Binn\;C:\Users\Owner\Downloads\apache-ant-1.9.4\bin;C:\Program Files\MATLAB\R2013b\runtime\win64;C:\Program Files\MATLAB\R2013b\bin;C:\Python27\;C:\Users\Owner\Downloads\android-ndk-r11c\;C:\Users\Owner\AppData\Local\Android\sdk\tools\;C:\Users\Owner\AppData\Local\Android\sdk\platform-tools\;C:\Program Files (x86)\Skype\Phone\;C:\Program Files\Git\cmd;C:\Program Files\nodejs\;C:\MinGW\bin;C:\Program Files\Java\jdk1.7.0_79\bin;C:\ProgramData\chocolatey\bin;C:\Users\Owner\AppData\Local\atom\bin;C:\Python27\;C:\Users\Owner\Downloads\android-ndk-r11c\;C:\Users\Owner\AppData\Local\Android\sdk\tools\;C:\Users\Owner\AppData\Local\Android\sdk\platform-tools;C:\Users\Owner\AppData\Roaming\npm;C:\Program Files\nodejs\
USERNAME=Arcantos
OS=Windows_NT
PROCESSOR_IDENTIFIER=Intel64 Family 6 Model 69 Stepping 1, GenuineIntel



---------------  S Y S T E M  ---------------

OS: Windows 8.1 , 64 bit Build 9600 (6.3.9600.17415)

CPU:total 4 (2 cores per cpu, 2 threads per core) family 6 model 69 stepping 1, cmov, cx8, fxsr, mmx, sse, sse2, sse3, ssse3, sse4.1, sse4.2, popcnt, avx, avx2, aes, clmul, erms, lzcnt, ht, tsc, tscinvbit, bmi1, bmi2

Memory: 4k page, physical 8317080k(851432k free), swap 11462808k(5128k free)

vm_info: Java HotSpot(TM) 64-Bit Server VM (25.40-b25) for windows-amd64 JRE (1.8.0_40-b26), built on Mar  7 2015 13:51:59 by "java_re" with MS VC++ 10.0 (VS2010)

time: Fri Jan 19 14:16:10 2018
elapsed time: 4 seconds (0d 0h 0m 4s)

