#
# There is insufficient memory for the Java Runtime Environment to continue.
# Native memory allocation (malloc) failed to allocate 114256 bytes for Chunk::new
# Possible reasons:
#   The system is out of physical RAM or swap space
#   In 32 bit mode, the process size limit was hit
# Possible solutions:
#   Reduce memory load on the system
#   Increase physical memory or swap space
#   Check if swap backing store is full
#   Use 64 bit Java on a 64 bit OS
#   Decrease Java heap size (-Xmx/-Xms)
#   Decrease number of Java threads
#   Decrease Java thread stack sizes (-Xss)
#   Set larger code cache with -XX:ReservedCodeCacheSize=
# This output file may be truncated or incomplete.
#
#  Out of Memory Error (allocation.cpp:390), pid=11108, tid=10540
#
# JRE version: Java(TM) SE Runtime Environment (8.0_40-b26) (build 1.8.0_40-b26)
# Java VM: Java HotSpot(TM) 64-Bit Server VM (25.40-b25 mixed mode windows-amd64 compressed oops)
# Failed to write core dump. Minidumps are not enabled by default on client versions of Windows
#

---------------  T H R E A D  ---------------

Current thread (0x000000001c366800):  JavaThread "C2 CompilerThread1" daemon [_thread_in_native, id=10540, stack(0x000000001d870000,0x000000001d970000)]

Stack: [0x000000001d870000,0x000000001d970000]
Native frames: (J=compiled Java code, j=interpreted, Vv=VM code, C=native code)
V  [jvm.dll+0x32b47a]
V  [jvm.dll+0x2797f3]
V  [jvm.dll+0x27a489]
V  [jvm.dll+0x2717a5]
V  [jvm.dll+0xcb9a2]
V  [jvm.dll+0xcbe6c]
V  [jvm.dll+0x49294c]
V  [jvm.dll+0x45f77f]
V  [jvm.dll+0x46a73b]
V  [jvm.dll+0x46cd52]
V  [jvm.dll+0x4500d2]
V  [jvm.dll+0xa4312]
V  [jvm.dll+0xa4c4f]
V  [jvm.dll+0x241914]
V  [jvm.dll+0x29848a]
C  [msvcr100.dll+0x21d9f]
C  [msvcr100.dll+0x21e3b]
C  [KERNEL32.DLL+0x13d2]
C  [ntdll.dll+0x154e4]


Current CompileTask:
C2:   3837 1161       4       com.android.dx.ssa.SsaMethod::deleteInsns (239 bytes)


---------------  P R O C E S S  ---------------

Java Threads: ( => current thread )
  0x000000001dcc1000 JavaThread "pool-2-thread-3" [_thread_in_vm, id=10500, stack(0x000000001e370000,0x000000001e470000)]
  0x000000001dbd7800 JavaThread "pool-3-thread-1" [_thread_blocked, id=10352, stack(0x000000001e170000,0x000000001e270000)]
  0x000000001da76000 JavaThread "Service Thread" daemon [_thread_blocked, id=6092, stack(0x000000001de70000,0x000000001df70000)]
  0x000000001c36d000 JavaThread "C1 CompilerThread2" daemon [_thread_in_native, id=5660, stack(0x000000001d970000,0x000000001da70000)]
=>0x000000001c366800 JavaThread "C2 CompilerThread1" daemon [_thread_in_native, id=10540, stack(0x000000001d870000,0x000000001d970000)]
  0x000000001c30d800 JavaThread "C2 CompilerThread0" daemon [_thread_in_native, id=2036, stack(0x000000001d770000,0x000000001d870000)]
  0x000000001c30b800 JavaThread "Attach Listener" daemon [_thread_blocked, id=4468, stack(0x000000001d670000,0x000000001d770000)]
  0x000000001c30a800 JavaThread "Signal Dispatcher" daemon [_thread_blocked, id=2084, stack(0x000000001d570000,0x000000001d670000)]
  0x00000000016f6800 JavaThread "Finalizer" daemon [_thread_blocked, id=4504, stack(0x000000001d470000,0x000000001d570000)]
  0x00000000016ee000 JavaThread "Reference Handler" daemon [_thread_blocked, id=9444, stack(0x000000001d370000,0x000000001d470000)]
  0x000000000115d800 JavaThread "main" [_thread_blocked, id=2152, stack(0x0000000001500000,0x0000000001600000)]

Other Threads:
  0x000000001c2d7800 VMThread [stack: 0x000000001d270000,0x000000001d370000] [id=11044]
  0x000000001da77000 WatcherThread [stack: 0x000000001df70000,0x000000001e070000] [id=10628]

VM state:not at safepoint (normal execution)

VM Mutex/Monitor currently owned by a thread: None

Heap:
 PSYoungGen      total 38400K, used 30993K [0x000000076ab00000, 0x000000076d580000, 0x00000007c0000000)
  eden space 33280K, 93% used [0x000000076ab00000,0x000000076c944600,0x000000076cb80000)
  from space 5120K, 0% used [0x000000076d080000,0x000000076d080000,0x000000076d580000)
  to   space 5120K, 0% used [0x000000076cb80000,0x000000076cb80000,0x000000076d080000)
 ParOldGen       total 87552K, used 0K [0x00000006c0000000, 0x00000006c5580000, 0x000000076ab00000)
  object space 87552K, 0% used [0x00000006c0000000,0x00000006c0000000,0x00000006c5580000)
 Metaspace       used 5745K, capacity 6832K, committed 7040K, reserved 1056768K
  class space    used 582K, capacity 616K, committed 640K, reserved 1048576K

Card table byte_map: [0x0000000012400000,0x0000000012c10000] byte_map_base: 0x000000000ee00000

Marking Bits: (ParMarkBitMap*) 0x0000000066bd4040
 Begin Bits: [0x0000000013170000, 0x0000000017170000)
 End Bits:   [0x0000000017170000, 0x000000001b170000)

Polling page: 0x00000000010e0000

CodeCache: size=245760Kb used=4705Kb max_used=4710Kb free=241054Kb
 bounds [0x0000000003400000, 0x00000000038a0000, 0x0000000012400000]
 total_blobs=1433 nmethods=1161 adapters=185
 compilation: enabled

Compilation events (10 events):
Event: 3.766 Thread 0x000000001c30d800 nmethod 1156 0x000000000388d910 code [0x000000000388da60, 0x000000000388dcb8]
Event: 3.767 Thread 0x000000001c30d800 1157       4       com.android.dx.util.FixedSizeList::hashCode (8 bytes)
Event: 3.773 Thread 0x000000001c30d800 nmethod 1157 0x0000000003897890 code [0x00000000038979e0, 0x0000000003897c78]
Event: 3.775 Thread 0x000000001c36d000 1158       3       com.android.dx.rop.code.RegisterSpecList::getType (12 bytes)
Event: 3.775 Thread 0x000000001c36d000 nmethod 1158 0x0000000003896e90 code [0x0000000003897020, 0x0000000003897678]
Event: 3.792 Thread 0x000000001c366800 nmethod 1152 0x000000000389b650 code [0x000000000389ba20, 0x000000000389d298]
Event: 3.795 Thread 0x000000001c30d800 1159   !   4       com.android.dx.cf.code.BytecodeArray::parseInstruction (2764 bytes)
Event: 3.796 Thread 0x000000001c36d000 1160       3       com.android.dx.rop.code.BasicBlockList$RegCountVisitor::visitThrowingInsn (6 bytes)
Event: 3.796 Thread 0x000000001c36d000 nmethod 1160 0x0000000003883950 code [0x0000000003883ac0, 0x0000000003883c48]
Event: 3.797 Thread 0x000000001c366800 1161       4       com.android.dx.ssa.SsaMethod::deleteInsns (239 bytes)

GC Heap History (0 events):
No events

Deoptimization events (6 events):
Event: 1.651 Thread 0x000000001dcc1000 Uncommon trap: reason=unstable_if action=reinterpret pc=0x00000000036181b4 method=java.util.BitSet.nextSetBit(I)I @ 87
Event: 1.651 Thread 0x000000001dcc1000 Uncommon trap: reason=unstable_if action=reinterpret pc=0x00000000036b7fb8 method=java.util.BitSet.ensureCapacity(I)V @ 6
Event: 1.651 Thread 0x000000001dcc1000 Uncommon trap: reason=unstable_if action=reinterpret pc=0x00000000036c1370 method=java.util.BitSet.ensureCapacity(I)V @ 6
Event: 1.735 Thread 0x000000001dcc1000 Uncommon trap: reason=unstable_if action=reinterpret pc=0x00000000037567dc method=com.android.dx.rop.cst.Constant.compareTo(Lcom/android/dx/rop/cst/Constant;)I @ 12
Event: 3.298 Thread 0x000000001dcc1000 Uncommon trap: reason=class_check action=maybe_recompile pc=0x00000000037d55fc method=com.android.dx.ssa.SCCP.setLatticeValueTo(IILcom/android/dx/rop/cst/Constant;)Z @ 43
Event: 3.438 Thread 0x000000001dcc1000 Uncommon trap: reason=unstable_if action=reinterpret pc=0x00000000037a2cac method=com.android.dx.ssa.SsaRenamer$BlockRenamer.addMapping(ILcom/android/dx/rop/code/RegisterSpec;)V @ 120

Internal exceptions (2 events):
Event: 0.185 Thread 0x000000000115d800 Exception <a 'java/lang/NoSuchMethodError': Method sun.misc.Unsafe.defineClass(Ljava/lang/String;[BII)Ljava/lang/Class; name or signature does not match> (0x000000076ab0dad8) thrown at [D:\re\workspace\8-2-build-windows-amd64-cygwin\jdk8u40\3098\hotspot\srHtÂ—ºÇ?
Event: 0.185 Thread 0x000000000115d800 Exception <a 'java/lang/NoSuchMethodError': Method sun.misc.Unsafe.prefetchRead(Ljava/lang/Object;J)V name or signature does not match> (0x000000076ab0dd68) thrown at [D:\re\workspace\8-2-build-windows-amd64-cygwin\jdk8u40\3098\hotspot\src\share\vm\prims\j

Events (10 events):
Event: 1.735 Thread 0x000000001dcc1000 DEOPT UNPACKING pc=0x000000000344582a sp=0x000000001e46e4f0 mode 2
Event: 1.842 Thread 0x000000001dbda800 Thread exited: 0x000000001dbda800
Event: 3.298 Thread 0x000000001dcc1000 Uncommon trap: trap_request=0xffffffde fr.pc=0x00000000037d55fc
Event: 3.298 Thread 0x000000001dcc1000 DEOPT PACKING pc=0x00000000037d55fc sp=0x000000001e46e950
Event: 3.298 Thread 0x000000001dcc1000 DEOPT UNPACKING pc=0x000000000344582a sp=0x000000001e46e8a8 mode 2
Event: 3.343 Thread 0x000000001dcc1000 DEOPT PACKING pc=0x00000000036e2c94 sp=0x000000001e46e740
Event: 3.343 Thread 0x000000001dcc1000 DEOPT UNPACKING pc=0x000000000344787f sp=0x000000001e46e508 mode 0
Event: 3.438 Thread 0x000000001dcc1000 Uncommon trap: trap_request=0xffffff65 fr.pc=0x00000000037a2cac
Event: 3.438 Thread 0x000000001dcc1000 DEOPT PACKING pc=0x00000000037a2cac sp=0x000000001e46e740
Event: 3.438 Thread 0x000000001dcc1000 DEOPT UNPACKING pc=0x000000000344582a sp=0x000000001e46e6d0 mode 2


Dynamic libraries:
0x00007ff7cf790000 - 0x00007ff7cf7c7000 	C:\Program Files\Java\jdk1.8.0_40\bin\java.exe
0x00007fff3e760000 - 0x00007fff3e90d000 	C:\Windows\SYSTEM32\ntdll.dll
0x00007fff3d6f0000 - 0x00007fff3d82e000 	C:\Windows\system32\KERNEL32.DLL
0x00007fff3bcc0000 - 0x00007fff3bdd5000 	C:\Windows\system32\KERNELBASE.dll
0x00007fff3a410000 - 0x00007fff3a49e000 	C:\Windows\system32\apphelp.dll
0x00007fff27ca0000 - 0x00007fff27cf3000 	C:\Windows\AppPatch\AppPatch64\AcGenral.DLL
0x00007fff3c110000 - 0x00007fff3c1ba000 	C:\Windows\system32\msvcrt.dll
0x00007fff3b6e0000 - 0x00007fff3b70e000 	C:\Windows\SYSTEM32\SspiCli.dll
0x00007fff3e240000 - 0x00007fff3e294000 	C:\Windows\system32\SHLWAPI.dll
0x00007fff3e2a0000 - 0x00007fff3e417000 	C:\Windows\system32\USER32.dll
0x00007fff3e5c0000 - 0x00007fff3e754000 	C:\Windows\system32\ole32.dll
0x00007fff3c1c0000 - 0x00007fff3d6ea000 	C:\Windows\system32\SHELL32.dll
0x00007fff3aeb0000 - 0x00007fff3aed1000 	C:\Windows\SYSTEM32\USERENV.dll
0x00007fff3e190000 - 0x00007fff3e23a000 	C:\Windows\system32\ADVAPI32.dll
0x00007fff248a0000 - 0x00007fff248be000 	C:\Windows\SYSTEM32\MPR.dll
0x00007fff3d830000 - 0x00007fff3d971000 	C:\Windows\system32\RPCRT4.dll
0x00007fff3d980000 - 0x00007fff3d9d9000 	C:\Windows\SYSTEM32\sechost.dll
0x00007fff3de80000 - 0x00007fff3e091000 	C:\Windows\SYSTEM32\combase.dll
0x00007fff3bde0000 - 0x00007fff3bf2f000 	C:\Windows\system32\GDI32.dll
0x00007fff3b8b0000 - 0x00007fff3b8c5000 	C:\Windows\SYSTEM32\profapi.dll
0x00007fff39a50000 - 0x00007fff39b02000 	C:\Windows\SYSTEM32\SHCORE.dll
0x00007fff3d9e0000 - 0x00007fff3da16000 	C:\Windows\system32\IMM32.DLL
0x00007fff3bf30000 - 0x00007fff3c082000 	C:\Windows\system32\MSCTF.dll
0x00007fff378b0000 - 0x00007fff37b2a000 	C:\Windows\WinSxS\amd64_microsoft.windows.common-controls_6595b64144ccf1df_6.0.9600.17810_none_6240b9c7ecbd0bda\COMCTL32.dll
0x0000000066c60000 - 0x0000000066d32000 	C:\Program Files\Java\jdk1.8.0_40\jre\bin\msvcr100.dll
0x00000000663d0000 - 0x0000000066c53000 	C:\Program Files\Java\jdk1.8.0_40\jre\bin\server\jvm.dll
0x00007fff276b0000 - 0x00007fff276b9000 	C:\Windows\SYSTEM32\WSOCK32.dll
0x00007fff35680000 - 0x00007fff356a2000 	C:\Windows\SYSTEM32\WINMM.dll
0x00007fff352d0000 - 0x00007fff352da000 	C:\Windows\SYSTEM32\VERSION.dll
0x00007fff3e5b0000 - 0x00007fff3e5b7000 	C:\Windows\system32\PSAPI.DLL
0x00007fff3c0b0000 - 0x00007fff3c10a000 	C:\Windows\system32\WS2_32.dll
0x00007fff35650000 - 0x00007fff3567a000 	C:\Windows\SYSTEM32\WINMMBASE.dll
0x00007fff3e180000 - 0x00007fff3e189000 	C:\Windows\system32\NSI.dll
0x00007fff3bc70000 - 0x00007fff3bcbf000 	C:\Windows\SYSTEM32\cfgmgr32.dll
0x00007fff3a6a0000 - 0x00007fff3a6c8000 	C:\Windows\SYSTEM32\DEVOBJ.dll
0x00000000663c0000 - 0x00000000663cf000 	C:\Program Files\Java\jdk1.8.0_40\jre\bin\verify.dll
0x0000000066390000 - 0x00000000663b9000 	C:\Program Files\Java\jdk1.8.0_40\jre\bin\java.dll
0x0000000066370000 - 0x0000000066386000 	C:\Program Files\Java\jdk1.8.0_40\jre\bin\zip.dll
0x00007fff26360000 - 0x00007fff264e9000 	C:\Windows\SYSTEM32\dbghelp.dll

VM Arguments:
jvm_args: -Djava.awt.headless=true -Xmx4g -Dfile.encoding=windows-1252 -Duser.country=US -Duser.language=en -Duser.variant 
java_command: com.android.dx.command.Main --dex --force-jumbo --num-threads=4 --multi-dex --output C:\Users\Owner\AndroidStudioProjects\TawatTrip\app\build\intermediates\transforms\dex\debug\folders\1000\10\firebase-client-android-2.4.0_33baabbc1570cd9d82fd2ebabe76f05af28bec9a C:\Users\Owner\.gradle\caches\modules-2\files-2.1\com.firebase\firebase-client-android\2.4.0\f00bc767918ad9c89e5c13e25706d033a58e13c2\firebase-client-android-2.4.0.jar
java_class_path (initial): C:\Users\Owner\AppData\Local\Android\sdk\build-tools\23.0.1\lib\dx.jar
Launcher Type: SUN_STANDARD

Environment Variables:
JAVA_HOME=C:\Program Files\Java\jdk1.8.0_40
PATH=C:\MinGW\bin;C:\Program Files\Java\jdk1.7.0_79\bin;C:\Program Files (x86)\Intel\iCLS Client\;C:\Program Files\Intel\iCLS Client\;C:\Windows\system32;C:\Windows;C:\Windows\System32\Wbem;C:\Windows\System32\WindowsPowerShell\v1.0\;C:\Program Files\Hewlett-Packard\SimplePass\;C:\Program Files\Intel\Intel(R) Management Engine Components\DAL;C:\Program Files\Intel\Intel(R) Management Engine Components\IPT;C:\Program Files (x86)\Intel\Intel(R) Management Engine Components\DAL;C:\Program Files (x86)\Intel\Intel(R) Management Engine Components\IPT;C:\Program Files (x86)\Windows Live\Shared;C:\Program Files\Microsoft SQL Server\110\Tools\Binn\;C:\Users\Owner\Downloads\apache-ant-1.9.4\bin;C:\Program Files\MATLAB\R2013b\runtime\win64;C:\Program Files\MATLAB\R2013b\bin;C:\Python27\;C:\Users\Owner\Downloads\android-ndk-r11c\;C:\Users\Owner\AppData\Local\Android\sdk\tools\;C:\Users\Owner\AppData\Local\Android\sdk\platform-tools\;C:\Program Files (x86)\Skype\Phone\;C:\Program Files\Git\cmd;C:\Program Files\nodejs\;C:\MinGW\bin;C:\Program Files\Java\jdk1.7.0_79\bin;C:\ProgramData\chocolatey\bin;C:\Users\Owner\AppData\Local\atom\bin;C:\Python27\;C:\Users\Owner\Downloads\android-ndk-r11c\;C:\Users\Owner\AppData\Local\Android\sdk\tools\;C:\Users\Owner\AppData\Local\Android\sdk\platform-tools;C:\Users\Owner\AppData\Roaming\npm;C:\Program Files\nodejs\
USERNAME=Arcantos
OS=Windows_NT
PROCESSOR_IDENTIFIER=Intel64 Family 6 Model 69 Stepping 1, GenuineIntel



---------------  S Y S T E M  ---------------

OS: Windows 8.1 , 64 bit Build 9600 (6.3.9600.17415)

CPU:total 4 (2 cores per cpu, 2 threads per core) family 6 model 69 stepping 1, cmov, cx8, fxsr, mmx, sse, sse2, sse3, ssse3, sse4.1, sse4.2, popcnt, avx, avx2, aes, clmul, erms, lzcnt, ht, tsc, tscinvbit, bmi1, bmi2

Memory: 4k page, physical 8317080k(545520k free), swap 11462808k(5324k free)

vm_info: Java HotSpot(TM) 64-Bit Server VM (25.40-b25) for windows-amd64 JRE (1.8.0_40-b26), built on Mar  7 2015 13:51:59 by "java_re" with MS VC++ 10.0 (VS2010)

time: Fri Jan 19 13:53:27 2018
elapsed time: 3 seconds (0d 0h 0m 3s)

