#
# There is insufficient memory for the Java Runtime Environment to continue.
# Native memory allocation (malloc) failed to allocate 32744 bytes for ChunkPool::allocate
# Possible reasons:
#   The system is out of physical RAM or swap space
#   In 32 bit mode, the process size limit was hit
# Possible solutions:
#   Reduce memory load on the system
#   Increase physical memory or swap space
#   Check if swap backing store is full
#   Use 64 bit Java on a 64 bit OS
#   Decrease Java heap size (-Xmx/-Xms)
#   Decrease number of Java threads
#   Decrease Java thread stack sizes (-Xss)
#   Set larger code cache with -XX:ReservedCodeCacheSize=
# This output file may be truncated or incomplete.
#
#  Out of Memory Error (allocation.cpp:273), pid=6888, tid=10612
#
# JRE version: Java(TM) SE Runtime Environment (8.0_40-b26) (build 1.8.0_40-b26)
# Java VM: Java HotSpot(TM) 64-Bit Server VM (25.40-b25 mixed mode windows-amd64 compressed oops)
# Failed to write core dump. Minidumps are not enabled by default on client versions of Windows
#

---------------  T H R E A D  ---------------

Current thread (0x000000001c0b9000):  JavaThread "C2 CompilerThread0" daemon [_thread_in_native, id=10612, stack(0x000000001d610000,0x000000001d710000)]

Stack: [0x000000001d610000,0x000000001d710000]
Native frames: (J=compiled Java code, j=interpreted, Vv=VM code, C=native code)
V  [jvm.dll+0x32b47a]
V  [jvm.dll+0x2797f3]
V  [jvm.dll+0x27a489]
V  [jvm.dll+0x2717a5]
V  [jvm.dll+0xcb7c4]
V  [jvm.dll+0xcb9e7]
V  [jvm.dll+0xcbe6c]
V  [jvm.dll+0x446dd1]
V  [jvm.dll+0x509890]
V  [jvm.dll+0x45f852]
V  [jvm.dll+0x46a73b]
V  [jvm.dll+0x46cd52]
V  [jvm.dll+0x4500d2]
V  [jvm.dll+0xa4312]
V  [jvm.dll+0xa4c4f]
V  [jvm.dll+0x241914]
V  [jvm.dll+0x29848a]
C  [msvcr100.dll+0x21d9f]
C  [msvcr100.dll+0x21e3b]
C  [KERNEL32.DLL+0x13d2]
C  [ntdll.dll+0x154e4]


Current CompileTask:
C2:   4461 1570   !   4       com.android.dx.cf.cst.ConstantPoolParser::parse0 (731 bytes)


---------------  P R O C E S S  ---------------

Java Threads: ( => current thread )
  0x000000001dbdb000 JavaThread "pool-1-thread-4" [_thread_in_Java, id=7468, stack(0x000000001e310000,0x000000001e410000)]
  0x000000001dbd8000 JavaThread "pool-1-thread-3" [_thread_in_Java, id=7280, stack(0x000000001e210000,0x000000001e310000)]
  0x000000001dbcc800 JavaThread "pool-1-thread-2" [_thread_in_Java, id=8204, stack(0x000000001e110000,0x000000001e210000)]
  0x000000001dbc7800 JavaThread "pool-2-thread-1" [_thread_blocked, id=10824, stack(0x000000001e010000,0x000000001e110000)]
  0x000000001dbc3800 JavaThread "pool-1-thread-1" [_thread_in_Java, id=11168, stack(0x000000001df10000,0x000000001e010000)]
  0x000000001d918800 JavaThread "Service Thread" daemon [_thread_blocked, id=10676, stack(0x000000001dd10000,0x000000001de10000)]
  0x000000001c0bd000 JavaThread "C1 CompilerThread2" daemon [_thread_in_native, id=9784, stack(0x000000001d810000,0x000000001d910000)]
  0x000000001c0bc000 JavaThread "C2 CompilerThread1" daemon [_thread_in_native, id=11132, stack(0x000000001d710000,0x000000001d810000)]
=>0x000000001c0b9000 JavaThread "C2 CompilerThread0" daemon [_thread_in_native, id=10612, stack(0x000000001d610000,0x000000001d710000)]
  0x000000001c0b7000 JavaThread "Attach Listener" daemon [_thread_blocked, id=7616, stack(0x000000001d510000,0x000000001d610000)]
  0x000000001c0b6000 JavaThread "Signal Dispatcher" daemon [_thread_blocked, id=5372, stack(0x000000001d410000,0x000000001d510000)]
  0x0000000001550800 JavaThread "Finalizer" daemon [_thread_blocked, id=7680, stack(0x000000001d310000,0x000000001d410000)]
  0x000000000154d800 JavaThread "Reference Handler" daemon [_thread_blocked, id=10680, stack(0x000000001d210000,0x000000001d310000)]
  0x000000000141d800 JavaThread "main" [_thread_in_Java, id=10952, stack(0x0000000001260000,0x0000000001360000)]

Other Threads:
  0x000000001c078800 VMThread [stack: 0x000000001d110000,0x000000001d210000] [id=2068]
  0x000000001c10e000 WatcherThread [stack: 0x000000001de10000,0x000000001df10000] [id=11244]

VM state:not at safepoint (normal execution)

VM Mutex/Monitor currently owned by a thread: None

Heap:
 PSYoungGen      total 71680K, used 25077K [0x000000076ab00000, 0x000000076f600000, 0x00000007c0000000)
  eden space 66560K, 30% used [0x000000076ab00000,0x000000076be81c30,0x000000076ec00000)
  from space 5120K, 99% used [0x000000076f100000,0x000000076f5fb960,0x000000076f600000)
  to   space 5120K, 0% used [0x000000076ec00000,0x000000076ec00000,0x000000076f100000)
 ParOldGen       total 87552K, used 7115K [0x00000006c0000000, 0x00000006c5580000, 0x000000076ab00000)
  object space 87552K, 8% used [0x00000006c0000000,0x00000006c06f2ee8,0x00000006c5580000)
 Metaspace       used 6138K, capacity 7152K, committed 7296K, reserved 1056768K
  class space    used 586K, capacity 616K, committed 640K, reserved 1048576K

Card table byte_map: [0x0000000012400000,0x0000000012c10000] byte_map_base: 0x000000000ee00000

Marking Bits: (ParMarkBitMap*) 0x0000000066bd4040
 Begin Bits: [0x0000000012f10000, 0x0000000016f10000)
 End Bits:   [0x0000000016f10000, 0x000000001af10000)

Polling page: 0x0000000000d90000

CodeCache: size=245760Kb used=6915Kb max_used=6915Kb free=238844Kb
 bounds [0x0000000003400000, 0x0000000003ad0000, 0x0000000012400000]
 total_blobs=1940 nmethods=1670 adapters=183
 compilation: enabled

Compilation events (10 events):
Event: 3.870 Thread 0x000000001c0bd000 1668       3       com.android.dx.ssa.back.FirstFitLocalCombiningAllocator::getLocalItemForReg (97 bytes)
Event: 3.871 Thread 0x000000001c0bd000 nmethod 1668 0x0000000003abf290 code [0x0000000003abf4e0, 0x0000000003ac0458]
Event: 3.873 Thread 0x000000001c0bd000 1669       3       com.android.dx.rop.code.RegisterSpec::equals (60 bytes)
Event: 3.874 Thread 0x000000001c0bd000 nmethod 1669 0x0000000003ab7010 code [0x0000000003ab71c0, 0x0000000003ab7838]
Event: 3.880 Thread 0x000000001c0bd000 1670       3       com.android.dx.ssa.NormalSsaInsn::isMoveException (20 bytes)
Event: 3.881 Thread 0x000000001c0bd000 nmethod 1670 0x0000000003ac09d0 code [0x0000000003ac0b40, 0x0000000003ac0e30]
Event: 3.883 Thread 0x000000001c0bd000 1671       3       java.util.concurrent.locks.ReentrantLock::lockInterruptibly (9 bytes)
Event: 3.883 Thread 0x000000001c0bd000 nmethod 1671 0x0000000003ac0f10 code [0x0000000003ac10c0, 0x0000000003ac15f8]
Event: 3.892 Thread 0x000000001c0bd000 1672       3       com.android.dx.rop.code.Rops::opGetField (97 bytes)
Event: 3.894 Thread 0x000000001c0bd000 nmethod 1672 0x0000000003ac1850 code [0x0000000003ac1a80, 0x0000000003ac26f8]

GC Heap History (2 events):
Event: 2.550 GC heap before
{Heap before GC invocations=1 (full 0):
 PSYoungGen      total 38400K, used 33280K [0x000000076ab00000, 0x000000076d580000, 0x00000007c0000000)
  eden space 33280K, 100% used [0x000000076ab00000,0x000000076cb80000,0x000000076cb80000)
  from space 5120K, 0% used [0x000000076d080000,0x000000076d080000,0x000000076d580000)
  to   space 5120K, 0% used [0x000000076cb80000,0x000000076cb80000,0x000000076d080000)
 ParOldGen       total 87552K, used 0K [0x00000006c0000000, 0x00000006c5580000, 0x000000076ab00000)
  object space 87552K, 0% used [0x00000006c0000000,0x00000006c0000000,0x00000006c5580000)
 Metaspace       used 6018K, capacity 7088K, committed 7296K, reserved 1056768K
  class space    used 585K, capacity 616K, committed 640K, reserved 1048576K
Event: 2.987 GC heap after
Heap after GC invocations=1 (full 0):
 PSYoungGen      total 38400K, used 5095K [0x000000076ab00000, 0x000000076f600000, 0x00000007c0000000)
  eden space 33280K, 0% used [0x000000076ab00000,0x000000076ab00000,0x000000076cb80000)
  from space 5120K, 99% used [0x000000076cb80000,0x000000076d079c98,0x000000076d080000)
  to   space 5120K, 0% used [0x000000076f100000,0x000000076f100000,0x000000076f600000)
 ParOldGen       total 87552K, used 1828K [0x00000006c0000000, 0x00000006c5580000, 0x000000076ab00000)
  object space 87552K, 2% used [0x00000006c0000000,0x00000006c01c91d8,0x00000006c5580000)
 Metaspace       used 6018K, capacity 7088K, committed 7296K, reserved 1056768K
  class space    used 585K, capacity 616K, committed 640K, reserved 1048576K
}

Deoptimization events (10 events):
Event: 1.076 Thread 0x000000001dbdb000 Uncommon trap: reason=unstable_if action=reinterpret pc=0x00000000036387a8 method=java.util.HashMap.getNode(ILjava/lang/Object;)Ljava/util/HashMap$Node; @ 129
Event: 1.076 Thread 0x000000001dbdb000 Uncommon trap: reason=unstable_if action=reinterpret pc=0x000000000363784c method=java.util.HashMap.getNode(ILjava/lang/Object;)Ljava/util/HashMap$Node; @ 129
Event: 1.532 Thread 0x000000001dbd8000 Uncommon trap: reason=class_check action=maybe_recompile pc=0x00000000036db5e8 method=com.android.dx.ssa.NormalSsaInsn.accept(Lcom/android/dx/ssa/SsaInsn$Visitor;)V @ 9
Event: 2.344 Thread 0x000000001dbdb000 Uncommon trap: reason=unstable_if action=reinterpret pc=0x000000000362f0f4 method=java.util.BitSet.nextSetBit(I)I @ 87
Event: 2.351 Thread 0x000000001dbdb000 Uncommon trap: reason=unstable_if action=reinterpret pc=0x0000000003867184 method=java.util.BitSet.nextSetBit(I)I @ 87
Event: 3.089 Thread 0x000000001dbcc800 Uncommon trap: reason=null_check action=make_not_entrant pc=0x00000000038a3e6c method=com.android.dx.rop.type.Type.equals(Ljava/lang/Object;)Z @ 8
Event: 3.109 Thread 0x000000001dbd8000 Uncommon trap: reason=unstable_if action=reinterpret pc=0x00000000037d4538 method=com.android.dx.dex.code.OutputFinisher.hasLocalInfo(Lcom/android/dx/dex/code/DalvInsn;)Z @ 24
Event: 3.135 Thread 0x000000001dbd8000 Uncommon trap: reason=unstable_if action=reinterpret pc=0x00000000037b585c method=com.android.dx.rop.cst.Constant.compareTo(Lcom/android/dx/rop/cst/Constant;)I @ 12
Event: 3.868 Thread 0x000000001dbdb000 Uncommon trap: reason=unstable_if action=reinterpret pc=0x0000000003aafbc8 method=com.android.dx.rop.code.RegisterSpec.equals(ILcom/android/dx/rop/type/TypeBearer;Lcom/android/dx/rop/code/LocalItem;)Z @ 42
Event: 3.881 Thread 0x000000001dbdb000 Uncommon trap: reason=unstable_if action=reinterpret pc=0x00000000037584dc method=com.android.dx.rop.code.RegisterSpec.equals(ILcom/android/dx/rop/type/TypeBearer;Lcom/android/dx/rop/code/LocalItem;)Z @ 42

Internal exceptions (3 events):
Event: 0.068 Thread 0x000000000141d800 Exception <a 'java/lang/NoSuchMethodError': Method sun.misc.Unsafe.defineClass(Ljava/lang/String;[BII)Ljava/lang/Class; name or signature does not match> (0x000000076ab0da88) thrown at [D:\re\workspace\8-2-build-windows-amd64-cygwin\jdk8u40\3098\hotspot\sr≈‹≥kc±?
Event: 0.068 Thread 0x000000000141d800 Exception <a 'java/lang/NoSuchMethodError': Method sun.misc.Unsafe.prefetchRead(Ljava/lang/Object;J)V name or signature does not match> (0x000000076ab0dd18) thrown at [D:\re\workspace\8-2-build-windows-amd64-cygwin\jdk8u40\3098\hotspot\src\share\vm\prims\jRËå¢µ@
Event: 3.089 Thread 0x000000001dbcc800 Implicit null exception at 0x00000000038a3d62 to 0x00000000038a3e5d

Events (10 events):
Event: 3.135 Thread 0x000000001dbd8000 DEOPT UNPACKING pc=0x000000000344582a sp=0x000000001e30e800 mode 2
Event: 3.135 loading class com/android/dx/cf/attrib/AttRuntimeVisibleAnnotations
Event: 3.135 loading class com/android/dx/cf/attrib/AttRuntimeVisibleAnnotations done
Event: 3.868 Thread 0x000000001dbdb000 Uncommon trap: trap_request=0xffffff65 fr.pc=0x0000000003aafbc8
Event: 3.868 Thread 0x000000001dbdb000 DEOPT PACKING pc=0x0000000003aafbc8 sp=0x000000001e40e640
Event: 3.868 Thread 0x000000001dbdb000 DEOPT UNPACKING pc=0x000000000344582a sp=0x000000001e40e560 mode 2
Event: 3.881 Thread 0x000000001dbdb000 Uncommon trap: trap_request=0xffffff65 fr.pc=0x00000000037584dc
Event: 3.881 Thread 0x000000001dbdb000 DEOPT PACKING pc=0x00000000037584dc sp=0x000000001e40e540
Event: 3.881 Thread 0x000000001dbdb000 DEOPT UNPACKING pc=0x000000000344582a sp=0x000000001e40e4c8 mode 2
Event: 3.895 Executing VM operation: ParallelGCFailedAllocation


Dynamic libraries:
0x00007ff7cf790000 - 0x00007ff7cf7c7000 	C:\Program Files\Java\jdk1.8.0_40\bin\java.exe
0x00007fff3e760000 - 0x00007fff3e90d000 	C:\Windows\SYSTEM32\ntdll.dll
0x00007fff3d6f0000 - 0x00007fff3d82e000 	C:\Windows\system32\KERNEL32.DLL
0x00007fff3bcc0000 - 0x00007fff3bdd5000 	C:\Windows\system32\KERNELBASE.dll
0x00007fff3a410000 - 0x00007fff3a49e000 	C:\Windows\system32\apphelp.dll
0x00007fff27ca0000 - 0x00007fff27cf3000 	C:\Windows\AppPatch\AppPatch64\AcGenral.DLL
0x00007fff3c110000 - 0x00007fff3c1ba000 	C:\Windows\system32\msvcrt.dll
0x00007fff3b6e0000 - 0x00007fff3b70e000 	C:\Windows\SYSTEM32\SspiCli.dll
0x00007fff3e240000 - 0x00007fff3e294000 	C:\Windows\system32\SHLWAPI.dll
0x00007fff3e2a0000 - 0x00007fff3e417000 	C:\Windows\system32\USER32.dll
0x00007fff3e5c0000 - 0x00007fff3e754000 	C:\Windows\system32\ole32.dll
0x00007fff3c1c0000 - 0x00007fff3d6ea000 	C:\Windows\system32\SHELL32.dll
0x00007fff3aeb0000 - 0x00007fff3aed1000 	C:\Windows\SYSTEM32\USERENV.dll
0x00007fff3e190000 - 0x00007fff3e23a000 	C:\Windows\system32\ADVAPI32.dll
0x00007fff248a0000 - 0x00007fff248be000 	C:\Windows\SYSTEM32\MPR.dll
0x00007fff3d830000 - 0x00007fff3d971000 	C:\Windows\system32\RPCRT4.dll
0x00007fff3d980000 - 0x00007fff3d9d9000 	C:\Windows\SYSTEM32\sechost.dll
0x00007fff3de80000 - 0x00007fff3e091000 	C:\Windows\SYSTEM32\combase.dll
0x00007fff3bde0000 - 0x00007fff3bf2f000 	C:\Windows\system32\GDI32.dll
0x00007fff3b8b0000 - 0x00007fff3b8c5000 	C:\Windows\SYSTEM32\profapi.dll
0x00007fff39a50000 - 0x00007fff39b02000 	C:\Windows\SYSTEM32\SHCORE.dll
0x00007fff3d9e0000 - 0x00007fff3da16000 	C:\Windows\system32\IMM32.DLL
0x00007fff3bf30000 - 0x00007fff3c082000 	C:\Windows\system32\MSCTF.dll
0x00007fff378b0000 - 0x00007fff37b2a000 	C:\Windows\WinSxS\amd64_microsoft.windows.common-controls_6595b64144ccf1df_6.0.9600.17810_none_6240b9c7ecbd0bda\COMCTL32.dll
0x0000000066c60000 - 0x0000000066d32000 	C:\Program Files\Java\jdk1.8.0_40\jre\bin\msvcr100.dll
0x00000000663d0000 - 0x0000000066c53000 	C:\Program Files\Java\jdk1.8.0_40\jre\bin\server\jvm.dll
0x00007fff276b0000 - 0x00007fff276b9000 	C:\Windows\SYSTEM32\WSOCK32.dll
0x00007fff35680000 - 0x00007fff356a2000 	C:\Windows\SYSTEM32\WINMM.dll
0x00007fff352d0000 - 0x00007fff352da000 	C:\Windows\SYSTEM32\VERSION.dll
0x00007fff3e5b0000 - 0x00007fff3e5b7000 	C:\Windows\system32\PSAPI.DLL
0x00007fff3c0b0000 - 0x00007fff3c10a000 	C:\Windows\system32\WS2_32.dll
0x00007fff35650000 - 0x00007fff3567a000 	C:\Windows\SYSTEM32\WINMMBASE.dll
0x00007fff3e180000 - 0x00007fff3e189000 	C:\Windows\system32\NSI.dll
0x00007fff3bc70000 - 0x00007fff3bcbf000 	C:\Windows\SYSTEM32\cfgmgr32.dll
0x00007fff3a6a0000 - 0x00007fff3a6c8000 	C:\Windows\SYSTEM32\DEVOBJ.dll
0x00000000663c0000 - 0x00000000663cf000 	C:\Program Files\Java\jdk1.8.0_40\jre\bin\verify.dll
0x0000000066390000 - 0x00000000663b9000 	C:\Program Files\Java\jdk1.8.0_40\jre\bin\java.dll
0x0000000066370000 - 0x0000000066386000 	C:\Program Files\Java\jdk1.8.0_40\jre\bin\zip.dll
0x00007fff26360000 - 0x00007fff264e9000 	C:\Windows\SYSTEM32\dbghelp.dll

VM Arguments:
jvm_args: -Djava.awt.headless=true -Xmx4g -Dfile.encoding=windows-1252 -Duser.country=US -Duser.language=en -Duser.variant 
java_command: com.android.dx.command.Main --dex --force-jumbo --num-threads=4 --output C:\Users\Owner\AndroidStudioProjects\TawatTrip\app\build\intermediates\pre-dexed\debug\com.android.support-support-compat-25.2.0_2a6d141ffc165374f15e3ed62ea13c43974c243d.jar C:\Users\Owner\AndroidStudioProjects\TawatTrip\app\build\intermediates\exploded-aar\com.android.support\support-compat\25.2.0\jars\classes.jar
java_class_path (initial): C:\Users\Owner\AppData\Local\Android\sdk\build-tools\23.0.1\lib\dx.jar
Launcher Type: SUN_STANDARD

Environment Variables:
JAVA_HOME=C:\Program Files\Java\jdk1.8.0_40
PATH=C:\MinGW\bin;C:\Program Files\Java\jdk1.7.0_79\bin;C:\Program Files (x86)\Intel\iCLS Client\;C:\Program Files\Intel\iCLS Client\;C:\Windows\system32;C:\Windows;C:\Windows\System32\Wbem;C:\Windows\System32\WindowsPowerShell\v1.0\;C:\Program Files\Hewlett-Packard\SimplePass\;C:\Program Files\Intel\Intel(R) Management Engine Components\DAL;C:\Program Files\Intel\Intel(R) Management Engine Components\IPT;C:\Program Files (x86)\Intel\Intel(R) Management Engine Components\DAL;C:\Program Files (x86)\Intel\Intel(R) Management Engine Components\IPT;C:\Program Files (x86)\Windows Live\Shared;C:\Program Files\Microsoft SQL Server\110\Tools\Binn\;C:\Users\Owner\Downloads\apache-ant-1.9.4\bin;C:\Program Files\MATLAB\R2013b\runtime\win64;C:\Program Files\MATLAB\R2013b\bin;C:\Python27\;C:\Users\Owner\Downloads\android-ndk-r11c\;C:\Users\Owner\AppData\Local\Android\sdk\tools\;C:\Users\Owner\AppData\Local\Android\sdk\platform-tools\;C:\Program Files (x86)\Skype\Phone\;C:\Program Files\Git\cmd;C:\Program Files\nodejs\;C:\MinGW\bin;C:\Program Files\Java\jdk1.7.0_79\bin;C:\ProgramData\chocolatey\bin;C:\Users\Owner\AppData\Local\atom\bin;C:\Python27\;C:\Users\Owner\Downloads\android-ndk-r11c\;C:\Users\Owner\AppData\Local\Android\sdk\tools\;C:\Users\Owner\AppData\Local\Android\sdk\platform-tools;C:\Users\Owner\AppData\Roaming\npm;C:\Program Files\nodejs\
USERNAME=Arcantos
OS=Windows_NT
PROCESSOR_IDENTIFIER=Intel64 Family 6 Model 69 Stepping 1, GenuineIntel



---------------  S Y S T E M  ---------------

OS: Windows 8.1 , 64 bit Build 9600 (6.3.9600.17415)

CPU:total 4 (2 cores per cpu, 2 threads per core) family 6 model 69 stepping 1, cmov, cx8, fxsr, mmx, sse, sse2, sse3, ssse3, sse4.1, sse4.2, popcnt, avx, avx2, aes, clmul, erms, lzcnt, ht, tsc, tscinvbit, bmi1, bmi2

Memory: 4k page, physical 8317080k(913172k free), swap 11462808k(333492k free)

vm_info: Java HotSpot(TM) 64-Bit Server VM (25.40-b25) for windows-amd64 JRE (1.8.0_40-b26), built on Mar  7 2015 13:51:59 by "java_re" with MS VC++ 10.0 (VS2010)

time: Fri Jan 19 14:16:11 2018
elapsed time: 4 seconds (0d 0h 0m 4s)

