#
# There is insufficient memory for the Java Runtime Environment to continue.
# Native memory allocation (malloc) failed to allocate 46096 bytes for Chunk::new
# Possible reasons:
#   The system is out of physical RAM or swap space
#   In 32 bit mode, the process size limit was hit
# Possible solutions:
#   Reduce memory load on the system
#   Increase physical memory or swap space
#   Check if swap backing store is full
#   Use 64 bit Java on a 64 bit OS
#   Decrease Java heap size (-Xmx/-Xms)
#   Decrease number of Java threads
#   Decrease Java thread stack sizes (-Xss)
#   Set larger code cache with -XX:ReservedCodeCacheSize=
# This output file may be truncated or incomplete.
#
#  Out of Memory Error (allocation.cpp:390), pid=10724, tid=6220
#
# JRE version: Java(TM) SE Runtime Environment (8.0_40-b26) (build 1.8.0_40-b26)
# Java VM: Java HotSpot(TM) 64-Bit Server VM (25.40-b25 mixed mode windows-amd64 compressed oops)
# Failed to write core dump. Minidumps are not enabled by default on client versions of Windows
#

---------------  T H R E A D  ---------------

Current thread (0x000000001b950800):  JavaThread "C2 CompilerThread1" daemon [_thread_in_native, id=6220, stack(0x000000001cfa0000,0x000000001d0a0000)]

Stack: [0x000000001cfa0000,0x000000001d0a0000]
Native frames: (J=compiled Java code, j=interpreted, Vv=VM code, C=native code)
V  [jvm.dll+0x32b47a]


Current CompileTask:
C2:    813  293       4       java.lang.String::equals (81 bytes)


---------------  P R O C E S S  ---------------

Java Threads: ( => current thread )
  0x000000001d3fd000 JavaThread "pool-2-thread-4" [_thread_in_vm, id=10856, stack(0x000000001dba0000,0x000000001dca0000)]
  0x000000001d3fc800 JavaThread "pool-2-thread-3" [_thread_blocked, id=1204, stack(0x000000001daa0000,0x000000001dba0000)]
  0x000000001d3f9000 JavaThread "pool-2-thread-2" [_thread_in_vm, id=11164, stack(0x000000001d9a0000,0x000000001daa0000)]
  0x000000001d3f4000 JavaThread "pool-3-thread-1" [_thread_blocked, id=11104, stack(0x000000001d8a0000,0x000000001d9a0000)]
  0x000000001d3ee800 JavaThread "pool-2-thread-1" [_thread_blocked, id=10872, stack(0x000000001d7a0000,0x000000001d8a0000)]
  0x000000001d1a6000 JavaThread "Service Thread" daemon [_thread_blocked, id=9684, stack(0x000000001d5a0000,0x000000001d6a0000)]
  0x000000001b9a9800 JavaThread "C1 CompilerThread2" daemon [_thread_in_native, id=10340, stack(0x000000001d0a0000,0x000000001d1a0000)]
=>0x000000001b950800 JavaThread "C2 CompilerThread1" daemon [_thread_in_native, id=6220, stack(0x000000001cfa0000,0x000000001d0a0000)]
  0x000000001b94d800 JavaThread "C2 CompilerThread0" daemon [_thread_blocked, id=11248, stack(0x000000001cea0000,0x000000001cfa0000)]
  0x000000001b94b800 JavaThread "Attach Listener" daemon [_thread_blocked, id=10400, stack(0x000000001cda0000,0x000000001cea0000)]
  0x000000001b94a800 JavaThread "Signal Dispatcher" daemon [_thread_blocked, id=10416, stack(0x000000001cca0000,0x000000001cda0000)]
  0x0000000002271000 JavaThread "Finalizer" daemon [_thread_blocked, id=10624, stack(0x000000001cba0000,0x000000001cca0000)]
  0x000000000226e000 JavaThread "Reference Handler" daemon [_thread_blocked, id=10620, stack(0x000000001caa0000,0x000000001cba0000)]
  0x000000000210d800 JavaThread "main" [_thread_blocked, id=10204, stack(0x0000000002000000,0x0000000002100000)]

Other Threads:
  0x000000001b917800 VMThread [stack: 0x000000001c9a0000,0x000000001caa0000] [id=10948]
  0x000000001d1a7000 WatcherThread [stack: 0x000000001d6a0000,0x000000001d7a0000] [id=6160]

VM state:not at safepoint (normal execution)

VM Mutex/Monitor currently owned by a thread: None

Heap:
 PSYoungGen      total 38400K, used 9352K [0x000000076ab00000, 0x000000076d580000, 0x00000007c0000000)
  eden space 33280K, 28% used [0x000000076ab00000,0x000000076b4220b0,0x000000076cb80000)
  from space 5120K, 0% used [0x000000076d080000,0x000000076d080000,0x000000076d580000)
  to   space 5120K, 0% used [0x000000076cb80000,0x000000076cb80000,0x000000076d080000)
 ParOldGen       total 87552K, used 0K [0x00000006c0000000, 0x00000006c5580000, 0x000000076ab00000)
  object space 87552K, 0% used [0x00000006c0000000,0x00000006c0000000,0x00000006c5580000)
 Metaspace       used 4530K, capacity 5808K, committed 6016K, reserved 1058816K
  class space    used 500K, capacity 552K, committed 640K, reserved 1048576K

Card table byte_map: [0x0000000011640000,0x0000000011e50000] byte_map_base: 0x000000000e040000

Marking Bits: (ParMarkBitMap*) 0x0000000066bd4040
 Begin Bits: [0x00000000127b0000, 0x00000000167b0000)
 End Bits:   [0x00000000167b0000, 0x000000001a7b0000)

Polling page: 0x0000000000710000

CodeCache: size=245760Kb used=1696Kb max_used=1696Kb free=244063Kb
 bounds [0x0000000002280000, 0x00000000024f0000, 0x0000000011280000]
 total_blobs=559 nmethods=296 adapters=176
 compilation: enabled

Compilation events (10 events):
Event: 0.808 Thread 0x000000001b9a9800  289       1       com.android.dx.rop.code.Insn::getOpcode (5 bytes)
Event: 0.808 Thread 0x000000001b9a9800 nmethod 289 0x00000000024268d0 code [0x0000000002426a20, 0x0000000002426b30]
Event: 0.808 Thread 0x000000001b9a9800  290       1       com.android.dx.ssa.SsaInsn::getResult (5 bytes)
Event: 0.808 Thread 0x000000001b9a9800 nmethod 290 0x0000000002426b90 code [0x0000000002426ce0, 0x0000000002426df0]
Event: 0.809 Thread 0x000000001b9a9800  291       3       java.lang.StringBuffer::<init> (6 bytes)
Event: 0.809 Thread 0x000000001b9a9800 nmethod 291 0x0000000002426e50 code [0x0000000002426fc0, 0x0000000002427270]
Event: 0.809 Thread 0x000000001b9a9800  292  s    3       java.lang.StringBuffer::toString (36 bytes)
Event: 0.810 Thread 0x000000001b9a9800 nmethod 292 0x0000000002427390 code [0x0000000002427520, 0x00000000024279c8]
Event: 0.810 Thread 0x000000001b950800  293       4       java.lang.String::equals (81 bytes)
Event: 0.811 Thread 0x000000001b9a9800  294       3       java.util.Vector::ensureCapacityHelper (16 bytes)

GC Heap History (0 events):
No events

Deoptimization events (0 events):
No events

Internal exceptions (4 events):
Event: 0.302 Thread 0x000000000210d800 Exception <a 'java/lang/NoSuchMethodError': Method sun.misc.Unsafe.defineClass(Ljava/lang/String;[BII)Ljava/lang/Class; name or signature does not match> (0x000000076ab0dab8) thrown at [D:\re\workspace\8-2-build-windows-amd64-cygwin\jdk8u40\3098\hotspot\sr¡X÷ XÓ?
Event: 0.302 Thread 0x000000000210d800 Exception <a 'java/lang/NoSuchMethodError': Method sun.misc.Unsafe.prefetchRead(Ljava/lang/Object;J)V name or signature does not match> (0x000000076ab0dd48) thrown at [D:\re\workspace\8-2-build-windows-amd64-cygwin\jdk8u40\3098\hotspot\src\share\vm\prims\j3Ž¶à«é?
Event: 0.802 Thread 0x000000001d3ee800 Exception <a 'java/lang/OutOfMemoryError'> (0x000000076b1d76e8) thrown at [D:\re\workspace\8-2-build-windows-amd64-cygwin\jdk8u40\3098\hotspot\src\share\vm\prims\jni.cpp, line 735]
Event: 0.802 Thread 0x000000001d3ee800 Exception <a 'java/lang/OutOfMemoryError'> (0x000000076b1d76e8) thrown at [D:\re\workspace\8-2-build-windows-amd64-cygwin\jdk8u40\3098\hotspot\src\share\vm\prims\jvm.cpp, line 1386]

Events (10 events):
Event: 0.808 loading class com/android/dx/ssa/DomFront
Event: 0.808 loading class com/android/dx/ssa/DomFront done
Event: 0.809 loading class com/android/dx/ssa/DomFront$DomInfo
Event: 0.809 loading class com/android/dx/ssa/DomFront$DomInfo done
Event: 0.809 loading class com/android/dx/ssa/Dominators
Event: 0.809 loading class com/android/dx/ssa/Dominators done
Event: 0.810 loading class com/android/dx/ssa/SsaBasicBlock$Visitor
Event: 0.810 loading class com/android/dx/ssa/SsaBasicBlock$Visitor done
Event: 0.811 loading class com/android/dx/ssa/Dominators$DFSInfo
Event: 0.811 loading class com/android/dx/ssa/Dominators$DFSInfo done


Dynamic libraries:
0x00007ff7cf790000 - 0x00007ff7cf7c7000 	C:\Program Files\Java\jdk1.8.0_40\bin\java.exe
0x00007fff3e760000 - 0x00007fff3e90d000 	C:\Windows\SYSTEM32\ntdll.dll
0x00007fff3d6f0000 - 0x00007fff3d82e000 	C:\Windows\system32\KERNEL32.DLL
0x00007fff3bcc0000 - 0x00007fff3bdd5000 	C:\Windows\system32\KERNELBASE.dll
0x00007fff3a410000 - 0x00007fff3a49e000 	C:\Windows\system32\apphelp.dll
0x00007fff27ca0000 - 0x00007fff27cf3000 	C:\Windows\AppPatch\AppPatch64\AcGenral.DLL
0x00007fff3c110000 - 0x00007fff3c1ba000 	C:\Windows\system32\msvcrt.dll
0x00007fff3b6e0000 - 0x00007fff3b70e000 	C:\Windows\SYSTEM32\SspiCli.dll
0x00007fff3e240000 - 0x00007fff3e294000 	C:\Windows\system32\SHLWAPI.dll
0x00007fff3e2a0000 - 0x00007fff3e417000 	C:\Windows\system32\USER32.dll
0x00007fff3e5c0000 - 0x00007fff3e754000 	C:\Windows\system32\ole32.dll
0x00007fff3c1c0000 - 0x00007fff3d6ea000 	C:\Windows\system32\SHELL32.dll
0x00007fff3aeb0000 - 0x00007fff3aed1000 	C:\Windows\SYSTEM32\USERENV.dll
0x00007fff3e190000 - 0x00007fff3e23a000 	C:\Windows\system32\ADVAPI32.dll
0x00007fff248a0000 - 0x00007fff248be000 	C:\Windows\SYSTEM32\MPR.dll
0x00007fff3d830000 - 0x00007fff3d971000 	C:\Windows\system32\RPCRT4.dll
0x00007fff3d980000 - 0x00007fff3d9d9000 	C:\Windows\SYSTEM32\sechost.dll
0x00007fff3de80000 - 0x00007fff3e091000 	C:\Windows\SYSTEM32\combase.dll
0x00007fff3bde0000 - 0x00007fff3bf2f000 	C:\Windows\system32\GDI32.dll
0x00007fff3b8b0000 - 0x00007fff3b8c5000 	C:\Windows\SYSTEM32\profapi.dll
0x00007fff39a50000 - 0x00007fff39b02000 	C:\Windows\SYSTEM32\SHCORE.dll
0x00007fff3d9e0000 - 0x00007fff3da16000 	C:\Windows\system32\IMM32.DLL
0x00007fff3bf30000 - 0x00007fff3c082000 	C:\Windows\system32\MSCTF.dll
0x00007fff378b0000 - 0x00007fff37b2a000 	C:\Windows\WinSxS\amd64_microsoft.windows.common-controls_6595b64144ccf1df_6.0.9600.17810_none_6240b9c7ecbd0bda\COMCTL32.dll
0x0000000066c60000 - 0x0000000066d32000 	C:\Program Files\Java\jdk1.8.0_40\jre\bin\msvcr100.dll
0x00000000663d0000 - 0x0000000066c53000 	C:\Program Files\Java\jdk1.8.0_40\jre\bin\server\jvm.dll
0x00007fff276b0000 - 0x00007fff276b9000 	C:\Windows\SYSTEM32\WSOCK32.dll
0x00007fff35680000 - 0x00007fff356a2000 	C:\Windows\SYSTEM32\WINMM.dll
0x00007fff352d0000 - 0x00007fff352da000 	C:\Windows\SYSTEM32\VERSION.dll
0x00007fff3e5b0000 - 0x00007fff3e5b7000 	C:\Windows\system32\PSAPI.DLL
0x00007fff3c0b0000 - 0x00007fff3c10a000 	C:\Windows\system32\WS2_32.dll
0x00007fff35650000 - 0x00007fff3567a000 	C:\Windows\SYSTEM32\WINMMBASE.dll
0x00007fff3e180000 - 0x00007fff3e189000 	C:\Windows\system32\NSI.dll
0x00007fff3bc70000 - 0x00007fff3bcbf000 	C:\Windows\SYSTEM32\cfgmgr32.dll
0x00007fff3a6a0000 - 0x00007fff3a6c8000 	C:\Windows\SYSTEM32\DEVOBJ.dll
0x00000000663c0000 - 0x00000000663cf000 	C:\Program Files\Java\jdk1.8.0_40\jre\bin\verify.dll
0x0000000066390000 - 0x00000000663b9000 	C:\Program Files\Java\jdk1.8.0_40\jre\bin\java.dll
0x0000000066370000 - 0x0000000066386000 	C:\Program Files\Java\jdk1.8.0_40\jre\bin\zip.dll

VM Arguments:
jvm_args: -Djava.awt.headless=true -Xmx4g -Dfile.encoding=windows-1252 -Duser.country=US -Duser.language=en -Duser.variant 
java_command: com.android.dx.command.Main --dex --force-jumbo --num-threads=4 --multi-dex --output C:\Users\Owner\AndroidStudioProjects\TawatTrip\app\build\intermediates\transforms\dex\debug\folders\1000\10\com.google.firebase-firebase-auth-11.8.0_69af2f7872e94342ac6c282871a95a5c506644ad C:\Users\Owner\AndroidStudioProjects\TawatTrip\app\build\intermediates\exploded-aar\com.google.firebase\firebase-auth\11.8.0\jars\classes.jar
java_class_path (initial): C:\Users\Owner\AppData\Local\Android\sdk\build-tools\23.0.1\lib\dx.jar
Launcher Type: SUN_STANDARD

Environment Variables:
JAVA_HOME=C:\Program Files\Java\jdk1.8.0_40
PATH=C:\MinGW\bin;C:\Program Files\Java\jdk1.7.0_79\bin;C:\Program Files (x86)\Intel\iCLS Client\;C:\Program Files\Intel\iCLS Client\;C:\Windows\system32;C:\Windows;C:\Windows\System32\Wbem;C:\Windows\System32\WindowsPowerShell\v1.0\;C:\Program Files\Hewlett-Packard\SimplePass\;C:\Program Files\Intel\Intel(R) Management Engine Components\DAL;C:\Program Files\Intel\Intel(R) Management Engine Components\IPT;C:\Program Files (x86)\Intel\Intel(R) Management Engine Components\DAL;C:\Program Files (x86)\Intel\Intel(R) Management Engine Components\IPT;C:\Program Files (x86)\Windows Live\Shared;C:\Program Files\Microsoft SQL Server\110\Tools\Binn\;C:\Users\Owner\Downloads\apache-ant-1.9.4\bin;C:\Program Files\MATLAB\R2013b\runtime\win64;C:\Program Files\MATLAB\R2013b\bin;C:\Python27\;C:\Users\Owner\Downloads\android-ndk-r11c\;C:\Users\Owner\AppData\Local\Android\sdk\tools\;C:\Users\Owner\AppData\Local\Android\sdk\platform-tools\;C:\Program Files (x86)\Skype\Phone\;C:\Program Files\Git\cmd;C:\Program Files\nodejs\;C:\MinGW\bin;C:\Program Files\Java\jdk1.7.0_79\bin;C:\ProgramData\chocolatey\bin;C:\Users\Owner\AppData\Local\atom\bin;C:\Python27\;C:\Users\Owner\Downloads\android-ndk-r11c\;C:\Users\Owner\AppData\Local\Android\sdk\tools\;C:\Users\Owner\AppData\Local\Android\sdk\platform-tools;C:\Users\Owner\AppData\Roaming\npm;C:\Program Files\nodejs\
USERNAME=Arcantos
OS=Windows_NT
PROCESSOR_IDENTIFIER=Intel64 Family 6 Model 69 Stepping 1, GenuineIntel



---------------  S Y S T E M  ---------------

OS: Windows 8.1 , 64 bit Build 9600 (6.3.9600.17415)

CPU:total 4 (2 cores per cpu, 2 threads per core) family 6 model 69 stepping 1, cmov, cx8, fxsr, mmx, sse, sse2, sse3, ssse3, sse4.1, sse4.2, popcnt, avx, avx2, aes, clmul, erms, lzcnt, ht, tsc, tscinvbit, bmi1, bmi2

Memory: 4k page, physical 8317080k(665532k free), swap 11462808k(4956k free)

vm_info: Java HotSpot(TM) 64-Bit Server VM (25.40-b25) for windows-amd64 JRE (1.8.0_40-b26), built on Mar  7 2015 13:51:59 by "java_re" with MS VC++ 10.0 (VS2010)

time: Fri Jan 19 13:53:08 2018
elapsed time: 0 seconds (0d 0h 0m 0s)

