#
# There is insufficient memory for the Java Runtime Environment to continue.
# Native memory allocation (malloc) failed to allocate 1048576 bytes for AllocateHeap
# Possible reasons:
#   The system is out of physical RAM or swap space
#   In 32 bit mode, the process size limit was hit
# Possible solutions:
#   Reduce memory load on the system
#   Increase physical memory or swap space
#   Check if swap backing store is full
#   Use 64 bit Java on a 64 bit OS
#   Decrease Java heap size (-Xmx/-Xms)
#   Decrease number of Java threads
#   Decrease Java thread stack sizes (-Xss)
#   Set larger code cache with -XX:ReservedCodeCacheSize=
# This output file may be truncated or incomplete.
#
#  Out of Memory Error (memory/allocation.inline.hpp:61), pid=11620, tid=8524
#
# JRE version:  (8.0_40-b26) (build )
# Java VM: Java HotSpot(TM) 64-Bit Server VM (25.40-b25 mixed mode windows-amd64 compressed oops)
# Failed to write core dump. Minidumps are not enabled by default on client versions of Windows
#

---------------  T H R E A D  ---------------

Current thread (0x0000000000b3d800):  JavaThread "Unknown thread" [_thread_in_vm, id=8524, stack(0x0000000000f10000,0x0000000001010000)]

Stack: [0x0000000000f10000,0x0000000001010000]
Native frames: (J=compiled Java code, j=interpreted, Vv=VM code, C=native code)
V  [jvm.dll+0x32b47a]


---------------  P R O C E S S  ---------------

Java Threads: ( => current thread )

Other Threads:

=>0x0000000000b3d800 (exited) JavaThread "Unknown thread" [_thread_in_vm, id=8524, stack(0x0000000000f10000,0x0000000001010000)]

VM state:not at safepoint (normal execution)

VM Mutex/Monitor currently owned by a thread: None

Heap:
 PSYoungGen      total 38400K, used 665K [0x000000076ab00000, 0x000000076d580000, 0x00000007c0000000)
  eden space 33280K, 2% used [0x000000076ab00000,0x000000076aba6670,0x000000076cb80000)
  from space 5120K, 0% used [0x000000076d080000,0x000000076d080000,0x000000076d580000)
  to   space 5120K, 0% used [0x000000076cb80000,0x000000076cb80000,0x000000076d080000)
 ParOldGen       total 87552K, used 0K [0x00000006c0000000, 0x00000006c5580000, 0x000000076ab00000)
  object space 87552K, 0% used [0x00000006c0000000,0x00000006c0000000,0x00000006c5580000)
 Metaspace       used 766K, capacity 4480K, committed 4480K, reserved 1056768K
  class space    used 75K, capacity 384K, committed 384K, reserved 1048576K

Card table byte_map: [0x0000000001530000,0x0000000001d40000] byte_map_base: 0xfffffffffdf30000

Marking Bits: (ParMarkBitMap*) 0x000000005e3d4040
 Begin Bits: [0x0000000012b60000, 0x0000000016b60000)
 End Bits:   [0x0000000016b60000, 0x000000001ab60000)

Polling page: 0x0000000000af0000

CodeCache: size=245760Kb used=328Kb max_used=328Kb free=245431Kb
 bounds [0x0000000003400000, 0x0000000003670000, 0x0000000012400000]
 total_blobs=57 nmethods=0 adapters=37
 compilation: enabled

Compilation events (0 events):
No events

GC Heap History (0 events):
No events

Deoptimization events (0 events):
No events

Internal exceptions (0 events):
No events

Events (10 events):
Event: 0.904 loading class java/lang/Short
Event: 0.905 loading class java/lang/Short done
Event: 0.905 loading class java/lang/Integer
Event: 0.952 loading class java/lang/Integer done
Event: 0.952 loading class java/lang/Long
Event: 0.953 loading class java/lang/Long done
Event: 0.959 loading class java/lang/NullPointerException
Event: 0.959 loading class java/lang/NullPointerException done
Event: 0.959 loading class java/lang/ArithmeticException
Event: 0.960 loading class java/lang/ArithmeticException done


Dynamic libraries:
0x00007ff6016f0000 - 0x00007ff601727000 	C:\Program Files\Java\jdk1.8.0_40\bin\java.exe
0x00007ffb3f4a0000 - 0x00007ffb3f64d000 	C:\Windows\SYSTEM32\ntdll.dll
0x00007ffb3f360000 - 0x00007ffb3f49e000 	C:\Windows\system32\KERNEL32.DLL
0x00007ffb3c9a0000 - 0x00007ffb3cab5000 	C:\Windows\system32\KERNELBASE.dll
0x00007ffb3b150000 - 0x00007ffb3b1de000 	C:\Windows\system32\apphelp.dll
0x00007ffb272e0000 - 0x00007ffb27333000 	C:\Windows\AppPatch\AppPatch64\AcGenral.DLL
0x00007ffb3f0e0000 - 0x00007ffb3f18a000 	C:\Windows\system32\msvcrt.dll
0x00007ffb3c420000 - 0x00007ffb3c44e000 	C:\Windows\SYSTEM32\SspiCli.dll
0x00007ffb3cbd0000 - 0x00007ffb3cc24000 	C:\Windows\system32\SHLWAPI.dll
0x00007ffb3eca0000 - 0x00007ffb3ee17000 	C:\Windows\system32\USER32.dll
0x00007ffb3eaa0000 - 0x00007ffb3ec34000 	C:\Windows\system32\ole32.dll
0x00007ffb3cc30000 - 0x00007ffb3e15a000 	C:\Windows\system32\SHELL32.dll
0x00007ffb3bbf0000 - 0x00007ffb3bc11000 	C:\Windows\SYSTEM32\USERENV.dll
0x00007ffb3cb20000 - 0x00007ffb3cbca000 	C:\Windows\system32\ADVAPI32.dll
0x00007ffb26d00000 - 0x00007ffb26d1e000 	C:\Windows\SYSTEM32\MPR.dll
0x00007ffb3ef90000 - 0x00007ffb3f0d1000 	C:\Windows\system32\RPCRT4.dll
0x00007ffb3ec40000 - 0x00007ffb3ec99000 	C:\Windows\SYSTEM32\sechost.dll
0x00007ffb3e230000 - 0x00007ffb3e441000 	C:\Windows\SYSTEM32\combase.dll
0x00007ffb3e950000 - 0x00007ffb3ea9f000 	C:\Windows\system32\GDI32.dll
0x00007ffb3c5f0000 - 0x00007ffb3c605000 	C:\Windows\SYSTEM32\profapi.dll
0x00007ffb3a940000 - 0x00007ffb3a9f2000 	C:\Windows\SYSTEM32\SHCORE.dll
0x00007ffb3e910000 - 0x00007ffb3e946000 	C:\Windows\system32\IMM32.DLL
0x00007ffb3e6f0000 - 0x00007ffb3e842000 	C:\Windows\system32\MSCTF.dll
0x00007ffb3a000000 - 0x00007ffb3a27a000 	C:\Windows\WinSxS\amd64_microsoft.windows.common-controls_6595b64144ccf1df_6.0.9600.17810_none_6240b9c7ecbd0bda\COMCTL32.dll
0x000000005ee80000 - 0x000000005ef52000 	C:\Program Files\Java\jdk1.8.0_40\jre\bin\msvcr100.dll
0x000000005dbd0000 - 0x000000005e453000 	C:\Program Files\Java\jdk1.8.0_40\jre\bin\server\jvm.dll
0x00007ffb1ed90000 - 0x00007ffb1ed99000 	C:\Windows\SYSTEM32\WSOCK32.dll
0x00007ffb36410000 - 0x00007ffb36432000 	C:\Windows\SYSTEM32\WINMM.dll
0x00007ffb36810000 - 0x00007ffb3681a000 	C:\Windows\SYSTEM32\VERSION.dll
0x00007ffb3ef80000 - 0x00007ffb3ef87000 	C:\Windows\system32\PSAPI.DLL
0x00007ffb3e160000 - 0x00007ffb3e1ba000 	C:\Windows\system32\WS2_32.dll
0x00007ffb363c0000 - 0x00007ffb363ea000 	C:\Windows\SYSTEM32\WINMMBASE.dll
0x00007ffb3ef70000 - 0x00007ffb3ef79000 	C:\Windows\system32\NSI.dll
0x00007ffb3c6c0000 - 0x00007ffb3c70f000 	C:\Windows\SYSTEM32\cfgmgr32.dll
0x00007ffb3b3e0000 - 0x00007ffb3b408000 	C:\Windows\SYSTEM32\DEVOBJ.dll
0x000000005ee70000 - 0x000000005ee7f000 	C:\Program Files\Java\jdk1.8.0_40\jre\bin\verify.dll
0x000000005ee40000 - 0x000000005ee69000 	C:\Program Files\Java\jdk1.8.0_40\jre\bin\java.dll
0x000000005dbb0000 - 0x000000005dbc6000 	C:\Program Files\Java\jdk1.8.0_40\jre\bin\zip.dll

VM Arguments:
jvm_args: -Djava.awt.headless=true -Xmx4g -Dfile.encoding=windows-1252 -Duser.country=US -Duser.language=en -Duser.variant 
java_command: com.android.dx.command.Main --dex --force-jumbo --num-threads=4 --multi-dex --output C:\Users\Owner\AndroidStudioProjects\TawatTrip\app\build\intermediates\transforms\dex\debug\folders\1000\10\com.google.firebase-firebase-messaging-10.2.1_d60d4100999657d68a0865b86d57a7937060b610 C:\Users\Owner\AndroidStudioProjects\TawatTrip\app\build\intermediates\exploded-aar\com.google.firebase\firebase-messaging\10.2.1\jars\classes.jar
java_class_path (initial): C:\Users\Owner\AppData\Local\Android\sdk\build-tools\23.0.1\lib\dx.jar
Launcher Type: SUN_STANDARD

Environment Variables:
JAVA_HOME=C:\Program Files\Java\jdk1.8.0_40
PATH=C:\MinGW\bin;C:\Program Files\Java\jdk1.7.0_79\bin;C:\ProgramData\Oracle\Java\javapath;C:\Program Files (x86)\Intel\iCLS Client\;C:\Program Files\Intel\iCLS Client\;C:\Windows\system32;C:\Windows;C:\Windows\System32\Wbem;C:\Windows\System32\WindowsPowerShell\v1.0\;C:\Program Files\Hewlett-Packard\SimplePass\;C:\Program Files\Intel\Intel(R) Management Engine Components\DAL;C:\Program Files\Intel\Intel(R) Management Engine Components\IPT;C:\Program Files (x86)\Intel\Intel(R) Management Engine Components\DAL;C:\Program Files (x86)\Intel\Intel(R) Management Engine Components\IPT;C:\Program Files (x86)\Windows Live\Shared;C:\Program Files\Microsoft SQL Server\110\Tools\Binn\;C:\Users\Owner\Downloads\apache-ant-1.9.4\bin;C:\Program Files\MATLAB\R2013b\runtime\win64;C:\Program Files\MATLAB\R2013b\bin;C:\Python27\;C:\Users\Owner\Downloads\android-ndk-r11c\;C:\Users\Owner\AppData\Local\Android\sdk\tools\;C:\Users\Owner\AppData\Local\Android\sdk\platform-tools\;C:\Program Files (x86)\Skype\Phone\;C:\Program Files\nodejs\;C:\Program Files\Git\cmd;C:\MinGW\bin;C:\Program Files\Java\jdk1.7.0_79\bin;C:\ProgramData\chocolatey\bin;C:\Users\Owner\AppData\Local\atom\bin;C:\Python27\;C:\Users\Owner\Downloads\android-ndk-r11c\;C:\Users\Owner\AppData\Local\Android\sdk\tools\;C:\Users\Owner\AppData\Local\Android\sdk\platform-tools;C:\Users\Owner\AppData\Roaming\npm
USERNAME=Owner
OS=Windows_NT
PROCESSOR_IDENTIFIER=Intel64 Family 6 Model 69 Stepping 1, GenuineIntel



---------------  S Y S T E M  ---------------

OS: Windows 8.1 , 64 bit Build 9600 (6.3.9600.17415)

CPU:total 4 (2 cores per cpu, 2 threads per core) family 6 model 69 stepping 1, cmov, cx8, fxsr, mmx, sse, sse2, sse3, ssse3, sse4.1, sse4.2, popcnt, avx, avx2, aes, clmul, erms, lzcnt, ht, tsc, tscinvbit, bmi1, bmi2

Memory: 4k page, physical 8317080k(674936k free), swap 10970156k(5028k free)

vm_info: Java HotSpot(TM) 64-Bit Server VM (25.40-b25) for windows-amd64 JRE (1.8.0_40-b26), built on Mar  7 2015 13:51:59 by "java_re" with MS VC++ 10.0 (VS2010)

time: Thu Nov 02 14:03:15 2017
elapsed time: 1 seconds (0d 0h 0m 1s)

