#
# There is insufficient memory for the Java Runtime Environment to continue.
# Native memory allocation (malloc) failed to allocate 444976 bytes for Chunk::new
# Possible reasons:
#   The system is out of physical RAM or swap space
#   In 32 bit mode, the process size limit was hit
# Possible solutions:
#   Reduce memory load on the system
#   Increase physical memory or swap space
#   Check if swap backing store is full
#   Use 64 bit Java on a 64 bit OS
#   Decrease Java heap size (-Xmx/-Xms)
#   Decrease number of Java threads
#   Decrease Java thread stack sizes (-Xss)
#   Set larger code cache with -XX:ReservedCodeCacheSize=
# This output file may be truncated or incomplete.
#
#  Out of Memory Error (allocation.cpp:390), pid=10444, tid=1180
#
# JRE version: Java(TM) SE Runtime Environment (8.0_40-b26) (build 1.8.0_40-b26)
# Java VM: Java HotSpot(TM) 64-Bit Server VM (25.40-b25 mixed mode windows-amd64 compressed oops)
# Failed to write core dump. Minidumps are not enabled by default on client versions of Windows
#

---------------  T H R E A D  ---------------

Current thread (0x000000001c466800):  JavaThread "C2 CompilerThread1" daemon [_thread_in_native, id=1180, stack(0x000000001da70000,0x000000001db70000)]

Stack: [0x000000001da70000,0x000000001db70000]
Native frames: (J=compiled Java code, j=interpreted, Vv=VM code, C=native code)
V  [jvm.dll+0x32b47a]
V  [jvm.dll+0x2797f3]
V  [jvm.dll+0x27a489]
V  [jvm.dll+0x2717a5]
V  [jvm.dll+0xcb9a2]
V  [jvm.dll+0xcbe6c]
V  [jvm.dll+0x49294c]
V  [jvm.dll+0x45f49a]
V  [jvm.dll+0x46a73b]
V  [jvm.dll+0x46cd52]
V  [jvm.dll+0x4500d2]
V  [jvm.dll+0xa4312]
V  [jvm.dll+0xa4c4f]
V  [jvm.dll+0x241914]
V  [jvm.dll+0x29848a]
C  [msvcr100.dll+0x21d9f]
C  [msvcr100.dll+0x21e3b]
C  [KERNEL32.DLL+0x13d2]
C  [ntdll.dll+0x154e4]


Current CompileTask:
C2:   2172 1254   !   4       com.android.dx.cf.code.BytecodeArray::parseInstruction (2764 bytes)


---------------  P R O C E S S  ---------------

Java Threads: ( => current thread )
  0x000000001ddd1000 JavaThread "pool-2-thread-4" [_thread_blocked, id=2472, stack(0x000000001e670000,0x000000001e770000)]
  0x000000001ddd0000 JavaThread "pool-2-thread-3" [_thread_blocked, id=10636, stack(0x000000001e570000,0x000000001e670000)]
  0x000000001ddcf800 JavaThread "pool-2-thread-2" [_thread_blocked, id=11284, stack(0x000000001e470000,0x000000001e570000)]
  0x000000001ddc0800 JavaThread "pool-3-thread-1" [_thread_blocked, id=12012, stack(0x000000001e370000,0x000000001e470000)]
  0x000000001ddc0000 JavaThread "pool-2-thread-1" [_thread_blocked, id=5820, stack(0x000000001e270000,0x000000001e370000)]
  0x000000001dc73800 JavaThread "Service Thread" daemon [_thread_blocked, id=5160, stack(0x000000001e070000,0x000000001e170000)]
  0x000000001c469800 JavaThread "C1 CompilerThread2" daemon [_thread_blocked, id=6480, stack(0x000000001db70000,0x000000001dc70000)]
=>0x000000001c466800 JavaThread "C2 CompilerThread1" daemon [_thread_in_native, id=1180, stack(0x000000001da70000,0x000000001db70000)]
  0x000000001c40d800 JavaThread "C2 CompilerThread0" daemon [_thread_in_native, id=9776, stack(0x000000001d970000,0x000000001da70000)]
  0x000000001c40b800 JavaThread "Attach Listener" daemon [_thread_blocked, id=8212, stack(0x000000001d870000,0x000000001d970000)]
  0x000000001c40a800 JavaThread "Signal Dispatcher" daemon [_thread_blocked, id=6240, stack(0x000000001d770000,0x000000001d870000)]
  0x0000000001886800 JavaThread "Finalizer" daemon [_thread_blocked, id=8236, stack(0x000000001d670000,0x000000001d770000)]
  0x000000000187e000 JavaThread "Reference Handler" daemon [_thread_blocked, id=4840, stack(0x000000001d570000,0x000000001d670000)]
  0x000000000178d800 JavaThread "main" [_thread_blocked, id=11656, stack(0x0000000001610000,0x0000000001710000)]

Other Threads:
  0x000000001c3d7800 VMThread [stack: 0x000000001d470000,0x000000001d570000] [id=9176]
  0x000000001dc74000 WatcherThread [stack: 0x000000001e170000,0x000000001e270000] [id=8832]

VM state:at safepoint (normal execution)

VM Mutex/Monitor currently owned by a thread:  ([mutex/lock_event])
[0x000000000178cf00] Threads_lock - owner thread: 0x000000001c3d7800
[0x000000000178ce80] Heap_lock - owner thread: 0x000000001ddc0000

Heap:
 PSYoungGen      total 38400K, used 33280K [0x000000076ab00000, 0x000000076d580000, 0x00000007c0000000)
  eden space 33280K, 100% used [0x000000076ab00000,0x000000076cb80000,0x000000076cb80000)
  from space 5120K, 0% used [0x000000076d080000,0x000000076d080000,0x000000076d580000)
  to   space 5120K, 48% used [0x000000076cb80000,0x000000076cdec048,0x000000076d080000)
 ParOldGen       total 87552K, used 0K [0x00000006c0000000, 0x00000006c5580000, 0x000000076ab00000)
  object space 87552K, 0% used [0x00000006c0000000,0x00000006c0000000,0x00000006c5580000)
 Metaspace       used 5880K, capacity 6960K, committed 7040K, reserved 1056768K
  class space    used 579K, capacity 616K, committed 640K, reserved 1048576K

Card table byte_map: [0x0000000012400000,0x0000000012c10000] byte_map_base: 0x000000000ee00000

Marking Bits: (ParMarkBitMap*) 0x000000005e3d4040
 Begin Bits: [0x0000000013270000, 0x0000000017270000)
 End Bits:   [0x0000000017270000, 0x000000001b270000)

Polling page: 0x00000000012b0000

CodeCache: size=245760Kb used=5263Kb max_used=5263Kb free=240497Kb
 bounds [0x0000000003400000, 0x0000000003930000, 0x0000000012400000]
 total_blobs=1566 nmethods=1298 adapters=181
 compilation: enabled

Compilation events (10 events):
Event: 2.119 Thread 0x000000001c469800 1293       3       com.android.dx.rop.code.ThrowingInsn::accept (8 bytes)
Event: 2.119 Thread 0x000000001c469800 nmethod 1293 0x00000000038f2910 code [0x00000000038f2a80, 0x00000000038f2ca8]
Event: 2.119 Thread 0x000000001c469800 1292       3       com.android.dx.rop.cst.CstMethodRef::<init> (7 bytes)
Event: 2.119 Thread 0x000000001c469800 nmethod 1292 0x000000000391f310 code [0x000000000391f4a0, 0x000000000391f8d8]
Event: 2.120 Thread 0x000000001c469800 1297       3       com.android.dx.ssa.back.FirstFitLocalCombiningAllocator::tryMapRegs (110 bytes)
Event: 2.121 Thread 0x000000001c469800 nmethod 1297 0x000000000391fa50 code [0x000000000391fca0, 0x0000000003920a58]
Event: 2.121 Thread 0x000000001c469800 1296       3       java.util.Collections$UnmodifiableList::get (11 bytes)
Event: 2.121 Thread 0x000000001c469800 nmethod 1296 0x0000000003921210 code [0x0000000003921380, 0x00000000039215a8]
Event: 2.125 Thread 0x000000001c469800 1298       3       com.android.dx.ssa.LocalVariableExtractor::doit (59 bytes)
Event: 2.126 Thread 0x000000001c469800 nmethod 1298 0x0000000003921650 code [0x0000000003921800, 0x0000000003921d48]

GC Heap History (0 events):
No events

Deoptimization events (10 events):
Event: 1.381 Thread 0x000000001ddcf800 Uncommon trap: reason=class_check action=maybe_recompile pc=0x00000000036a4f8c method=com.android.dx.ssa.NormalSsaInsn.accept(Lcom/android/dx/ssa/SsaInsn$Visitor;)V @ 9
Event: 1.381 Thread 0x000000001ddcf800 Uncommon trap: reason=class_check action=maybe_recompile pc=0x000000000364e8b0 method=com.android.dx.ssa.NormalSsaInsn.accept(Lcom/android/dx/ssa/SsaInsn$Visitor;)V @ 9
Event: 1.381 Thread 0x000000001ddcf800 Uncommon trap: reason=class_check action=maybe_recompile pc=0x000000000364e8b0 method=com.android.dx.ssa.NormalSsaInsn.accept(Lcom/android/dx/ssa/SsaInsn$Visitor;)V @ 9
Event: 1.381 Thread 0x000000001ddcf800 Uncommon trap: reason=class_check action=maybe_recompile pc=0x000000000364e8b0 method=com.android.dx.ssa.NormalSsaInsn.accept(Lcom/android/dx/ssa/SsaInsn$Visitor;)V @ 9
Event: 1.402 Thread 0x000000001ddcf800 Uncommon trap: reason=class_check action=maybe_recompile pc=0x00000000036a4f8c method=com.android.dx.ssa.NormalSsaInsn.accept(Lcom/android/dx/ssa/SsaInsn$Visitor;)V @ 9
Event: 1.486 Thread 0x000000001ddcf800 Uncommon trap: reason=unstable_if action=reinterpret pc=0x000000000360c0b4 method=java.util.BitSet.nextSetBit(I)I @ 87
Event: 1.500 Thread 0x000000001ddcf800 Uncommon trap: reason=unstable_if action=reinterpret pc=0x0000000003711690 method=java.util.HashMap.getNode(ILjava/lang/Object;)Ljava/util/HashMap$Node; @ 129
Event: 1.500 Thread 0x000000001ddcf800 Uncommon trap: reason=unstable_if action=reinterpret pc=0x000000000361f01c method=java.util.HashMap.getNode(ILjava/lang/Object;)Ljava/util/HashMap$Node; @ 129
Event: 1.500 Thread 0x000000001ddcf800 Uncommon trap: reason=unstable_if action=reinterpret pc=0x00000000035fcd08 method=java.util.HashMap.getNode(ILjava/lang/Object;)Ljava/util/HashMap$Node; @ 129
Event: 1.925 Thread 0x000000000178d800 Uncommon trap: reason=null_check action=make_not_entrant pc=0x00000000037263ac method=com.android.dx.rop.type.Type.equals(Ljava/lang/Object;)Z @ 8

Internal exceptions (3 events):
Event: 0.140 Thread 0x000000000178d800 Exception <a 'java/lang/NoSuchMethodError': Method sun.misc.Unsafe.defineClass(Ljava/lang/String;[BII)Ljava/lang/Class; name or signature does not match> (0x000000076ab0d7d0) thrown at [D:\re\workspace\8-2-build-windows-amd64-cygwin\jdk8u40\3098\hotspot\srçQ2µÁ¡?
Event: 0.140 Thread 0x000000000178d800 Exception <a 'java/lang/NoSuchMethodError': Method sun.misc.Unsafe.prefetchRead(Ljava/lang/Object;J)V name or signature does not match> (0x000000076ab0da60) thrown at [D:\re\workspace\8-2-build-windows-amd64-cygwin\jdk8u40\3098\hotspot\src\share\vm\prims\jè^!˚Õ˛?
Event: 1.925 Thread 0x000000000178d800 Implicit null exception at 0x00000000037262a2 to 0x000000000372639d

Events (10 events):
Event: 1.925 Thread 0x000000000178d800 DEOPT UNPACKING pc=0x000000000344582a sp=0x000000000170dbf8 mode 2
Event: 1.933 Executing VM operation: ForceSafepoint
Event: 1.935 Executing VM operation: ForceSafepoint done
Event: 1.977 loading class com/android/dx/cf/code/BytecodeArray$ConstantParserVisitor
Event: 1.977 loading class com/android/dx/cf/code/BytecodeArray$ConstantParserVisitor done
Event: 2.124 loading class com/android/dx/cf/direct/AnnotationParser
Event: 2.124 loading class com/android/dx/cf/direct/AnnotationParser done
Event: 2.125 loading class com/android/dx/util/ByteArray$MyDataInputStream
Event: 2.125 loading class com/android/dx/util/ByteArray$MyDataInputStream done
Event: 2.126 Executing VM operation: Deoptimize


Dynamic libraries:
0x00007ff6016f0000 - 0x00007ff601727000 	C:\Program Files\Java\jdk1.8.0_40\bin\java.exe
0x00007ffb3f4a0000 - 0x00007ffb3f64d000 	C:\Windows\SYSTEM32\ntdll.dll
0x00007ffb3f360000 - 0x00007ffb3f49e000 	C:\Windows\system32\KERNEL32.DLL
0x00007ffb3c9a0000 - 0x00007ffb3cab5000 	C:\Windows\system32\KERNELBASE.dll
0x00007ffb3b150000 - 0x00007ffb3b1de000 	C:\Windows\system32\apphelp.dll
0x00007ffb272e0000 - 0x00007ffb27333000 	C:\Windows\AppPatch\AppPatch64\AcGenral.DLL
0x00007ffb3f0e0000 - 0x00007ffb3f18a000 	C:\Windows\system32\msvcrt.dll
0x00007ffb3c420000 - 0x00007ffb3c44e000 	C:\Windows\SYSTEM32\SspiCli.dll
0x00007ffb3cbd0000 - 0x00007ffb3cc24000 	C:\Windows\system32\SHLWAPI.dll
0x00007ffb3eca0000 - 0x00007ffb3ee17000 	C:\Windows\system32\USER32.dll
0x00007ffb3eaa0000 - 0x00007ffb3ec34000 	C:\Windows\system32\ole32.dll
0x00007ffb3cc30000 - 0x00007ffb3e15a000 	C:\Windows\system32\SHELL32.dll
0x00007ffb3bbf0000 - 0x00007ffb3bc11000 	C:\Windows\SYSTEM32\USERENV.dll
0x00007ffb3cb20000 - 0x00007ffb3cbca000 	C:\Windows\system32\ADVAPI32.dll
0x00007ffb26d00000 - 0x00007ffb26d1e000 	C:\Windows\SYSTEM32\MPR.dll
0x00007ffb3ef90000 - 0x00007ffb3f0d1000 	C:\Windows\system32\RPCRT4.dll
0x00007ffb3ec40000 - 0x00007ffb3ec99000 	C:\Windows\SYSTEM32\sechost.dll
0x00007ffb3e230000 - 0x00007ffb3e441000 	C:\Windows\SYSTEM32\combase.dll
0x00007ffb3e950000 - 0x00007ffb3ea9f000 	C:\Windows\system32\GDI32.dll
0x00007ffb3c5f0000 - 0x00007ffb3c605000 	C:\Windows\SYSTEM32\profapi.dll
0x00007ffb3a940000 - 0x00007ffb3a9f2000 	C:\Windows\SYSTEM32\SHCORE.dll
0x00007ffb3e910000 - 0x00007ffb3e946000 	C:\Windows\system32\IMM32.DLL
0x00007ffb3e6f0000 - 0x00007ffb3e842000 	C:\Windows\system32\MSCTF.dll
0x00007ffb3a000000 - 0x00007ffb3a27a000 	C:\Windows\WinSxS\amd64_microsoft.windows.common-controls_6595b64144ccf1df_6.0.9600.17810_none_6240b9c7ecbd0bda\COMCTL32.dll
0x000000005ee80000 - 0x000000005ef52000 	C:\Program Files\Java\jdk1.8.0_40\jre\bin\msvcr100.dll
0x000000005dbd0000 - 0x000000005e453000 	C:\Program Files\Java\jdk1.8.0_40\jre\bin\server\jvm.dll
0x00007ffb1ed90000 - 0x00007ffb1ed99000 	C:\Windows\SYSTEM32\WSOCK32.dll
0x00007ffb36410000 - 0x00007ffb36432000 	C:\Windows\SYSTEM32\WINMM.dll
0x00007ffb36810000 - 0x00007ffb3681a000 	C:\Windows\SYSTEM32\VERSION.dll
0x00007ffb3ef80000 - 0x00007ffb3ef87000 	C:\Windows\system32\PSAPI.DLL
0x00007ffb3e160000 - 0x00007ffb3e1ba000 	C:\Windows\system32\WS2_32.dll
0x00007ffb363c0000 - 0x00007ffb363ea000 	C:\Windows\SYSTEM32\WINMMBASE.dll
0x00007ffb3ef70000 - 0x00007ffb3ef79000 	C:\Windows\system32\NSI.dll
0x00007ffb3c6c0000 - 0x00007ffb3c70f000 	C:\Windows\SYSTEM32\cfgmgr32.dll
0x00007ffb3b3e0000 - 0x00007ffb3b408000 	C:\Windows\SYSTEM32\DEVOBJ.dll
0x000000005ee70000 - 0x000000005ee7f000 	C:\Program Files\Java\jdk1.8.0_40\jre\bin\verify.dll
0x000000005ee40000 - 0x000000005ee69000 	C:\Program Files\Java\jdk1.8.0_40\jre\bin\java.dll
0x000000005dbb0000 - 0x000000005dbc6000 	C:\Program Files\Java\jdk1.8.0_40\jre\bin\zip.dll
0x00007ffb27730000 - 0x00007ffb278b9000 	C:\Windows\SYSTEM32\dbghelp.dll

VM Arguments:
jvm_args: -Djava.awt.headless=true -Xmx4g -Dfile.encoding=windows-1252 -Duser.country=US -Duser.language=en -Duser.variant 
java_command: com.android.dx.command.Main --dex --force-jumbo --num-threads=4 --multi-dex --output C:\Users\Owner\AndroidStudioProjects\TawatTrip\app\build\intermediates\transforms\dex\debug\folders\1000\10\com.google.android.gms-play-services-safetynet-10.2.1_34f0021b013d8b8a1762732dfbe04ab9efd84da0 C:\Users\Owner\AndroidStudioProjects\TawatTrip\app\build\intermediates\exploded-aar\com.google.android.gms\play-services-safetynet\10.2.1\jars\classes.jar
java_class_path (initial): C:\Users\Owner\AppData\Local\Android\sdk\build-tools\23.0.1\lib\dx.jar
Launcher Type: SUN_STANDARD

Environment Variables:
JAVA_HOME=C:\Program Files\Java\jdk1.8.0_40
PATH=C:\MinGW\bin;C:\Program Files\Java\jdk1.7.0_79\bin;C:\ProgramData\Oracle\Java\javapath;C:\Program Files (x86)\Intel\iCLS Client\;C:\Program Files\Intel\iCLS Client\;C:\Windows\system32;C:\Windows;C:\Windows\System32\Wbem;C:\Windows\System32\WindowsPowerShell\v1.0\;C:\Program Files\Hewlett-Packard\SimplePass\;C:\Program Files\Intel\Intel(R) Management Engine Components\DAL;C:\Program Files\Intel\Intel(R) Management Engine Components\IPT;C:\Program Files (x86)\Intel\Intel(R) Management Engine Components\DAL;C:\Program Files (x86)\Intel\Intel(R) Management Engine Components\IPT;C:\Program Files (x86)\Windows Live\Shared;C:\Program Files\Microsoft SQL Server\110\Tools\Binn\;C:\Users\Owner\Downloads\apache-ant-1.9.4\bin;C:\Program Files\MATLAB\R2013b\runtime\win64;C:\Program Files\MATLAB\R2013b\bin;C:\Python27\;C:\Users\Owner\Downloads\android-ndk-r11c\;C:\Users\Owner\AppData\Local\Android\sdk\tools\;C:\Users\Owner\AppData\Local\Android\sdk\platform-tools\;C:\Program Files (x86)\Skype\Phone\;C:\Program Files\nodejs\;C:\Program Files\Git\cmd;C:\MinGW\bin;C:\Program Files\Java\jdk1.7.0_79\bin;C:\ProgramData\chocolatey\bin;C:\Users\Owner\AppData\Local\atom\bin;C:\Python27\;C:\Users\Owner\Downloads\android-ndk-r11c\;C:\Users\Owner\AppData\Local\Android\sdk\tools\;C:\Users\Owner\AppData\Local\Android\sdk\platform-tools;C:\Users\Owner\AppData\Roaming\npm
USERNAME=Owner
OS=Windows_NT
PROCESSOR_IDENTIFIER=Intel64 Family 6 Model 69 Stepping 1, GenuineIntel



---------------  S Y S T E M  ---------------

OS: Windows 8.1 , 64 bit Build 9600 (6.3.9600.17415)

CPU:total 4 (2 cores per cpu, 2 threads per core) family 6 model 69 stepping 1, cmov, cx8, fxsr, mmx, sse, sse2, sse3, ssse3, sse4.1, sse4.2, popcnt, avx, avx2, aes, clmul, erms, lzcnt, ht, tsc, tscinvbit, bmi1, bmi2

Memory: 4k page, physical 8317080k(677492k free), swap 10970156k(5100k free)

vm_info: Java HotSpot(TM) 64-Bit Server VM (25.40-b25) for windows-amd64 JRE (1.8.0_40-b26), built on Mar  7 2015 13:51:59 by "java_re" with MS VC++ 10.0 (VS2010)

time: Thu Nov 02 14:03:15 2017
elapsed time: 2 seconds (0d 0h 0m 2s)

